Use pretrained model: hfl/chinese-lert-base
Dataset size: train -> 15690
Load dataset and database finished, cost 8.9640s ...
Dataset size: dev -> 2276
Total training steps: 49100
Start training ......
Training: 	Epoch: 0	Time: 42.7506	Training Loss: 2.8385	Sep Loss: 0.0000	Tag Loss: 0.0000
Evaluation: 	Epoch: 0	Time: 6.9555	Dev acc: 51.85	Dev fscore(p/r/f): (54.25/52.20/53.20)
NEW BEST MODEL: 	Epoch: 0	Dev loss: 1.7445	Dev acc: 51.85	Dev fscore(p/r/f): (54.25/52.20/53.20)
Training: 	Epoch: 1	Time: 41.6103	Training Loss: 1.4442	Sep Loss: 0.0000	Tag Loss: 0.0000
Evaluation: 	Epoch: 1	Time: 6.2848	Dev acc: 63.58	Dev fscore(p/r/f): (66.36/64.78/65.56)
NEW BEST MODEL: 	Epoch: 1	Dev loss: 1.2690	Dev acc: 63.58	Dev fscore(p/r/f): (66.36/64.78/65.56)
Training: 	Epoch: 2	Time: 41.3613	Training Loss: 1.0683	Sep Loss: 0.0000	Tag Loss: 0.0000
Evaluation: 	Epoch: 2	Time: 5.3179	Dev acc: 67.40	Dev fscore(p/r/f): (71.00/70.13/70.56)
NEW BEST MODEL: 	Epoch: 2	Dev loss: 1.1389	Dev acc: 67.40	Dev fscore(p/r/f): (71.00/70.13/70.56)
Training: 	Epoch: 3	Time: 41.6497	Training Loss: 0.8649	Sep Loss: 0.0000	Tag Loss: 0.0000
Evaluation: 	Epoch: 3	Time: 5.3860	Dev acc: 69.77	Dev fscore(p/r/f): (74.56/72.07/73.30)
NEW BEST MODEL: 	Epoch: 3	Dev loss: 0.9482	Dev acc: 69.77	Dev fscore(p/r/f): (74.56/72.07/73.30)
Training: 	Epoch: 4	Time: 41.5827	Training Loss: 0.7197	Sep Loss: 0.0000	Tag Loss: 0.0000
Evaluation: 	Epoch: 4	Time: 6.7387	Dev acc: 71.40	Dev fscore(p/r/f): (75.56/74.45/75.00)
NEW BEST MODEL: 	Epoch: 4	Dev loss: 0.9709	Dev acc: 71.40	Dev fscore(p/r/f): (75.56/74.45/75.00)
Training: 	Epoch: 5	Time: 41.5851	Training Loss: 0.6143	Sep Loss: 0.0000	Tag Loss: 0.0000
Evaluation: 	Epoch: 5	Time: 6.0378	Dev acc: 73.11	Dev fscore(p/r/f): (79.59/75.49/77.48)
NEW BEST MODEL: 	Epoch: 5	Dev loss: 0.8343	Dev acc: 73.11	Dev fscore(p/r/f): (79.59/75.49/77.48)
Training: 	Epoch: 6	Time: 41.4510	Training Loss: 0.5329	Sep Loss: 0.0000	Tag Loss: 0.0000
Evaluation: 	Epoch: 6	Time: 6.2664	Dev acc: 73.95	Dev fscore(p/r/f): (79.77/77.11/78.42)
NEW BEST MODEL: 	Epoch: 6	Dev loss: 0.8320	Dev acc: 73.95	Dev fscore(p/r/f): (79.77/77.11/78.42)
Training: 	Epoch: 7	Time: 41.5122	Training Loss: 0.4660	Sep Loss: 0.0000	Tag Loss: 0.0000
Evaluation: 	Epoch: 7	Time: 5.9740	Dev acc: 74.74	Dev fscore(p/r/f): (80.60/77.79/79.17)
NEW BEST MODEL: 	Epoch: 7	Dev loss: 0.8762	Dev acc: 74.74	Dev fscore(p/r/f): (80.60/77.79/79.17)
Training: 	Epoch: 8	Time: 41.3271	Training Loss: 0.4112	Sep Loss: 0.0000	Tag Loss: 0.0000
Evaluation: 	Epoch: 8	Time: 6.7151	Dev acc: 75.44	Dev fscore(p/r/f): (82.69/77.91/80.23)
NEW BEST MODEL: 	Epoch: 8	Dev loss: 0.8183	Dev acc: 75.44	Dev fscore(p/r/f): (82.69/77.91/80.23)
Training: 	Epoch: 9	Time: 41.6029	Training Loss: 0.3786	Sep Loss: 0.0000	Tag Loss: 0.0000
Evaluation: 	Epoch: 9	Time: 5.9824	Dev acc: 75.92	Dev fscore(p/r/f): (82.05/78.86/80.42)
NEW BEST MODEL: 	Epoch: 9	Dev loss: 0.8297	Dev acc: 75.92	Dev fscore(p/r/f): (82.05/78.86/80.42)
Training: 	Epoch: 10	Time: 41.4897	Training Loss: 0.3302	Sep Loss: 0.0000	Tag Loss: 0.0000
Evaluation: 	Epoch: 10	Time: 4.9516	Dev acc: 76.85	Dev fscore(p/r/f): (82.95/79.69/81.29)
NEW BEST MODEL: 	Epoch: 10	Dev loss: 0.8681	Dev acc: 76.85	Dev fscore(p/r/f): (82.95/79.69/81.29)
Training: 	Epoch: 11	Time: 41.3581	Training Loss: 0.3022	Sep Loss: 0.0000	Tag Loss: 0.0000
Evaluation: 	Epoch: 11	Time: 7.1741	Dev acc: 78.47	Dev fscore(p/r/f): (84.27/80.96/82.58)
NEW BEST MODEL: 	Epoch: 11	Dev loss: 0.8393	Dev acc: 78.47	Dev fscore(p/r/f): (84.27/80.96/82.58)
Training: 	Epoch: 12	Time: 41.3647	Training Loss: 0.2629	Sep Loss: 0.0000	Tag Loss: 0.0000
Evaluation: 	Epoch: 12	Time: 6.2156	Dev acc: 77.68	Dev fscore(p/r/f): (83.12/81.24/82.17)
NEW BEST MODEL: 	Epoch: 12	Dev loss: 0.9171	Dev acc: 77.68	Dev fscore(p/r/f): (83.12/81.24/82.17)
Training: 	Epoch: 13	Time: 41.4874	Training Loss: 0.2408	Sep Loss: 0.0000	Tag Loss: 0.0000
Evaluation: 	Epoch: 13	Time: 5.6967	Dev acc: 78.56	Dev fscore(p/r/f): (84.20/81.83/83.00)
NEW BEST MODEL: 	Epoch: 13	Dev loss: 0.9633	Dev acc: 78.56	Dev fscore(p/r/f): (84.20/81.83/83.00)
Training: 	Epoch: 14	Time: 41.5328	Training Loss: 0.2283	Sep Loss: 0.0000	Tag Loss: 0.0000
Evaluation: 	Epoch: 14	Time: 6.2073	Dev acc: 78.12	Dev fscore(p/r/f): (84.28/81.24/82.73)
NEW BEST MODEL: 	Epoch: 14	Dev loss: 0.9015	Dev acc: 78.12	Dev fscore(p/r/f): (84.28/81.24/82.73)
Training: 	Epoch: 15	Time: 41.2985	Training Loss: 0.1946	Sep Loss: 0.0000	Tag Loss: 0.0000
Evaluation: 	Epoch: 15	Time: 6.5682	Dev acc: 78.25	Dev fscore(p/r/f): (84.00/81.40/82.68)
NEW BEST MODEL: 	Epoch: 15	Dev loss: 0.9761	Dev acc: 78.25	Dev fscore(p/r/f): (84.00/81.40/82.68)
Training: 	Epoch: 16	Time: 41.4076	Training Loss: 0.1827	Sep Loss: 0.0000	Tag Loss: 0.0000
Evaluation: 	Epoch: 16	Time: 5.8083	Dev acc: 79.13	Dev fscore(p/r/f): (84.76/82.31/83.52)
NEW BEST MODEL: 	Epoch: 16	Dev loss: 0.9545	Dev acc: 79.13	Dev fscore(p/r/f): (84.76/82.31/83.52)
Training: 	Epoch: 17	Time: 41.4552	Training Loss: 0.1688	Sep Loss: 0.0000	Tag Loss: 0.0000
Evaluation: 	Epoch: 17	Time: 5.7147	Dev acc: 79.79	Dev fscore(p/r/f): (85.46/82.55/83.98)
NEW BEST MODEL: 	Epoch: 17	Dev loss: 1.0172	Dev acc: 79.79	Dev fscore(p/r/f): (85.46/82.55/83.98)
Training: 	Epoch: 18	Time: 41.4734	Training Loss: 0.1689	Sep Loss: 0.0000	Tag Loss: 0.0000
Evaluation: 	Epoch: 18	Time: 6.1496	Dev acc: 79.04	Dev fscore(p/r/f): (85.06/81.99/83.50)
NEW BEST MODEL: 	Epoch: 18	Dev loss: 0.9137	Dev acc: 79.04	Dev fscore(p/r/f): (85.06/81.99/83.50)
Training: 	Epoch: 19	Time: 41.5747	Training Loss: 0.1558	Sep Loss: 0.0000	Tag Loss: 0.0000
Evaluation: 	Epoch: 19	Time: 6.0572	Dev acc: 79.83	Dev fscore(p/r/f): (85.70/82.27/83.95)
NEW BEST MODEL: 	Epoch: 19	Dev loss: 0.9508	Dev acc: 79.83	Dev fscore(p/r/f): (85.70/82.27/83.95)
Training: 	Epoch: 20	Time: 41.5887	Training Loss: 0.1365	Sep Loss: 0.0000	Tag Loss: 0.0000
Evaluation: 	Epoch: 20	Time: 6.4687	Dev acc: 79.96	Dev fscore(p/r/f): (85.50/82.78/84.12)
NEW BEST MODEL: 	Epoch: 20	Dev loss: 0.9305	Dev acc: 79.96	Dev fscore(p/r/f): (85.50/82.78/84.12)
Training: 	Epoch: 21	Time: 41.5263	Training Loss: 0.1231	Sep Loss: 0.0000	Tag Loss: 0.0000
Evaluation: 	Epoch: 21	Time: 6.0697	Dev acc: 79.83	Dev fscore(p/r/f): (85.70/82.47/84.05)
NEW BEST MODEL: 	Epoch: 21	Dev loss: 0.9618	Dev acc: 79.83	Dev fscore(p/r/f): (85.70/82.47/84.05)
Training: 	Epoch: 22	Time: 41.8441	Training Loss: 0.1184	Sep Loss: 0.0000	Tag Loss: 0.0000
Evaluation: 	Epoch: 22	Time: 5.7140	Dev acc: 79.75	Dev fscore(p/r/f): (85.34/82.67/83.98)
NEW BEST MODEL: 	Epoch: 22	Dev loss: 1.0758	Dev acc: 79.75	Dev fscore(p/r/f): (85.34/82.67/83.98)
Training: 	Epoch: 23	Time: 41.5655	Training Loss: 0.1097	Sep Loss: 0.0000	Tag Loss: 0.0000
Evaluation: 	Epoch: 23	Time: 5.7104	Dev acc: 79.61	Dev fscore(p/r/f): (84.93/82.74/83.83)
NEW BEST MODEL: 	Epoch: 23	Dev loss: 1.0483	Dev acc: 79.61	Dev fscore(p/r/f): (84.93/82.74/83.83)
Training: 	Epoch: 24	Time: 41.7615	Training Loss: 0.1067	Sep Loss: 0.0000	Tag Loss: 0.0000
Evaluation: 	Epoch: 24	Time: 6.3362	Dev acc: 79.39	Dev fscore(p/r/f): (85.08/82.31/83.67)
NEW BEST MODEL: 	Epoch: 24	Dev loss: 0.9896	Dev acc: 79.39	Dev fscore(p/r/f): (85.08/82.31/83.67)
Training: 	Epoch: 25	Time: 41.7679	Training Loss: 0.0910	Sep Loss: 0.0000	Tag Loss: 0.0000
Evaluation: 	Epoch: 25	Time: 5.1540	Dev acc: 80.76	Dev fscore(p/r/f): (86.86/83.62/85.21)
NEW BEST MODEL: 	Epoch: 25	Dev loss: 1.0604	Dev acc: 80.76	Dev fscore(p/r/f): (86.86/83.62/85.21)
Training: 	Epoch: 26	Time: 41.6768	Training Loss: 0.0918	Sep Loss: 0.0000	Tag Loss: 0.0000
Evaluation: 	Epoch: 26	Time: 5.0698	Dev acc: 80.76	Dev fscore(p/r/f): (86.07/83.82/84.93)
NEW BEST MODEL: 	Epoch: 26	Dev loss: 1.0678	Dev acc: 80.76	Dev fscore(p/r/f): (86.07/83.82/84.93)
Training: 	Epoch: 27	Time: 41.5734	Training Loss: 0.0885	Sep Loss: 0.0000	Tag Loss: 0.0000
Evaluation: 	Epoch: 27	Time: 5.4057	Dev acc: 80.18	Dev fscore(p/r/f): (86.35/83.34/84.82)
NEW BEST MODEL: 	Epoch: 27	Dev loss: 1.0118	Dev acc: 80.18	Dev fscore(p/r/f): (86.35/83.34/84.82)
Training: 	Epoch: 28	Time: 41.4815	Training Loss: 0.0785	Sep Loss: 0.0000	Tag Loss: 0.0000
Evaluation: 	Epoch: 28	Time: 5.4700	Dev acc: 81.02	Dev fscore(p/r/f): (86.96/83.86/85.38)
NEW BEST MODEL: 	Epoch: 28	Dev loss: 1.0314	Dev acc: 81.02	Dev fscore(p/r/f): (86.96/83.86/85.38)
Training: 	Epoch: 29	Time: 41.4819	Training Loss: 0.0862	Sep Loss: 0.0000	Tag Loss: 0.0000
Evaluation: 	Epoch: 29	Time: 7.0694	Dev acc: 80.76	Dev fscore(p/r/f): (86.04/83.58/84.79)
NEW BEST MODEL: 	Epoch: 29	Dev loss: 1.1228	Dev acc: 80.76	Dev fscore(p/r/f): (86.04/83.58/84.79)
Training: 	Epoch: 30	Time: 41.6731	Training Loss: 0.0707	Sep Loss: 0.0000	Tag Loss: 0.0000
Evaluation: 	Epoch: 30	Time: 7.1669	Dev acc: 80.84	Dev fscore(p/r/f): (87.21/83.58/85.36)
NEW BEST MODEL: 	Epoch: 30	Dev loss: 1.0957	Dev acc: 80.84	Dev fscore(p/r/f): (87.21/83.58/85.36)
Training: 	Epoch: 31	Time: 41.7149	Training Loss: 0.0698	Sep Loss: 0.0000	Tag Loss: 0.0000
Evaluation: 	Epoch: 31	Time: 6.7792	Dev acc: 81.06	Dev fscore(p/r/f): (87.10/83.86/85.45)
NEW BEST MODEL: 	Epoch: 31	Dev loss: 1.1780	Dev acc: 81.06	Dev fscore(p/r/f): (87.10/83.86/85.45)
Training: 	Epoch: 32	Time: 41.6292	Training Loss: 0.0750	Sep Loss: 0.0000	Tag Loss: 0.0000
Evaluation: 	Epoch: 32	Time: 5.2801	Dev acc: 81.11	Dev fscore(p/r/f): (87.56/84.29/85.89)
NEW BEST MODEL: 	Epoch: 32	Dev loss: 1.0483	Dev acc: 81.11	Dev fscore(p/r/f): (87.56/84.29/85.89)
Training: 	Epoch: 33	Time: 41.4571	Training Loss: 0.0673	Sep Loss: 0.0000	Tag Loss: 0.0000
Evaluation: 	Epoch: 33	Time: 5.2885	Dev acc: 81.15	Dev fscore(p/r/f): (87.59/83.74/85.62)
NEW BEST MODEL: 	Epoch: 33	Dev loss: 1.0558	Dev acc: 81.15	Dev fscore(p/r/f): (87.59/83.74/85.62)
Training: 	Epoch: 34	Time: 41.7222	Training Loss: 0.0628	Sep Loss: 0.0000	Tag Loss: 0.0000
Evaluation: 	Epoch: 34	Time: 6.3867	Dev acc: 81.33	Dev fscore(p/r/f): (87.31/84.09/85.67)
NEW BEST MODEL: 	Epoch: 34	Dev loss: 1.0955	Dev acc: 81.33	Dev fscore(p/r/f): (87.31/84.09/85.67)
Training: 	Epoch: 35	Time: 41.5538	Training Loss: 0.0568	Sep Loss: 0.0000	Tag Loss: 0.0000
Evaluation: 	Epoch: 35	Time: 6.1917	Dev acc: 81.50	Dev fscore(p/r/f): (87.86/84.37/86.08)
NEW BEST MODEL: 	Epoch: 35	Dev loss: 1.0774	Dev acc: 81.50	Dev fscore(p/r/f): (87.86/84.37/86.08)
Training: 	Epoch: 36	Time: 41.5260	Training Loss: 0.0498	Sep Loss: 0.0000	Tag Loss: 0.0000
Evaluation: 	Epoch: 36	Time: 5.9422	Dev acc: 80.89	Dev fscore(p/r/f): (87.20/83.74/85.43)
NEW BEST MODEL: 	Epoch: 36	Dev loss: 1.1258	Dev acc: 80.89	Dev fscore(p/r/f): (87.20/83.74/85.43)
Training: 	Epoch: 37	Time: 41.5281	Training Loss: 0.0527	Sep Loss: 0.0000	Tag Loss: 0.0000
Evaluation: 	Epoch: 37	Time: 7.3059	Dev acc: 82.12	Dev fscore(p/r/f): (87.34/84.81/86.05)
NEW BEST MODEL: 	Epoch: 37	Dev loss: 1.1784	Dev acc: 82.12	Dev fscore(p/r/f): (87.34/84.81/86.05)
Training: 	Epoch: 38	Time: 41.5473	Training Loss: 0.0487	Sep Loss: 0.0000	Tag Loss: 0.0000
Evaluation: 	Epoch: 38	Time: 7.2606	Dev acc: 80.18	Dev fscore(p/r/f): (86.06/82.98/84.49)
NEW BEST MODEL: 	Epoch: 38	Dev loss: 1.2280	Dev acc: 80.18	Dev fscore(p/r/f): (86.06/82.98/84.49)
Training: 	Epoch: 39	Time: 41.6156	Training Loss: 0.0583	Sep Loss: 0.0000	Tag Loss: 0.0000
Evaluation: 	Epoch: 39	Time: 7.1662	Dev acc: 81.02	Dev fscore(p/r/f): (87.41/83.70/85.51)
NEW BEST MODEL: 	Epoch: 39	Dev loss: 1.1938	Dev acc: 81.02	Dev fscore(p/r/f): (87.41/83.70/85.51)
Training: 	Epoch: 40	Time: 41.3764	Training Loss: 0.0475	Sep Loss: 0.0000	Tag Loss: 0.0000
Evaluation: 	Epoch: 40	Time: 6.6305	Dev acc: 81.81	Dev fscore(p/r/f): (87.56/84.61/86.06)
NEW BEST MODEL: 	Epoch: 40	Dev loss: 1.2363	Dev acc: 81.81	Dev fscore(p/r/f): (87.56/84.61/86.06)
Training: 	Epoch: 41	Time: 41.3359	Training Loss: 0.0563	Sep Loss: 0.0000	Tag Loss: 0.0000
Evaluation: 	Epoch: 41	Time: 5.9883	Dev acc: 81.15	Dev fscore(p/r/f): (87.46/83.82/85.60)
NEW BEST MODEL: 	Epoch: 41	Dev loss: 1.0271	Dev acc: 81.15	Dev fscore(p/r/f): (87.46/83.82/85.60)
Training: 	Epoch: 42	Time: 41.3543	Training Loss: 0.0481	Sep Loss: 0.0000	Tag Loss: 0.0000
Evaluation: 	Epoch: 42	Time: 6.1315	Dev acc: 81.68	Dev fscore(p/r/f): (87.92/83.97/85.90)
NEW BEST MODEL: 	Epoch: 42	Dev loss: 1.1104	Dev acc: 81.68	Dev fscore(p/r/f): (87.92/83.97/85.90)
Training: 	Epoch: 43	Time: 41.5985	Training Loss: 0.0417	Sep Loss: 0.0000	Tag Loss: 0.0000
Evaluation: 	Epoch: 43	Time: 5.9630	Dev acc: 81.77	Dev fscore(p/r/f): (87.21/84.69/85.93)
NEW BEST MODEL: 	Epoch: 43	Dev loss: 1.2448	Dev acc: 81.77	Dev fscore(p/r/f): (87.21/84.69/85.93)
Training: 	Epoch: 44	Time: 41.5268	Training Loss: 0.0433	Sep Loss: 0.0000	Tag Loss: 0.0000
Evaluation: 	Epoch: 44	Time: 7.3154	Dev acc: 81.55	Dev fscore(p/r/f): (87.14/84.41/85.75)
NEW BEST MODEL: 	Epoch: 44	Dev loss: 1.1772	Dev acc: 81.55	Dev fscore(p/r/f): (87.14/84.41/85.75)
Training: 	Epoch: 45	Time: 41.4518	Training Loss: 0.0392	Sep Loss: 0.0000	Tag Loss: 0.0000
Evaluation: 	Epoch: 45	Time: 4.9870	Dev acc: 81.90	Dev fscore(p/r/f): (87.30/84.77/86.01)
NEW BEST MODEL: 	Epoch: 45	Dev loss: 1.2533	Dev acc: 81.90	Dev fscore(p/r/f): (87.30/84.77/86.01)
Training: 	Epoch: 46	Time: 41.4320	Training Loss: 0.0479	Sep Loss: 0.0000	Tag Loss: 0.0000
Evaluation: 	Epoch: 46	Time: 6.2303	Dev acc: 81.99	Dev fscore(p/r/f): (87.42/84.61/85.99)
NEW BEST MODEL: 	Epoch: 46	Dev loss: 1.1935	Dev acc: 81.99	Dev fscore(p/r/f): (87.42/84.61/85.99)
Training: 	Epoch: 47	Time: 41.7156	Training Loss: 0.0392	Sep Loss: 0.0000	Tag Loss: 0.0000
Evaluation: 	Epoch: 47	Time: 6.0438	Dev acc: 82.21	Dev fscore(p/r/f): (87.79/85.01/86.38)
NEW BEST MODEL: 	Epoch: 47	Dev loss: 1.1025	Dev acc: 82.21	Dev fscore(p/r/f): (87.79/85.01/86.38)
Training: 	Epoch: 48	Time: 41.2867	Training Loss: 0.0339	Sep Loss: 0.0000	Tag Loss: 0.0000
Evaluation: 	Epoch: 48	Time: 5.4590	Dev acc: 81.85	Dev fscore(p/r/f): (87.04/85.01/86.01)
NEW BEST MODEL: 	Epoch: 48	Dev loss: 1.3657	Dev acc: 81.85	Dev fscore(p/r/f): (87.04/85.01/86.01)
Training: 	Epoch: 49	Time: 41.3225	Training Loss: 0.0367	Sep Loss: 0.0000	Tag Loss: 0.0000
Evaluation: 	Epoch: 49	Time: 5.8623	Dev acc: 81.94	Dev fscore(p/r/f): (87.11/85.24/86.17)
NEW BEST MODEL: 	Epoch: 49	Dev loss: 1.2441	Dev acc: 81.94	Dev fscore(p/r/f): (87.11/85.24/86.17)
Training: 	Epoch: 50	Time: 41.4461	Training Loss: 0.0386	Sep Loss: 0.0000	Tag Loss: 0.0000
Evaluation: 	Epoch: 50	Time: 6.2315	Dev acc: 81.06	Dev fscore(p/r/f): (86.92/83.86/85.36)
NEW BEST MODEL: 	Epoch: 50	Dev loss: 1.2408	Dev acc: 81.06	Dev fscore(p/r/f): (86.92/83.86/85.36)
Training: 	Epoch: 51	Time: 41.3888	Training Loss: 0.0318	Sep Loss: 0.0000	Tag Loss: 0.0000
Evaluation: 	Epoch: 51	Time: 6.3756	Dev acc: 81.94	Dev fscore(p/r/f): (87.85/84.57/86.18)
NEW BEST MODEL: 	Epoch: 51	Dev loss: 1.2718	Dev acc: 81.94	Dev fscore(p/r/f): (87.85/84.57/86.18)
Training: 	Epoch: 52	Time: 41.6947	Training Loss: 0.0419	Sep Loss: 0.0000	Tag Loss: 0.0000
Evaluation: 	Epoch: 52	Time: 5.8636	Dev acc: 81.11	Dev fscore(p/r/f): (86.66/83.74/85.17)
NEW BEST MODEL: 	Epoch: 52	Dev loss: 1.2889	Dev acc: 81.11	Dev fscore(p/r/f): (86.66/83.74/85.17)
Training: 	Epoch: 53	Time: 41.6117	Training Loss: 0.0353	Sep Loss: 0.0000	Tag Loss: 0.0000
Evaluation: 	Epoch: 53	Time: 6.9017	Dev acc: 81.81	Dev fscore(p/r/f): (87.44/84.49/85.94)
NEW BEST MODEL: 	Epoch: 53	Dev loss: 1.3143	Dev acc: 81.81	Dev fscore(p/r/f): (87.44/84.49/85.94)
Training: 	Epoch: 54	Time: 41.6595	Training Loss: 0.0324	Sep Loss: 0.0000	Tag Loss: 0.0000
Evaluation: 	Epoch: 54	Time: 5.5018	Dev acc: 82.07	Dev fscore(p/r/f): (87.47/84.77/86.10)
NEW BEST MODEL: 	Epoch: 54	Dev loss: 1.3173	Dev acc: 82.07	Dev fscore(p/r/f): (87.47/84.77/86.10)
Training: 	Epoch: 55	Time: 41.4164	Training Loss: 0.0299	Sep Loss: 0.0000	Tag Loss: 0.0000
Evaluation: 	Epoch: 55	Time: 6.3206	Dev acc: 82.12	Dev fscore(p/r/f): (88.13/84.85/86.46)
NEW BEST MODEL: 	Epoch: 55	Dev loss: 1.2289	Dev acc: 82.12	Dev fscore(p/r/f): (88.13/84.85/86.46)
Training: 	Epoch: 56	Time: 41.3491	Training Loss: 0.0326	Sep Loss: 0.0000	Tag Loss: 0.0000
Evaluation: 	Epoch: 56	Time: 5.4874	Dev acc: 81.72	Dev fscore(p/r/f): (87.86/84.41/86.10)
NEW BEST MODEL: 	Epoch: 56	Dev loss: 1.3229	Dev acc: 81.72	Dev fscore(p/r/f): (87.86/84.41/86.10)
Training: 	Epoch: 57	Time: 41.3769	Training Loss: 0.0274	Sep Loss: 0.0000	Tag Loss: 0.0000
Evaluation: 	Epoch: 57	Time: 5.2206	Dev acc: 82.07	Dev fscore(p/r/f): (87.85/84.57/86.18)
NEW BEST MODEL: 	Epoch: 57	Dev loss: 1.3224	Dev acc: 82.07	Dev fscore(p/r/f): (87.85/84.57/86.18)
Training: 	Epoch: 58	Time: 41.3093	Training Loss: 0.0317	Sep Loss: 0.0000	Tag Loss: 0.0000
Evaluation: 	Epoch: 58	Time: 6.2665	Dev acc: 82.07	Dev fscore(p/r/f): (88.39/84.57/86.44)
NEW BEST MODEL: 	Epoch: 58	Dev loss: 1.3018	Dev acc: 82.07	Dev fscore(p/r/f): (88.39/84.57/86.44)
Training: 	Epoch: 59	Time: 41.5154	Training Loss: 0.0349	Sep Loss: 0.0000	Tag Loss: 0.0000
Evaluation: 	Epoch: 59	Time: 5.8330	Dev acc: 81.81	Dev fscore(p/r/f): (88.08/84.41/86.21)
NEW BEST MODEL: 	Epoch: 59	Dev loss: 1.2352	Dev acc: 81.81	Dev fscore(p/r/f): (88.08/84.41/86.21)
Training: 	Epoch: 60	Time: 41.4446	Training Loss: 0.0295	Sep Loss: 0.0000	Tag Loss: 0.0000
Evaluation: 	Epoch: 60	Time: 5.7530	Dev acc: 80.27	Dev fscore(p/r/f): (86.07/82.82/84.41)
NEW BEST MODEL: 	Epoch: 60	Dev loss: 1.3075	Dev acc: 80.27	Dev fscore(p/r/f): (86.07/82.82/84.41)
Training: 	Epoch: 61	Time: 41.3940	Training Loss: 0.0310	Sep Loss: 0.0000	Tag Loss: 0.0000
Evaluation: 	Epoch: 61	Time: 4.9372	Dev acc: 81.72	Dev fscore(p/r/f): (88.22/84.33/86.23)
NEW BEST MODEL: 	Epoch: 61	Dev loss: 1.2453	Dev acc: 81.72	Dev fscore(p/r/f): (88.22/84.33/86.23)
Training: 	Epoch: 62	Time: 41.7380	Training Loss: 0.0329	Sep Loss: 0.0000	Tag Loss: 0.0000
Evaluation: 	Epoch: 62	Time: 3.8918	Dev acc: 82.60	Dev fscore(p/r/f): (88.10/85.16/86.61)
NEW BEST MODEL: 	Epoch: 62	Dev loss: 1.2781	Dev acc: 82.60	Dev fscore(p/r/f): (88.10/85.16/86.61)
Training: 	Epoch: 63	Time: 41.5977	Training Loss: 0.0256	Sep Loss: 0.0000	Tag Loss: 0.0000
Evaluation: 	Epoch: 63	Time: 4.8479	Dev acc: 81.94	Dev fscore(p/r/f): (88.06/84.29/86.14)
NEW BEST MODEL: 	Epoch: 63	Dev loss: 1.2209	Dev acc: 81.94	Dev fscore(p/r/f): (88.06/84.29/86.14)
Training: 	Epoch: 64	Time: 41.3093	Training Loss: 0.0277	Sep Loss: 0.0000	Tag Loss: 0.0000
Evaluation: 	Epoch: 64	Time: 5.8445	Dev acc: 81.85	Dev fscore(p/r/f): (88.59/84.41/86.45)
NEW BEST MODEL: 	Epoch: 64	Dev loss: 1.2508	Dev acc: 81.85	Dev fscore(p/r/f): (88.59/84.41/86.45)
Training: 	Epoch: 65	Time: 41.1430	Training Loss: 0.0300	Sep Loss: 0.0000	Tag Loss: 0.0000
Evaluation: 	Epoch: 65	Time: 4.4962	Dev acc: 81.90	Dev fscore(p/r/f): (87.77/84.81/86.26)
NEW BEST MODEL: 	Epoch: 65	Dev loss: 1.2864	Dev acc: 81.90	Dev fscore(p/r/f): (87.77/84.81/86.26)
Training: 	Epoch: 66	Time: 41.4075	Training Loss: 0.0315	Sep Loss: 0.0000	Tag Loss: 0.0000
Evaluation: 	Epoch: 66	Time: 5.4199	Dev acc: 81.77	Dev fscore(p/r/f): (87.40/84.45/85.90)
NEW BEST MODEL: 	Epoch: 66	Dev loss: 1.2351	Dev acc: 81.77	Dev fscore(p/r/f): (87.40/84.45/85.90)
Training: 	Epoch: 67	Time: 41.6260	Training Loss: 0.0409	Sep Loss: 0.0000	Tag Loss: 0.0000
Evaluation: 	Epoch: 67	Time: 6.2415	Dev acc: 81.50	Dev fscore(p/r/f): (87.84/83.97/85.86)
NEW BEST MODEL: 	Epoch: 67	Dev loss: 1.1204	Dev acc: 81.50	Dev fscore(p/r/f): (87.84/83.97/85.86)
Training: 	Epoch: 68	Time: 41.6689	Training Loss: 0.0338	Sep Loss: 0.0000	Tag Loss: 0.0000
Evaluation: 	Epoch: 68	Time: 6.2202	Dev acc: 82.12	Dev fscore(p/r/f): (87.91/84.77/86.31)
NEW BEST MODEL: 	Epoch: 68	Dev loss: 1.2390	Dev acc: 82.12	Dev fscore(p/r/f): (87.91/84.77/86.31)
Training: 	Epoch: 69	Time: 41.4986	Training Loss: 0.0256	Sep Loss: 0.0000	Tag Loss: 0.0000
Evaluation: 	Epoch: 69	Time: 6.0750	Dev acc: 81.85	Dev fscore(p/r/f): (88.23/84.45/86.30)
NEW BEST MODEL: 	Epoch: 69	Dev loss: 1.2361	Dev acc: 81.85	Dev fscore(p/r/f): (88.23/84.45/86.30)
Training: 	Epoch: 70	Time: 41.5470	Training Loss: 0.0256	Sep Loss: 0.0000	Tag Loss: 0.0000
Evaluation: 	Epoch: 70	Time: 5.3935	Dev acc: 82.07	Dev fscore(p/r/f): (87.87/84.73/86.27)
NEW BEST MODEL: 	Epoch: 70	Dev loss: 1.3245	Dev acc: 82.07	Dev fscore(p/r/f): (87.87/84.73/86.27)
Training: 	Epoch: 71	Time: 41.6403	Training Loss: 0.0251	Sep Loss: 0.0000	Tag Loss: 0.0000
Evaluation: 	Epoch: 71	Time: 5.3161	Dev acc: 82.16	Dev fscore(p/r/f): (88.09/84.49/86.25)
NEW BEST MODEL: 	Epoch: 71	Dev loss: 1.3480	Dev acc: 82.16	Dev fscore(p/r/f): (88.09/84.49/86.25)
Training: 	Epoch: 72	Time: 41.6669	Training Loss: 0.0288	Sep Loss: 0.0000	Tag Loss: 0.0000
Evaluation: 	Epoch: 72	Time: 6.6420	Dev acc: 81.20	Dev fscore(p/r/f): (87.05/84.01/85.51)
NEW BEST MODEL: 	Epoch: 72	Dev loss: 1.2986	Dev acc: 81.20	Dev fscore(p/r/f): (87.05/84.01/85.51)
Training: 	Epoch: 73	Time: 41.5853	Training Loss: 0.0301	Sep Loss: 0.0000	Tag Loss: 0.0000
Evaluation: 	Epoch: 73	Time: 7.2399	Dev acc: 81.02	Dev fscore(p/r/f): (87.02/83.78/85.37)
NEW BEST MODEL: 	Epoch: 73	Dev loss: 1.2805	Dev acc: 81.02	Dev fscore(p/r/f): (87.02/83.78/85.37)
Training: 	Epoch: 74	Time: 41.6807	Training Loss: 0.0238	Sep Loss: 0.0000	Tag Loss: 0.0000
Evaluation: 	Epoch: 74	Time: 5.8234	Dev acc: 82.03	Dev fscore(p/r/f): (87.31/84.89/86.08)
NEW BEST MODEL: 	Epoch: 74	Dev loss: 1.3687	Dev acc: 82.03	Dev fscore(p/r/f): (87.31/84.89/86.08)
Training: 	Epoch: 75	Time: 41.6442	Training Loss: 0.0234	Sep Loss: 0.0000	Tag Loss: 0.0000
Evaluation: 	Epoch: 75	Time: 5.9542	Dev acc: 81.99	Dev fscore(p/r/f): (87.29/84.73/85.99)
NEW BEST MODEL: 	Epoch: 75	Dev loss: 1.3328	Dev acc: 81.99	Dev fscore(p/r/f): (87.29/84.73/85.99)
Training: 	Epoch: 76	Time: 41.2879	Training Loss: 0.0265	Sep Loss: 0.0000	Tag Loss: 0.0000
Evaluation: 	Epoch: 76	Time: 6.3153	Dev acc: 81.55	Dev fscore(p/r/f): (86.72/84.17/85.43)
NEW BEST MODEL: 	Epoch: 76	Dev loss: 1.4048	Dev acc: 81.55	Dev fscore(p/r/f): (86.72/84.17/85.43)
Training: 	Epoch: 77	Time: 41.4592	Training Loss: 0.0278	Sep Loss: 0.0000	Tag Loss: 0.0000
Evaluation: 	Epoch: 77	Time: 7.1517	Dev acc: 81.33	Dev fscore(p/r/f): (87.59/83.74/85.62)
NEW BEST MODEL: 	Epoch: 77	Dev loss: 1.3354	Dev acc: 81.33	Dev fscore(p/r/f): (87.59/83.74/85.62)
Training: 	Epoch: 78	Time: 35.6934	Training Loss: 0.0237	Sep Loss: 0.0000	Tag Loss: 0.0000
Evaluation: 	Epoch: 78	Time: 0.9882	Dev acc: 82.12	Dev fscore(p/r/f): (87.80/84.81/86.28)
NEW BEST MODEL: 	Epoch: 78	Dev loss: 1.3541	Dev acc: 82.12	Dev fscore(p/r/f): (87.80/84.81/86.28)
Training: 	Epoch: 79	Time: 25.8198	Training Loss: 0.0211	Sep Loss: 0.0000	Tag Loss: 0.0000
Evaluation: 	Epoch: 79	Time: 1.0150	Dev acc: 82.21	Dev fscore(p/r/f): (88.85/84.41/86.57)
NEW BEST MODEL: 	Epoch: 79	Dev loss: 1.2776	Dev acc: 82.21	Dev fscore(p/r/f): (88.85/84.41/86.57)
Training: 	Epoch: 80	Time: 24.4909	Training Loss: 0.0338	Sep Loss: 0.0000	Tag Loss: 0.0000
Evaluation: 	Epoch: 80	Time: 0.9854	Dev acc: 82.51	Dev fscore(p/r/f): (87.62/85.09/86.34)
NEW BEST MODEL: 	Epoch: 80	Dev loss: 1.3024	Dev acc: 82.51	Dev fscore(p/r/f): (87.62/85.09/86.34)
Training: 	Epoch: 81	Time: 24.0979	Training Loss: 0.0257	Sep Loss: 0.0000	Tag Loss: 0.0000
Evaluation: 	Epoch: 81	Time: 0.9836	Dev acc: 82.07	Dev fscore(p/r/f): (87.59/84.85/86.20)
NEW BEST MODEL: 	Epoch: 81	Dev loss: 1.2253	Dev acc: 82.07	Dev fscore(p/r/f): (87.59/84.85/86.20)
Training: 	Epoch: 82	Time: 25.4134	Training Loss: 0.0233	Sep Loss: 0.0000	Tag Loss: 0.0000
Evaluation: 	Epoch: 82	Time: 0.9803	Dev acc: 81.77	Dev fscore(p/r/f): (87.60/84.37/85.96)
NEW BEST MODEL: 	Epoch: 82	Dev loss: 1.2212	Dev acc: 81.77	Dev fscore(p/r/f): (87.60/84.37/85.96)
Training: 	Epoch: 83	Time: 23.6177	Training Loss: 0.0214	Sep Loss: 0.0000	Tag Loss: 0.0000
Evaluation: 	Epoch: 83	Time: 0.9865	Dev acc: 81.68	Dev fscore(p/r/f): (87.05/84.53/85.77)
NEW BEST MODEL: 	Epoch: 83	Dev loss: 1.3646	Dev acc: 81.68	Dev fscore(p/r/f): (87.05/84.53/85.77)
Training: 	Epoch: 84	Time: 23.6182	Training Loss: 0.0200	Sep Loss: 0.0000	Tag Loss: 0.0000
Evaluation: 	Epoch: 84	Time: 0.9568	Dev acc: 81.99	Dev fscore(p/r/f): (87.90/84.45/86.14)
NEW BEST MODEL: 	Epoch: 84	Dev loss: 1.3380	Dev acc: 81.99	Dev fscore(p/r/f): (87.90/84.45/86.14)
Training: 	Epoch: 85	Time: 22.9015	Training Loss: 0.0229	Sep Loss: 0.0000	Tag Loss: 0.0000
Evaluation: 	Epoch: 85	Time: 0.9678	Dev acc: 82.03	Dev fscore(p/r/f): (87.39/84.65/86.00)
NEW BEST MODEL: 	Epoch: 85	Dev loss: 1.3360	Dev acc: 82.03	Dev fscore(p/r/f): (87.39/84.65/86.00)
Training: 	Epoch: 86	Time: 23.0844	Training Loss: 0.0207	Sep Loss: 0.0000	Tag Loss: 0.0000
Evaluation: 	Epoch: 86	Time: 0.9820	Dev acc: 81.59	Dev fscore(p/r/f): (87.15/84.17/85.63)
NEW BEST MODEL: 	Epoch: 86	Dev loss: 1.4247	Dev acc: 81.59	Dev fscore(p/r/f): (87.15/84.17/85.63)
Training: 	Epoch: 87	Time: 23.0374	Training Loss: 0.0239	Sep Loss: 0.0000	Tag Loss: 0.0000
Evaluation: 	Epoch: 87	Time: 0.9582	Dev acc: 82.03	Dev fscore(p/r/f): (87.40/84.49/85.92)
NEW BEST MODEL: 	Epoch: 87	Dev loss: 1.3768	Dev acc: 82.03	Dev fscore(p/r/f): (87.40/84.49/85.92)
Training: 	Epoch: 88	Time: 23.3359	Training Loss: 0.0278	Sep Loss: 0.0000	Tag Loss: 0.0000
Evaluation: 	Epoch: 88	Time: 1.0730	Dev acc: 81.59	Dev fscore(p/r/f): (87.89/84.09/85.95)
NEW BEST MODEL: 	Epoch: 88	Dev loss: 1.1393	Dev acc: 81.59	Dev fscore(p/r/f): (87.89/84.09/85.95)
Training: 	Epoch: 89	Time: 23.0834	Training Loss: 0.0215	Sep Loss: 0.0000	Tag Loss: 0.0000
Evaluation: 	Epoch: 89	Time: 0.9652	Dev acc: 82.07	Dev fscore(p/r/f): (88.56/84.41/86.43)
NEW BEST MODEL: 	Epoch: 89	Dev loss: 1.2469	Dev acc: 82.07	Dev fscore(p/r/f): (88.56/84.41/86.43)
Training: 	Epoch: 90	Time: 22.9650	Training Loss: 0.0202	Sep Loss: 0.0000	Tag Loss: 0.0000
Evaluation: 	Epoch: 90	Time: 0.9739	Dev acc: 82.29	Dev fscore(p/r/f): (88.54/84.89/86.67)
NEW BEST MODEL: 	Epoch: 90	Dev loss: 1.2539	Dev acc: 82.29	Dev fscore(p/r/f): (88.54/84.89/86.67)
Training: 	Epoch: 91	Time: 22.9656	Training Loss: 0.0196	Sep Loss: 0.0000	Tag Loss: 0.0000
Evaluation: 	Epoch: 91	Time: 0.9510	Dev acc: 82.47	Dev fscore(p/r/f): (88.17/85.40/86.76)
NEW BEST MODEL: 	Epoch: 91	Dev loss: 1.3592	Dev acc: 82.47	Dev fscore(p/r/f): (88.17/85.40/86.76)
Training: 	Epoch: 92	Time: 23.0704	Training Loss: 0.0217	Sep Loss: 0.0000	Tag Loss: 0.0000
Evaluation: 	Epoch: 92	Time: 0.9624	Dev acc: 82.34	Dev fscore(p/r/f): (88.74/85.05/86.85)
NEW BEST MODEL: 	Epoch: 92	Dev loss: 1.2208	Dev acc: 82.34	Dev fscore(p/r/f): (88.74/85.05/86.85)
Training: 	Epoch: 93	Time: 23.0571	Training Loss: 0.0223	Sep Loss: 0.0000	Tag Loss: 0.0000
Evaluation: 	Epoch: 93	Time: 0.9591	Dev acc: 82.03	Dev fscore(p/r/f): (87.80/84.49/86.11)
NEW BEST MODEL: 	Epoch: 93	Dev loss: 1.3452	Dev acc: 82.03	Dev fscore(p/r/f): (87.80/84.49/86.11)
Training: 	Epoch: 94	Time: 22.5801	Training Loss: 0.0246	Sep Loss: 0.0000	Tag Loss: 0.0000
Evaluation: 	Epoch: 94	Time: 0.9611	Dev acc: 82.34	Dev fscore(p/r/f): (88.56/84.73/86.60)
NEW BEST MODEL: 	Epoch: 94	Dev loss: 1.3795	Dev acc: 82.34	Dev fscore(p/r/f): (88.56/84.73/86.60)
Training: 	Epoch: 95	Time: 22.7172	Training Loss: 0.0219	Sep Loss: 0.0000	Tag Loss: 0.0000
Evaluation: 	Epoch: 95	Time: 0.9741	Dev acc: 82.78	Dev fscore(p/r/f): (87.98/85.36/86.65)
NEW BEST MODEL: 	Epoch: 95	Dev loss: 1.3353	Dev acc: 82.78	Dev fscore(p/r/f): (87.98/85.36/86.65)
Training: 	Epoch: 96	Time: 24.7610	Training Loss: 0.0219	Sep Loss: 0.0000	Tag Loss: 0.0000
Evaluation: 	Epoch: 96	Time: 0.9524	Dev acc: 82.07	Dev fscore(p/r/f): (88.35/84.57/86.42)
NEW BEST MODEL: 	Epoch: 96	Dev loss: 1.3189	Dev acc: 82.07	Dev fscore(p/r/f): (88.35/84.57/86.42)
Training: 	Epoch: 97	Time: 23.6896	Training Loss: 0.0252	Sep Loss: 0.0000	Tag Loss: 0.0000
Evaluation: 	Epoch: 97	Time: 0.9605	Dev acc: 82.16	Dev fscore(p/r/f): (87.79/85.01/86.38)
NEW BEST MODEL: 	Epoch: 97	Dev loss: 1.3283	Dev acc: 82.16	Dev fscore(p/r/f): (87.79/85.01/86.38)
Training: 	Epoch: 98	Time: 25.7024	Training Loss: 0.0199	Sep Loss: 0.0000	Tag Loss: 0.0000
Evaluation: 	Epoch: 98	Time: 1.2210	Dev acc: 81.94	Dev fscore(p/r/f): (88.27/84.45/86.32)
NEW BEST MODEL: 	Epoch: 98	Dev loss: 1.2590	Dev acc: 81.94	Dev fscore(p/r/f): (88.27/84.45/86.32)
Training: 	Epoch: 99	Time: 25.0618	Training Loss: 0.0203	Sep Loss: 0.0000	Tag Loss: 0.0000
Evaluation: 	Epoch: 99	Time: 0.9417	Dev acc: 82.03	Dev fscore(p/r/f): (88.06/84.53/86.26)
NEW BEST MODEL: 	Epoch: 99	Dev loss: 1.4189	Dev acc: 82.03	Dev fscore(p/r/f): (88.06/84.53/86.26)
FINAL BEST RESULT: 	Epoch: 95	Dev loss: 1.3353	Dev acc: 82.7768	Dev fscore(p/r/f): (87.9804/85.3630/86.6519)
