Use pretrained model: hfl/chinese-lert-base
Dataset size: train -> 15690
Load dataset and database finished, cost 9.8228s ...
Dataset size: dev -> 895
Total training steps: 49100
Start training ......
Training: 	Epoch: 0	Time: 25.2817	Training Loss: 2.0277	Sep Loss: 0.0000	Tag Loss: 0.0000
Evaluation: 	Epoch: 0	Time: 0.3233	Dev acc: 62.68	Dev fscore(p/r/f): (66.49/64.55/65.50)
NEW BEST MODEL: 	Epoch: 0	Dev loss: 0.9551	Dev acc: 62.68	Dev fscore(p/r/f): (66.49/64.55/65.50)
Training: 	Epoch: 1	Time: 24.3665	Training Loss: 0.8891	Sep Loss: 0.0000	Tag Loss: 0.0000
Evaluation: 	Epoch: 1	Time: 0.3271	Dev acc: 70.06	Dev fscore(p/r/f): (72.40/73.31/72.85)
NEW BEST MODEL: 	Epoch: 1	Dev loss: 0.6924	Dev acc: 70.06	Dev fscore(p/r/f): (72.40/73.31/72.85)
Training: 	Epoch: 2	Time: 34.5889	Training Loss: 0.6190	Sep Loss: 0.0000	Tag Loss: 0.0000
Evaluation: 	Epoch: 2	Time: 1.2447	Dev acc: 71.96	Dev fscore(p/r/f): (74.24/76.02/75.12)
NEW BEST MODEL: 	Epoch: 2	Dev loss: 0.5560	Dev acc: 71.96	Dev fscore(p/r/f): (74.24/76.02/75.12)
Training: 	Epoch: 3	Time: 39.9928	Training Loss: 0.4806	Sep Loss: 0.0000	Tag Loss: 0.0000
Evaluation: 	Epoch: 3	Time: 1.5205	Dev acc: 73.30	Dev fscore(p/r/f): (76.66/78.10/77.38)
NEW BEST MODEL: 	Epoch: 3	Dev loss: 0.5261	Dev acc: 73.30	Dev fscore(p/r/f): (76.66/78.10/77.38)
Training: 	Epoch: 4	Time: 40.1021	Training Loss: 0.3917	Sep Loss: 0.0000	Tag Loss: 0.0000
Evaluation: 	Epoch: 4	Time: 1.4990	Dev acc: 73.63	Dev fscore(p/r/f): (77.49/78.62/78.05)
NEW BEST MODEL: 	Epoch: 4	Dev loss: 0.5159	Dev acc: 73.63	Dev fscore(p/r/f): (77.49/78.62/78.05)
Training: 	Epoch: 5	Time: 39.9848	Training Loss: 0.3260	Sep Loss: 0.0000	Tag Loss: 0.0000
Evaluation: 	Epoch: 5	Time: 1.5638	Dev acc: 73.52	Dev fscore(p/r/f): (80.30/76.96/78.59)
NEW BEST MODEL: 	Epoch: 5	Dev loss: 0.4452	Dev acc: 73.52	Dev fscore(p/r/f): (80.30/76.96/78.59)
Training: 	Epoch: 6	Time: 39.9421	Training Loss: 0.2797	Sep Loss: 0.0000	Tag Loss: 0.0000
Evaluation: 	Epoch: 6	Time: 1.5562	Dev acc: 73.07	Dev fscore(p/r/f): (79.87/79.04/79.45)
NEW BEST MODEL: 	Epoch: 6	Dev loss: 0.4883	Dev acc: 73.07	Dev fscore(p/r/f): (79.87/79.04/79.45)
Training: 	Epoch: 7	Time: 40.0741	Training Loss: 0.2395	Sep Loss: 0.0000	Tag Loss: 0.0000
Evaluation: 	Epoch: 7	Time: 1.5409	Dev acc: 74.53	Dev fscore(p/r/f): (78.47/80.19/79.32)
NEW BEST MODEL: 	Epoch: 7	Dev loss: 0.5696	Dev acc: 74.53	Dev fscore(p/r/f): (78.47/80.19/79.32)
Training: 	Epoch: 8	Time: 39.8051	Training Loss: 0.2130	Sep Loss: 0.0000	Tag Loss: 0.0000
Evaluation: 	Epoch: 8	Time: 1.4700	Dev acc: 73.07	Dev fscore(p/r/f): (80.04/77.79/78.90)
NEW BEST MODEL: 	Epoch: 8	Dev loss: 0.4813	Dev acc: 73.07	Dev fscore(p/r/f): (80.04/77.79/78.90)
Training: 	Epoch: 9	Time: 39.7833	Training Loss: 0.1840	Sep Loss: 0.0000	Tag Loss: 0.0000
Evaluation: 	Epoch: 9	Time: 1.4328	Dev acc: 73.85	Dev fscore(p/r/f): (79.79/79.46/79.62)
NEW BEST MODEL: 	Epoch: 9	Dev loss: 0.5346	Dev acc: 73.85	Dev fscore(p/r/f): (79.79/79.46/79.62)
Training: 	Epoch: 10	Time: 40.1523	Training Loss: 0.1594	Sep Loss: 0.0000	Tag Loss: 0.0000
Evaluation: 	Epoch: 10	Time: 1.1745	Dev acc: 73.74	Dev fscore(p/r/f): (79.79/78.62/79.20)
NEW BEST MODEL: 	Epoch: 10	Dev loss: 0.5675	Dev acc: 73.74	Dev fscore(p/r/f): (79.79/78.62/79.20)
Training: 	Epoch: 11	Time: 40.3275	Training Loss: 0.1434	Sep Loss: 0.0000	Tag Loss: 0.0000
Evaluation: 	Epoch: 11	Time: 1.0006	Dev acc: 74.53	Dev fscore(p/r/f): (78.64/79.87/79.26)
NEW BEST MODEL: 	Epoch: 11	Dev loss: 0.5835	Dev acc: 74.53	Dev fscore(p/r/f): (78.64/79.87/79.26)
Training: 	Epoch: 12	Time: 40.3215	Training Loss: 0.1306	Sep Loss: 0.0000	Tag Loss: 0.0000
Evaluation: 	Epoch: 12	Time: 1.5050	Dev acc: 73.97	Dev fscore(p/r/f): (79.29/79.46/79.38)
NEW BEST MODEL: 	Epoch: 12	Dev loss: 0.6088	Dev acc: 73.97	Dev fscore(p/r/f): (79.29/79.46/79.38)
Training: 	Epoch: 13	Time: 40.1701	Training Loss: 0.1132	Sep Loss: 0.0000	Tag Loss: 0.0000
Evaluation: 	Epoch: 13	Time: 1.5123	Dev acc: 73.97	Dev fscore(p/r/f): (79.21/79.87/79.54)
NEW BEST MODEL: 	Epoch: 13	Dev loss: 0.6866	Dev acc: 73.97	Dev fscore(p/r/f): (79.21/79.87/79.54)
Training: 	Epoch: 14	Time: 40.5955	Training Loss: 0.1003	Sep Loss: 0.0000	Tag Loss: 0.0000
Evaluation: 	Epoch: 14	Time: 1.4951	Dev acc: 74.53	Dev fscore(p/r/f): (81.38/78.83/80.08)
NEW BEST MODEL: 	Epoch: 14	Dev loss: 0.6283	Dev acc: 74.53	Dev fscore(p/r/f): (81.38/78.83/80.08)
Training: 	Epoch: 15	Time: 39.9396	Training Loss: 0.0906	Sep Loss: 0.0000	Tag Loss: 0.0000
Evaluation: 	Epoch: 15	Time: 1.4521	Dev acc: 74.86	Dev fscore(p/r/f): (80.98/79.46/80.21)
NEW BEST MODEL: 	Epoch: 15	Dev loss: 0.5938	Dev acc: 74.86	Dev fscore(p/r/f): (80.98/79.46/80.21)
Training: 	Epoch: 16	Time: 40.2399	Training Loss: 0.0843	Sep Loss: 0.0000	Tag Loss: 0.0000
Evaluation: 	Epoch: 16	Time: 1.3410	Dev acc: 74.53	Dev fscore(p/r/f): (79.46/79.87/79.67)
NEW BEST MODEL: 	Epoch: 16	Dev loss: 0.6674	Dev acc: 74.53	Dev fscore(p/r/f): (79.46/79.87/79.67)
Training: 	Epoch: 17	Time: 39.9347	Training Loss: 0.0787	Sep Loss: 0.0000	Tag Loss: 0.0000
Evaluation: 	Epoch: 17	Time: 1.3993	Dev acc: 75.08	Dev fscore(p/r/f): (80.15/79.56/79.85)
NEW BEST MODEL: 	Epoch: 17	Dev loss: 0.7666	Dev acc: 75.08	Dev fscore(p/r/f): (80.15/79.56/79.85)
Training: 	Epoch: 18	Time: 39.9820	Training Loss: 0.0669	Sep Loss: 0.0000	Tag Loss: 0.0000
Evaluation: 	Epoch: 18	Time: 1.5768	Dev acc: 75.08	Dev fscore(p/r/f): (81.44/79.14/80.27)
NEW BEST MODEL: 	Epoch: 18	Dev loss: 0.6412	Dev acc: 75.08	Dev fscore(p/r/f): (81.44/79.14/80.27)
Training: 	Epoch: 19	Time: 40.0203	Training Loss: 0.0643	Sep Loss: 0.0000	Tag Loss: 0.0000
Evaluation: 	Epoch: 19	Time: 1.5439	Dev acc: 74.19	Dev fscore(p/r/f): (78.93/79.67/79.29)
NEW BEST MODEL: 	Epoch: 19	Dev loss: 0.7360	Dev acc: 74.19	Dev fscore(p/r/f): (78.93/79.67/79.29)
Training: 	Epoch: 20	Time: 40.1995	Training Loss: 0.0570	Sep Loss: 0.0000	Tag Loss: 0.0000
Evaluation: 	Epoch: 20	Time: 1.3650	Dev acc: 74.53	Dev fscore(p/r/f): (79.75/79.25/79.50)
NEW BEST MODEL: 	Epoch: 20	Dev loss: 0.7390	Dev acc: 74.53	Dev fscore(p/r/f): (79.75/79.25/79.50)
Training: 	Epoch: 21	Time: 40.1620	Training Loss: 0.0503	Sep Loss: 0.0000	Tag Loss: 0.0000
Evaluation: 	Epoch: 21	Time: 1.5348	Dev acc: 74.53	Dev fscore(p/r/f): (80.73/78.21/79.45)
NEW BEST MODEL: 	Epoch: 21	Dev loss: 0.6593	Dev acc: 74.53	Dev fscore(p/r/f): (80.73/78.21/79.45)
Training: 	Epoch: 22	Time: 40.1025	Training Loss: 0.0478	Sep Loss: 0.0000	Tag Loss: 0.0000
Evaluation: 	Epoch: 22	Time: 1.1104	Dev acc: 76.54	Dev fscore(p/r/f): (81.41/80.40/80.90)
NEW BEST MODEL: 	Epoch: 22	Dev loss: 0.7205	Dev acc: 76.54	Dev fscore(p/r/f): (81.41/80.40/80.90)
Training: 	Epoch: 23	Time: 40.0197	Training Loss: 0.0461	Sep Loss: 0.0000	Tag Loss: 0.0000
Evaluation: 	Epoch: 23	Time: 1.3428	Dev acc: 74.97	Dev fscore(p/r/f): (79.46/80.29/79.88)
NEW BEST MODEL: 	Epoch: 23	Dev loss: 0.7854	Dev acc: 74.97	Dev fscore(p/r/f): (79.46/80.29/79.88)
Training: 	Epoch: 24	Time: 39.8966	Training Loss: 0.0422	Sep Loss: 0.0000	Tag Loss: 0.0000
Evaluation: 	Epoch: 24	Time: 1.5243	Dev acc: 74.41	Dev fscore(p/r/f): (80.97/78.52/79.72)
NEW BEST MODEL: 	Epoch: 24	Dev loss: 0.6426	Dev acc: 74.41	Dev fscore(p/r/f): (80.97/78.52/79.72)
Training: 	Epoch: 25	Time: 39.8708	Training Loss: 0.0391	Sep Loss: 0.0000	Tag Loss: 0.0000
Evaluation: 	Epoch: 25	Time: 1.5511	Dev acc: 75.08	Dev fscore(p/r/f): (80.42/79.25/79.83)
NEW BEST MODEL: 	Epoch: 25	Dev loss: 0.7338	Dev acc: 75.08	Dev fscore(p/r/f): (80.42/79.25/79.83)
Training: 	Epoch: 26	Time: 39.8864	Training Loss: 0.0352	Sep Loss: 0.0000	Tag Loss: 0.0000
Evaluation: 	Epoch: 26	Time: 1.5492	Dev acc: 76.20	Dev fscore(p/r/f): (81.21/81.13/81.17)
NEW BEST MODEL: 	Epoch: 26	Dev loss: 0.7548	Dev acc: 76.20	Dev fscore(p/r/f): (81.21/81.13/81.17)
Training: 	Epoch: 27	Time: 40.1877	Training Loss: 0.0339	Sep Loss: 0.0000	Tag Loss: 0.0000
Evaluation: 	Epoch: 27	Time: 1.0836	Dev acc: 74.97	Dev fscore(p/r/f): (80.27/80.19/80.23)
NEW BEST MODEL: 	Epoch: 27	Dev loss: 0.8184	Dev acc: 74.97	Dev fscore(p/r/f): (80.27/80.19/80.23)
Training: 	Epoch: 28	Time: 40.0759	Training Loss: 0.0322	Sep Loss: 0.0000	Tag Loss: 0.0000
Evaluation: 	Epoch: 28	Time: 1.5867	Dev acc: 75.42	Dev fscore(p/r/f): (80.10/80.60/80.35)
NEW BEST MODEL: 	Epoch: 28	Dev loss: 0.8333	Dev acc: 75.42	Dev fscore(p/r/f): (80.10/80.60/80.35)
Training: 	Epoch: 29	Time: 39.9080	Training Loss: 0.0317	Sep Loss: 0.0000	Tag Loss: 0.0000
Evaluation: 	Epoch: 29	Time: 1.5222	Dev acc: 75.64	Dev fscore(p/r/f): (80.48/79.98/80.23)
NEW BEST MODEL: 	Epoch: 29	Dev loss: 0.8211	Dev acc: 75.64	Dev fscore(p/r/f): (80.48/79.98/80.23)
Training: 	Epoch: 30	Time: 39.9872	Training Loss: 0.0264	Sep Loss: 0.0000	Tag Loss: 0.0000
Evaluation: 	Epoch: 30	Time: 1.5202	Dev acc: 74.86	Dev fscore(p/r/f): (79.12/80.60/79.86)
NEW BEST MODEL: 	Epoch: 30	Dev loss: 0.8878	Dev acc: 74.86	Dev fscore(p/r/f): (79.12/80.60/79.86)
Training: 	Epoch: 31	Time: 40.2287	Training Loss: 0.0264	Sep Loss: 0.0000	Tag Loss: 0.0000
Evaluation: 	Epoch: 31	Time: 1.4709	Dev acc: 74.53	Dev fscore(p/r/f): (81.79/79.14/80.45)
NEW BEST MODEL: 	Epoch: 31	Dev loss: 0.7158	Dev acc: 74.53	Dev fscore(p/r/f): (81.79/79.14/80.45)
Training: 	Epoch: 32	Time: 39.9041	Training Loss: 0.0243	Sep Loss: 0.0000	Tag Loss: 0.0000
Evaluation: 	Epoch: 32	Time: 1.4634	Dev acc: 74.86	Dev fscore(p/r/f): (80.49/79.56/80.02)
NEW BEST MODEL: 	Epoch: 32	Dev loss: 0.8012	Dev acc: 74.86	Dev fscore(p/r/f): (80.49/79.56/80.02)
Training: 	Epoch: 33	Time: 40.1746	Training Loss: 0.0263	Sep Loss: 0.0000	Tag Loss: 0.0000
Evaluation: 	Epoch: 33	Time: 1.4669	Dev acc: 74.86	Dev fscore(p/r/f): (80.36/79.35/79.85)
NEW BEST MODEL: 	Epoch: 33	Dev loss: 0.8241	Dev acc: 74.86	Dev fscore(p/r/f): (80.36/79.35/79.85)
Training: 	Epoch: 34	Time: 40.1048	Training Loss: 0.0222	Sep Loss: 0.0000	Tag Loss: 0.0000
Evaluation: 	Epoch: 34	Time: 1.5319	Dev acc: 74.41	Dev fscore(p/r/f): (79.85/78.94/79.39)
NEW BEST MODEL: 	Epoch: 34	Dev loss: 0.8601	Dev acc: 74.41	Dev fscore(p/r/f): (79.85/78.94/79.39)
Training: 	Epoch: 35	Time: 40.0065	Training Loss: 0.0215	Sep Loss: 0.0000	Tag Loss: 0.0000
Evaluation: 	Epoch: 35	Time: 1.3850	Dev acc: 74.64	Dev fscore(p/r/f): (81.31/78.94/80.11)
NEW BEST MODEL: 	Epoch: 35	Dev loss: 0.8334	Dev acc: 74.64	Dev fscore(p/r/f): (81.31/78.94/80.11)
Training: 	Epoch: 36	Time: 40.2084	Training Loss: 0.0199	Sep Loss: 0.0000	Tag Loss: 0.0000
Evaluation: 	Epoch: 36	Time: 1.5330	Dev acc: 74.97	Dev fscore(p/r/f): (81.18/79.14/80.15)
NEW BEST MODEL: 	Epoch: 36	Dev loss: 0.8457	Dev acc: 74.97	Dev fscore(p/r/f): (81.18/79.14/80.15)
Training: 	Epoch: 37	Time: 40.2506	Training Loss: 0.0199	Sep Loss: 0.0000	Tag Loss: 0.0000
Evaluation: 	Epoch: 37	Time: 1.3801	Dev acc: 75.75	Dev fscore(p/r/f): (80.75/80.50/80.63)
NEW BEST MODEL: 	Epoch: 37	Dev loss: 0.8924	Dev acc: 75.75	Dev fscore(p/r/f): (80.75/80.50/80.63)
Training: 	Epoch: 38	Time: 40.2138	Training Loss: 0.0200	Sep Loss: 0.0000	Tag Loss: 0.0000
Evaluation: 	Epoch: 38	Time: 1.5158	Dev acc: 73.52	Dev fscore(p/r/f): (79.89/78.73/79.31)
NEW BEST MODEL: 	Epoch: 38	Dev loss: 0.8716	Dev acc: 73.52	Dev fscore(p/r/f): (79.89/78.73/79.31)
Training: 	Epoch: 39	Time: 40.0551	Training Loss: 0.0227	Sep Loss: 0.0000	Tag Loss: 0.0000
Evaluation: 	Epoch: 39	Time: 1.0999	Dev acc: 75.08	Dev fscore(p/r/f): (81.46/79.25/80.34)
NEW BEST MODEL: 	Epoch: 39	Dev loss: 0.8090	Dev acc: 75.08	Dev fscore(p/r/f): (81.46/79.25/80.34)
Training: 	Epoch: 40	Time: 39.9799	Training Loss: 0.0175	Sep Loss: 0.0000	Tag Loss: 0.0000
Evaluation: 	Epoch: 40	Time: 1.0650	Dev acc: 75.08	Dev fscore(p/r/f): (80.08/80.08/80.08)
NEW BEST MODEL: 	Epoch: 40	Dev loss: 0.9021	Dev acc: 75.08	Dev fscore(p/r/f): (80.08/80.08/80.08)
Training: 	Epoch: 41	Time: 40.0801	Training Loss: 0.0173	Sep Loss: 0.0000	Tag Loss: 0.0000
Evaluation: 	Epoch: 41	Time: 1.4885	Dev acc: 76.20	Dev fscore(p/r/f): (82.25/80.19/81.20)
NEW BEST MODEL: 	Epoch: 41	Dev loss: 0.8016	Dev acc: 76.20	Dev fscore(p/r/f): (82.25/80.19/81.20)
Training: 	Epoch: 42	Time: 40.3953	Training Loss: 0.0198	Sep Loss: 0.0000	Tag Loss: 0.0000
Evaluation: 	Epoch: 42	Time: 1.4879	Dev acc: 75.64	Dev fscore(p/r/f): (82.08/79.77/80.91)
NEW BEST MODEL: 	Epoch: 42	Dev loss: 0.7940	Dev acc: 75.64	Dev fscore(p/r/f): (82.08/79.77/80.91)
Training: 	Epoch: 43	Time: 40.1704	Training Loss: 0.0171	Sep Loss: 0.0000	Tag Loss: 0.0000
Evaluation: 	Epoch: 43	Time: 0.9894	Dev acc: 74.75	Dev fscore(p/r/f): (79.22/80.71/79.96)
NEW BEST MODEL: 	Epoch: 43	Dev loss: 1.0194	Dev acc: 74.75	Dev fscore(p/r/f): (79.22/80.71/79.96)
Training: 	Epoch: 44	Time: 40.2657	Training Loss: 0.0165	Sep Loss: 0.0000	Tag Loss: 0.0000
Evaluation: 	Epoch: 44	Time: 1.2192	Dev acc: 75.31	Dev fscore(p/r/f): (81.49/79.87/80.67)
NEW BEST MODEL: 	Epoch: 44	Dev loss: 0.8639	Dev acc: 75.31	Dev fscore(p/r/f): (81.49/79.87/80.67)
Training: 	Epoch: 45	Time: 40.4924	Training Loss: 0.0192	Sep Loss: 0.0000	Tag Loss: 0.0000
Evaluation: 	Epoch: 45	Time: 1.2630	Dev acc: 73.85	Dev fscore(p/r/f): (79.64/79.14/79.39)
NEW BEST MODEL: 	Epoch: 45	Dev loss: 0.8811	Dev acc: 73.85	Dev fscore(p/r/f): (79.64/79.14/79.39)
Training: 	Epoch: 46	Time: 40.5240	Training Loss: 0.0151	Sep Loss: 0.0000	Tag Loss: 0.0000
Evaluation: 	Epoch: 46	Time: 1.3892	Dev acc: 74.97	Dev fscore(p/r/f): (81.30/79.77/80.53)
NEW BEST MODEL: 	Epoch: 46	Dev loss: 0.8577	Dev acc: 74.97	Dev fscore(p/r/f): (81.30/79.77/80.53)
Training: 	Epoch: 47	Time: 40.1755	Training Loss: 0.0154	Sep Loss: 0.0000	Tag Loss: 0.0000
Evaluation: 	Epoch: 47	Time: 1.4635	Dev acc: 75.20	Dev fscore(p/r/f): (81.32/79.87/80.59)
NEW BEST MODEL: 	Epoch: 47	Dev loss: 0.9308	Dev acc: 75.20	Dev fscore(p/r/f): (81.32/79.87/80.59)
Training: 	Epoch: 48	Time: 39.9961	Training Loss: 0.0167	Sep Loss: 0.0000	Tag Loss: 0.0000
Evaluation: 	Epoch: 48	Time: 1.4581	Dev acc: 75.20	Dev fscore(p/r/f): (80.49/79.56/80.02)
NEW BEST MODEL: 	Epoch: 48	Dev loss: 0.8904	Dev acc: 75.20	Dev fscore(p/r/f): (80.49/79.56/80.02)
Training: 	Epoch: 49	Time: 39.9114	Training Loss: 0.0167	Sep Loss: 0.0000	Tag Loss: 0.0000
Evaluation: 	Epoch: 49	Time: 1.2001	Dev acc: 75.31	Dev fscore(p/r/f): (80.63/80.29/80.46)
NEW BEST MODEL: 	Epoch: 49	Dev loss: 0.8923	Dev acc: 75.31	Dev fscore(p/r/f): (80.63/80.29/80.46)
Training: 	Epoch: 50	Time: 40.1317	Training Loss: 0.0147	Sep Loss: 0.0000	Tag Loss: 0.0000
Evaluation: 	Epoch: 50	Time: 1.4308	Dev acc: 74.08	Dev fscore(p/r/f): (79.98/78.31/79.14)
NEW BEST MODEL: 	Epoch: 50	Dev loss: 0.9234	Dev acc: 74.08	Dev fscore(p/r/f): (79.98/78.31/79.14)
Training: 	Epoch: 51	Time: 40.1519	Training Loss: 0.0153	Sep Loss: 0.0000	Tag Loss: 0.0000
Evaluation: 	Epoch: 51	Time: 1.2560	Dev acc: 76.20	Dev fscore(p/r/f): (80.79/80.71/80.75)
NEW BEST MODEL: 	Epoch: 51	Dev loss: 0.9795	Dev acc: 76.20	Dev fscore(p/r/f): (80.79/80.71/80.75)
Training: 	Epoch: 52	Time: 40.3000	Training Loss: 0.0150	Sep Loss: 0.0000	Tag Loss: 0.0000
Evaluation: 	Epoch: 52	Time: 1.4505	Dev acc: 74.64	Dev fscore(p/r/f): (80.17/79.25/79.71)
NEW BEST MODEL: 	Epoch: 52	Dev loss: 0.8837	Dev acc: 74.64	Dev fscore(p/r/f): (80.17/79.25/79.71)
Training: 	Epoch: 53	Time: 40.1213	Training Loss: 0.0161	Sep Loss: 0.0000	Tag Loss: 0.0000
Evaluation: 	Epoch: 53	Time: 1.5173	Dev acc: 75.64	Dev fscore(p/r/f): (81.55/79.25/80.38)
NEW BEST MODEL: 	Epoch: 53	Dev loss: 0.8616	Dev acc: 75.64	Dev fscore(p/r/f): (81.55/79.25/80.38)
Training: 	Epoch: 54	Time: 39.8704	Training Loss: 0.0144	Sep Loss: 0.0000	Tag Loss: 0.0000
Evaluation: 	Epoch: 54	Time: 1.0553	Dev acc: 76.76	Dev fscore(p/r/f): (81.92/80.81/81.36)
NEW BEST MODEL: 	Epoch: 54	Dev loss: 0.8871	Dev acc: 76.76	Dev fscore(p/r/f): (81.92/80.81/81.36)
Training: 	Epoch: 55	Time: 40.4379	Training Loss: 0.0121	Sep Loss: 0.0000	Tag Loss: 0.0000
Evaluation: 	Epoch: 55	Time: 1.4941	Dev acc: 75.98	Dev fscore(p/r/f): (81.14/80.29/80.71)
NEW BEST MODEL: 	Epoch: 55	Dev loss: 0.9717	Dev acc: 75.98	Dev fscore(p/r/f): (81.14/80.29/80.71)
Training: 	Epoch: 56	Time: 40.0477	Training Loss: 0.0140	Sep Loss: 0.0000	Tag Loss: 0.0000
Evaluation: 	Epoch: 56	Time: 1.4865	Dev acc: 75.31	Dev fscore(p/r/f): (83.48/79.04/81.20)
NEW BEST MODEL: 	Epoch: 56	Dev loss: 0.9389	Dev acc: 75.31	Dev fscore(p/r/f): (83.48/79.04/81.20)
Training: 	Epoch: 57	Time: 40.0753	Training Loss: 0.0133	Sep Loss: 0.0000	Tag Loss: 0.0000
Evaluation: 	Epoch: 57	Time: 1.5385	Dev acc: 76.09	Dev fscore(p/r/f): (82.06/79.67/80.85)
NEW BEST MODEL: 	Epoch: 57	Dev loss: 0.9623	Dev acc: 76.09	Dev fscore(p/r/f): (82.06/79.67/80.85)
Training: 	Epoch: 58	Time: 39.9692	Training Loss: 0.0162	Sep Loss: 0.0000	Tag Loss: 0.0000
Evaluation: 	Epoch: 58	Time: 1.4884	Dev acc: 75.20	Dev fscore(p/r/f): (80.21/79.46/79.83)
NEW BEST MODEL: 	Epoch: 58	Dev loss: 1.0447	Dev acc: 75.20	Dev fscore(p/r/f): (80.21/79.46/79.83)
Training: 	Epoch: 59	Time: 40.2496	Training Loss: 0.0140	Sep Loss: 0.0000	Tag Loss: 0.0000
Evaluation: 	Epoch: 59	Time: 1.4860	Dev acc: 75.31	Dev fscore(p/r/f): (81.48/79.35/80.40)
NEW BEST MODEL: 	Epoch: 59	Dev loss: 0.9627	Dev acc: 75.31	Dev fscore(p/r/f): (81.48/79.35/80.40)
Training: 	Epoch: 60	Time: 40.0484	Training Loss: 0.0115	Sep Loss: 0.0000	Tag Loss: 0.0000
Evaluation: 	Epoch: 60	Time: 1.4603	Dev acc: 75.42	Dev fscore(p/r/f): (81.08/79.56/80.32)
NEW BEST MODEL: 	Epoch: 60	Dev loss: 0.9040	Dev acc: 75.42	Dev fscore(p/r/f): (81.08/79.56/80.32)
Training: 	Epoch: 61	Time: 39.9936	Training Loss: 0.0118	Sep Loss: 0.0000	Tag Loss: 0.0000
Evaluation: 	Epoch: 61	Time: 1.5354	Dev acc: 74.53	Dev fscore(p/r/f): (80.45/78.52/79.47)
NEW BEST MODEL: 	Epoch: 61	Dev loss: 0.9057	Dev acc: 74.53	Dev fscore(p/r/f): (80.45/78.52/79.47)
Training: 	Epoch: 62	Time: 40.1052	Training Loss: 0.0123	Sep Loss: 0.0000	Tag Loss: 0.0000
Evaluation: 	Epoch: 62	Time: 1.5208	Dev acc: 75.08	Dev fscore(p/r/f): (81.33/79.04/80.17)
NEW BEST MODEL: 	Epoch: 62	Dev loss: 0.9798	Dev acc: 75.08	Dev fscore(p/r/f): (81.33/79.04/80.17)
Training: 	Epoch: 63	Time: 39.8171	Training Loss: 0.0127	Sep Loss: 0.0000	Tag Loss: 0.0000
Evaluation: 	Epoch: 63	Time: 1.4545	Dev acc: 75.53	Dev fscore(p/r/f): (80.50/80.50/80.50)
NEW BEST MODEL: 	Epoch: 63	Dev loss: 0.9301	Dev acc: 75.53	Dev fscore(p/r/f): (80.50/80.50/80.50)
Training: 	Epoch: 64	Time: 40.0459	Training Loss: 0.0115	Sep Loss: 0.0000	Tag Loss: 0.0000
Evaluation: 	Epoch: 64	Time: 1.5336	Dev acc: 75.42	Dev fscore(p/r/f): (82.25/79.25/80.72)
NEW BEST MODEL: 	Epoch: 64	Dev loss: 0.9743	Dev acc: 75.42	Dev fscore(p/r/f): (82.25/79.25/80.72)
Training: 	Epoch: 65	Time: 40.0929	Training Loss: 0.0131	Sep Loss: 0.0000	Tag Loss: 0.0000
Evaluation: 	Epoch: 65	Time: 1.5106	Dev acc: 74.64	Dev fscore(p/r/f): (81.70/79.14/80.40)
NEW BEST MODEL: 	Epoch: 65	Dev loss: 0.9450	Dev acc: 74.64	Dev fscore(p/r/f): (81.70/79.14/80.40)
Training: 	Epoch: 66	Time: 40.3415	Training Loss: 0.0120	Sep Loss: 0.0000	Tag Loss: 0.0000
Evaluation: 	Epoch: 66	Time: 1.5021	Dev acc: 74.97	Dev fscore(p/r/f): (80.06/80.40/80.23)
NEW BEST MODEL: 	Epoch: 66	Dev loss: 1.0798	Dev acc: 74.97	Dev fscore(p/r/f): (80.06/80.40/80.23)
Training: 	Epoch: 67	Time: 39.9677	Training Loss: 0.0132	Sep Loss: 0.0000	Tag Loss: 0.0000
Evaluation: 	Epoch: 67	Time: 1.4813	Dev acc: 74.64	Dev fscore(p/r/f): (80.49/78.73/79.60)
NEW BEST MODEL: 	Epoch: 67	Dev loss: 0.9778	Dev acc: 74.64	Dev fscore(p/r/f): (80.49/78.73/79.60)
Training: 	Epoch: 68	Time: 40.3527	Training Loss: 0.0135	Sep Loss: 0.0000	Tag Loss: 0.0000
Evaluation: 	Epoch: 68	Time: 1.5133	Dev acc: 73.85	Dev fscore(p/r/f): (81.43/78.21/79.79)
NEW BEST MODEL: 	Epoch: 68	Dev loss: 0.9174	Dev acc: 73.85	Dev fscore(p/r/f): (81.43/78.21/79.79)
Training: 	Epoch: 69	Time: 40.4349	Training Loss: 0.0113	Sep Loss: 0.0000	Tag Loss: 0.0000
Evaluation: 	Epoch: 69	Time: 1.5387	Dev acc: 75.98	Dev fscore(p/r/f): (81.45/81.02/81.23)
NEW BEST MODEL: 	Epoch: 69	Dev loss: 0.9917	Dev acc: 75.98	Dev fscore(p/r/f): (81.45/81.02/81.23)
Training: 	Epoch: 70	Time: 39.9476	Training Loss: 0.0124	Sep Loss: 0.0000	Tag Loss: 0.0000
Evaluation: 	Epoch: 70	Time: 1.4042	Dev acc: 74.97	Dev fscore(p/r/f): (82.24/78.73/80.45)
NEW BEST MODEL: 	Epoch: 70	Dev loss: 0.8917	Dev acc: 74.97	Dev fscore(p/r/f): (82.24/78.73/80.45)
Training: 	Epoch: 71	Time: 39.9094	Training Loss: 0.0114	Sep Loss: 0.0000	Tag Loss: 0.0000
Evaluation: 	Epoch: 71	Time: 1.5452	Dev acc: 75.64	Dev fscore(p/r/f): (80.78/80.19/80.48)
NEW BEST MODEL: 	Epoch: 71	Dev loss: 1.0473	Dev acc: 75.64	Dev fscore(p/r/f): (80.78/80.19/80.48)
Training: 	Epoch: 72	Time: 40.0534	Training Loss: 0.0109	Sep Loss: 0.0000	Tag Loss: 0.0000
Evaluation: 	Epoch: 72	Time: 1.2048	Dev acc: 75.75	Dev fscore(p/r/f): (81.41/80.40/80.90)
NEW BEST MODEL: 	Epoch: 72	Dev loss: 0.9672	Dev acc: 75.75	Dev fscore(p/r/f): (81.41/80.40/80.90)
Training: 	Epoch: 73	Time: 39.9518	Training Loss: 0.0112	Sep Loss: 0.0000	Tag Loss: 0.0000
Evaluation: 	Epoch: 73	Time: 1.4870	Dev acc: 75.08	Dev fscore(p/r/f): (81.00/79.56/80.27)
NEW BEST MODEL: 	Epoch: 73	Dev loss: 0.9264	Dev acc: 75.08	Dev fscore(p/r/f): (81.00/79.56/80.27)
Training: 	Epoch: 74	Time: 40.2565	Training Loss: 0.0116	Sep Loss: 0.0000	Tag Loss: 0.0000
Evaluation: 	Epoch: 74	Time: 1.0390	Dev acc: 75.08	Dev fscore(p/r/f): (79.73/79.98/79.85)
NEW BEST MODEL: 	Epoch: 74	Dev loss: 1.1073	Dev acc: 75.08	Dev fscore(p/r/f): (79.73/79.98/79.85)
Training: 	Epoch: 75	Time: 40.6712	Training Loss: 0.0120	Sep Loss: 0.0000	Tag Loss: 0.0000
Evaluation: 	Epoch: 75	Time: 1.3824	Dev acc: 76.65	Dev fscore(p/r/f): (82.06/80.60/81.33)
NEW BEST MODEL: 	Epoch: 75	Dev loss: 0.9678	Dev acc: 76.65	Dev fscore(p/r/f): (82.06/80.60/81.33)
Training: 	Epoch: 76	Time: 39.7864	Training Loss: 0.0137	Sep Loss: 0.0000	Tag Loss: 0.0000
Evaluation: 	Epoch: 76	Time: 1.0308	Dev acc: 76.87	Dev fscore(p/r/f): (83.41/80.19/81.77)
NEW BEST MODEL: 	Epoch: 76	Dev loss: 0.8743	Dev acc: 76.87	Dev fscore(p/r/f): (83.41/80.19/81.77)
Training: 	Epoch: 77	Time: 40.5049	Training Loss: 0.0114	Sep Loss: 0.0000	Tag Loss: 0.0000
Evaluation: 	Epoch: 77	Time: 1.1990	Dev acc: 76.20	Dev fscore(p/r/f): (82.45/79.87/81.14)
NEW BEST MODEL: 	Epoch: 77	Dev loss: 0.9324	Dev acc: 76.20	Dev fscore(p/r/f): (82.45/79.87/81.14)
Training: 	Epoch: 78	Time: 40.5301	Training Loss: 0.0122	Sep Loss: 0.0000	Tag Loss: 0.0000
Evaluation: 	Epoch: 78	Time: 0.9792	Dev acc: 76.76	Dev fscore(p/r/f): (82.57/81.02/81.79)
NEW BEST MODEL: 	Epoch: 78	Dev loss: 0.9188	Dev acc: 76.76	Dev fscore(p/r/f): (82.57/81.02/81.79)
Training: 	Epoch: 79	Time: 40.4821	Training Loss: 0.0096	Sep Loss: 0.0000	Tag Loss: 0.0000
Evaluation: 	Epoch: 79	Time: 0.9066	Dev acc: 76.20	Dev fscore(p/r/f): (83.85/79.56/81.65)
NEW BEST MODEL: 	Epoch: 79	Dev loss: 0.8461	Dev acc: 76.20	Dev fscore(p/r/f): (83.85/79.56/81.65)
Training: 	Epoch: 80	Time: 40.8257	Training Loss: 0.0119	Sep Loss: 0.0000	Tag Loss: 0.0000
Evaluation: 	Epoch: 80	Time: 0.8009	Dev acc: 75.42	Dev fscore(p/r/f): (82.23/80.08/81.14)
NEW BEST MODEL: 	Epoch: 80	Dev loss: 0.9018	Dev acc: 75.42	Dev fscore(p/r/f): (82.23/80.08/81.14)
Training: 	Epoch: 81	Time: 40.8809	Training Loss: 0.0102	Sep Loss: 0.0000	Tag Loss: 0.0000
Evaluation: 	Epoch: 81	Time: 0.6599	Dev acc: 76.31	Dev fscore(p/r/f): (82.90/80.40/81.63)
NEW BEST MODEL: 	Epoch: 81	Dev loss: 0.9236	Dev acc: 76.31	Dev fscore(p/r/f): (82.90/80.40/81.63)
Training: 	Epoch: 82	Time: 40.9180	Training Loss: 0.0094	Sep Loss: 0.0000	Tag Loss: 0.0000
Evaluation: 	Epoch: 82	Time: 0.6402	Dev acc: 75.98	Dev fscore(p/r/f): (82.58/80.08/81.31)
NEW BEST MODEL: 	Epoch: 82	Dev loss: 0.9975	Dev acc: 75.98	Dev fscore(p/r/f): (82.58/80.08/81.31)
Training: 	Epoch: 83	Time: 40.9613	Training Loss: 0.0095	Sep Loss: 0.0000	Tag Loss: 0.0000
Evaluation: 	Epoch: 83	Time: 0.6659	Dev acc: 76.76	Dev fscore(p/r/f): (81.75/80.81/81.28)
NEW BEST MODEL: 	Epoch: 83	Dev loss: 1.0766	Dev acc: 76.76	Dev fscore(p/r/f): (81.75/80.81/81.28)
Training: 	Epoch: 84	Time: 40.8282	Training Loss: 0.0123	Sep Loss: 0.0000	Tag Loss: 0.0000
Evaluation: 	Epoch: 84	Time: 0.7324	Dev acc: 76.09	Dev fscore(p/r/f): (83.86/79.67/81.71)
NEW BEST MODEL: 	Epoch: 84	Dev loss: 0.9106	Dev acc: 76.09	Dev fscore(p/r/f): (83.86/79.67/81.71)
Training: 	Epoch: 85	Time: 40.8311	Training Loss: 0.0112	Sep Loss: 0.0000	Tag Loss: 0.0000
Evaluation: 	Epoch: 85	Time: 0.8400	Dev acc: 77.21	Dev fscore(p/r/f): (82.54/81.33/81.93)
NEW BEST MODEL: 	Epoch: 85	Dev loss: 1.0431	Dev acc: 77.21	Dev fscore(p/r/f): (82.54/81.33/81.93)
Training: 	Epoch: 86	Time: 40.5169	Training Loss: 0.0093	Sep Loss: 0.0000	Tag Loss: 0.0000
Evaluation: 	Epoch: 86	Time: 1.1992	Dev acc: 76.54	Dev fscore(p/r/f): (82.07/81.13/81.59)
NEW BEST MODEL: 	Epoch: 86	Dev loss: 1.0403	Dev acc: 76.54	Dev fscore(p/r/f): (82.07/81.13/81.59)
Training: 	Epoch: 87	Time: 40.5825	Training Loss: 0.0086	Sep Loss: 0.0000	Tag Loss: 0.0000
Evaluation: 	Epoch: 87	Time: 1.1985	Dev acc: 76.54	Dev fscore(p/r/f): (81.45/80.60/81.03)
NEW BEST MODEL: 	Epoch: 87	Dev loss: 1.0535	Dev acc: 76.54	Dev fscore(p/r/f): (81.45/80.60/81.03)
Training: 	Epoch: 88	Time: 40.3815	Training Loss: 0.0113	Sep Loss: 0.0000	Tag Loss: 0.0000
Evaluation: 	Epoch: 88	Time: 0.9752	Dev acc: 76.09	Dev fscore(p/r/f): (82.99/79.87/81.40)
NEW BEST MODEL: 	Epoch: 88	Dev loss: 0.9348	Dev acc: 76.09	Dev fscore(p/r/f): (82.99/79.87/81.40)
Training: 	Epoch: 89	Time: 40.2756	Training Loss: 0.0115	Sep Loss: 0.0000	Tag Loss: 0.0000
Evaluation: 	Epoch: 89	Time: 1.4717	Dev acc: 76.20	Dev fscore(p/r/f): (82.90/80.40/81.63)
NEW BEST MODEL: 	Epoch: 89	Dev loss: 1.0157	Dev acc: 76.20	Dev fscore(p/r/f): (82.90/80.40/81.63)
Training: 	Epoch: 90	Time: 39.9969	Training Loss: 0.0106	Sep Loss: 0.0000	Tag Loss: 0.0000
Evaluation: 	Epoch: 90	Time: 1.5817	Dev acc: 75.87	Dev fscore(p/r/f): (83.33/79.77/81.51)
NEW BEST MODEL: 	Epoch: 90	Dev loss: 0.9524	Dev acc: 75.87	Dev fscore(p/r/f): (83.33/79.77/81.51)
Training: 	Epoch: 91	Time: 40.1030	Training Loss: 0.0085	Sep Loss: 0.0000	Tag Loss: 0.0000
Evaluation: 	Epoch: 91	Time: 1.3153	Dev acc: 76.20	Dev fscore(p/r/f): (81.32/81.23/81.27)
NEW BEST MODEL: 	Epoch: 91	Dev loss: 0.9867	Dev acc: 76.20	Dev fscore(p/r/f): (81.32/81.23/81.27)
Training: 	Epoch: 92	Time: 39.8864	Training Loss: 0.0094	Sep Loss: 0.0000	Tag Loss: 0.0000
Evaluation: 	Epoch: 92	Time: 1.5311	Dev acc: 76.54	Dev fscore(p/r/f): (82.85/80.60/81.71)
NEW BEST MODEL: 	Epoch: 92	Dev loss: 0.9814	Dev acc: 76.54	Dev fscore(p/r/f): (82.85/80.60/81.71)
Training: 	Epoch: 93	Time: 39.9526	Training Loss: 0.0109	Sep Loss: 0.0000	Tag Loss: 0.0000
Evaluation: 	Epoch: 93	Time: 1.5219	Dev acc: 75.64	Dev fscore(p/r/f): (82.00/80.29/81.14)
NEW BEST MODEL: 	Epoch: 93	Dev loss: 1.0581	Dev acc: 75.64	Dev fscore(p/r/f): (82.00/80.29/81.14)
Training: 	Epoch: 94	Time: 39.9815	Training Loss: 0.0150	Sep Loss: 0.0000	Tag Loss: 0.0000
Evaluation: 	Epoch: 94	Time: 0.8736	Dev acc: 75.42	Dev fscore(p/r/f): (81.50/80.40/80.94)
NEW BEST MODEL: 	Epoch: 94	Dev loss: 0.9430	Dev acc: 75.42	Dev fscore(p/r/f): (81.50/80.40/80.94)
Training: 	Epoch: 95	Time: 40.4529	Training Loss: 0.0089	Sep Loss: 0.0000	Tag Loss: 0.0000
Evaluation: 	Epoch: 95	Time: 1.5355	Dev acc: 75.42	Dev fscore(p/r/f): (81.65/79.35/80.49)
NEW BEST MODEL: 	Epoch: 95	Dev loss: 0.9077	Dev acc: 75.42	Dev fscore(p/r/f): (81.65/79.35/80.49)
Training: 	Epoch: 96	Time: 40.0591	Training Loss: 0.0092	Sep Loss: 0.0000	Tag Loss: 0.0000
Evaluation: 	Epoch: 96	Time: 1.5361	Dev acc: 75.98	Dev fscore(p/r/f): (81.66/79.87/80.76)
NEW BEST MODEL: 	Epoch: 96	Dev loss: 1.0043	Dev acc: 75.98	Dev fscore(p/r/f): (81.66/79.87/80.76)
Training: 	Epoch: 97	Time: 39.9096	Training Loss: 0.0079	Sep Loss: 0.0000	Tag Loss: 0.0000
Evaluation: 	Epoch: 97	Time: 1.2077	Dev acc: 76.42	Dev fscore(p/r/f): (82.05/80.08/81.06)
NEW BEST MODEL: 	Epoch: 97	Dev loss: 0.9620	Dev acc: 76.42	Dev fscore(p/r/f): (82.05/80.08/81.06)
Training: 	Epoch: 98	Time: 40.1835	Training Loss: 0.0097	Sep Loss: 0.0000	Tag Loss: 0.0000
Evaluation: 	Epoch: 98	Time: 1.5241	Dev acc: 75.98	Dev fscore(p/r/f): (79.23/81.13/80.16)
NEW BEST MODEL: 	Epoch: 98	Dev loss: 1.1354	Dev acc: 75.98	Dev fscore(p/r/f): (79.23/81.13/80.16)
Training: 	Epoch: 99	Time: 39.7557	Training Loss: 0.0108	Sep Loss: 0.0000	Tag Loss: 0.0000
Evaluation: 	Epoch: 99	Time: 1.2320	Dev acc: 75.75	Dev fscore(p/r/f): (81.35/79.14/80.23)
NEW BEST MODEL: 	Epoch: 99	Dev loss: 0.9465	Dev acc: 75.75	Dev fscore(p/r/f): (81.35/79.14/80.23)
FINAL BEST RESULT: 	Epoch: 85	Dev loss: 1.0431	Dev acc: 77.2067	Dev fscore(p/r/f): (82.5397/81.3347/81.9328)
