Use pretrained model: hfl/chinese-lert-base
Dataset size: train -> 5119
Load dataset and database finished, cost 5.9746s ...
Dataset size: dev -> 895
Total training steps: 16000
Start training ......
Training: 	Epoch: 0	Time: 9.1231	Training Loss: 2.6081	Sep Loss: 0.0000	Tag Loss: 0.0000
Evaluation: 	Epoch: 0	Time: 0.4220	Dev acc: 52.07	Dev fscore(p/r/f): (57.14/52.55/54.75)
NEW BEST MODEL: 	Epoch: 0	Dev loss: 1.6866	Dev acc: 52.07	Dev fscore(p/r/f): (57.14/52.55/54.75)
Training: 	Epoch: 1	Time: 8.2098	Training Loss: 1.6851	Sep Loss: 0.0000	Tag Loss: 0.0000
Evaluation: 	Epoch: 1	Time: 0.4191	Dev acc: 63.91	Dev fscore(p/r/f): (66.74/64.65/65.68)
NEW BEST MODEL: 	Epoch: 1	Dev loss: 1.4166	Dev acc: 63.91	Dev fscore(p/r/f): (66.74/64.65/65.68)
Training: 	Epoch: 2	Time: 8.1321	Training Loss: 1.3814	Sep Loss: 0.0000	Tag Loss: 0.0000
Evaluation: 	Epoch: 2	Time: 0.4013	Dev acc: 69.83	Dev fscore(p/r/f): (70.85/70.70/70.77)
NEW BEST MODEL: 	Epoch: 2	Dev loss: 1.2419	Dev acc: 69.83	Dev fscore(p/r/f): (70.85/70.70/70.77)
Training: 	Epoch: 3	Time: 9.9171	Training Loss: 1.2321	Sep Loss: 0.0000	Tag Loss: 0.0000
Evaluation: 	Epoch: 3	Time: 0.4702	Dev acc: 69.39	Dev fscore(p/r/f): (75.23/69.34/72.16)
NEW BEST MODEL: 	Epoch: 3	Dev loss: 1.1374	Dev acc: 69.39	Dev fscore(p/r/f): (75.23/69.34/72.16)
Training: 	Epoch: 4	Time: 8.6740	Training Loss: 1.1170	Sep Loss: 0.0000	Tag Loss: 0.0000
Evaluation: 	Epoch: 4	Time: 0.4200	Dev acc: 69.61	Dev fscore(p/r/f): (73.16/71.32/72.23)
NEW BEST MODEL: 	Epoch: 4	Dev loss: 1.0897	Dev acc: 69.61	Dev fscore(p/r/f): (73.16/71.32/72.23)
Training: 	Epoch: 5	Time: 8.7311	Training Loss: 1.0065	Sep Loss: 0.0000	Tag Loss: 0.0000
Evaluation: 	Epoch: 5	Time: 0.4216	Dev acc: 73.30	Dev fscore(p/r/f): (78.10/75.50/76.78)
NEW BEST MODEL: 	Epoch: 5	Dev loss: 1.1490	Dev acc: 73.30	Dev fscore(p/r/f): (78.10/75.50/76.78)
Training: 	Epoch: 6	Time: 8.5428	Training Loss: 0.9286	Sep Loss: 0.0000	Tag Loss: 0.0000
Evaluation: 	Epoch: 6	Time: 0.4351	Dev acc: 74.19	Dev fscore(p/r/f): (80.99/76.43/78.65)
NEW BEST MODEL: 	Epoch: 6	Dev loss: 1.0044	Dev acc: 74.19	Dev fscore(p/r/f): (80.99/76.43/78.65)
Training: 	Epoch: 7	Time: 8.2679	Training Loss: 0.7971	Sep Loss: 0.0000	Tag Loss: 0.0000
Evaluation: 	Epoch: 7	Time: 0.4137	Dev acc: 75.75	Dev fscore(p/r/f): (80.41/77.89/79.13)
NEW BEST MODEL: 	Epoch: 7	Dev loss: 1.0809	Dev acc: 75.75	Dev fscore(p/r/f): (80.41/77.89/79.13)
Training: 	Epoch: 8	Time: 8.1550	Training Loss: 0.7479	Sep Loss: 0.0000	Tag Loss: 0.0000
Evaluation: 	Epoch: 8	Time: 0.3911	Dev acc: 75.64	Dev fscore(p/r/f): (80.99/78.21/79.58)
NEW BEST MODEL: 	Epoch: 8	Dev loss: 1.0399	Dev acc: 75.64	Dev fscore(p/r/f): (80.99/78.21/79.58)
Training: 	Epoch: 9	Time: 8.7572	Training Loss: 0.6790	Sep Loss: 0.0000	Tag Loss: 0.0000
Evaluation: 	Epoch: 9	Time: 0.4045	Dev acc: 74.08	Dev fscore(p/r/f): (79.76/76.43/78.06)
NEW BEST MODEL: 	Epoch: 9	Dev loss: 1.0686	Dev acc: 74.08	Dev fscore(p/r/f): (79.76/76.43/78.06)
Training: 	Epoch: 10	Time: 8.4115	Training Loss: 0.5906	Sep Loss: 0.0000	Tag Loss: 0.0000
Evaluation: 	Epoch: 10	Time: 0.3945	Dev acc: 73.85	Dev fscore(p/r/f): (80.95/76.64/78.74)
NEW BEST MODEL: 	Epoch: 10	Dev loss: 1.1224	Dev acc: 73.85	Dev fscore(p/r/f): (80.95/76.64/78.74)
Training: 	Epoch: 11	Time: 7.9282	Training Loss: 0.5363	Sep Loss: 0.0000	Tag Loss: 0.0000
Evaluation: 	Epoch: 11	Time: 0.3962	Dev acc: 72.85	Dev fscore(p/r/f): (80.74/75.18/77.86)
NEW BEST MODEL: 	Epoch: 11	Dev loss: 1.1153	Dev acc: 72.85	Dev fscore(p/r/f): (80.74/75.18/77.86)
Training: 	Epoch: 12	Time: 7.6284	Training Loss: 0.4789	Sep Loss: 0.0000	Tag Loss: 0.0000
Evaluation: 	Epoch: 12	Time: 0.3882	Dev acc: 75.31	Dev fscore(p/r/f): (81.08/78.21/79.62)
NEW BEST MODEL: 	Epoch: 12	Dev loss: 1.1194	Dev acc: 75.31	Dev fscore(p/r/f): (81.08/78.21/79.62)
Training: 	Epoch: 13	Time: 7.4605	Training Loss: 0.4317	Sep Loss: 0.0000	Tag Loss: 0.0000
Evaluation: 	Epoch: 13	Time: 0.5324	Dev acc: 74.97	Dev fscore(p/r/f): (81.71/77.79/79.70)
NEW BEST MODEL: 	Epoch: 13	Dev loss: 1.1778	Dev acc: 74.97	Dev fscore(p/r/f): (81.71/77.79/79.70)
Training: 	Epoch: 14	Time: 8.8153	Training Loss: 0.4190	Sep Loss: 0.0000	Tag Loss: 0.0000
Evaluation: 	Epoch: 14	Time: 0.4183	Dev acc: 75.31	Dev fscore(p/r/f): (80.99/78.21/79.58)
NEW BEST MODEL: 	Epoch: 14	Dev loss: 1.1930	Dev acc: 75.31	Dev fscore(p/r/f): (80.99/78.21/79.58)
Training: 	Epoch: 15	Time: 8.4827	Training Loss: 0.3587	Sep Loss: 0.0000	Tag Loss: 0.0000
Evaluation: 	Epoch: 15	Time: 0.4008	Dev acc: 75.87	Dev fscore(p/r/f): (82.03/78.52/80.23)
NEW BEST MODEL: 	Epoch: 15	Dev loss: 1.2455	Dev acc: 75.87	Dev fscore(p/r/f): (82.03/78.52/80.23)
Training: 	Epoch: 16	Time: 7.6530	Training Loss: 0.3534	Sep Loss: 0.0000	Tag Loss: 0.0000
Evaluation: 	Epoch: 16	Time: 0.3985	Dev acc: 75.20	Dev fscore(p/r/f): (80.24/77.89/79.05)
NEW BEST MODEL: 	Epoch: 16	Dev loss: 1.2394	Dev acc: 75.20	Dev fscore(p/r/f): (80.24/77.89/79.05)
Training: 	Epoch: 17	Time: 8.1190	Training Loss: 0.3199	Sep Loss: 0.0000	Tag Loss: 0.0000
Evaluation: 	Epoch: 17	Time: 0.4040	Dev acc: 74.53	Dev fscore(p/r/f): (82.70/76.75/79.61)
NEW BEST MODEL: 	Epoch: 17	Dev loss: 1.4078	Dev acc: 74.53	Dev fscore(p/r/f): (82.70/76.75/79.61)
Training: 	Epoch: 18	Time: 8.3626	Training Loss: 0.2914	Sep Loss: 0.0000	Tag Loss: 0.0000
Evaluation: 	Epoch: 18	Time: 0.3970	Dev acc: 74.97	Dev fscore(p/r/f): (80.76/77.48/79.08)
NEW BEST MODEL: 	Epoch: 18	Dev loss: 1.4718	Dev acc: 74.97	Dev fscore(p/r/f): (80.76/77.48/79.08)
Training: 	Epoch: 19	Time: 7.8663	Training Loss: 0.2722	Sep Loss: 0.0000	Tag Loss: 0.0000
Evaluation: 	Epoch: 19	Time: 0.3886	Dev acc: 74.75	Dev fscore(p/r/f): (81.99/77.37/79.61)
NEW BEST MODEL: 	Epoch: 19	Dev loss: 1.3300	Dev acc: 74.75	Dev fscore(p/r/f): (81.99/77.37/79.61)
Training: 	Epoch: 20	Time: 7.7849	Training Loss: 0.2528	Sep Loss: 0.0000	Tag Loss: 0.0000
Evaluation: 	Epoch: 20	Time: 0.4158	Dev acc: 73.85	Dev fscore(p/r/f): (81.24/76.75/78.93)
NEW BEST MODEL: 	Epoch: 20	Dev loss: 1.4066	Dev acc: 73.85	Dev fscore(p/r/f): (81.24/76.75/78.93)
Training: 	Epoch: 21	Time: 7.7573	Training Loss: 0.2273	Sep Loss: 0.0000	Tag Loss: 0.0000
Evaluation: 	Epoch: 21	Time: 0.3919	Dev acc: 73.41	Dev fscore(p/r/f): (81.43/75.91/78.58)
NEW BEST MODEL: 	Epoch: 21	Dev loss: 1.3635	Dev acc: 73.41	Dev fscore(p/r/f): (81.43/75.91/78.58)
Training: 	Epoch: 22	Time: 7.9828	Training Loss: 0.2195	Sep Loss: 0.0000	Tag Loss: 0.0000
Evaluation: 	Epoch: 22	Time: 0.3971	Dev acc: 75.31	Dev fscore(p/r/f): (81.94/77.58/79.70)
NEW BEST MODEL: 	Epoch: 22	Dev loss: 1.3423	Dev acc: 75.31	Dev fscore(p/r/f): (81.94/77.58/79.70)
Training: 	Epoch: 23	Time: 7.9228	Training Loss: 0.2058	Sep Loss: 0.0000	Tag Loss: 0.0000
Evaluation: 	Epoch: 23	Time: 0.3968	Dev acc: 75.64	Dev fscore(p/r/f): (81.27/78.73/79.98)
NEW BEST MODEL: 	Epoch: 23	Dev loss: 1.4529	Dev acc: 75.64	Dev fscore(p/r/f): (81.27/78.73/79.98)
Training: 	Epoch: 24	Time: 7.9062	Training Loss: 0.2143	Sep Loss: 0.0000	Tag Loss: 0.0000
Evaluation: 	Epoch: 24	Time: 0.3960	Dev acc: 74.97	Dev fscore(p/r/f): (82.48/77.06/79.68)
NEW BEST MODEL: 	Epoch: 24	Dev loss: 1.4467	Dev acc: 74.97	Dev fscore(p/r/f): (82.48/77.06/79.68)
Training: 	Epoch: 25	Time: 8.0759	Training Loss: 0.2020	Sep Loss: 0.0000	Tag Loss: 0.0000
Evaluation: 	Epoch: 25	Time: 0.4180	Dev acc: 74.53	Dev fscore(p/r/f): (81.49/76.64/78.99)
NEW BEST MODEL: 	Epoch: 25	Dev loss: 1.4053	Dev acc: 74.53	Dev fscore(p/r/f): (81.49/76.64/78.99)
Training: 	Epoch: 26	Time: 7.9978	Training Loss: 0.1773	Sep Loss: 0.0000	Tag Loss: 0.0000
Evaluation: 	Epoch: 26	Time: 0.4095	Dev acc: 76.65	Dev fscore(p/r/f): (82.26/78.83/80.51)
NEW BEST MODEL: 	Epoch: 26	Dev loss: 1.5232	Dev acc: 76.65	Dev fscore(p/r/f): (82.26/78.83/80.51)
Training: 	Epoch: 27	Time: 8.7376	Training Loss: 0.1721	Sep Loss: 0.0000	Tag Loss: 0.0000
Evaluation: 	Epoch: 27	Time: 0.3998	Dev acc: 74.41	Dev fscore(p/r/f): (81.73/76.96/79.27)
NEW BEST MODEL: 	Epoch: 27	Dev loss: 1.5460	Dev acc: 74.41	Dev fscore(p/r/f): (81.73/76.96/79.27)
Training: 	Epoch: 28	Time: 8.7267	Training Loss: 0.1595	Sep Loss: 0.0000	Tag Loss: 0.0000
Evaluation: 	Epoch: 28	Time: 0.4046	Dev acc: 75.75	Dev fscore(p/r/f): (81.39/78.42/79.87)
NEW BEST MODEL: 	Epoch: 28	Dev loss: 1.5883	Dev acc: 75.75	Dev fscore(p/r/f): (81.39/78.42/79.87)
Training: 	Epoch: 29	Time: 8.2538	Training Loss: 0.1531	Sep Loss: 0.0000	Tag Loss: 0.0000
Evaluation: 	Epoch: 29	Time: 0.4057	Dev acc: 75.42	Dev fscore(p/r/f): (80.62/78.10/79.34)
NEW BEST MODEL: 	Epoch: 29	Dev loss: 1.5448	Dev acc: 75.42	Dev fscore(p/r/f): (80.62/78.10/79.34)
Training: 	Epoch: 30	Time: 8.5349	Training Loss: 0.1605	Sep Loss: 0.0000	Tag Loss: 0.0000
Evaluation: 	Epoch: 30	Time: 0.4015	Dev acc: 73.30	Dev fscore(p/r/f): (80.36/75.50/77.85)
NEW BEST MODEL: 	Epoch: 30	Dev loss: 1.5227	Dev acc: 73.30	Dev fscore(p/r/f): (80.36/75.50/77.85)
Training: 	Epoch: 31	Time: 8.3261	Training Loss: 0.1457	Sep Loss: 0.0000	Tag Loss: 0.0000
Evaluation: 	Epoch: 31	Time: 0.4035	Dev acc: 75.98	Dev fscore(p/r/f): (81.21/78.42/79.79)
NEW BEST MODEL: 	Epoch: 31	Dev loss: 1.7420	Dev acc: 75.98	Dev fscore(p/r/f): (81.21/78.42/79.79)
Training: 	Epoch: 32	Time: 7.9256	Training Loss: 0.1207	Sep Loss: 0.0000	Tag Loss: 0.0000
Evaluation: 	Epoch: 32	Time: 0.4158	Dev acc: 75.87	Dev fscore(p/r/f): (81.82/77.89/79.81)
NEW BEST MODEL: 	Epoch: 32	Dev loss: 1.7264	Dev acc: 75.87	Dev fscore(p/r/f): (81.82/77.89/79.81)
Training: 	Epoch: 33	Time: 8.4193	Training Loss: 0.1415	Sep Loss: 0.0000	Tag Loss: 0.0000
Evaluation: 	Epoch: 33	Time: 0.4456	Dev acc: 75.75	Dev fscore(p/r/f): (80.17/78.42/79.28)
NEW BEST MODEL: 	Epoch: 33	Dev loss: 2.0080	Dev acc: 75.75	Dev fscore(p/r/f): (80.17/78.42/79.28)
Training: 	Epoch: 34	Time: 9.0234	Training Loss: 0.1293	Sep Loss: 0.0000	Tag Loss: 0.0000
Evaluation: 	Epoch: 34	Time: 0.5174	Dev acc: 74.97	Dev fscore(p/r/f): (81.33/76.75/78.97)
NEW BEST MODEL: 	Epoch: 34	Dev loss: 1.7447	Dev acc: 74.97	Dev fscore(p/r/f): (81.33/76.75/78.97)
Training: 	Epoch: 35	Time: 10.3670	Training Loss: 0.1262	Sep Loss: 0.0000	Tag Loss: 0.0000
Evaluation: 	Epoch: 35	Time: 0.5062	Dev acc: 75.75	Dev fscore(p/r/f): (81.72/78.31/79.98)
NEW BEST MODEL: 	Epoch: 35	Dev loss: 1.7985	Dev acc: 75.75	Dev fscore(p/r/f): (81.72/78.31/79.98)
Training: 	Epoch: 36	Time: 10.5142	Training Loss: 0.1161	Sep Loss: 0.0000	Tag Loss: 0.0000
Evaluation: 	Epoch: 36	Time: 0.5112	Dev acc: 75.08	Dev fscore(p/r/f): (82.28/77.48/79.81)
NEW BEST MODEL: 	Epoch: 36	Dev loss: 1.6830	Dev acc: 75.08	Dev fscore(p/r/f): (82.28/77.48/79.81)
Training: 	Epoch: 37	Time: 10.5745	Training Loss: 0.1091	Sep Loss: 0.0000	Tag Loss: 0.0000
Evaluation: 	Epoch: 37	Time: 0.5240	Dev acc: 75.08	Dev fscore(p/r/f): (81.74/77.48/79.55)
NEW BEST MODEL: 	Epoch: 37	Dev loss: 1.7358	Dev acc: 75.08	Dev fscore(p/r/f): (81.74/77.48/79.55)
Training: 	Epoch: 38	Time: 10.6025	Training Loss: 0.1145	Sep Loss: 0.0000	Tag Loss: 0.0000
Evaluation: 	Epoch: 38	Time: 0.5451	Dev acc: 76.20	Dev fscore(p/r/f): (80.79/78.52/79.64)
NEW BEST MODEL: 	Epoch: 38	Dev loss: 1.8984	Dev acc: 76.20	Dev fscore(p/r/f): (80.79/78.52/79.64)
Training: 	Epoch: 39	Time: 9.6620	Training Loss: 0.1101	Sep Loss: 0.0000	Tag Loss: 0.0000
Evaluation: 	Epoch: 39	Time: 0.3978	Dev acc: 76.09	Dev fscore(p/r/f): (80.75/78.73/79.73)
NEW BEST MODEL: 	Epoch: 39	Dev loss: 1.8715	Dev acc: 76.09	Dev fscore(p/r/f): (80.75/78.73/79.73)
Training: 	Epoch: 40	Time: 8.4864	Training Loss: 0.1106	Sep Loss: 0.0000	Tag Loss: 0.0000
Evaluation: 	Epoch: 40	Time: 0.4574	Dev acc: 76.65	Dev fscore(p/r/f): (82.86/78.62/80.68)
NEW BEST MODEL: 	Epoch: 40	Dev loss: 1.8747	Dev acc: 76.65	Dev fscore(p/r/f): (82.86/78.62/80.68)
Training: 	Epoch: 41	Time: 7.6759	Training Loss: 0.1042	Sep Loss: 0.0000	Tag Loss: 0.0000
Evaluation: 	Epoch: 41	Time: 0.3939	Dev acc: 76.54	Dev fscore(p/r/f): (82.79/79.25/80.98)
NEW BEST MODEL: 	Epoch: 41	Dev loss: 1.7617	Dev acc: 76.54	Dev fscore(p/r/f): (82.79/79.25/80.98)
Training: 	Epoch: 42	Time: 8.1128	Training Loss: 0.0987	Sep Loss: 0.0000	Tag Loss: 0.0000
Evaluation: 	Epoch: 42	Time: 0.4071	Dev acc: 74.30	Dev fscore(p/r/f): (83.01/75.91/79.30)
NEW BEST MODEL: 	Epoch: 42	Dev loss: 1.7694	Dev acc: 74.30	Dev fscore(p/r/f): (83.01/75.91/79.30)
Training: 	Epoch: 43	Time: 8.2971	Training Loss: 0.0963	Sep Loss: 0.0000	Tag Loss: 0.0000
Evaluation: 	Epoch: 43	Time: 0.4223	Dev acc: 74.64	Dev fscore(p/r/f): (81.75/77.06/79.33)
NEW BEST MODEL: 	Epoch: 43	Dev loss: 1.7933	Dev acc: 74.64	Dev fscore(p/r/f): (81.75/77.06/79.33)
Training: 	Epoch: 44	Time: 8.1021	Training Loss: 0.1193	Sep Loss: 0.0000	Tag Loss: 0.0000
Evaluation: 	Epoch: 44	Time: 0.3992	Dev acc: 74.53	Dev fscore(p/r/f): (80.13/77.37/78.73)
NEW BEST MODEL: 	Epoch: 44	Dev loss: 1.8278	Dev acc: 74.53	Dev fscore(p/r/f): (80.13/77.37/78.73)
Training: 	Epoch: 45	Time: 7.8959	Training Loss: 0.0991	Sep Loss: 0.0000	Tag Loss: 0.0000
Evaluation: 	Epoch: 45	Time: 0.4024	Dev acc: 75.87	Dev fscore(p/r/f): (83.24/78.21/80.65)
NEW BEST MODEL: 	Epoch: 45	Dev loss: 1.7202	Dev acc: 75.87	Dev fscore(p/r/f): (83.24/78.21/80.65)
Training: 	Epoch: 46	Time: 8.2305	Training Loss: 0.0925	Sep Loss: 0.0000	Tag Loss: 0.0000
Evaluation: 	Epoch: 46	Time: 0.3856	Dev acc: 76.20	Dev fscore(p/r/f): (82.66/78.52/80.53)
NEW BEST MODEL: 	Epoch: 46	Dev loss: 1.7541	Dev acc: 76.20	Dev fscore(p/r/f): (82.66/78.52/80.53)
Training: 	Epoch: 47	Time: 8.2354	Training Loss: 0.1135	Sep Loss: 0.0000	Tag Loss: 0.0000
Evaluation: 	Epoch: 47	Time: 0.3973	Dev acc: 74.41	Dev fscore(p/r/f): (82.86/76.64/79.63)
NEW BEST MODEL: 	Epoch: 47	Dev loss: 1.7569	Dev acc: 74.41	Dev fscore(p/r/f): (82.86/76.64/79.63)
Training: 	Epoch: 48	Time: 7.8250	Training Loss: 0.0815	Sep Loss: 0.0000	Tag Loss: 0.0000
Evaluation: 	Epoch: 48	Time: 0.4081	Dev acc: 75.75	Dev fscore(p/r/f): (80.95/78.42/79.66)
NEW BEST MODEL: 	Epoch: 48	Dev loss: 2.0249	Dev acc: 75.75	Dev fscore(p/r/f): (80.95/78.42/79.66)
Training: 	Epoch: 49	Time: 8.0537	Training Loss: 0.0918	Sep Loss: 0.0000	Tag Loss: 0.0000
Evaluation: 	Epoch: 49	Time: 0.3976	Dev acc: 75.64	Dev fscore(p/r/f): (81.90/78.31/80.06)
NEW BEST MODEL: 	Epoch: 49	Dev loss: 1.9960	Dev acc: 75.64	Dev fscore(p/r/f): (81.90/78.31/80.06)
Training: 	Epoch: 50	Time: 8.4272	Training Loss: 0.0786	Sep Loss: 0.0000	Tag Loss: 0.0000
Evaluation: 	Epoch: 50	Time: 0.4480	Dev acc: 75.20	Dev fscore(p/r/f): (82.26/77.37/79.74)
NEW BEST MODEL: 	Epoch: 50	Dev loss: 2.0506	Dev acc: 75.20	Dev fscore(p/r/f): (82.26/77.37/79.74)
Training: 	Epoch: 51	Time: 7.7937	Training Loss: 0.0742	Sep Loss: 0.0000	Tag Loss: 0.0000
Evaluation: 	Epoch: 51	Time: 0.4011	Dev acc: 75.87	Dev fscore(p/r/f): (83.41/78.10/80.67)
NEW BEST MODEL: 	Epoch: 51	Dev loss: 1.9864	Dev acc: 75.87	Dev fscore(p/r/f): (83.41/78.10/80.67)
Training: 	Epoch: 52	Time: 7.7113	Training Loss: 0.0721	Sep Loss: 0.0000	Tag Loss: 0.0000
Evaluation: 	Epoch: 52	Time: 0.3982	Dev acc: 76.31	Dev fscore(p/r/f): (81.99/78.31/80.11)
NEW BEST MODEL: 	Epoch: 52	Dev loss: 2.0971	Dev acc: 76.31	Dev fscore(p/r/f): (81.99/78.31/80.11)
Training: 	Epoch: 53	Time: 7.8158	Training Loss: 0.0841	Sep Loss: 0.0000	Tag Loss: 0.0000
Evaluation: 	Epoch: 53	Time: 0.4052	Dev acc: 76.76	Dev fscore(p/r/f): (82.88/79.77/81.30)
NEW BEST MODEL: 	Epoch: 53	Dev loss: 2.0168	Dev acc: 76.76	Dev fscore(p/r/f): (82.88/79.77/81.30)
Training: 	Epoch: 54	Time: 7.9347	Training Loss: 0.0729	Sep Loss: 0.0000	Tag Loss: 0.0000
Evaluation: 	Epoch: 54	Time: 0.4165	Dev acc: 74.97	Dev fscore(p/r/f): (83.60/77.06/80.20)
NEW BEST MODEL: 	Epoch: 54	Dev loss: 2.1850	Dev acc: 74.97	Dev fscore(p/r/f): (83.60/77.06/80.20)
Training: 	Epoch: 55	Time: 8.0284	Training Loss: 0.0789	Sep Loss: 0.0000	Tag Loss: 0.0000
Evaluation: 	Epoch: 55	Time: 0.4158	Dev acc: 76.20	Dev fscore(p/r/f): (82.26/78.83/80.51)
NEW BEST MODEL: 	Epoch: 55	Dev loss: 2.2501	Dev acc: 76.20	Dev fscore(p/r/f): (82.26/78.83/80.51)
Training: 	Epoch: 56	Time: 8.2702	Training Loss: 0.0958	Sep Loss: 0.0000	Tag Loss: 0.0000
Evaluation: 	Epoch: 56	Time: 0.4160	Dev acc: 74.64	Dev fscore(p/r/f): (81.48/77.06/79.21)
NEW BEST MODEL: 	Epoch: 56	Dev loss: 1.9080	Dev acc: 74.64	Dev fscore(p/r/f): (81.48/77.06/79.21)
Training: 	Epoch: 57	Time: 8.6321	Training Loss: 0.1089	Sep Loss: 0.0000	Tag Loss: 0.0000
Evaluation: 	Epoch: 57	Time: 0.4336	Dev acc: 76.31	Dev fscore(p/r/f): (81.05/78.94/79.98)
NEW BEST MODEL: 	Epoch: 57	Dev loss: 2.0600	Dev acc: 76.31	Dev fscore(p/r/f): (81.05/78.94/79.98)
Training: 	Epoch: 58	Time: 8.2561	Training Loss: 0.0918	Sep Loss: 0.0000	Tag Loss: 0.0000
Evaluation: 	Epoch: 58	Time: 0.4233	Dev acc: 76.09	Dev fscore(p/r/f): (82.65/78.00/80.26)
NEW BEST MODEL: 	Epoch: 58	Dev loss: 1.9746	Dev acc: 76.09	Dev fscore(p/r/f): (82.65/78.00/80.26)
Training: 	Epoch: 59	Time: 8.6555	Training Loss: 0.0825	Sep Loss: 0.0000	Tag Loss: 0.0000
Evaluation: 	Epoch: 59	Time: 0.4402	Dev acc: 75.31	Dev fscore(p/r/f): (83.31/76.54/79.78)
NEW BEST MODEL: 	Epoch: 59	Dev loss: 1.9118	Dev acc: 75.31	Dev fscore(p/r/f): (83.31/76.54/79.78)
Training: 	Epoch: 60	Time: 8.3061	Training Loss: 0.0672	Sep Loss: 0.0000	Tag Loss: 0.0000
Evaluation: 	Epoch: 60	Time: 0.4175	Dev acc: 74.30	Dev fscore(p/r/f): (83.33/76.12/79.56)
NEW BEST MODEL: 	Epoch: 60	Dev loss: 2.1032	Dev acc: 74.30	Dev fscore(p/r/f): (83.33/76.12/79.56)
Training: 	Epoch: 61	Time: 8.8847	Training Loss: 0.0791	Sep Loss: 0.0000	Tag Loss: 0.0000
Evaluation: 	Epoch: 61	Time: 0.4289	Dev acc: 74.53	Dev fscore(p/r/f): (82.04/76.23/79.03)
NEW BEST MODEL: 	Epoch: 61	Dev loss: 1.8934	Dev acc: 74.53	Dev fscore(p/r/f): (82.04/76.23/79.03)
Training: 	Epoch: 62	Time: 8.7423	Training Loss: 0.0681	Sep Loss: 0.0000	Tag Loss: 0.0000
Evaluation: 	Epoch: 62	Time: 0.4253	Dev acc: 75.53	Dev fscore(p/r/f): (81.95/77.16/79.48)
NEW BEST MODEL: 	Epoch: 62	Dev loss: 1.9891	Dev acc: 75.53	Dev fscore(p/r/f): (81.95/77.16/79.48)
Training: 	Epoch: 63	Time: 8.8666	Training Loss: 0.0667	Sep Loss: 0.0000	Tag Loss: 0.0000
Evaluation: 	Epoch: 63	Time: 0.4463	Dev acc: 74.30	Dev fscore(p/r/f): (82.88/75.70/79.13)
NEW BEST MODEL: 	Epoch: 63	Dev loss: 2.0709	Dev acc: 74.30	Dev fscore(p/r/f): (82.88/75.70/79.13)
Training: 	Epoch: 64	Time: 8.5467	Training Loss: 0.0728	Sep Loss: 0.0000	Tag Loss: 0.0000
Evaluation: 	Epoch: 64	Time: 0.4342	Dev acc: 75.42	Dev fscore(p/r/f): (81.68/78.10/79.85)
NEW BEST MODEL: 	Epoch: 64	Dev loss: 2.1872	Dev acc: 75.42	Dev fscore(p/r/f): (81.68/78.10/79.85)
Training: 	Epoch: 65	Time: 8.7289	Training Loss: 0.0716	Sep Loss: 0.0000	Tag Loss: 0.0000
Evaluation: 	Epoch: 65	Time: 0.4582	Dev acc: 73.74	Dev fscore(p/r/f): (82.28/76.02/79.02)
NEW BEST MODEL: 	Epoch: 65	Dev loss: 2.0203	Dev acc: 73.74	Dev fscore(p/r/f): (82.28/76.02/79.02)
Training: 	Epoch: 66	Time: 8.6090	Training Loss: 0.0586	Sep Loss: 0.0000	Tag Loss: 0.0000
Evaluation: 	Epoch: 66	Time: 0.4332	Dev acc: 75.42	Dev fscore(p/r/f): (81.52/77.27/79.34)
NEW BEST MODEL: 	Epoch: 66	Dev loss: 2.2632	Dev acc: 75.42	Dev fscore(p/r/f): (81.52/77.27/79.34)
Training: 	Epoch: 67	Time: 8.9638	Training Loss: 0.0680	Sep Loss: 0.0000	Tag Loss: 0.0000
Evaluation: 	Epoch: 67	Time: 0.4281	Dev acc: 73.63	Dev fscore(p/r/f): (82.35/75.91/79.00)
NEW BEST MODEL: 	Epoch: 67	Dev loss: 2.0824	Dev acc: 73.63	Dev fscore(p/r/f): (82.35/75.91/79.00)
Training: 	Epoch: 68	Time: 8.5320	Training Loss: 0.0579	Sep Loss: 0.0000	Tag Loss: 0.0000
Evaluation: 	Epoch: 68	Time: 0.4336	Dev acc: 74.64	Dev fscore(p/r/f): (81.89/76.85/79.29)
NEW BEST MODEL: 	Epoch: 68	Dev loss: 2.1306	Dev acc: 74.64	Dev fscore(p/r/f): (81.89/76.85/79.29)
Training: 	Epoch: 69	Time: 8.9594	Training Loss: 0.0667	Sep Loss: 0.0000	Tag Loss: 0.0000
Evaluation: 	Epoch: 69	Time: 0.4247	Dev acc: 75.64	Dev fscore(p/r/f): (83.89/78.21/80.95)
NEW BEST MODEL: 	Epoch: 69	Dev loss: 2.1354	Dev acc: 75.64	Dev fscore(p/r/f): (83.89/78.21/80.95)
Training: 	Epoch: 70	Time: 8.5814	Training Loss: 0.0613	Sep Loss: 0.0000	Tag Loss: 0.0000
Evaluation: 	Epoch: 70	Time: 0.4137	Dev acc: 76.54	Dev fscore(p/r/f): (84.34/78.62/81.38)
NEW BEST MODEL: 	Epoch: 70	Dev loss: 2.1465	Dev acc: 76.54	Dev fscore(p/r/f): (84.34/78.62/81.38)
Training: 	Epoch: 71	Time: 8.0288	Training Loss: 0.0538	Sep Loss: 0.0000	Tag Loss: 0.0000
Evaluation: 	Epoch: 71	Time: 0.4171	Dev acc: 75.31	Dev fscore(p/r/f): (82.34/77.79/80.00)
NEW BEST MODEL: 	Epoch: 71	Dev loss: 2.1484	Dev acc: 75.31	Dev fscore(p/r/f): (82.34/77.79/80.00)
Training: 	Epoch: 72	Time: 8.1892	Training Loss: 0.0691	Sep Loss: 0.0000	Tag Loss: 0.0000
Evaluation: 	Epoch: 72	Time: 0.4169	Dev acc: 76.09	Dev fscore(p/r/f): (82.10/78.94/80.49)
NEW BEST MODEL: 	Epoch: 72	Dev loss: 2.0739	Dev acc: 76.09	Dev fscore(p/r/f): (82.10/78.94/80.49)
Training: 	Epoch: 73	Time: 9.1078	Training Loss: 0.0653	Sep Loss: 0.0000	Tag Loss: 0.0000
Evaluation: 	Epoch: 73	Time: 0.4164	Dev acc: 74.30	Dev fscore(p/r/f): (80.49/76.12/78.24)
NEW BEST MODEL: 	Epoch: 73	Dev loss: 2.2008	Dev acc: 74.30	Dev fscore(p/r/f): (80.49/76.12/78.24)
Training: 	Epoch: 74	Time: 8.3621	Training Loss: 0.0721	Sep Loss: 0.0000	Tag Loss: 0.0000
Evaluation: 	Epoch: 74	Time: 0.4190	Dev acc: 74.86	Dev fscore(p/r/f): (81.38/77.48/79.38)
NEW BEST MODEL: 	Epoch: 74	Dev loss: 2.0502	Dev acc: 74.86	Dev fscore(p/r/f): (81.38/77.48/79.38)
Training: 	Epoch: 75	Time: 8.2393	Training Loss: 0.0755	Sep Loss: 0.0000	Tag Loss: 0.0000
Evaluation: 	Epoch: 75	Time: 0.4141	Dev acc: 75.20	Dev fscore(p/r/f): (81.09/77.79/79.40)
NEW BEST MODEL: 	Epoch: 75	Dev loss: 2.1559	Dev acc: 75.20	Dev fscore(p/r/f): (81.09/77.79/79.40)
Training: 	Epoch: 76	Time: 9.4059	Training Loss: 0.0869	Sep Loss: 0.0000	Tag Loss: 0.0000
Evaluation: 	Epoch: 76	Time: 0.5543	Dev acc: 74.75	Dev fscore(p/r/f): (82.01/76.54/79.18)
NEW BEST MODEL: 	Epoch: 76	Dev loss: 2.0615	Dev acc: 74.75	Dev fscore(p/r/f): (82.01/76.54/79.18)
Training: 	Epoch: 77	Time: 9.8952	Training Loss: 0.0660	Sep Loss: 0.0000	Tag Loss: 0.0000
Evaluation: 	Epoch: 77	Time: 0.4131	Dev acc: 75.42	Dev fscore(p/r/f): (82.46/77.48/79.89)
NEW BEST MODEL: 	Epoch: 77	Dev loss: 2.1120	Dev acc: 75.42	Dev fscore(p/r/f): (82.46/77.48/79.89)
Training: 	Epoch: 78	Time: 8.3975	Training Loss: 0.0644	Sep Loss: 0.0000	Tag Loss: 0.0000
Evaluation: 	Epoch: 78	Time: 0.5573	Dev acc: 73.30	Dev fscore(p/r/f): (81.89/75.91/78.79)
NEW BEST MODEL: 	Epoch: 78	Dev loss: 2.0878	Dev acc: 73.30	Dev fscore(p/r/f): (81.89/75.91/78.79)
Training: 	Epoch: 79	Time: 8.3860	Training Loss: 0.0586	Sep Loss: 0.0000	Tag Loss: 0.0000
Evaluation: 	Epoch: 79	Time: 0.4152	Dev acc: 74.53	Dev fscore(p/r/f): (80.93/76.54/78.67)
NEW BEST MODEL: 	Epoch: 79	Dev loss: 2.1556	Dev acc: 74.53	Dev fscore(p/r/f): (80.93/76.54/78.67)
Training: 	Epoch: 80	Time: 8.5595	Training Loss: 0.0620	Sep Loss: 0.0000	Tag Loss: 0.0000
Evaluation: 	Epoch: 80	Time: 0.4324	Dev acc: 75.20	Dev fscore(p/r/f): (83.09/76.85/79.85)
NEW BEST MODEL: 	Epoch: 80	Dev loss: 2.0784	Dev acc: 75.20	Dev fscore(p/r/f): (83.09/76.85/79.85)
Training: 	Epoch: 81	Time: 8.2834	Training Loss: 0.0648	Sep Loss: 0.0000	Tag Loss: 0.0000
Evaluation: 	Epoch: 81	Time: 0.4109	Dev acc: 74.19	Dev fscore(p/r/f): (81.15/76.33/78.67)
NEW BEST MODEL: 	Epoch: 81	Dev loss: 2.2820	Dev acc: 74.19	Dev fscore(p/r/f): (81.15/76.33/78.67)
Training: 	Epoch: 82	Time: 8.4118	Training Loss: 0.0543	Sep Loss: 0.0000	Tag Loss: 0.0000
Evaluation: 	Epoch: 82	Time: 0.4332	Dev acc: 75.08	Dev fscore(p/r/f): (81.13/77.58/79.32)
NEW BEST MODEL: 	Epoch: 82	Dev loss: 2.2280	Dev acc: 75.08	Dev fscore(p/r/f): (81.13/77.58/79.32)
Training: 	Epoch: 83	Time: 8.2037	Training Loss: 0.0533	Sep Loss: 0.0000	Tag Loss: 0.0000
Evaluation: 	Epoch: 83	Time: 0.4128	Dev acc: 76.31	Dev fscore(p/r/f): (81.47/79.77/80.61)
NEW BEST MODEL: 	Epoch: 83	Dev loss: 2.3543	Dev acc: 76.31	Dev fscore(p/r/f): (81.47/79.77/80.61)
Training: 	Epoch: 84	Time: 8.5331	Training Loss: 0.0644	Sep Loss: 0.0000	Tag Loss: 0.0000
Evaluation: 	Epoch: 84	Time: 0.4489	Dev acc: 74.08	Dev fscore(p/r/f): (80.48/76.54/78.46)
NEW BEST MODEL: 	Epoch: 84	Dev loss: 2.3354	Dev acc: 74.08	Dev fscore(p/r/f): (80.48/76.54/78.46)
Training: 	Epoch: 85	Time: 9.3917	Training Loss: 0.0591	Sep Loss: 0.0000	Tag Loss: 0.0000
Evaluation: 	Epoch: 85	Time: 0.4488	Dev acc: 75.08	Dev fscore(p/r/f): (81.86/77.16/79.44)
NEW BEST MODEL: 	Epoch: 85	Dev loss: 2.2826	Dev acc: 75.08	Dev fscore(p/r/f): (81.86/77.16/79.44)
Training: 	Epoch: 86	Time: 8.8615	Training Loss: 0.0499	Sep Loss: 0.0000	Tag Loss: 0.0000
Evaluation: 	Epoch: 86	Time: 0.4255	Dev acc: 74.75	Dev fscore(p/r/f): (81.78/76.75/79.18)
NEW BEST MODEL: 	Epoch: 86	Dev loss: 2.4125	Dev acc: 74.75	Dev fscore(p/r/f): (81.78/76.75/79.18)
Training: 	Epoch: 87	Time: 8.4251	Training Loss: 0.0527	Sep Loss: 0.0000	Tag Loss: 0.0000
Evaluation: 	Epoch: 87	Time: 0.4198	Dev acc: 74.64	Dev fscore(p/r/f): (82.65/76.02/79.20)
NEW BEST MODEL: 	Epoch: 87	Dev loss: 2.1371	Dev acc: 74.64	Dev fscore(p/r/f): (82.65/76.02/79.20)
Training: 	Epoch: 88	Time: 8.4009	Training Loss: 0.0529	Sep Loss: 0.0000	Tag Loss: 0.0000
Evaluation: 	Epoch: 88	Time: 0.4096	Dev acc: 75.20	Dev fscore(p/r/f): (82.12/77.58/79.79)
NEW BEST MODEL: 	Epoch: 88	Dev loss: 2.2118	Dev acc: 75.20	Dev fscore(p/r/f): (82.12/77.58/79.79)
Training: 	Epoch: 89	Time: 9.0051	Training Loss: 0.0482	Sep Loss: 0.0000	Tag Loss: 0.0000
Evaluation: 	Epoch: 89	Time: 0.4157	Dev acc: 74.97	Dev fscore(p/r/f): (82.04/77.16/79.53)
NEW BEST MODEL: 	Epoch: 89	Dev loss: 2.3571	Dev acc: 74.97	Dev fscore(p/r/f): (82.04/77.16/79.53)
Training: 	Epoch: 90	Time: 8.5356	Training Loss: 0.0650	Sep Loss: 0.0000	Tag Loss: 0.0000
Evaluation: 	Epoch: 90	Time: 0.4404	Dev acc: 73.97	Dev fscore(p/r/f): (80.91/76.02/78.39)
NEW BEST MODEL: 	Epoch: 90	Dev loss: 2.2044	Dev acc: 73.97	Dev fscore(p/r/f): (80.91/76.02/78.39)
Training: 	Epoch: 91	Time: 8.4825	Training Loss: 0.0511	Sep Loss: 0.0000	Tag Loss: 0.0000
Evaluation: 	Epoch: 91	Time: 0.4286	Dev acc: 72.74	Dev fscore(p/r/f): (81.57/74.77/78.02)
NEW BEST MODEL: 	Epoch: 91	Dev loss: 2.4054	Dev acc: 72.74	Dev fscore(p/r/f): (81.57/74.77/78.02)
Training: 	Epoch: 92	Time: 9.0455	Training Loss: 0.0748	Sep Loss: 0.0000	Tag Loss: 0.0000
Evaluation: 	Epoch: 92	Time: 0.4224	Dev acc: 75.20	Dev fscore(p/r/f): (82.14/77.69/79.85)
NEW BEST MODEL: 	Epoch: 92	Dev loss: 2.2049	Dev acc: 75.20	Dev fscore(p/r/f): (82.14/77.69/79.85)
Training: 	Epoch: 93	Time: 8.6680	Training Loss: 0.0532	Sep Loss: 0.0000	Tag Loss: 0.0000
Evaluation: 	Epoch: 93	Time: 0.4232	Dev acc: 74.08	Dev fscore(p/r/f): (81.71/75.91/78.70)
NEW BEST MODEL: 	Epoch: 93	Dev loss: 2.1831	Dev acc: 74.08	Dev fscore(p/r/f): (81.71/75.91/78.70)
Training: 	Epoch: 94	Time: 8.6830	Training Loss: 0.0569	Sep Loss: 0.0000	Tag Loss: 0.0000
Evaluation: 	Epoch: 94	Time: 0.4329	Dev acc: 73.97	Dev fscore(p/r/f): (80.50/76.64/78.53)
NEW BEST MODEL: 	Epoch: 94	Dev loss: 2.2325	Dev acc: 73.97	Dev fscore(p/r/f): (80.50/76.64/78.53)
Training: 	Epoch: 95	Time: 8.5868	Training Loss: 0.0660	Sep Loss: 0.0000	Tag Loss: 0.0000
Evaluation: 	Epoch: 95	Time: 0.4274	Dev acc: 73.41	Dev fscore(p/r/f): (82.95/75.60/79.11)
NEW BEST MODEL: 	Epoch: 95	Dev loss: 2.2689	Dev acc: 73.41	Dev fscore(p/r/f): (82.95/75.60/79.11)
Training: 	Epoch: 96	Time: 8.6288	Training Loss: 0.0703	Sep Loss: 0.0000	Tag Loss: 0.0000
Evaluation: 	Epoch: 96	Time: 0.4178	Dev acc: 74.41	Dev fscore(p/r/f): (82.58/76.64/79.50)
NEW BEST MODEL: 	Epoch: 96	Dev loss: 2.2154	Dev acc: 74.41	Dev fscore(p/r/f): (82.58/76.64/79.50)
Training: 	Epoch: 97	Time: 8.4781	Training Loss: 0.0594	Sep Loss: 0.0000	Tag Loss: 0.0000
Evaluation: 	Epoch: 97	Time: 0.4150	Dev acc: 72.74	Dev fscore(p/r/f): (83.56/75.29/79.21)
NEW BEST MODEL: 	Epoch: 97	Dev loss: 2.1441	Dev acc: 72.74	Dev fscore(p/r/f): (83.56/75.29/79.21)
Training: 	Epoch: 98	Time: 8.3223	Training Loss: 0.0516	Sep Loss: 0.0000	Tag Loss: 0.0000
Evaluation: 	Epoch: 98	Time: 0.4317	Dev acc: 73.97	Dev fscore(p/r/f): (80.88/76.75/78.76)
NEW BEST MODEL: 	Epoch: 98	Dev loss: 2.2204	Dev acc: 73.97	Dev fscore(p/r/f): (80.88/76.75/78.76)
Training: 	Epoch: 99	Time: 8.8422	Training Loss: 0.0510	Sep Loss: 0.0000	Tag Loss: 0.0000
Evaluation: 	Epoch: 99	Time: 0.4242	Dev acc: 74.64	Dev fscore(p/r/f): (81.65/76.54/79.01)
NEW BEST MODEL: 	Epoch: 99	Dev loss: 2.1777	Dev acc: 74.64	Dev fscore(p/r/f): (81.65/76.54/79.01)
FINAL BEST RESULT: 	Epoch: 53	Dev loss: 2.0168	Dev acc: 76.7598	Dev fscore(p/r/f): (82.8819/79.7706/81.2965)
