Use pretrained model: hfl/chinese-lert-base
Dataset size: train -> 15690
Load dataset and database finished, cost 8.9486s ...
Dataset size: dev -> 994
Total training steps: 49100
Start training ......
Training: 	Epoch: 0	Time: 25.9690	Training Loss: 2.8385	Sep Loss: 0.0000	Tag Loss: 0.0000
Evaluation: 	Epoch: 0	Time: 0.4351	Dev acc: 64.08	Dev fscore(p/r/f): (67.10/67.10/67.10)
NEW BEST MODEL: 	Epoch: 0	Dev loss: 1.0885	Dev acc: 64.08	Dev fscore(p/r/f): (67.10/67.10/67.10)
Training: 	Epoch: 1	Time: 24.2330	Training Loss: 1.4442	Sep Loss: 0.0000	Tag Loss: 0.0000
Evaluation: 	Epoch: 1	Time: 0.4282	Dev acc: 70.52	Dev fscore(p/r/f): (75.98/73.25/74.59)
NEW BEST MODEL: 	Epoch: 1	Dev loss: 0.7844	Dev acc: 70.52	Dev fscore(p/r/f): (75.98/73.25/74.59)
Training: 	Epoch: 2	Time: 26.3412	Training Loss: 1.0683	Sep Loss: 0.0000	Tag Loss: 0.0000
Evaluation: 	Epoch: 2	Time: 2.3602	Dev acc: 73.74	Dev fscore(p/r/f): (78.98/76.65/77.80)
NEW BEST MODEL: 	Epoch: 2	Dev loss: 0.7412	Dev acc: 73.74	Dev fscore(p/r/f): (78.98/76.65/77.80)
Training: 	Epoch: 3	Time: 40.0826	Training Loss: 0.8649	Sep Loss: 0.0000	Tag Loss: 0.0000
Evaluation: 	Epoch: 3	Time: 2.7730	Dev acc: 75.65	Dev fscore(p/r/f): (81.54/77.94/79.70)
NEW BEST MODEL: 	Epoch: 3	Dev loss: 0.6010	Dev acc: 75.65	Dev fscore(p/r/f): (81.54/77.94/79.70)
Training: 	Epoch: 4	Time: 41.1228	Training Loss: 0.7197	Sep Loss: 0.0000	Tag Loss: 0.0000
Evaluation: 	Epoch: 4	Time: 2.9817	Dev acc: 74.65	Dev fscore(p/r/f): (80.40/77.67/79.01)
NEW BEST MODEL: 	Epoch: 4	Dev loss: 0.6225	Dev acc: 74.65	Dev fscore(p/r/f): (80.40/77.67/79.01)
Training: 	Epoch: 5	Time: 40.4172	Training Loss: 0.6143	Sep Loss: 0.0000	Tag Loss: 0.0000
Evaluation: 	Epoch: 5	Time: 2.0891	Dev acc: 76.66	Dev fscore(p/r/f): (83.64/78.95/81.23)
NEW BEST MODEL: 	Epoch: 5	Dev loss: 0.6013	Dev acc: 76.66	Dev fscore(p/r/f): (83.64/78.95/81.23)
Training: 	Epoch: 6	Time: 41.2955	Training Loss: 0.5329	Sep Loss: 0.0000	Tag Loss: 0.0000
Evaluation: 	Epoch: 6	Time: 3.1206	Dev acc: 76.96	Dev fscore(p/r/f): (83.35/80.06/81.67)
NEW BEST MODEL: 	Epoch: 6	Dev loss: 0.5464	Dev acc: 76.96	Dev fscore(p/r/f): (83.35/80.06/81.67)
Training: 	Epoch: 7	Time: 40.5855	Training Loss: 0.4660	Sep Loss: 0.0000	Tag Loss: 0.0000
Evaluation: 	Epoch: 7	Time: 2.6307	Dev acc: 77.26	Dev fscore(p/r/f): (83.86/79.78/81.77)
NEW BEST MODEL: 	Epoch: 7	Dev loss: 0.5531	Dev acc: 77.26	Dev fscore(p/r/f): (83.86/79.78/81.77)
Training: 	Epoch: 8	Time: 40.0634	Training Loss: 0.4112	Sep Loss: 0.0000	Tag Loss: 0.0000
Evaluation: 	Epoch: 8	Time: 2.2585	Dev acc: 78.77	Dev fscore(p/r/f): (86.06/81.16/83.54)
NEW BEST MODEL: 	Epoch: 8	Dev loss: 0.5748	Dev acc: 78.77	Dev fscore(p/r/f): (86.06/81.16/83.54)
Training: 	Epoch: 9	Time: 40.1515	Training Loss: 0.3786	Sep Loss: 0.0000	Tag Loss: 0.0000
Evaluation: 	Epoch: 9	Time: 2.3708	Dev acc: 78.17	Dev fscore(p/r/f): (84.66/81.16/82.87)
NEW BEST MODEL: 	Epoch: 9	Dev loss: 0.5470	Dev acc: 78.17	Dev fscore(p/r/f): (84.66/81.16/82.87)
Training: 	Epoch: 10	Time: 40.7085	Training Loss: 0.3302	Sep Loss: 0.0000	Tag Loss: 0.0000
Evaluation: 	Epoch: 10	Time: 2.5911	Dev acc: 78.47	Dev fscore(p/r/f): (84.64/81.07/82.82)
NEW BEST MODEL: 	Epoch: 10	Dev loss: 0.5609	Dev acc: 78.47	Dev fscore(p/r/f): (84.64/81.07/82.82)
Training: 	Epoch: 11	Time: 39.9831	Training Loss: 0.3022	Sep Loss: 0.0000	Tag Loss: 0.0000
Evaluation: 	Epoch: 11	Time: 2.6408	Dev acc: 80.08	Dev fscore(p/r/f): (86.58/82.44/84.46)
NEW BEST MODEL: 	Epoch: 11	Dev loss: 0.5427	Dev acc: 80.08	Dev fscore(p/r/f): (86.58/82.44/84.46)
Training: 	Epoch: 12	Time: 40.2135	Training Loss: 0.2629	Sep Loss: 0.0000	Tag Loss: 0.0000
Evaluation: 	Epoch: 12	Time: 2.6710	Dev acc: 79.38	Dev fscore(p/r/f): (85.69/82.54/84.08)
NEW BEST MODEL: 	Epoch: 12	Dev loss: 0.5283	Dev acc: 79.38	Dev fscore(p/r/f): (85.69/82.54/84.08)
Training: 	Epoch: 13	Time: 40.4426	Training Loss: 0.2408	Sep Loss: 0.0000	Tag Loss: 0.0000
Evaluation: 	Epoch: 13	Time: 2.7067	Dev acc: 79.98	Dev fscore(p/r/f): (87.28/82.63/84.89)
NEW BEST MODEL: 	Epoch: 13	Dev loss: 0.5353	Dev acc: 79.98	Dev fscore(p/r/f): (87.28/82.63/84.89)
Training: 	Epoch: 14	Time: 40.2643	Training Loss: 0.2283	Sep Loss: 0.0000	Tag Loss: 0.0000
Evaluation: 	Epoch: 14	Time: 2.8598	Dev acc: 79.18	Dev fscore(p/r/f): (85.22/81.62/83.38)
NEW BEST MODEL: 	Epoch: 14	Dev loss: 0.5804	Dev acc: 79.18	Dev fscore(p/r/f): (85.22/81.62/83.38)
Training: 	Epoch: 15	Time: 40.2600	Training Loss: 0.1946	Sep Loss: 0.0000	Tag Loss: 0.0000
Evaluation: 	Epoch: 15	Time: 2.4910	Dev acc: 79.28	Dev fscore(p/r/f): (85.55/81.62/83.54)
NEW BEST MODEL: 	Epoch: 15	Dev loss: 0.6526	Dev acc: 79.28	Dev fscore(p/r/f): (85.55/81.62/83.54)
Training: 	Epoch: 16	Time: 40.5026	Training Loss: 0.1827	Sep Loss: 0.0000	Tag Loss: 0.0000
Evaluation: 	Epoch: 16	Time: 2.6170	Dev acc: 80.18	Dev fscore(p/r/f): (85.90/82.90/84.38)
NEW BEST MODEL: 	Epoch: 16	Dev loss: 0.5696	Dev acc: 80.18	Dev fscore(p/r/f): (85.90/82.90/84.38)
Training: 	Epoch: 17	Time: 40.0964	Training Loss: 0.1688	Sep Loss: 0.0000	Tag Loss: 0.0000
Evaluation: 	Epoch: 17	Time: 2.4467	Dev acc: 80.89	Dev fscore(p/r/f): (87.73/82.81/85.20)
NEW BEST MODEL: 	Epoch: 17	Dev loss: 0.6273	Dev acc: 80.89	Dev fscore(p/r/f): (87.73/82.81/85.20)
Training: 	Epoch: 18	Time: 40.4811	Training Loss: 0.1689	Sep Loss: 0.0000	Tag Loss: 0.0000
Evaluation: 	Epoch: 18	Time: 2.3590	Dev acc: 78.87	Dev fscore(p/r/f): (85.52/81.43/83.43)
NEW BEST MODEL: 	Epoch: 18	Dev loss: 0.6126	Dev acc: 78.87	Dev fscore(p/r/f): (85.52/81.43/83.43)
Training: 	Epoch: 19	Time: 40.2082	Training Loss: 0.1558	Sep Loss: 0.0000	Tag Loss: 0.0000
Evaluation: 	Epoch: 19	Time: 2.0891	Dev acc: 78.97	Dev fscore(p/r/f): (85.95/80.97/83.39)
NEW BEST MODEL: 	Epoch: 19	Dev loss: 0.6593	Dev acc: 78.97	Dev fscore(p/r/f): (85.95/80.97/83.39)
Training: 	Epoch: 20	Time: 40.5363	Training Loss: 0.1365	Sep Loss: 0.0000	Tag Loss: 0.0000
Evaluation: 	Epoch: 20	Time: 2.6019	Dev acc: 79.78	Dev fscore(p/r/f): (86.63/82.17/84.34)
NEW BEST MODEL: 	Epoch: 20	Dev loss: 0.5840	Dev acc: 79.78	Dev fscore(p/r/f): (86.63/82.17/84.34)
Training: 	Epoch: 21	Time: 40.6511	Training Loss: 0.1231	Sep Loss: 0.0000	Tag Loss: 0.0000
Evaluation: 	Epoch: 21	Time: 2.3892	Dev acc: 79.38	Dev fscore(p/r/f): (85.70/81.53/83.56)
NEW BEST MODEL: 	Epoch: 21	Dev loss: 0.6419	Dev acc: 79.38	Dev fscore(p/r/f): (85.70/81.53/83.56)
Training: 	Epoch: 22	Time: 41.2084	Training Loss: 0.1184	Sep Loss: 0.0000	Tag Loss: 0.0000
Evaluation: 	Epoch: 22	Time: 2.5130	Dev acc: 81.29	Dev fscore(p/r/f): (88.35/83.64/85.93)
NEW BEST MODEL: 	Epoch: 22	Dev loss: 0.6422	Dev acc: 81.29	Dev fscore(p/r/f): (88.35/83.64/85.93)
Training: 	Epoch: 23	Time: 40.5481	Training Loss: 0.1097	Sep Loss: 0.0000	Tag Loss: 0.0000
Evaluation: 	Epoch: 23	Time: 2.1977	Dev acc: 79.28	Dev fscore(p/r/f): (85.45/82.08/83.73)
NEW BEST MODEL: 	Epoch: 23	Dev loss: 0.6885	Dev acc: 79.28	Dev fscore(p/r/f): (85.45/82.08/83.73)
Training: 	Epoch: 24	Time: 39.9318	Training Loss: 0.1067	Sep Loss: 0.0000	Tag Loss: 0.0000
Evaluation: 	Epoch: 24	Time: 2.5894	Dev acc: 78.87	Dev fscore(p/r/f): (85.18/81.34/83.22)
NEW BEST MODEL: 	Epoch: 24	Dev loss: 0.7514	Dev acc: 78.87	Dev fscore(p/r/f): (85.18/81.34/83.22)
Training: 	Epoch: 25	Time: 39.9373	Training Loss: 0.0910	Sep Loss: 0.0000	Tag Loss: 0.0000
Evaluation: 	Epoch: 25	Time: 3.0061	Dev acc: 80.48	Dev fscore(p/r/f): (87.67/83.00/85.27)
NEW BEST MODEL: 	Epoch: 25	Dev loss: 0.6882	Dev acc: 80.48	Dev fscore(p/r/f): (87.67/83.00/85.27)
Training: 	Epoch: 26	Time: 40.0878	Training Loss: 0.0918	Sep Loss: 0.0000	Tag Loss: 0.0000
Evaluation: 	Epoch: 26	Time: 2.0884	Dev acc: 80.58	Dev fscore(p/r/f): (87.09/83.09/85.04)
NEW BEST MODEL: 	Epoch: 26	Dev loss: 0.6831	Dev acc: 80.58	Dev fscore(p/r/f): (87.09/83.09/85.04)
Training: 	Epoch: 27	Time: 40.4044	Training Loss: 0.0885	Sep Loss: 0.0000	Tag Loss: 0.0000
Evaluation: 	Epoch: 27	Time: 2.3764	Dev acc: 80.78	Dev fscore(p/r/f): (87.83/83.55/85.63)
NEW BEST MODEL: 	Epoch: 27	Dev loss: 0.6884	Dev acc: 80.78	Dev fscore(p/r/f): (87.83/83.55/85.63)
Training: 	Epoch: 28	Time: 41.1738	Training Loss: 0.0785	Sep Loss: 0.0000	Tag Loss: 0.0000
Evaluation: 	Epoch: 28	Time: 2.4056	Dev acc: 81.49	Dev fscore(p/r/f): (88.28/83.73/85.94)
NEW BEST MODEL: 	Epoch: 28	Dev loss: 0.6651	Dev acc: 81.49	Dev fscore(p/r/f): (88.28/83.73/85.94)
Training: 	Epoch: 29	Time: 39.9613	Training Loss: 0.0862	Sep Loss: 0.0000	Tag Loss: 0.0000
Evaluation: 	Epoch: 29	Time: 2.0538	Dev acc: 79.68	Dev fscore(p/r/f): (85.24/82.26/83.72)
NEW BEST MODEL: 	Epoch: 29	Dev loss: 0.7224	Dev acc: 79.68	Dev fscore(p/r/f): (85.24/82.26/83.72)
Training: 	Epoch: 30	Time: 40.2696	Training Loss: 0.0707	Sep Loss: 0.0000	Tag Loss: 0.0000
Evaluation: 	Epoch: 30	Time: 2.6620	Dev acc: 81.39	Dev fscore(p/r/f): (87.60/83.73/85.62)
NEW BEST MODEL: 	Epoch: 30	Dev loss: 0.6837	Dev acc: 81.39	Dev fscore(p/r/f): (87.60/83.73/85.62)
Training: 	Epoch: 31	Time: 40.6881	Training Loss: 0.0698	Sep Loss: 0.0000	Tag Loss: 0.0000
Evaluation: 	Epoch: 31	Time: 2.3946	Dev acc: 80.68	Dev fscore(p/r/f): (87.23/82.90/85.01)
NEW BEST MODEL: 	Epoch: 31	Dev loss: 0.7149	Dev acc: 80.68	Dev fscore(p/r/f): (87.23/82.90/85.01)
Training: 	Epoch: 32	Time: 40.6666	Training Loss: 0.0750	Sep Loss: 0.0000	Tag Loss: 0.0000
Evaluation: 	Epoch: 32	Time: 2.1827	Dev acc: 81.59	Dev fscore(p/r/f): (87.94/84.47/86.17)
NEW BEST MODEL: 	Epoch: 32	Dev loss: 0.6365	Dev acc: 81.59	Dev fscore(p/r/f): (87.94/84.47/86.17)
Training: 	Epoch: 33	Time: 40.7964	Training Loss: 0.0673	Sep Loss: 0.0000	Tag Loss: 0.0000
Evaluation: 	Epoch: 33	Time: 2.2542	Dev acc: 80.78	Dev fscore(p/r/f): (87.29/82.72/84.95)
NEW BEST MODEL: 	Epoch: 33	Dev loss: 0.7658	Dev acc: 80.78	Dev fscore(p/r/f): (87.29/82.72/84.95)
Training: 	Epoch: 34	Time: 40.3454	Training Loss: 0.0628	Sep Loss: 0.0000	Tag Loss: 0.0000
Evaluation: 	Epoch: 34	Time: 2.3411	Dev acc: 80.48	Dev fscore(p/r/f): (86.61/82.63/84.57)
NEW BEST MODEL: 	Epoch: 34	Dev loss: 0.7448	Dev acc: 80.48	Dev fscore(p/r/f): (86.61/82.63/84.57)
Training: 	Epoch: 35	Time: 40.3189	Training Loss: 0.0568	Sep Loss: 0.0000	Tag Loss: 0.0000
Evaluation: 	Epoch: 35	Time: 2.2199	Dev acc: 80.99	Dev fscore(p/r/f): (87.54/83.27/85.35)
NEW BEST MODEL: 	Epoch: 35	Dev loss: 0.7393	Dev acc: 80.99	Dev fscore(p/r/f): (87.54/83.27/85.35)
Training: 	Epoch: 36	Time: 41.2816	Training Loss: 0.0498	Sep Loss: 0.0000	Tag Loss: 0.0000
Evaluation: 	Epoch: 36	Time: 2.3210	Dev acc: 80.99	Dev fscore(p/r/f): (87.10/83.18/85.10)
NEW BEST MODEL: 	Epoch: 36	Dev loss: 0.7617	Dev acc: 80.99	Dev fscore(p/r/f): (87.10/83.18/85.10)
Training: 	Epoch: 37	Time: 40.5689	Training Loss: 0.0527	Sep Loss: 0.0000	Tag Loss: 0.0000
Evaluation: 	Epoch: 37	Time: 2.1699	Dev acc: 80.78	Dev fscore(p/r/f): (86.34/83.09/84.68)
NEW BEST MODEL: 	Epoch: 37	Dev loss: 0.7977	Dev acc: 80.78	Dev fscore(p/r/f): (86.34/83.09/84.68)
Training: 	Epoch: 38	Time: 41.1082	Training Loss: 0.0487	Sep Loss: 0.0000	Tag Loss: 0.0000
Evaluation: 	Epoch: 38	Time: 2.0004	Dev acc: 78.77	Dev fscore(p/r/f): (85.00/81.25/83.08)
NEW BEST MODEL: 	Epoch: 38	Dev loss: 0.8751	Dev acc: 78.77	Dev fscore(p/r/f): (85.00/81.25/83.08)
Training: 	Epoch: 39	Time: 41.1049	Training Loss: 0.0583	Sep Loss: 0.0000	Tag Loss: 0.0000
Evaluation: 	Epoch: 39	Time: 2.4727	Dev acc: 80.48	Dev fscore(p/r/f): (87.21/82.72/84.91)
NEW BEST MODEL: 	Epoch: 39	Dev loss: 0.7604	Dev acc: 80.48	Dev fscore(p/r/f): (87.21/82.72/84.91)
Training: 	Epoch: 40	Time: 40.8506	Training Loss: 0.0475	Sep Loss: 0.0000	Tag Loss: 0.0000
Evaluation: 	Epoch: 40	Time: 2.1358	Dev acc: 81.79	Dev fscore(p/r/f): (87.99/84.19/86.05)
NEW BEST MODEL: 	Epoch: 40	Dev loss: 0.7510	Dev acc: 81.79	Dev fscore(p/r/f): (87.99/84.19/86.05)
Training: 	Epoch: 41	Time: 40.6360	Training Loss: 0.0563	Sep Loss: 0.0000	Tag Loss: 0.0000
Evaluation: 	Epoch: 41	Time: 2.5821	Dev acc: 81.69	Dev fscore(p/r/f): (87.52/83.82/85.63)
NEW BEST MODEL: 	Epoch: 41	Dev loss: 0.6456	Dev acc: 81.69	Dev fscore(p/r/f): (87.52/83.82/85.63)
Training: 	Epoch: 42	Time: 41.0414	Training Loss: 0.0481	Sep Loss: 0.0000	Tag Loss: 0.0000
Evaluation: 	Epoch: 42	Time: 1.9399	Dev acc: 80.48	Dev fscore(p/r/f): (87.39/82.17/84.70)
NEW BEST MODEL: 	Epoch: 42	Dev loss: 0.8639	Dev acc: 80.48	Dev fscore(p/r/f): (87.39/82.17/84.70)
Training: 	Epoch: 43	Time: 41.0016	Training Loss: 0.0417	Sep Loss: 0.0000	Tag Loss: 0.0000
Evaluation: 	Epoch: 43	Time: 2.4044	Dev acc: 81.09	Dev fscore(p/r/f): (87.31/83.46/85.34)
NEW BEST MODEL: 	Epoch: 43	Dev loss: 0.7361	Dev acc: 81.09	Dev fscore(p/r/f): (87.31/83.46/85.34)
Training: 	Epoch: 44	Time: 40.9987	Training Loss: 0.0433	Sep Loss: 0.0000	Tag Loss: 0.0000
Evaluation: 	Epoch: 44	Time: 1.9097	Dev acc: 81.09	Dev fscore(p/r/f): (86.78/83.27/84.99)
NEW BEST MODEL: 	Epoch: 44	Dev loss: 0.7492	Dev acc: 81.09	Dev fscore(p/r/f): (86.78/83.27/84.99)
Training: 	Epoch: 45	Time: 40.9283	Training Loss: 0.0392	Sep Loss: 0.0000	Tag Loss: 0.0000
Evaluation: 	Epoch: 45	Time: 2.0674	Dev acc: 81.49	Dev fscore(p/r/f): (87.58/83.64/85.57)
NEW BEST MODEL: 	Epoch: 45	Dev loss: 0.7140	Dev acc: 81.49	Dev fscore(p/r/f): (87.58/83.64/85.57)
Training: 	Epoch: 46	Time: 40.8533	Training Loss: 0.0479	Sep Loss: 0.0000	Tag Loss: 0.0000
Evaluation: 	Epoch: 46	Time: 2.7356	Dev acc: 81.09	Dev fscore(p/r/f): (87.07/82.90/84.93)
NEW BEST MODEL: 	Epoch: 46	Dev loss: 0.8050	Dev acc: 81.09	Dev fscore(p/r/f): (87.07/82.90/84.93)
Training: 	Epoch: 47	Time: 41.0379	Training Loss: 0.0392	Sep Loss: 0.0000	Tag Loss: 0.0000
Evaluation: 	Epoch: 47	Time: 2.2427	Dev acc: 82.19	Dev fscore(p/r/f): (88.02/84.38/86.16)
NEW BEST MODEL: 	Epoch: 47	Dev loss: 0.7492	Dev acc: 82.19	Dev fscore(p/r/f): (88.02/84.38/86.16)
Training: 	Epoch: 48	Time: 41.0309	Training Loss: 0.0339	Sep Loss: 0.0000	Tag Loss: 0.0000
Evaluation: 	Epoch: 48	Time: 2.0855	Dev acc: 81.69	Dev fscore(p/r/f): (86.89/84.10/85.47)
NEW BEST MODEL: 	Epoch: 48	Dev loss: 0.7858	Dev acc: 81.69	Dev fscore(p/r/f): (86.89/84.10/85.47)
Training: 	Epoch: 49	Time: 41.1830	Training Loss: 0.0367	Sep Loss: 0.0000	Tag Loss: 0.0000
Evaluation: 	Epoch: 49	Time: 2.7334	Dev acc: 81.99	Dev fscore(p/r/f): (87.79/84.56/86.14)
NEW BEST MODEL: 	Epoch: 49	Dev loss: 0.7701	Dev acc: 81.99	Dev fscore(p/r/f): (87.79/84.56/86.14)
Training: 	Epoch: 50	Time: 41.0500	Training Loss: 0.0386	Sep Loss: 0.0000	Tag Loss: 0.0000
Evaluation: 	Epoch: 50	Time: 2.6159	Dev acc: 79.88	Dev fscore(p/r/f): (85.91/81.80/83.80)
NEW BEST MODEL: 	Epoch: 50	Dev loss: 0.7948	Dev acc: 79.88	Dev fscore(p/r/f): (85.91/81.80/83.80)
Training: 	Epoch: 51	Time: 41.5652	Training Loss: 0.0318	Sep Loss: 0.0000	Tag Loss: 0.0000
Evaluation: 	Epoch: 51	Time: 2.8158	Dev acc: 81.39	Dev fscore(p/r/f): (87.50/83.64/85.53)
NEW BEST MODEL: 	Epoch: 51	Dev loss: 0.7737	Dev acc: 81.39	Dev fscore(p/r/f): (87.50/83.64/85.53)
Training: 	Epoch: 52	Time: 40.4705	Training Loss: 0.0419	Sep Loss: 0.0000	Tag Loss: 0.0000
Evaluation: 	Epoch: 52	Time: 2.7538	Dev acc: 80.58	Dev fscore(p/r/f): (86.04/82.72/84.35)
NEW BEST MODEL: 	Epoch: 52	Dev loss: 0.8219	Dev acc: 80.58	Dev fscore(p/r/f): (86.04/82.72/84.35)
Training: 	Epoch: 53	Time: 40.3921	Training Loss: 0.0353	Sep Loss: 0.0000	Tag Loss: 0.0000
Evaluation: 	Epoch: 53	Time: 2.9783	Dev acc: 80.08	Dev fscore(p/r/f): (85.74/82.35/84.01)
NEW BEST MODEL: 	Epoch: 53	Dev loss: 0.7659	Dev acc: 80.08	Dev fscore(p/r/f): (85.74/82.35/84.01)
Training: 	Epoch: 54	Time: 40.1900	Training Loss: 0.0324	Sep Loss: 0.0000	Tag Loss: 0.0000
Evaluation: 	Epoch: 54	Time: 2.4715	Dev acc: 82.09	Dev fscore(p/r/f): (87.58/84.28/85.90)
NEW BEST MODEL: 	Epoch: 54	Dev loss: 0.7074	Dev acc: 82.09	Dev fscore(p/r/f): (87.58/84.28/85.90)
Training: 	Epoch: 55	Time: 40.7079	Training Loss: 0.0299	Sep Loss: 0.0000	Tag Loss: 0.0000
Evaluation: 	Epoch: 55	Time: 2.6291	Dev acc: 81.59	Dev fscore(p/r/f): (87.52/83.82/85.63)
NEW BEST MODEL: 	Epoch: 55	Dev loss: 0.7131	Dev acc: 81.59	Dev fscore(p/r/f): (87.52/83.82/85.63)
Training: 	Epoch: 56	Time: 39.8548	Training Loss: 0.0326	Sep Loss: 0.0000	Tag Loss: 0.0000
Evaluation: 	Epoch: 56	Time: 2.7689	Dev acc: 81.19	Dev fscore(p/r/f): (87.32/83.55/85.39)
NEW BEST MODEL: 	Epoch: 56	Dev loss: 0.7986	Dev acc: 81.19	Dev fscore(p/r/f): (87.32/83.55/85.39)
Training: 	Epoch: 57	Time: 40.2127	Training Loss: 0.0274	Sep Loss: 0.0000	Tag Loss: 0.0000
Evaluation: 	Epoch: 57	Time: 2.8294	Dev acc: 81.39	Dev fscore(p/r/f): (87.25/83.64/85.41)
NEW BEST MODEL: 	Epoch: 57	Dev loss: 0.7886	Dev acc: 81.39	Dev fscore(p/r/f): (87.25/83.64/85.41)
Training: 	Epoch: 58	Time: 40.9762	Training Loss: 0.0317	Sep Loss: 0.0000	Tag Loss: 0.0000
Evaluation: 	Epoch: 58	Time: 2.8670	Dev acc: 81.09	Dev fscore(p/r/f): (87.48/83.46/85.42)
NEW BEST MODEL: 	Epoch: 58	Dev loss: 0.8023	Dev acc: 81.09	Dev fscore(p/r/f): (87.48/83.46/85.42)
Training: 	Epoch: 59	Time: 40.7535	Training Loss: 0.0349	Sep Loss: 0.0000	Tag Loss: 0.0000
Evaluation: 	Epoch: 59	Time: 2.7937	Dev acc: 80.58	Dev fscore(p/r/f): (86.73/82.90/84.77)
NEW BEST MODEL: 	Epoch: 59	Dev loss: 0.7626	Dev acc: 80.58	Dev fscore(p/r/f): (86.73/82.90/84.77)
Training: 	Epoch: 60	Time: 40.2620	Training Loss: 0.0295	Sep Loss: 0.0000	Tag Loss: 0.0000
Evaluation: 	Epoch: 60	Time: 2.2541	Dev acc: 77.36	Dev fscore(p/r/f): (83.25/79.50/81.34)
NEW BEST MODEL: 	Epoch: 60	Dev loss: 0.9324	Dev acc: 77.36	Dev fscore(p/r/f): (83.25/79.50/81.34)
Training: 	Epoch: 61	Time: 40.4176	Training Loss: 0.0310	Sep Loss: 0.0000	Tag Loss: 0.0000
Evaluation: 	Epoch: 61	Time: 2.7829	Dev acc: 81.49	Dev fscore(p/r/f): (87.78/83.82/85.75)
NEW BEST MODEL: 	Epoch: 61	Dev loss: 0.7968	Dev acc: 81.49	Dev fscore(p/r/f): (87.78/83.82/85.75)
Training: 	Epoch: 62	Time: 41.3782	Training Loss: 0.0329	Sep Loss: 0.0000	Tag Loss: 0.0000
Evaluation: 	Epoch: 62	Time: 2.2849	Dev acc: 82.29	Dev fscore(p/r/f): (87.70/84.56/86.10)
NEW BEST MODEL: 	Epoch: 62	Dev loss: 0.7131	Dev acc: 82.29	Dev fscore(p/r/f): (87.70/84.56/86.10)
Training: 	Epoch: 63	Time: 41.2553	Training Loss: 0.0256	Sep Loss: 0.0000	Tag Loss: 0.0000
Evaluation: 	Epoch: 63	Time: 2.5792	Dev acc: 81.19	Dev fscore(p/r/f): (86.92/83.09/84.96)
NEW BEST MODEL: 	Epoch: 63	Dev loss: 0.7766	Dev acc: 81.19	Dev fscore(p/r/f): (86.92/83.09/84.96)
Training: 	Epoch: 64	Time: 41.5956	Training Loss: 0.0277	Sep Loss: 0.0000	Tag Loss: 0.0000
Evaluation: 	Epoch: 64	Time: 2.2280	Dev acc: 81.79	Dev fscore(p/r/f): (88.16/84.19/86.13)
NEW BEST MODEL: 	Epoch: 64	Dev loss: 0.7930	Dev acc: 81.79	Dev fscore(p/r/f): (88.16/84.19/86.13)
Training: 	Epoch: 65	Time: 39.9592	Training Loss: 0.0300	Sep Loss: 0.0000	Tag Loss: 0.0000
Evaluation: 	Epoch: 65	Time: 2.6317	Dev acc: 80.38	Dev fscore(p/r/f): (86.15/82.90/84.50)
NEW BEST MODEL: 	Epoch: 65	Dev loss: 0.8407	Dev acc: 80.38	Dev fscore(p/r/f): (86.15/82.90/84.50)
Training: 	Epoch: 66	Time: 40.9762	Training Loss: 0.0315	Sep Loss: 0.0000	Tag Loss: 0.0000
Evaluation: 	Epoch: 66	Time: 2.8797	Dev acc: 81.69	Dev fscore(p/r/f): (87.68/83.73/85.66)
NEW BEST MODEL: 	Epoch: 66	Dev loss: 0.7940	Dev acc: 81.69	Dev fscore(p/r/f): (87.68/83.73/85.66)
Training: 	Epoch: 67	Time: 40.7033	Training Loss: 0.0409	Sep Loss: 0.0000	Tag Loss: 0.0000
Evaluation: 	Epoch: 67	Time: 2.8991	Dev acc: 80.78	Dev fscore(p/r/f): (86.46/82.72/84.55)
NEW BEST MODEL: 	Epoch: 67	Dev loss: 0.7485	Dev acc: 80.78	Dev fscore(p/r/f): (86.46/82.72/84.55)
Training: 	Epoch: 68	Time: 39.9202	Training Loss: 0.0338	Sep Loss: 0.0000	Tag Loss: 0.0000
Evaluation: 	Epoch: 68	Time: 2.9902	Dev acc: 81.79	Dev fscore(p/r/f): (87.79/83.92/85.81)
NEW BEST MODEL: 	Epoch: 68	Dev loss: 0.7469	Dev acc: 81.79	Dev fscore(p/r/f): (87.79/83.92/85.81)
Training: 	Epoch: 69	Time: 40.4136	Training Loss: 0.0256	Sep Loss: 0.0000	Tag Loss: 0.0000
Evaluation: 	Epoch: 69	Time: 2.3168	Dev acc: 80.99	Dev fscore(p/r/f): (87.62/83.27/85.39)
NEW BEST MODEL: 	Epoch: 69	Dev loss: 0.8298	Dev acc: 80.99	Dev fscore(p/r/f): (87.62/83.27/85.39)
Training: 	Epoch: 70	Time: 40.0584	Training Loss: 0.0256	Sep Loss: 0.0000	Tag Loss: 0.0000
Evaluation: 	Epoch: 70	Time: 2.2720	Dev acc: 80.78	Dev fscore(p/r/f): (86.73/82.90/84.77)
NEW BEST MODEL: 	Epoch: 70	Dev loss: 0.8082	Dev acc: 80.78	Dev fscore(p/r/f): (86.73/82.90/84.77)
Training: 	Epoch: 71	Time: 40.1192	Training Loss: 0.0251	Sep Loss: 0.0000	Tag Loss: 0.0000
Evaluation: 	Epoch: 71	Time: 1.9239	Dev acc: 80.08	Dev fscore(p/r/f): (86.27/81.99/84.07)
NEW BEST MODEL: 	Epoch: 71	Dev loss: 0.8621	Dev acc: 80.08	Dev fscore(p/r/f): (86.27/81.99/84.07)
Training: 	Epoch: 72	Time: 40.6447	Training Loss: 0.0288	Sep Loss: 0.0000	Tag Loss: 0.0000
Evaluation: 	Epoch: 72	Time: 2.4820	Dev acc: 80.28	Dev fscore(p/r/f): (87.12/82.72/84.87)
NEW BEST MODEL: 	Epoch: 72	Dev loss: 0.8493	Dev acc: 80.28	Dev fscore(p/r/f): (87.12/82.72/84.87)
Training: 	Epoch: 73	Time: 40.9726	Training Loss: 0.0301	Sep Loss: 0.0000	Tag Loss: 0.0000
Evaluation: 	Epoch: 73	Time: 2.8810	Dev acc: 80.28	Dev fscore(p/r/f): (86.75/82.44/84.54)
NEW BEST MODEL: 	Epoch: 73	Dev loss: 0.8468	Dev acc: 80.28	Dev fscore(p/r/f): (86.75/82.44/84.54)
Training: 	Epoch: 74	Time: 41.4706	Training Loss: 0.0238	Sep Loss: 0.0000	Tag Loss: 0.0000
Evaluation: 	Epoch: 74	Time: 2.9352	Dev acc: 81.19	Dev fscore(p/r/f): (87.08/83.64/85.33)
NEW BEST MODEL: 	Epoch: 74	Dev loss: 0.7843	Dev acc: 81.19	Dev fscore(p/r/f): (87.08/83.64/85.33)
Training: 	Epoch: 75	Time: 41.7131	Training Loss: 0.0234	Sep Loss: 0.0000	Tag Loss: 0.0000
Evaluation: 	Epoch: 75	Time: 1.5426	Dev acc: 81.29	Dev fscore(p/r/f): (87.07/83.55/85.27)
NEW BEST MODEL: 	Epoch: 75	Dev loss: 0.7990	Dev acc: 81.29	Dev fscore(p/r/f): (87.07/83.55/85.27)
Training: 	Epoch: 76	Time: 41.4957	Training Loss: 0.0265	Sep Loss: 0.0000	Tag Loss: 0.0000
Evaluation: 	Epoch: 76	Time: 1.3231	Dev acc: 81.89	Dev fscore(p/r/f): (87.31/84.10/85.67)
NEW BEST MODEL: 	Epoch: 76	Dev loss: 0.7784	Dev acc: 81.89	Dev fscore(p/r/f): (87.31/84.10/85.67)
Training: 	Epoch: 77	Time: 41.7685	Training Loss: 0.0278	Sep Loss: 0.0000	Tag Loss: 0.0000
Evaluation: 	Epoch: 77	Time: 1.2133	Dev acc: 80.99	Dev fscore(p/r/f): (87.34/82.44/84.82)
NEW BEST MODEL: 	Epoch: 77	Dev loss: 0.9659	Dev acc: 80.99	Dev fscore(p/r/f): (87.34/82.44/84.82)
Training: 	Epoch: 78	Time: 41.3928	Training Loss: 0.0237	Sep Loss: 0.0000	Tag Loss: 0.0000
Evaluation: 	Epoch: 78	Time: 1.3640	Dev acc: 80.89	Dev fscore(p/r/f): (87.16/83.00/85.03)
NEW BEST MODEL: 	Epoch: 78	Dev loss: 0.8486	Dev acc: 80.89	Dev fscore(p/r/f): (87.16/83.00/85.03)
Training: 	Epoch: 79	Time: 41.8089	Training Loss: 0.0211	Sep Loss: 0.0000	Tag Loss: 0.0000
Evaluation: 	Epoch: 79	Time: 1.1499	Dev acc: 80.68	Dev fscore(p/r/f): (87.50/82.35/84.85)
NEW BEST MODEL: 	Epoch: 79	Dev loss: 0.8880	Dev acc: 80.68	Dev fscore(p/r/f): (87.50/82.35/84.85)
Training: 	Epoch: 80	Time: 41.9397	Training Loss: 0.0338	Sep Loss: 0.0000	Tag Loss: 0.0000
Evaluation: 	Epoch: 80	Time: 1.3682	Dev acc: 82.39	Dev fscore(p/r/f): (88.21/84.56/86.34)
NEW BEST MODEL: 	Epoch: 80	Dev loss: 0.7815	Dev acc: 82.39	Dev fscore(p/r/f): (88.21/84.56/86.34)
Training: 	Epoch: 81	Time: 41.5328	Training Loss: 0.0257	Sep Loss: 0.0000	Tag Loss: 0.0000
Evaluation: 	Epoch: 81	Time: 1.1721	Dev acc: 81.29	Dev fscore(p/r/f): (87.14/83.46/85.26)
NEW BEST MODEL: 	Epoch: 81	Dev loss: 0.8681	Dev acc: 81.29	Dev fscore(p/r/f): (87.14/83.46/85.26)
Training: 	Epoch: 82	Time: 41.6909	Training Loss: 0.0233	Sep Loss: 0.0000	Tag Loss: 0.0000
Evaluation: 	Epoch: 82	Time: 1.0642	Dev acc: 80.89	Dev fscore(p/r/f): (86.89/82.81/84.80)
NEW BEST MODEL: 	Epoch: 82	Dev loss: 0.8780	Dev acc: 80.89	Dev fscore(p/r/f): (86.89/82.81/84.80)
Training: 	Epoch: 83	Time: 41.7477	Training Loss: 0.0214	Sep Loss: 0.0000	Tag Loss: 0.0000
Evaluation: 	Epoch: 83	Time: 1.0437	Dev acc: 80.48	Dev fscore(p/r/f): (85.89/82.81/84.32)
NEW BEST MODEL: 	Epoch: 83	Dev loss: 0.9032	Dev acc: 80.48	Dev fscore(p/r/f): (85.89/82.81/84.32)
Training: 	Epoch: 84	Time: 41.6994	Training Loss: 0.0200	Sep Loss: 0.0000	Tag Loss: 0.0000
Evaluation: 	Epoch: 84	Time: 1.0682	Dev acc: 81.49	Dev fscore(p/r/f): (87.71/83.27/85.43)
NEW BEST MODEL: 	Epoch: 84	Dev loss: 0.8830	Dev acc: 81.49	Dev fscore(p/r/f): (87.71/83.27/85.43)
Training: 	Epoch: 85	Time: 41.7689	Training Loss: 0.0229	Sep Loss: 0.0000	Tag Loss: 0.0000
Evaluation: 	Epoch: 85	Time: 1.0724	Dev acc: 81.49	Dev fscore(p/r/f): (87.14/83.46/85.26)
NEW BEST MODEL: 	Epoch: 85	Dev loss: 0.8391	Dev acc: 81.49	Dev fscore(p/r/f): (87.14/83.46/85.26)
Training: 	Epoch: 86	Time: 41.8670	Training Loss: 0.0207	Sep Loss: 0.0000	Tag Loss: 0.0000
Evaluation: 	Epoch: 86	Time: 1.0727	Dev acc: 80.89	Dev fscore(p/r/f): (86.41/83.00/84.67)
NEW BEST MODEL: 	Epoch: 86	Dev loss: 0.9491	Dev acc: 80.89	Dev fscore(p/r/f): (86.41/83.00/84.67)
Training: 	Epoch: 87	Time: 41.9537	Training Loss: 0.0239	Sep Loss: 0.0000	Tag Loss: 0.0000
Evaluation: 	Epoch: 87	Time: 1.2429	Dev acc: 81.29	Dev fscore(p/r/f): (86.94/83.18/85.02)
NEW BEST MODEL: 	Epoch: 87	Dev loss: 0.8820	Dev acc: 81.29	Dev fscore(p/r/f): (86.94/83.18/85.02)
Training: 	Epoch: 88	Time: 41.8298	Training Loss: 0.0278	Sep Loss: 0.0000	Tag Loss: 0.0000
Evaluation: 	Epoch: 88	Time: 1.4065	Dev acc: 81.49	Dev fscore(p/r/f): (87.33/83.64/85.45)
NEW BEST MODEL: 	Epoch: 88	Dev loss: 0.8384	Dev acc: 81.49	Dev fscore(p/r/f): (87.33/83.64/85.45)
Training: 	Epoch: 89	Time: 41.5902	Training Loss: 0.0215	Sep Loss: 0.0000	Tag Loss: 0.0000
Evaluation: 	Epoch: 89	Time: 1.6931	Dev acc: 82.29	Dev fscore(p/r/f): (88.65/84.01/86.27)
NEW BEST MODEL: 	Epoch: 89	Dev loss: 0.8614	Dev acc: 82.29	Dev fscore(p/r/f): (88.65/84.01/86.27)
Training: 	Epoch: 90	Time: 41.1947	Training Loss: 0.0202	Sep Loss: 0.0000	Tag Loss: 0.0000
Evaluation: 	Epoch: 90	Time: 1.5253	Dev acc: 82.29	Dev fscore(p/r/f): (88.61/84.38/86.44)
NEW BEST MODEL: 	Epoch: 90	Dev loss: 0.8328	Dev acc: 82.29	Dev fscore(p/r/f): (88.61/84.38/86.44)
Training: 	Epoch: 91	Time: 41.2796	Training Loss: 0.0196	Sep Loss: 0.0000	Tag Loss: 0.0000
Evaluation: 	Epoch: 91	Time: 1.4440	Dev acc: 81.99	Dev fscore(p/r/f): (87.92/84.28/86.06)
NEW BEST MODEL: 	Epoch: 91	Dev loss: 0.8288	Dev acc: 81.99	Dev fscore(p/r/f): (87.92/84.28/86.06)
Training: 	Epoch: 92	Time: 41.2917	Training Loss: 0.0217	Sep Loss: 0.0000	Tag Loss: 0.0000
Evaluation: 	Epoch: 92	Time: 1.3748	Dev acc: 82.09	Dev fscore(p/r/f): (88.58/84.10/86.28)
NEW BEST MODEL: 	Epoch: 92	Dev loss: 0.9220	Dev acc: 82.09	Dev fscore(p/r/f): (88.58/84.10/86.28)
Training: 	Epoch: 93	Time: 41.4603	Training Loss: 0.0223	Sep Loss: 0.0000	Tag Loss: 0.0000
Evaluation: 	Epoch: 93	Time: 1.3562	Dev acc: 80.68	Dev fscore(p/r/f): (86.64/82.26/84.39)
NEW BEST MODEL: 	Epoch: 93	Dev loss: 0.9299	Dev acc: 80.68	Dev fscore(p/r/f): (86.64/82.26/84.39)
Training: 	Epoch: 94	Time: 41.4584	Training Loss: 0.0246	Sep Loss: 0.0000	Tag Loss: 0.0000
Evaluation: 	Epoch: 94	Time: 1.3755	Dev acc: 81.49	Dev fscore(p/r/f): (87.90/83.46/85.62)
NEW BEST MODEL: 	Epoch: 94	Dev loss: 0.9318	Dev acc: 81.49	Dev fscore(p/r/f): (87.90/83.46/85.62)
Training: 	Epoch: 95	Time: 41.5103	Training Loss: 0.0219	Sep Loss: 0.0000	Tag Loss: 0.0000
Evaluation: 	Epoch: 95	Time: 1.4550	Dev acc: 82.29	Dev fscore(p/r/f): (88.00/84.28/86.10)
NEW BEST MODEL: 	Epoch: 95	Dev loss: 0.8522	Dev acc: 82.29	Dev fscore(p/r/f): (88.00/84.28/86.10)
Training: 	Epoch: 96	Time: 41.3223	Training Loss: 0.0219	Sep Loss: 0.0000	Tag Loss: 0.0000
Evaluation: 	Epoch: 96	Time: 1.4628	Dev acc: 81.69	Dev fscore(p/r/f): (88.01/83.64/85.77)
NEW BEST MODEL: 	Epoch: 96	Dev loss: 0.8467	Dev acc: 81.69	Dev fscore(p/r/f): (88.01/83.64/85.77)
Training: 	Epoch: 97	Time: 41.2287	Training Loss: 0.0252	Sep Loss: 0.0000	Tag Loss: 0.0000
Evaluation: 	Epoch: 97	Time: 1.5074	Dev acc: 81.39	Dev fscore(p/r/f): (87.51/83.73/85.58)
NEW BEST MODEL: 	Epoch: 97	Dev loss: 0.8136	Dev acc: 81.39	Dev fscore(p/r/f): (87.51/83.73/85.58)
Training: 	Epoch: 98	Time: 41.2161	Training Loss: 0.0199	Sep Loss: 0.0000	Tag Loss: 0.0000
Evaluation: 	Epoch: 98	Time: 1.5571	Dev acc: 81.79	Dev fscore(p/r/f): (87.79/83.92/85.81)
NEW BEST MODEL: 	Epoch: 98	Dev loss: 0.8178	Dev acc: 81.79	Dev fscore(p/r/f): (87.79/83.92/85.81)
Training: 	Epoch: 99	Time: 41.0951	Training Loss: 0.0203	Sep Loss: 0.0000	Tag Loss: 0.0000
Evaluation: 	Epoch: 99	Time: 1.8513	Dev acc: 82.49	Dev fscore(p/r/f): (88.23/84.74/86.45)
NEW BEST MODEL: 	Epoch: 99	Dev loss: 0.8470	Dev acc: 82.49	Dev fscore(p/r/f): (88.23/84.74/86.45)
FINAL BEST RESULT: 	Epoch: 99	Dev loss: 0.8470	Dev acc: 82.4950	Dev fscore(p/r/f): (88.2297/84.7426/86.4510)
