Use pretrained model: hfl/chinese-lert-base
Dataset size: train -> 15690
Load dataset and database finished, cost 8.2428s ...
Dataset size: dev -> 895
Total training steps: 49100
Start training ......
Training: 	Epoch: 0	Time: 41.7546	Training Loss: 2.8385	Sep Loss: 0.0000	Tag Loss: 0.0000
Evaluation: 	Epoch: 0	Time: 2.6991	Dev acc: 54.86	Dev fscore(p/r/f): (57.70/55.47/56.57)
NEW BEST MODEL: 	Epoch: 0	Dev loss: 1.9840	Dev acc: 54.86	Dev fscore(p/r/f): (57.70/55.47/56.57)
Training: 	Epoch: 1	Time: 40.1948	Training Loss: 1.4442	Sep Loss: 0.0000	Tag Loss: 0.0000
Evaluation: 	Epoch: 1	Time: 1.9190	Dev acc: 68.94	Dev fscore(p/r/f): (70.67/70.59/70.63)
NEW BEST MODEL: 	Epoch: 1	Dev loss: 1.5353	Dev acc: 68.94	Dev fscore(p/r/f): (70.67/70.59/70.63)
Training: 	Epoch: 2	Time: 39.9426	Training Loss: 1.0683	Sep Loss: 0.0000	Tag Loss: 0.0000
Evaluation: 	Epoch: 2	Time: 2.4065	Dev acc: 69.72	Dev fscore(p/r/f): (73.22/72.99/73.11)
NEW BEST MODEL: 	Epoch: 2	Dev loss: 1.4235	Dev acc: 69.72	Dev fscore(p/r/f): (73.22/72.99/73.11)
Training: 	Epoch: 3	Time: 40.6194	Training Loss: 0.8649	Sep Loss: 0.0000	Tag Loss: 0.0000
Evaluation: 	Epoch: 3	Time: 1.7243	Dev acc: 70.39	Dev fscore(p/r/f): (76.50/73.31/74.87)
NEW BEST MODEL: 	Epoch: 3	Dev loss: 1.2308	Dev acc: 70.39	Dev fscore(p/r/f): (76.50/73.31/74.87)
Training: 	Epoch: 4	Time: 39.6032	Training Loss: 0.7197	Sep Loss: 0.0000	Tag Loss: 0.0000
Evaluation: 	Epoch: 4	Time: 2.1716	Dev acc: 72.51	Dev fscore(p/r/f): (77.13/76.33/76.73)
NEW BEST MODEL: 	Epoch: 4	Dev loss: 1.3539	Dev acc: 72.51	Dev fscore(p/r/f): (77.13/76.33/76.73)
Training: 	Epoch: 5	Time: 40.2202	Training Loss: 0.6143	Sep Loss: 0.0000	Tag Loss: 0.0000
Evaluation: 	Epoch: 5	Time: 2.6922	Dev acc: 71.62	Dev fscore(p/r/f): (79.55/74.24/76.81)
NEW BEST MODEL: 	Epoch: 5	Dev loss: 1.1239	Dev acc: 71.62	Dev fscore(p/r/f): (79.55/74.24/76.81)
Training: 	Epoch: 6	Time: 40.7979	Training Loss: 0.5329	Sep Loss: 0.0000	Tag Loss: 0.0000
Evaluation: 	Epoch: 6	Time: 2.4480	Dev acc: 72.74	Dev fscore(p/r/f): (79.98/76.23/78.06)
NEW BEST MODEL: 	Epoch: 6	Dev loss: 1.1858	Dev acc: 72.74	Dev fscore(p/r/f): (79.98/76.23/78.06)
Training: 	Epoch: 7	Time: 40.5329	Training Loss: 0.4660	Sep Loss: 0.0000	Tag Loss: 0.0000
Evaluation: 	Epoch: 7	Time: 2.2048	Dev acc: 73.18	Dev fscore(p/r/f): (79.78/77.37/78.56)
NEW BEST MODEL: 	Epoch: 7	Dev loss: 1.3365	Dev acc: 73.18	Dev fscore(p/r/f): (79.78/77.37/78.56)
Training: 	Epoch: 8	Time: 40.1918	Training Loss: 0.4112	Sep Loss: 0.0000	Tag Loss: 0.0000
Evaluation: 	Epoch: 8	Time: 2.6760	Dev acc: 73.07	Dev fscore(p/r/f): (82.09/76.02/78.94)
NEW BEST MODEL: 	Epoch: 8	Dev loss: 1.2303	Dev acc: 73.07	Dev fscore(p/r/f): (82.09/76.02/78.94)
Training: 	Epoch: 9	Time: 40.3030	Training Loss: 0.3786	Sep Loss: 0.0000	Tag Loss: 0.0000
Evaluation: 	Epoch: 9	Time: 2.5306	Dev acc: 73.52	Dev fscore(p/r/f): (80.95/76.64/78.74)
NEW BEST MODEL: 	Epoch: 9	Dev loss: 1.3228	Dev acc: 73.52	Dev fscore(p/r/f): (80.95/76.64/78.74)
Training: 	Epoch: 10	Time: 40.2330	Training Loss: 0.3302	Sep Loss: 0.0000	Tag Loss: 0.0000
Evaluation: 	Epoch: 10	Time: 2.3061	Dev acc: 74.41	Dev fscore(p/r/f): (81.66/78.00/79.79)
NEW BEST MODEL: 	Epoch: 10	Dev loss: 1.4275	Dev acc: 74.41	Dev fscore(p/r/f): (81.66/78.00/79.79)
Training: 	Epoch: 11	Time: 40.2556	Training Loss: 0.3022	Sep Loss: 0.0000	Tag Loss: 0.0000
Evaluation: 	Epoch: 11	Time: 2.3560	Dev acc: 75.08	Dev fscore(p/r/f): (80.80/78.10/79.43)
NEW BEST MODEL: 	Epoch: 11	Dev loss: 1.3865	Dev acc: 75.08	Dev fscore(p/r/f): (80.80/78.10/79.43)
Training: 	Epoch: 12	Time: 40.0587	Training Loss: 0.2629	Sep Loss: 0.0000	Tag Loss: 0.0000
Evaluation: 	Epoch: 12	Time: 2.3943	Dev acc: 73.97	Dev fscore(p/r/f): (79.60/78.52/79.06)
NEW BEST MODEL: 	Epoch: 12	Dev loss: 1.6023	Dev acc: 73.97	Dev fscore(p/r/f): (79.60/78.52/79.06)
Training: 	Epoch: 13	Time: 40.4278	Training Loss: 0.2408	Sep Loss: 0.0000	Tag Loss: 0.0000
Evaluation: 	Epoch: 13	Time: 2.5560	Dev acc: 74.53	Dev fscore(p/r/f): (79.14/78.73/78.93)
NEW BEST MODEL: 	Epoch: 13	Dev loss: 1.7497	Dev acc: 74.53	Dev fscore(p/r/f): (79.14/78.73/78.93)
Training: 	Epoch: 14	Time: 40.2921	Training Loss: 0.2283	Sep Loss: 0.0000	Tag Loss: 0.0000
Evaluation: 	Epoch: 14	Time: 2.4924	Dev acc: 73.63	Dev fscore(p/r/f): (80.91/77.79/79.32)
NEW BEST MODEL: 	Epoch: 14	Dev loss: 1.5578	Dev acc: 73.63	Dev fscore(p/r/f): (80.91/77.79/79.32)
Training: 	Epoch: 15	Time: 40.6016	Training Loss: 0.1946	Sep Loss: 0.0000	Tag Loss: 0.0000
Evaluation: 	Epoch: 15	Time: 2.4482	Dev acc: 73.85	Dev fscore(p/r/f): (79.81/77.89/78.84)
NEW BEST MODEL: 	Epoch: 15	Dev loss: 1.7315	Dev acc: 73.85	Dev fscore(p/r/f): (79.81/77.89/78.84)
Training: 	Epoch: 16	Time: 40.4674	Training Loss: 0.1827	Sep Loss: 0.0000	Tag Loss: 0.0000
Evaluation: 	Epoch: 16	Time: 2.6446	Dev acc: 75.20	Dev fscore(p/r/f): (81.55/78.83/80.17)
NEW BEST MODEL: 	Epoch: 16	Dev loss: 1.6951	Dev acc: 75.20	Dev fscore(p/r/f): (81.55/78.83/80.17)
Training: 	Epoch: 17	Time: 40.8720	Training Loss: 0.1688	Sep Loss: 0.0000	Tag Loss: 0.0000
Evaluation: 	Epoch: 17	Time: 2.3247	Dev acc: 75.08	Dev fscore(p/r/f): (80.36/78.94/79.64)
NEW BEST MODEL: 	Epoch: 17	Dev loss: 1.8295	Dev acc: 75.08	Dev fscore(p/r/f): (80.36/78.94/79.64)
Training: 	Epoch: 18	Time: 40.5015	Training Loss: 0.1689	Sep Loss: 0.0000	Tag Loss: 0.0000
Evaluation: 	Epoch: 18	Time: 2.1478	Dev acc: 74.64	Dev fscore(p/r/f): (80.89/78.10/79.47)
NEW BEST MODEL: 	Epoch: 18	Dev loss: 1.5915	Dev acc: 74.64	Dev fscore(p/r/f): (80.89/78.10/79.47)
Training: 	Epoch: 19	Time: 40.5734	Training Loss: 0.1558	Sep Loss: 0.0000	Tag Loss: 0.0000
Evaluation: 	Epoch: 19	Time: 1.6786	Dev acc: 76.20	Dev fscore(p/r/f): (82.16/79.25/80.68)
NEW BEST MODEL: 	Epoch: 19	Dev loss: 1.6364	Dev acc: 76.20	Dev fscore(p/r/f): (82.16/79.25/80.68)
Training: 	Epoch: 20	Time: 40.5053	Training Loss: 0.1365	Sep Loss: 0.0000	Tag Loss: 0.0000
Evaluation: 	Epoch: 20	Time: 2.2238	Dev acc: 75.42	Dev fscore(p/r/f): (80.43/78.83/79.62)
NEW BEST MODEL: 	Epoch: 20	Dev loss: 1.6636	Dev acc: 75.42	Dev fscore(p/r/f): (80.43/78.83/79.62)
Training: 	Epoch: 21	Time: 40.7314	Training Loss: 0.1231	Sep Loss: 0.0000	Tag Loss: 0.0000
Evaluation: 	Epoch: 21	Time: 2.8614	Dev acc: 75.08	Dev fscore(p/r/f): (81.45/78.31/79.85)
NEW BEST MODEL: 	Epoch: 21	Dev loss: 1.6975	Dev acc: 75.08	Dev fscore(p/r/f): (81.45/78.31/79.85)
Training: 	Epoch: 22	Time: 40.3415	Training Loss: 0.1184	Sep Loss: 0.0000	Tag Loss: 0.0000
Evaluation: 	Epoch: 22	Time: 2.8583	Dev acc: 73.07	Dev fscore(p/r/f): (77.94/76.64/77.29)
NEW BEST MODEL: 	Epoch: 22	Dev loss: 2.0003	Dev acc: 73.07	Dev fscore(p/r/f): (77.94/76.64/77.29)
Training: 	Epoch: 23	Time: 39.9221	Training Loss: 0.1097	Sep Loss: 0.0000	Tag Loss: 0.0000
Evaluation: 	Epoch: 23	Time: 2.5543	Dev acc: 74.30	Dev fscore(p/r/f): (79.51/78.10/78.80)
NEW BEST MODEL: 	Epoch: 23	Dev loss: 1.8878	Dev acc: 74.30	Dev fscore(p/r/f): (79.51/78.10/78.80)
Training: 	Epoch: 24	Time: 40.7570	Training Loss: 0.1067	Sep Loss: 0.0000	Tag Loss: 0.0000
Evaluation: 	Epoch: 24	Time: 2.3580	Dev acc: 73.97	Dev fscore(p/r/f): (79.81/77.48/78.62)
NEW BEST MODEL: 	Epoch: 24	Dev loss: 1.6867	Dev acc: 73.97	Dev fscore(p/r/f): (79.81/77.48/78.62)
Training: 	Epoch: 25	Time: 40.6907	Training Loss: 0.0910	Sep Loss: 0.0000	Tag Loss: 0.0000
Evaluation: 	Epoch: 25	Time: 1.6276	Dev acc: 75.42	Dev fscore(p/r/f): (81.47/78.83/80.13)
NEW BEST MODEL: 	Epoch: 25	Dev loss: 1.9173	Dev acc: 75.42	Dev fscore(p/r/f): (81.47/78.83/80.13)
Training: 	Epoch: 26	Time: 40.5211	Training Loss: 0.0918	Sep Loss: 0.0000	Tag Loss: 0.0000
Evaluation: 	Epoch: 26	Time: 2.7948	Dev acc: 75.64	Dev fscore(p/r/f): (80.49/79.56/80.02)
NEW BEST MODEL: 	Epoch: 26	Dev loss: 1.9371	Dev acc: 75.64	Dev fscore(p/r/f): (80.49/79.56/80.02)
Training: 	Epoch: 27	Time: 40.8103	Training Loss: 0.0885	Sep Loss: 0.0000	Tag Loss: 0.0000
Evaluation: 	Epoch: 27	Time: 2.4511	Dev acc: 73.85	Dev fscore(p/r/f): (80.28/77.69/78.96)
NEW BEST MODEL: 	Epoch: 27	Dev loss: 1.8069	Dev acc: 73.85	Dev fscore(p/r/f): (80.28/77.69/78.96)
Training: 	Epoch: 28	Time: 40.3429	Training Loss: 0.0785	Sep Loss: 0.0000	Tag Loss: 0.0000
Evaluation: 	Epoch: 28	Time: 2.2205	Dev acc: 74.75	Dev fscore(p/r/f): (80.54/78.10/79.30)
NEW BEST MODEL: 	Epoch: 28	Dev loss: 1.8683	Dev acc: 74.75	Dev fscore(p/r/f): (80.54/78.10/79.30)
Training: 	Epoch: 29	Time: 40.5735	Training Loss: 0.0862	Sep Loss: 0.0000	Tag Loss: 0.0000
Evaluation: 	Epoch: 29	Time: 2.1771	Dev acc: 75.64	Dev fscore(p/r/f): (81.29/78.83/80.04)
NEW BEST MODEL: 	Epoch: 29	Dev loss: 2.0415	Dev acc: 75.64	Dev fscore(p/r/f): (81.29/78.83/80.04)
Training: 	Epoch: 30	Time: 40.6280	Training Loss: 0.0707	Sep Loss: 0.0000	Tag Loss: 0.0000
Evaluation: 	Epoch: 30	Time: 2.0502	Dev acc: 73.97	Dev fscore(p/r/f): (81.52/77.27/79.34)
NEW BEST MODEL: 	Epoch: 30	Dev loss: 2.0242	Dev acc: 73.97	Dev fscore(p/r/f): (81.52/77.27/79.34)
Training: 	Epoch: 31	Time: 40.9681	Training Loss: 0.0698	Sep Loss: 0.0000	Tag Loss: 0.0000
Evaluation: 	Epoch: 31	Time: 2.4154	Dev acc: 75.53	Dev fscore(p/r/f): (81.95/79.04/80.47)
NEW BEST MODEL: 	Epoch: 31	Dev loss: 2.1988	Dev acc: 75.53	Dev fscore(p/r/f): (81.95/79.04/80.47)
Training: 	Epoch: 32	Time: 40.6833	Training Loss: 0.0750	Sep Loss: 0.0000	Tag Loss: 0.0000
Evaluation: 	Epoch: 32	Time: 2.5056	Dev acc: 74.64	Dev fscore(p/r/f): (82.19/78.42/80.26)
NEW BEST MODEL: 	Epoch: 32	Dev loss: 1.9399	Dev acc: 74.64	Dev fscore(p/r/f): (82.19/78.42/80.26)
Training: 	Epoch: 33	Time: 40.7636	Training Loss: 0.0673	Sep Loss: 0.0000	Tag Loss: 0.0000
Evaluation: 	Epoch: 33	Time: 1.6848	Dev acc: 75.08	Dev fscore(p/r/f): (82.46/78.42/80.38)
NEW BEST MODEL: 	Epoch: 33	Dev loss: 1.8707	Dev acc: 75.08	Dev fscore(p/r/f): (82.46/78.42/80.38)
Training: 	Epoch: 34	Time: 40.6314	Training Loss: 0.0628	Sep Loss: 0.0000	Tag Loss: 0.0000
Evaluation: 	Epoch: 34	Time: 2.4589	Dev acc: 75.87	Dev fscore(p/r/f): (82.56/79.46/80.98)
NEW BEST MODEL: 	Epoch: 34	Dev loss: 1.9597	Dev acc: 75.87	Dev fscore(p/r/f): (82.56/79.46/80.98)
Training: 	Epoch: 35	Time: 40.7705	Training Loss: 0.0568	Sep Loss: 0.0000	Tag Loss: 0.0000
Evaluation: 	Epoch: 35	Time: 1.8708	Dev acc: 75.53	Dev fscore(p/r/f): (82.88/79.25/81.02)
NEW BEST MODEL: 	Epoch: 35	Dev loss: 1.9157	Dev acc: 75.53	Dev fscore(p/r/f): (82.88/79.25/81.02)
Training: 	Epoch: 36	Time: 40.9364	Training Loss: 0.0498	Sep Loss: 0.0000	Tag Loss: 0.0000
Evaluation: 	Epoch: 36	Time: 1.7999	Dev acc: 74.08	Dev fscore(p/r/f): (81.53/77.79/79.62)
NEW BEST MODEL: 	Epoch: 36	Dev loss: 2.0307	Dev acc: 74.08	Dev fscore(p/r/f): (81.53/77.79/79.62)
Training: 	Epoch: 37	Time: 40.5008	Training Loss: 0.0527	Sep Loss: 0.0000	Tag Loss: 0.0000
Evaluation: 	Epoch: 37	Time: 1.9885	Dev acc: 77.21	Dev fscore(p/r/f): (82.74/80.50/81.61)
NEW BEST MODEL: 	Epoch: 37	Dev loss: 2.1672	Dev acc: 77.21	Dev fscore(p/r/f): (82.74/80.50/81.61)
Training: 	Epoch: 38	Time: 40.9017	Training Loss: 0.0487	Sep Loss: 0.0000	Tag Loss: 0.0000
Evaluation: 	Epoch: 38	Time: 2.2433	Dev acc: 74.86	Dev fscore(p/r/f): (81.15/78.10/79.60)
NEW BEST MODEL: 	Epoch: 38	Dev loss: 2.1585	Dev acc: 74.86	Dev fscore(p/r/f): (81.15/78.10/79.60)
Training: 	Epoch: 39	Time: 40.5982	Training Loss: 0.0583	Sep Loss: 0.0000	Tag Loss: 0.0000
Evaluation: 	Epoch: 39	Time: 1.9056	Dev acc: 75.20	Dev fscore(p/r/f): (82.19/78.42/80.26)
NEW BEST MODEL: 	Epoch: 39	Dev loss: 2.2106	Dev acc: 75.20	Dev fscore(p/r/f): (82.19/78.42/80.26)
Training: 	Epoch: 40	Time: 41.1346	Training Loss: 0.0475	Sep Loss: 0.0000	Tag Loss: 0.0000
Evaluation: 	Epoch: 40	Time: 1.8577	Dev acc: 74.97	Dev fscore(p/r/f): (81.12/78.42/79.75)
NEW BEST MODEL: 	Epoch: 40	Dev loss: 2.3161	Dev acc: 74.97	Dev fscore(p/r/f): (81.12/78.42/79.75)
Training: 	Epoch: 41	Time: 40.7207	Training Loss: 0.0563	Sep Loss: 0.0000	Tag Loss: 0.0000
Evaluation: 	Epoch: 41	Time: 1.8837	Dev acc: 73.85	Dev fscore(p/r/f): (81.50/77.16/79.27)
NEW BEST MODEL: 	Epoch: 41	Dev loss: 1.8945	Dev acc: 73.85	Dev fscore(p/r/f): (81.50/77.16/79.27)
Training: 	Epoch: 42	Time: 41.0858	Training Loss: 0.0481	Sep Loss: 0.0000	Tag Loss: 0.0000
Evaluation: 	Epoch: 42	Time: 2.1037	Dev acc: 76.20	Dev fscore(p/r/f): (82.86/79.14/80.96)
NEW BEST MODEL: 	Epoch: 42	Dev loss: 1.9519	Dev acc: 76.20	Dev fscore(p/r/f): (82.86/79.14/80.96)
Training: 	Epoch: 43	Time: 40.8355	Training Loss: 0.0417	Sep Loss: 0.0000	Tag Loss: 0.0000
Evaluation: 	Epoch: 43	Time: 1.8919	Dev acc: 76.09	Dev fscore(p/r/f): (81.40/79.87/80.63)
NEW BEST MODEL: 	Epoch: 43	Dev loss: 2.3484	Dev acc: 76.09	Dev fscore(p/r/f): (81.40/79.87/80.63)
Training: 	Epoch: 44	Time: 40.2724	Training Loss: 0.0433	Sep Loss: 0.0000	Tag Loss: 0.0000
Evaluation: 	Epoch: 44	Time: 2.0214	Dev acc: 75.08	Dev fscore(p/r/f): (81.31/78.94/80.11)
NEW BEST MODEL: 	Epoch: 44	Dev loss: 2.1703	Dev acc: 75.08	Dev fscore(p/r/f): (81.31/78.94/80.11)
Training: 	Epoch: 45	Time: 40.7680	Training Loss: 0.0392	Sep Loss: 0.0000	Tag Loss: 0.0000
Evaluation: 	Epoch: 45	Time: 1.7935	Dev acc: 75.31	Dev fscore(p/r/f): (80.70/79.35/80.02)
NEW BEST MODEL: 	Epoch: 45	Dev loss: 2.4198	Dev acc: 75.31	Dev fscore(p/r/f): (80.70/79.35/80.02)
Training: 	Epoch: 46	Time: 40.9467	Training Loss: 0.0479	Sep Loss: 0.0000	Tag Loss: 0.0000
Evaluation: 	Epoch: 46	Time: 1.7692	Dev acc: 75.98	Dev fscore(p/r/f): (81.60/79.56/80.57)
NEW BEST MODEL: 	Epoch: 46	Dev loss: 2.1611	Dev acc: 75.98	Dev fscore(p/r/f): (81.60/79.56/80.57)
Training: 	Epoch: 47	Time: 40.1747	Training Loss: 0.0392	Sep Loss: 0.0000	Tag Loss: 0.0000
Evaluation: 	Epoch: 47	Time: 1.8042	Dev acc: 75.31	Dev fscore(p/r/f): (81.44/79.14/80.27)
NEW BEST MODEL: 	Epoch: 47	Dev loss: 1.9699	Dev acc: 75.31	Dev fscore(p/r/f): (81.44/79.14/80.27)
Training: 	Epoch: 48	Time: 40.2670	Training Loss: 0.0339	Sep Loss: 0.0000	Tag Loss: 0.0000
Evaluation: 	Epoch: 48	Time: 1.4017	Dev acc: 75.08	Dev fscore(p/r/f): (81.06/79.46/80.25)
NEW BEST MODEL: 	Epoch: 48	Dev loss: 2.6140	Dev acc: 75.08	Dev fscore(p/r/f): (81.06/79.46/80.25)
Training: 	Epoch: 49	Time: 40.1490	Training Loss: 0.0367	Sep Loss: 0.0000	Tag Loss: 0.0000
Evaluation: 	Epoch: 49	Time: 2.3609	Dev acc: 74.97	Dev fscore(p/r/f): (80.23/79.56/79.90)
NEW BEST MODEL: 	Epoch: 49	Dev loss: 2.3099	Dev acc: 74.97	Dev fscore(p/r/f): (80.23/79.56/79.90)
Training: 	Epoch: 50	Time: 40.0343	Training Loss: 0.0386	Sep Loss: 0.0000	Tag Loss: 0.0000
Evaluation: 	Epoch: 50	Time: 2.2708	Dev acc: 75.31	Dev fscore(p/r/f): (81.88/79.14/80.49)
NEW BEST MODEL: 	Epoch: 50	Dev loss: 2.2803	Dev acc: 75.31	Dev fscore(p/r/f): (81.88/79.14/80.49)
Training: 	Epoch: 51	Time: 39.8093	Training Loss: 0.0318	Sep Loss: 0.0000	Tag Loss: 0.0000
Evaluation: 	Epoch: 51	Time: 2.5209	Dev acc: 75.98	Dev fscore(p/r/f): (82.23/79.14/80.66)
NEW BEST MODEL: 	Epoch: 51	Dev loss: 2.3756	Dev acc: 75.98	Dev fscore(p/r/f): (82.23/79.14/80.66)
Training: 	Epoch: 52	Time: 40.7545	Training Loss: 0.0419	Sep Loss: 0.0000	Tag Loss: 0.0000
Evaluation: 	Epoch: 52	Time: 2.0252	Dev acc: 74.75	Dev fscore(p/r/f): (81.11/77.89/79.47)
NEW BEST MODEL: 	Epoch: 52	Dev loss: 2.3697	Dev acc: 74.75	Dev fscore(p/r/f): (81.11/77.89/79.47)
Training: 	Epoch: 53	Time: 40.0087	Training Loss: 0.0353	Sep Loss: 0.0000	Tag Loss: 0.0000
Evaluation: 	Epoch: 53	Time: 2.7522	Dev acc: 76.54	Dev fscore(p/r/f): (82.99/79.87/81.40)
NEW BEST MODEL: 	Epoch: 53	Dev loss: 2.4971	Dev acc: 76.54	Dev fscore(p/r/f): (82.99/79.87/81.40)
Training: 	Epoch: 54	Time: 40.1089	Training Loss: 0.0324	Sep Loss: 0.0000	Tag Loss: 0.0000
Evaluation: 	Epoch: 54	Time: 2.5859	Dev acc: 75.20	Dev fscore(p/r/f): (81.25/78.62/79.92)
NEW BEST MODEL: 	Epoch: 54	Dev loss: 2.5709	Dev acc: 75.20	Dev fscore(p/r/f): (81.25/78.62/79.92)
Training: 	Epoch: 55	Time: 40.0141	Training Loss: 0.0299	Sep Loss: 0.0000	Tag Loss: 0.0000
Evaluation: 	Epoch: 55	Time: 1.6144	Dev acc: 75.75	Dev fscore(p/r/f): (83.06/79.25/81.11)
NEW BEST MODEL: 	Epoch: 55	Dev loss: 2.3398	Dev acc: 75.75	Dev fscore(p/r/f): (83.06/79.25/81.11)
Training: 	Epoch: 56	Time: 39.8781	Training Loss: 0.0326	Sep Loss: 0.0000	Tag Loss: 0.0000
Evaluation: 	Epoch: 56	Time: 2.1689	Dev acc: 75.31	Dev fscore(p/r/f): (82.49/78.62/80.51)
NEW BEST MODEL: 	Epoch: 56	Dev loss: 2.4933	Dev acc: 75.31	Dev fscore(p/r/f): (82.49/78.62/80.51)
Training: 	Epoch: 57	Time: 40.1229	Training Loss: 0.0274	Sep Loss: 0.0000	Tag Loss: 0.0000
Evaluation: 	Epoch: 57	Time: 2.3528	Dev acc: 75.98	Dev fscore(p/r/f): (82.44/78.83/80.60)
NEW BEST MODEL: 	Epoch: 57	Dev loss: 2.4921	Dev acc: 75.98	Dev fscore(p/r/f): (82.44/78.83/80.60)
Training: 	Epoch: 58	Time: 40.5223	Training Loss: 0.0317	Sep Loss: 0.0000	Tag Loss: 0.0000
Evaluation: 	Epoch: 58	Time: 2.3304	Dev acc: 76.42	Dev fscore(p/r/f): (83.70/79.25/81.41)
NEW BEST MODEL: 	Epoch: 58	Dev loss: 2.4290	Dev acc: 76.42	Dev fscore(p/r/f): (83.70/79.25/81.41)
Training: 	Epoch: 59	Time: 40.1914	Training Loss: 0.0349	Sep Loss: 0.0000	Tag Loss: 0.0000
Evaluation: 	Epoch: 59	Time: 1.7261	Dev acc: 76.09	Dev fscore(p/r/f): (83.59/79.14/81.31)
NEW BEST MODEL: 	Epoch: 59	Dev loss: 2.3164	Dev acc: 76.09	Dev fscore(p/r/f): (83.59/79.14/81.31)
Training: 	Epoch: 60	Time: 40.7853	Training Loss: 0.0295	Sep Loss: 0.0000	Tag Loss: 0.0000
Evaluation: 	Epoch: 60	Time: 1.7356	Dev acc: 75.64	Dev fscore(p/r/f): (81.98/78.73/80.32)
NEW BEST MODEL: 	Epoch: 60	Dev loss: 2.3061	Dev acc: 75.64	Dev fscore(p/r/f): (81.98/78.73/80.32)
Training: 	Epoch: 61	Time: 40.1441	Training Loss: 0.0310	Sep Loss: 0.0000	Tag Loss: 0.0000
Evaluation: 	Epoch: 61	Time: 1.5409	Dev acc: 74.97	Dev fscore(p/r/f): (82.83/78.00/80.34)
NEW BEST MODEL: 	Epoch: 61	Dev loss: 2.3106	Dev acc: 74.97	Dev fscore(p/r/f): (82.83/78.00/80.34)
Training: 	Epoch: 62	Time: 40.7650	Training Loss: 0.0329	Sep Loss: 0.0000	Tag Loss: 0.0000
Evaluation: 	Epoch: 62	Time: 2.6224	Dev acc: 76.09	Dev fscore(p/r/f): (82.50/79.14/80.79)
NEW BEST MODEL: 	Epoch: 62	Dev loss: 2.4809	Dev acc: 76.09	Dev fscore(p/r/f): (82.50/79.14/80.79)
Training: 	Epoch: 63	Time: 40.0107	Training Loss: 0.0256	Sep Loss: 0.0000	Tag Loss: 0.0000
Evaluation: 	Epoch: 63	Time: 1.7850	Dev acc: 75.64	Dev fscore(p/r/f): (83.20/78.52/80.79)
NEW BEST MODEL: 	Epoch: 63	Dev loss: 2.2689	Dev acc: 75.64	Dev fscore(p/r/f): (83.20/78.52/80.79)
Training: 	Epoch: 64	Time: 39.9399	Training Loss: 0.0277	Sep Loss: 0.0000	Tag Loss: 0.0000
Evaluation: 	Epoch: 64	Time: 2.0872	Dev acc: 74.75	Dev fscore(p/r/f): (83.13/77.58/80.26)
NEW BEST MODEL: 	Epoch: 64	Dev loss: 2.3138	Dev acc: 74.75	Dev fscore(p/r/f): (83.13/77.58/80.26)
Training: 	Epoch: 65	Time: 39.7499	Training Loss: 0.0300	Sep Loss: 0.0000	Tag Loss: 0.0000
Evaluation: 	Epoch: 65	Time: 2.5731	Dev acc: 76.54	Dev fscore(p/r/f): (83.41/80.19/81.77)
NEW BEST MODEL: 	Epoch: 65	Dev loss: 2.3926	Dev acc: 76.54	Dev fscore(p/r/f): (83.41/80.19/81.77)
Training: 	Epoch: 66	Time: 39.8532	Training Loss: 0.0315	Sep Loss: 0.0000	Tag Loss: 0.0000
Evaluation: 	Epoch: 66	Time: 2.4810	Dev acc: 74.64	Dev fscore(p/r/f): (80.82/78.21/79.49)
NEW BEST MODEL: 	Epoch: 66	Dev loss: 2.2790	Dev acc: 74.64	Dev fscore(p/r/f): (80.82/78.21/79.49)
Training: 	Epoch: 67	Time: 40.3137	Training Loss: 0.0409	Sep Loss: 0.0000	Tag Loss: 0.0000
Evaluation: 	Epoch: 67	Time: 2.5946	Dev acc: 75.31	Dev fscore(p/r/f): (83.46/78.42/80.86)
NEW BEST MODEL: 	Epoch: 67	Dev loss: 2.0203	Dev acc: 75.31	Dev fscore(p/r/f): (83.46/78.42/80.86)
Training: 	Epoch: 68	Time: 40.7078	Training Loss: 0.0338	Sep Loss: 0.0000	Tag Loss: 0.0000
Evaluation: 	Epoch: 68	Time: 2.3914	Dev acc: 75.87	Dev fscore(p/r/f): (82.25/79.25/80.72)
NEW BEST MODEL: 	Epoch: 68	Dev loss: 2.3311	Dev acc: 75.87	Dev fscore(p/r/f): (82.25/79.25/80.72)
Training: 	Epoch: 69	Time: 40.8992	Training Loss: 0.0256	Sep Loss: 0.0000	Tag Loss: 0.0000
Evaluation: 	Epoch: 69	Time: 2.1674	Dev acc: 75.64	Dev fscore(p/r/f): (82.88/78.73/80.75)
NEW BEST MODEL: 	Epoch: 69	Dev loss: 2.2582	Dev acc: 75.64	Dev fscore(p/r/f): (82.88/78.73/80.75)
Training: 	Epoch: 70	Time: 40.6750	Training Loss: 0.0256	Sep Loss: 0.0000	Tag Loss: 0.0000
Evaluation: 	Epoch: 70	Time: 1.8442	Dev acc: 76.54	Dev fscore(p/r/f): (83.10/79.98/81.51)
NEW BEST MODEL: 	Epoch: 70	Dev loss: 2.5082	Dev acc: 76.54	Dev fscore(p/r/f): (83.10/79.98/81.51)
Training: 	Epoch: 71	Time: 39.8133	Training Loss: 0.0251	Sep Loss: 0.0000	Tag Loss: 0.0000
Evaluation: 	Epoch: 71	Time: 1.6879	Dev acc: 77.54	Dev fscore(p/r/f): (84.17/80.40/82.24)
NEW BEST MODEL: 	Epoch: 71	Dev loss: 2.5009	Dev acc: 77.54	Dev fscore(p/r/f): (84.17/80.40/82.24)
Training: 	Epoch: 72	Time: 40.0745	Training Loss: 0.0288	Sep Loss: 0.0000	Tag Loss: 0.0000
Evaluation: 	Epoch: 72	Time: 1.3942	Dev acc: 74.86	Dev fscore(p/r/f): (80.56/78.21/79.37)
NEW BEST MODEL: 	Epoch: 72	Dev loss: 2.3629	Dev acc: 74.86	Dev fscore(p/r/f): (80.56/78.21/79.37)
Training: 	Epoch: 73	Time: 41.3470	Training Loss: 0.0301	Sep Loss: 0.0000	Tag Loss: 0.0000
Evaluation: 	Epoch: 73	Time: 1.1041	Dev acc: 74.30	Dev fscore(p/r/f): (80.76/77.89/79.30)
NEW BEST MODEL: 	Epoch: 73	Dev loss: 2.3395	Dev acc: 74.30	Dev fscore(p/r/f): (80.76/77.89/79.30)
Training: 	Epoch: 74	Time: 41.6161	Training Loss: 0.0238	Sep Loss: 0.0000	Tag Loss: 0.0000
Evaluation: 	Epoch: 74	Time: 1.1582	Dev acc: 75.98	Dev fscore(p/r/f): (81.17/79.56/80.36)
NEW BEST MODEL: 	Epoch: 74	Dev loss: 2.6187	Dev acc: 75.98	Dev fscore(p/r/f): (81.17/79.56/80.36)
Training: 	Epoch: 75	Time: 41.7790	Training Loss: 0.0234	Sep Loss: 0.0000	Tag Loss: 0.0000
Evaluation: 	Epoch: 75	Time: 1.2573	Dev acc: 75.42	Dev fscore(p/r/f): (80.96/78.94/79.94)
NEW BEST MODEL: 	Epoch: 75	Dev loss: 2.5056	Dev acc: 75.42	Dev fscore(p/r/f): (80.96/78.94/79.94)
Training: 	Epoch: 76	Time: 41.5431	Training Loss: 0.0265	Sep Loss: 0.0000	Tag Loss: 0.0000
Evaluation: 	Epoch: 76	Time: 1.0426	Dev acc: 73.85	Dev fscore(p/r/f): (79.38/77.06/78.20)
NEW BEST MODEL: 	Epoch: 76	Dev loss: 2.7112	Dev acc: 73.85	Dev fscore(p/r/f): (79.38/77.06/78.20)
Training: 	Epoch: 77	Time: 41.6833	Training Loss: 0.0278	Sep Loss: 0.0000	Tag Loss: 0.0000
Evaluation: 	Epoch: 77	Time: 0.9029	Dev acc: 74.41	Dev fscore(p/r/f): (81.73/77.89/79.77)
NEW BEST MODEL: 	Epoch: 77	Dev loss: 2.4900	Dev acc: 74.41	Dev fscore(p/r/f): (81.73/77.89/79.77)
Training: 	Epoch: 78	Time: 41.8744	Training Loss: 0.0237	Sep Loss: 0.0000	Tag Loss: 0.0000
Evaluation: 	Epoch: 78	Time: 0.9243	Dev acc: 76.31	Dev fscore(p/r/f): (82.37/79.87/81.10)
NEW BEST MODEL: 	Epoch: 78	Dev loss: 2.5114	Dev acc: 76.31	Dev fscore(p/r/f): (82.37/79.87/81.10)
Training: 	Epoch: 79	Time: 41.6264	Training Loss: 0.0211	Sep Loss: 0.0000	Tag Loss: 0.0000
Evaluation: 	Epoch: 79	Time: 1.1509	Dev acc: 76.98	Dev fscore(p/r/f): (84.81/79.77/82.21)
NEW BEST MODEL: 	Epoch: 79	Dev loss: 2.2843	Dev acc: 76.98	Dev fscore(p/r/f): (84.81/79.77/82.21)
Training: 	Epoch: 80	Time: 41.9712	Training Loss: 0.0338	Sep Loss: 0.0000	Tag Loss: 0.0000
Evaluation: 	Epoch: 80	Time: 1.0153	Dev acc: 75.87	Dev fscore(p/r/f): (80.90/79.04/79.96)
NEW BEST MODEL: 	Epoch: 80	Dev loss: 2.4465	Dev acc: 75.87	Dev fscore(p/r/f): (80.90/79.04/79.96)
Training: 	Epoch: 81	Time: 41.9659	Training Loss: 0.0257	Sep Loss: 0.0000	Tag Loss: 0.0000
Evaluation: 	Epoch: 81	Time: 0.9202	Dev acc: 76.20	Dev fscore(p/r/f): (82.28/79.87/81.06)
NEW BEST MODEL: 	Epoch: 81	Dev loss: 2.1649	Dev acc: 76.20	Dev fscore(p/r/f): (82.28/79.87/81.06)
Training: 	Epoch: 82	Time: 41.9808	Training Loss: 0.0233	Sep Loss: 0.0000	Tag Loss: 0.0000
Evaluation: 	Epoch: 82	Time: 0.8992	Dev acc: 75.53	Dev fscore(p/r/f): (82.05/79.14/80.57)
NEW BEST MODEL: 	Epoch: 82	Dev loss: 2.1461	Dev acc: 75.53	Dev fscore(p/r/f): (82.05/79.14/80.57)
Training: 	Epoch: 83	Time: 41.9004	Training Loss: 0.0214	Sep Loss: 0.0000	Tag Loss: 0.0000
Evaluation: 	Epoch: 83	Time: 0.9400	Dev acc: 75.64	Dev fscore(p/r/f): (81.67/79.46/80.55)
NEW BEST MODEL: 	Epoch: 83	Dev loss: 2.4754	Dev acc: 75.64	Dev fscore(p/r/f): (81.67/79.46/80.55)
Training: 	Epoch: 84	Time: 41.8911	Training Loss: 0.0200	Sep Loss: 0.0000	Tag Loss: 0.0000
Evaluation: 	Epoch: 84	Time: 0.9061	Dev acc: 75.64	Dev fscore(p/r/f): (82.28/78.94/80.57)
NEW BEST MODEL: 	Epoch: 84	Dev loss: 2.4445	Dev acc: 75.64	Dev fscore(p/r/f): (82.28/78.94/80.57)
Training: 	Epoch: 85	Time: 41.9442	Training Loss: 0.0229	Sep Loss: 0.0000	Tag Loss: 0.0000
Evaluation: 	Epoch: 85	Time: 0.9753	Dev acc: 75.64	Dev fscore(p/r/f): (81.44/79.14/80.27)
NEW BEST MODEL: 	Epoch: 85	Dev loss: 2.4879	Dev acc: 75.64	Dev fscore(p/r/f): (81.44/79.14/80.27)
Training: 	Epoch: 86	Time: 41.8033	Training Loss: 0.0207	Sep Loss: 0.0000	Tag Loss: 0.0000
Evaluation: 	Epoch: 86	Time: 1.1516	Dev acc: 75.20	Dev fscore(p/r/f): (81.56/78.42/79.96)
NEW BEST MODEL: 	Epoch: 86	Dev loss: 2.6173	Dev acc: 75.20	Dev fscore(p/r/f): (81.56/78.42/79.96)
Training: 	Epoch: 87	Time: 41.4180	Training Loss: 0.0239	Sep Loss: 0.0000	Tag Loss: 0.0000
Evaluation: 	Epoch: 87	Time: 1.3870	Dev acc: 75.87	Dev fscore(p/r/f): (81.68/79.04/80.34)
NEW BEST MODEL: 	Epoch: 87	Dev loss: 2.5297	Dev acc: 75.87	Dev fscore(p/r/f): (81.68/79.04/80.34)
Training: 	Epoch: 88	Time: 41.3338	Training Loss: 0.0278	Sep Loss: 0.0000	Tag Loss: 0.0000
Evaluation: 	Epoch: 88	Time: 1.5221	Dev acc: 74.41	Dev fscore(p/r/f): (82.35/77.37/79.78)
NEW BEST MODEL: 	Epoch: 88	Dev loss: 1.9759	Dev acc: 74.41	Dev fscore(p/r/f): (82.35/77.37/79.78)
Training: 	Epoch: 89	Time: 41.3833	Training Loss: 0.0215	Sep Loss: 0.0000	Tag Loss: 0.0000
Evaluation: 	Epoch: 89	Time: 1.4865	Dev acc: 74.86	Dev fscore(p/r/f): (82.63/77.89/80.19)
NEW BEST MODEL: 	Epoch: 89	Dev loss: 2.2293	Dev acc: 74.86	Dev fscore(p/r/f): (82.63/77.89/80.19)
Training: 	Epoch: 90	Time: 41.4364	Training Loss: 0.0202	Sep Loss: 0.0000	Tag Loss: 0.0000
Evaluation: 	Epoch: 90	Time: 1.3742	Dev acc: 75.31	Dev fscore(p/r/f): (82.58/78.62/80.56)
NEW BEST MODEL: 	Epoch: 90	Dev loss: 2.2684	Dev acc: 75.31	Dev fscore(p/r/f): (82.58/78.62/80.56)
Training: 	Epoch: 91	Time: 41.5527	Training Loss: 0.0196	Sep Loss: 0.0000	Tag Loss: 0.0000
Evaluation: 	Epoch: 91	Time: 1.2818	Dev acc: 76.20	Dev fscore(p/r/f): (82.44/80.29/81.35)
NEW BEST MODEL: 	Epoch: 91	Dev loss: 2.5390	Dev acc: 76.20	Dev fscore(p/r/f): (82.44/80.29/81.35)
Training: 	Epoch: 92	Time: 41.5800	Training Loss: 0.0217	Sep Loss: 0.0000	Tag Loss: 0.0000
Evaluation: 	Epoch: 92	Time: 1.3174	Dev acc: 75.75	Dev fscore(p/r/f): (83.10/79.46/81.24)
NEW BEST MODEL: 	Epoch: 92	Dev loss: 2.0778	Dev acc: 75.75	Dev fscore(p/r/f): (83.10/79.46/81.24)
Training: 	Epoch: 93	Time: 41.5015	Training Loss: 0.0223	Sep Loss: 0.0000	Tag Loss: 0.0000
Evaluation: 	Epoch: 93	Time: 1.3483	Dev acc: 76.54	Dev fscore(p/r/f): (83.10/79.98/81.51)
NEW BEST MODEL: 	Epoch: 93	Dev loss: 2.4087	Dev acc: 76.54	Dev fscore(p/r/f): (83.10/79.98/81.51)
Training: 	Epoch: 94	Time: 41.4108	Training Loss: 0.0246	Sep Loss: 0.0000	Tag Loss: 0.0000
Evaluation: 	Epoch: 94	Time: 1.3377	Dev acc: 76.42	Dev fscore(p/r/f): (83.53/79.35/81.39)
NEW BEST MODEL: 	Epoch: 94	Dev loss: 2.4739	Dev acc: 76.42	Dev fscore(p/r/f): (83.53/79.35/81.39)
Training: 	Epoch: 95	Time: 41.2204	Training Loss: 0.0219	Sep Loss: 0.0000	Tag Loss: 0.0000
Evaluation: 	Epoch: 95	Time: 1.4360	Dev acc: 76.76	Dev fscore(p/r/f): (82.16/80.19/81.16)
NEW BEST MODEL: 	Epoch: 95	Dev loss: 2.4563	Dev acc: 76.76	Dev fscore(p/r/f): (82.16/80.19/81.16)
Training: 	Epoch: 96	Time: 41.2256	Training Loss: 0.0219	Sep Loss: 0.0000	Tag Loss: 0.0000
Evaluation: 	Epoch: 96	Time: 1.4034	Dev acc: 75.53	Dev fscore(p/r/f): (82.88/78.73/80.75)
NEW BEST MODEL: 	Epoch: 96	Dev loss: 2.4187	Dev acc: 75.53	Dev fscore(p/r/f): (82.88/78.73/80.75)
Training: 	Epoch: 97	Time: 41.1195	Training Loss: 0.0252	Sep Loss: 0.0000	Tag Loss: 0.0000
Evaluation: 	Epoch: 97	Time: 1.3988	Dev acc: 75.98	Dev fscore(p/r/f): (81.91/79.77/80.82)
NEW BEST MODEL: 	Epoch: 97	Dev loss: 2.4803	Dev acc: 75.98	Dev fscore(p/r/f): (81.91/79.77/80.82)
Training: 	Epoch: 98	Time: 25.3603	Training Loss: 0.0199	Sep Loss: 0.0000	Tag Loss: 0.0000
Evaluation: 	Epoch: 98	Time: 0.3813	Dev acc: 75.08	Dev fscore(p/r/f): (82.87/78.21/80.47)
NEW BEST MODEL: 	Epoch: 98	Dev loss: 2.2957	Dev acc: 75.08	Dev fscore(p/r/f): (82.87/78.21/80.47)
Training: 	Epoch: 99	Time: 24.9985	Training Loss: 0.0203	Sep Loss: 0.0000	Tag Loss: 0.0000
Evaluation: 	Epoch: 99	Time: 0.3816	Dev acc: 74.64	Dev fscore(p/r/f): (81.92/77.48/79.64)
NEW BEST MODEL: 	Epoch: 99	Dev loss: 2.6715	Dev acc: 74.64	Dev fscore(p/r/f): (81.92/77.48/79.64)
FINAL BEST RESULT: 	Epoch: 71	Dev loss: 2.5009	Dev acc: 77.5419	Dev fscore(p/r/f): (84.1703/80.3962/82.2400)
