Use pretrained model: hfl/chinese-pert-base
Dataset size: train -> 5119
Load dataset and database finished, cost 5.5422s ...
Dataset size: dev -> 895
Total training steps: 3200
Start training ......
Training: 	Epoch: 0	Time: 10.4884	Training Loss: 4.5998	Sep Loss: 0.0000	Tag Loss: 0.0000
Evaluation: 	Epoch: 0	Time: 0.3292	Dev acc: 22.91	Dev fscore(p/r/f): (14.32/5.84/8.30)
NEW BEST MODEL: 	Epoch: 0	Dev loss: 3.9471	Dev acc: 22.91	Dev fscore(p/r/f): (14.32/5.84/8.30)
Training: 	Epoch: 1	Time: 10.0773	Training Loss: 2.7692	Sep Loss: 0.0000	Tag Loss: 0.0000
Evaluation: 	Epoch: 1	Time: 0.3367	Dev acc: 34.97	Dev fscore(p/r/f): (34.34/31.91/33.08)
NEW BEST MODEL: 	Epoch: 1	Dev loss: 3.0142	Dev acc: 34.97	Dev fscore(p/r/f): (34.34/31.91/33.08)
Training: 	Epoch: 2	Time: 9.4766	Training Loss: 1.8013	Sep Loss: 0.0000	Tag Loss: 0.0000
Evaluation: 	Epoch: 2	Time: 0.3311	Dev acc: 36.31	Dev fscore(p/r/f): (34.81/32.01/33.35)
NEW BEST MODEL: 	Epoch: 2	Dev loss: 2.6459	Dev acc: 36.31	Dev fscore(p/r/f): (34.81/32.01/33.35)
Training: 	Epoch: 3	Time: 9.8561	Training Loss: 1.3778	Sep Loss: 0.0000	Tag Loss: 0.0000
Evaluation: 	Epoch: 3	Time: 0.3359	Dev acc: 42.91	Dev fscore(p/r/f): (42.41/38.48/40.35)
NEW BEST MODEL: 	Epoch: 3	Dev loss: 2.5457	Dev acc: 42.91	Dev fscore(p/r/f): (42.41/38.48/40.35)
Training: 	Epoch: 4	Time: 10.1149	Training Loss: 1.1117	Sep Loss: 0.0000	Tag Loss: 0.0000
Evaluation: 	Epoch: 4	Time: 0.3313	Dev acc: 63.02	Dev fscore(p/r/f): (64.13/59.85/61.92)
NEW BEST MODEL: 	Epoch: 4	Dev loss: 2.4666	Dev acc: 63.02	Dev fscore(p/r/f): (64.13/59.85/61.92)
Training: 	Epoch: 5	Time: 9.4479	Training Loss: 0.9079	Sep Loss: 0.0000	Tag Loss: 0.0000
Evaluation: 	Epoch: 5	Time: 0.3343	Dev acc: 62.23	Dev fscore(p/r/f): (57.23/61.11/59.10)
Training: 	Epoch: 6	Time: 9.6127	Training Loss: 0.7533	Sep Loss: 0.0000	Tag Loss: 0.0000
Evaluation: 	Epoch: 6	Time: 0.3322	Dev acc: 63.80	Dev fscore(p/r/f): (63.07/63.40/63.23)
NEW BEST MODEL: 	Epoch: 6	Dev loss: 2.3440	Dev acc: 63.80	Dev fscore(p/r/f): (63.07/63.40/63.23)
Training: 	Epoch: 7	Time: 9.6223	Training Loss: 0.6208	Sep Loss: 0.0000	Tag Loss: 0.0000
Evaluation: 	Epoch: 7	Time: 0.3348	Dev acc: 69.72	Dev fscore(p/r/f): (70.33/72.68/71.49)
NEW BEST MODEL: 	Epoch: 7	Dev loss: 2.2496	Dev acc: 69.72	Dev fscore(p/r/f): (70.33/72.68/71.49)
Training: 	Epoch: 8	Time: 9.9487	Training Loss: 0.4528	Sep Loss: 0.0000	Tag Loss: 0.0000
Evaluation: 	Epoch: 8	Time: 0.3348	Dev acc: 71.96	Dev fscore(p/r/f): (73.37/74.97/74.16)
NEW BEST MODEL: 	Epoch: 8	Dev loss: 2.1463	Dev acc: 71.96	Dev fscore(p/r/f): (73.37/74.97/74.16)
Training: 	Epoch: 9	Time: 9.5337	Training Loss: 0.3646	Sep Loss: 0.0000	Tag Loss: 0.0000
Evaluation: 	Epoch: 9	Time: 0.3339	Dev acc: 72.51	Dev fscore(p/r/f): (73.51/76.12/74.80)
NEW BEST MODEL: 	Epoch: 9	Dev loss: 2.1439	Dev acc: 72.51	Dev fscore(p/r/f): (73.51/76.12/74.80)
Training: 	Epoch: 10	Time: 9.5170	Training Loss: 0.3094	Sep Loss: 0.0000	Tag Loss: 0.0000
Evaluation: 	Epoch: 10	Time: 0.3347	Dev acc: 72.29	Dev fscore(p/r/f): (73.22/76.12/74.64)
Training: 	Epoch: 11	Time: 10.1518	Training Loss: 0.2650	Sep Loss: 0.0000	Tag Loss: 0.0000
Evaluation: 	Epoch: 11	Time: 0.3388	Dev acc: 73.18	Dev fscore(p/r/f): (74.74/76.23/75.48)
NEW BEST MODEL: 	Epoch: 11	Dev loss: 2.0676	Dev acc: 73.18	Dev fscore(p/r/f): (74.74/76.23/75.48)
Training: 	Epoch: 12	Time: 9.5540	Training Loss: 0.2400	Sep Loss: 0.0000	Tag Loss: 0.0000
Evaluation: 	Epoch: 12	Time: 0.3342	Dev acc: 72.96	Dev fscore(p/r/f): (73.99/78.00/75.94)
Training: 	Epoch: 13	Time: 9.8102	Training Loss: 0.2209	Sep Loss: 0.0000	Tag Loss: 0.0000
Evaluation: 	Epoch: 13	Time: 0.3357	Dev acc: 74.64	Dev fscore(p/r/f): (76.27/78.42/77.33)
NEW BEST MODEL: 	Epoch: 13	Dev loss: 2.2106	Dev acc: 74.64	Dev fscore(p/r/f): (76.27/78.42/77.33)
Training: 	Epoch: 14	Time: 9.9408	Training Loss: 0.1862	Sep Loss: 0.0000	Tag Loss: 0.0000
Evaluation: 	Epoch: 14	Time: 0.3339	Dev acc: 76.42	Dev fscore(p/r/f): (77.79/79.25/78.51)
NEW BEST MODEL: 	Epoch: 14	Dev loss: 2.2299	Dev acc: 76.42	Dev fscore(p/r/f): (77.79/79.25/78.51)
Training: 	Epoch: 15	Time: 9.9953	Training Loss: 0.1656	Sep Loss: 0.0000	Tag Loss: 0.0000
Evaluation: 	Epoch: 15	Time: 0.3765	Dev acc: 74.97	Dev fscore(p/r/f): (75.80/79.04/77.39)
Training: 	Epoch: 16	Time: 9.5607	Training Loss: 0.1553	Sep Loss: 0.0000	Tag Loss: 0.0000
Evaluation: 	Epoch: 16	Time: 0.3353	Dev acc: 74.86	Dev fscore(p/r/f): (75.57/79.67/77.56)
Training: 	Epoch: 17	Time: 9.3302	Training Loss: 0.1448	Sep Loss: 0.0000	Tag Loss: 0.0000
Evaluation: 	Epoch: 17	Time: 0.3383	Dev acc: 76.20	Dev fscore(p/r/f): (77.70/79.56/78.62)
Training: 	Epoch: 18	Time: 9.4388	Training Loss: 0.1266	Sep Loss: 0.0000	Tag Loss: 0.0000
Evaluation: 	Epoch: 18	Time: 0.3354	Dev acc: 76.54	Dev fscore(p/r/f): (78.54/80.92/79.71)
NEW BEST MODEL: 	Epoch: 18	Dev loss: 2.4617	Dev acc: 76.54	Dev fscore(p/r/f): (78.54/80.92/79.71)
Training: 	Epoch: 19	Time: 9.7728	Training Loss: 0.1146	Sep Loss: 0.0000	Tag Loss: 0.0000
Evaluation: 	Epoch: 19	Time: 0.3362	Dev acc: 77.43	Dev fscore(p/r/f): (80.10/81.02/80.56)
NEW BEST MODEL: 	Epoch: 19	Dev loss: 2.4042	Dev acc: 77.43	Dev fscore(p/r/f): (80.10/81.02/80.56)
Training: 	Epoch: 20	Time: 9.9925	Training Loss: 0.1104	Sep Loss: 0.0000	Tag Loss: 0.0000
Evaluation: 	Epoch: 20	Time: 0.3440	Dev acc: 77.09	Dev fscore(p/r/f): (79.67/81.33/80.50)
Training: 	Epoch: 21	Time: 9.8070	Training Loss: 0.1036	Sep Loss: 0.0000	Tag Loss: 0.0000
Evaluation: 	Epoch: 21	Time: 0.3346	Dev acc: 75.75	Dev fscore(p/r/f): (78.30/80.50/79.38)
Training: 	Epoch: 22	Time: 9.8840	Training Loss: 0.1033	Sep Loss: 0.0000	Tag Loss: 0.0000
Evaluation: 	Epoch: 22	Time: 0.3342	Dev acc: 75.87	Dev fscore(p/r/f): (79.27/79.77/79.52)
Training: 	Epoch: 23	Time: 9.7080	Training Loss: 0.0979	Sep Loss: 0.0000	Tag Loss: 0.0000
Evaluation: 	Epoch: 23	Time: 0.3387	Dev acc: 76.54	Dev fscore(p/r/f): (79.16/80.81/79.98)
Training: 	Epoch: 24	Time: 9.8624	Training Loss: 0.0926	Sep Loss: 0.0000	Tag Loss: 0.0000
Evaluation: 	Epoch: 24	Time: 0.3369	Dev acc: 76.87	Dev fscore(p/r/f): (79.16/80.81/79.98)
Training: 	Epoch: 25	Time: 9.6160	Training Loss: 0.0776	Sep Loss: 0.0000	Tag Loss: 0.0000
Evaluation: 	Epoch: 25	Time: 0.3360	Dev acc: 76.54	Dev fscore(p/r/f): (79.17/81.65/80.39)
Training: 	Epoch: 26	Time: 10.0649	Training Loss: 0.0766	Sep Loss: 0.0000	Tag Loss: 0.0000
Evaluation: 	Epoch: 26	Time: 0.3366	Dev acc: 76.65	Dev fscore(p/r/f): (79.31/81.13/80.21)
Training: 	Epoch: 27	Time: 9.9830	Training Loss: 0.0744	Sep Loss: 0.0000	Tag Loss: 0.0000
Evaluation: 	Epoch: 27	Time: 0.3348	Dev acc: 76.54	Dev fscore(p/r/f): (78.89/81.44/80.14)
Training: 	Epoch: 28	Time: 10.0787	Training Loss: 0.0684	Sep Loss: 0.0000	Tag Loss: 0.0000
Evaluation: 	Epoch: 28	Time: 0.3357	Dev acc: 77.77	Dev fscore(p/r/f): (80.56/81.65/81.10)
NEW BEST MODEL: 	Epoch: 28	Dev loss: 2.4801	Dev acc: 77.77	Dev fscore(p/r/f): (80.56/81.65/81.10)
Training: 	Epoch: 29	Time: 9.8017	Training Loss: 0.0693	Sep Loss: 0.0000	Tag Loss: 0.0000
Evaluation: 	Epoch: 29	Time: 0.3767	Dev acc: 77.77	Dev fscore(p/r/f): (80.08/81.75/80.91)
Training: 	Epoch: 30	Time: 9.4819	Training Loss: 0.0610	Sep Loss: 0.0000	Tag Loss: 0.0000
Evaluation: 	Epoch: 30	Time: 0.3758	Dev acc: 77.77	Dev fscore(p/r/f): (79.86/81.86/80.84)
Training: 	Epoch: 31	Time: 10.0645	Training Loss: 0.0616	Sep Loss: 0.0000	Tag Loss: 0.0000
Evaluation: 	Epoch: 31	Time: 0.3361	Dev acc: 76.54	Dev fscore(p/r/f): (78.71/81.75/80.20)
Training: 	Epoch: 32	Time: 9.6849	Training Loss: 0.0592	Sep Loss: 0.0000	Tag Loss: 0.0000
Evaluation: 	Epoch: 32	Time: 0.3378	Dev acc: 77.09	Dev fscore(p/r/f): (79.67/81.75/80.70)
Training: 	Epoch: 33	Time: 9.4619	Training Loss: 0.0669	Sep Loss: 0.0000	Tag Loss: 0.0000
Evaluation: 	Epoch: 33	Time: 0.3386	Dev acc: 76.42	Dev fscore(p/r/f): (79.03/81.75/80.37)
Training: 	Epoch: 34	Time: 9.8353	Training Loss: 0.0605	Sep Loss: 0.0000	Tag Loss: 0.0000
Evaluation: 	Epoch: 34	Time: 0.3348	Dev acc: 77.88	Dev fscore(p/r/f): (80.35/82.27/81.30)
NEW BEST MODEL: 	Epoch: 34	Dev loss: 2.9774	Dev acc: 77.88	Dev fscore(p/r/f): (80.35/82.27/81.30)
Training: 	Epoch: 35	Time: 10.1174	Training Loss: 0.0500	Sep Loss: 0.0000	Tag Loss: 0.0000
Evaluation: 	Epoch: 35	Time: 0.3326	Dev acc: 77.43	Dev fscore(p/r/f): (80.02/82.27/81.13)
Training: 	Epoch: 36	Time: 9.8436	Training Loss: 0.0476	Sep Loss: 0.0000	Tag Loss: 0.0000
Evaluation: 	Epoch: 36	Time: 0.3358	Dev acc: 77.32	Dev fscore(p/r/f): (80.06/82.06/81.05)
Training: 	Epoch: 37	Time: 9.9411	Training Loss: 0.0506	Sep Loss: 0.0000	Tag Loss: 0.0000
Evaluation: 	Epoch: 37	Time: 0.3352	Dev acc: 77.32	Dev fscore(p/r/f): (79.74/82.90/81.29)
Training: 	Epoch: 38	Time: 9.3764	Training Loss: 0.0484	Sep Loss: 0.0000	Tag Loss: 0.0000
Evaluation: 	Epoch: 38	Time: 0.3356	Dev acc: 77.88	Dev fscore(p/r/f): (80.97/82.06/81.51)
Training: 	Epoch: 39	Time: 10.0024	Training Loss: 0.0438	Sep Loss: 0.0000	Tag Loss: 0.0000
Evaluation: 	Epoch: 39	Time: 0.3777	Dev acc: 76.98	Dev fscore(p/r/f): (79.76/82.17/80.95)
Training: 	Epoch: 40	Time: 10.1236	Training Loss: 0.0392	Sep Loss: 0.0000	Tag Loss: 0.0000
Evaluation: 	Epoch: 40	Time: 0.3338	Dev acc: 76.65	Dev fscore(p/r/f): (79.22/82.69/80.92)
Training: 	Epoch: 41	Time: 9.9407	Training Loss: 0.0390	Sep Loss: 0.0000	Tag Loss: 0.0000
Evaluation: 	Epoch: 41	Time: 0.3336	Dev acc: 77.32	Dev fscore(p/r/f): (79.90/82.48/81.17)
Training: 	Epoch: 42	Time: 9.2640	Training Loss: 0.0369	Sep Loss: 0.0000	Tag Loss: 0.0000
Evaluation: 	Epoch: 42	Time: 0.3340	Dev acc: 76.98	Dev fscore(p/r/f): (79.24/82.38/80.78)
Training: 	Epoch: 43	Time: 9.9314	Training Loss: 0.0381	Sep Loss: 0.0000	Tag Loss: 0.0000
Evaluation: 	Epoch: 43	Time: 0.3347	Dev acc: 77.99	Dev fscore(p/r/f): (80.43/82.27/81.34)
NEW BEST MODEL: 	Epoch: 43	Dev loss: 2.9569	Dev acc: 77.99	Dev fscore(p/r/f): (80.43/82.27/81.34)
Training: 	Epoch: 44	Time: 9.8262	Training Loss: 0.0378	Sep Loss: 0.0000	Tag Loss: 0.0000
Evaluation: 	Epoch: 44	Time: 0.3338	Dev acc: 77.77	Dev fscore(p/r/f): (80.53/82.38/81.44)
Training: 	Epoch: 45	Time: 10.2596	Training Loss: 0.0340	Sep Loss: 0.0000	Tag Loss: 0.0000
Evaluation: 	Epoch: 45	Time: 0.3342	Dev acc: 76.65	Dev fscore(p/r/f): (79.25/81.23/80.23)
Training: 	Epoch: 46	Time: 9.8758	Training Loss: 0.0321	Sep Loss: 0.0000	Tag Loss: 0.0000
Evaluation: 	Epoch: 46	Time: 0.3351	Dev acc: 77.32	Dev fscore(p/r/f): (79.58/82.48/81.00)
Training: 	Epoch: 47	Time: 9.9493	Training Loss: 0.0297	Sep Loss: 0.0000	Tag Loss: 0.0000
Evaluation: 	Epoch: 47	Time: 0.3339	Dev acc: 77.43	Dev fscore(p/r/f): (79.74/82.48/81.09)
Training: 	Epoch: 48	Time: 9.4857	Training Loss: 0.0286	Sep Loss: 0.0000	Tag Loss: 0.0000
Evaluation: 	Epoch: 48	Time: 0.3362	Dev acc: 77.65	Dev fscore(p/r/f): (79.88/82.38/81.11)
Training: 	Epoch: 49	Time: 9.4079	Training Loss: 0.0276	Sep Loss: 0.0000	Tag Loss: 0.0000
Evaluation: 	Epoch: 49	Time: 0.3910	Dev acc: 77.88	Dev fscore(p/r/f): (80.51/82.69/81.58)
Training: 	Epoch: 50	Time: 9.7827	Training Loss: 0.0385	Sep Loss: 0.0000	Tag Loss: 0.0000
Evaluation: 	Epoch: 50	Time: 0.3345	Dev acc: 77.43	Dev fscore(p/r/f): (79.38/82.69/81.00)
Training: 	Epoch: 51	Time: 10.2485	Training Loss: 0.0287	Sep Loss: 0.0000	Tag Loss: 0.0000
Evaluation: 	Epoch: 51	Time: 0.3360	Dev acc: 76.65	Dev fscore(p/r/f): (79.20/82.59/80.86)
Training: 	Epoch: 52	Time: 10.1294	Training Loss: 0.0277	Sep Loss: 0.0000	Tag Loss: 0.0000
Evaluation: 	Epoch: 52	Time: 0.3383	Dev acc: 77.21	Dev fscore(p/r/f): (79.68/82.59/81.11)
Training: 	Epoch: 53	Time: 9.4980	Training Loss: 0.0237	Sep Loss: 0.0000	Tag Loss: 0.0000
Evaluation: 	Epoch: 53	Time: 0.3389	Dev acc: 77.43	Dev fscore(p/r/f): (79.96/82.79/81.35)
Training: 	Epoch: 54	Time: 9.9847	Training Loss: 0.0269	Sep Loss: 0.0000	Tag Loss: 0.0000
Evaluation: 	Epoch: 54	Time: 0.3378	Dev acc: 77.43	Dev fscore(p/r/f): (80.28/82.38/81.32)
Training: 	Epoch: 55	Time: 10.0845	Training Loss: 0.0267	Sep Loss: 0.0000	Tag Loss: 0.0000
Evaluation: 	Epoch: 55	Time: 0.3339	Dev acc: 76.20	Dev fscore(p/r/f): (78.51/82.27/80.35)
Training: 	Epoch: 56	Time: 10.3008	Training Loss: 0.0336	Sep Loss: 0.0000	Tag Loss: 0.0000
Evaluation: 	Epoch: 56	Time: 0.3375	Dev acc: 76.76	Dev fscore(p/r/f): (79.70/82.69/81.17)
Training: 	Epoch: 57	Time: 9.9918	Training Loss: 0.0250	Sep Loss: 0.0000	Tag Loss: 0.0000
Evaluation: 	Epoch: 57	Time: 0.3353	Dev acc: 76.31	Dev fscore(p/r/f): (79.20/82.59/80.86)
Training: 	Epoch: 58	Time: 9.6830	Training Loss: 0.0227	Sep Loss: 0.0000	Tag Loss: 0.0000
Evaluation: 	Epoch: 58	Time: 0.3353	Dev acc: 76.76	Dev fscore(p/r/f): (79.41/82.06/80.72)
Training: 	Epoch: 59	Time: 10.0849	Training Loss: 0.0233	Sep Loss: 0.0000	Tag Loss: 0.0000
Evaluation: 	Epoch: 59	Time: 0.3537	Dev acc: 76.98	Dev fscore(p/r/f): (79.90/81.65/80.76)
Training: 	Epoch: 60	Time: 10.0330	Training Loss: 0.0209	Sep Loss: 0.0000	Tag Loss: 0.0000
Evaluation: 	Epoch: 60	Time: 0.3360	Dev acc: 76.98	Dev fscore(p/r/f): (79.33/82.06/80.68)
Training: 	Epoch: 61	Time: 9.9077	Training Loss: 0.0217	Sep Loss: 0.0000	Tag Loss: 0.0000
Evaluation: 	Epoch: 61	Time: 0.3362	Dev acc: 77.43	Dev fscore(p/r/f): (80.32/82.59/81.44)
Training: 	Epoch: 62	Time: 9.9717	Training Loss: 0.0217	Sep Loss: 0.0000	Tag Loss: 0.0000
Evaluation: 	Epoch: 62	Time: 0.3339	Dev acc: 77.21	Dev fscore(p/r/f): (80.25/81.75/80.99)
Training: 	Epoch: 63	Time: 9.7917	Training Loss: 0.0189	Sep Loss: 0.0000	Tag Loss: 0.0000
Evaluation: 	Epoch: 63	Time: 0.3348	Dev acc: 77.65	Dev fscore(p/r/f): (80.32/82.59/81.44)
Training: 	Epoch: 64	Time: 9.9956	Training Loss: 0.0174	Sep Loss: 0.0000	Tag Loss: 0.0000
Evaluation: 	Epoch: 64	Time: 0.3397	Dev acc: 77.65	Dev fscore(p/r/f): (80.39/82.48/81.42)
Training: 	Epoch: 65	Time: 9.8680	Training Loss: 0.0162	Sep Loss: 0.0000	Tag Loss: 0.0000
Evaluation: 	Epoch: 65	Time: 0.3353	Dev acc: 77.65	Dev fscore(p/r/f): (80.16/83.00/81.56)
Training: 	Epoch: 66	Time: 10.0686	Training Loss: 0.0165	Sep Loss: 0.0000	Tag Loss: 0.0000
Evaluation: 	Epoch: 66	Time: 0.3383	Dev acc: 77.77	Dev fscore(p/r/f): (80.71/82.48/81.59)
Training: 	Epoch: 67	Time: 9.7959	Training Loss: 0.0248	Sep Loss: 0.0000	Tag Loss: 0.0000
Evaluation: 	Epoch: 67	Time: 0.3340	Dev acc: 77.32	Dev fscore(p/r/f): (80.12/83.21/81.64)
Training: 	Epoch: 68	Time: 10.0168	Training Loss: 0.0192	Sep Loss: 0.0000	Tag Loss: 0.0000
Evaluation: 	Epoch: 68	Time: 0.3332	Dev acc: 78.10	Dev fscore(p/r/f): (80.47/82.90/81.66)
NEW BEST MODEL: 	Epoch: 68	Dev loss: 3.2559	Dev acc: 78.10	Dev fscore(p/r/f): (80.47/82.90/81.66)
Training: 	Epoch: 69	Time: 9.6891	Training Loss: 0.0213	Sep Loss: 0.0000	Tag Loss: 0.0000
Evaluation: 	Epoch: 69	Time: 0.3362	Dev acc: 77.09	Dev fscore(p/r/f): (79.49/82.06/80.76)
Training: 	Epoch: 70	Time: 9.8131	Training Loss: 0.0211	Sep Loss: 0.0000	Tag Loss: 0.0000
Evaluation: 	Epoch: 70	Time: 0.3350	Dev acc: 77.88	Dev fscore(p/r/f): (80.22/82.48/81.34)
Training: 	Epoch: 71	Time: 9.6844	Training Loss: 0.0156	Sep Loss: 0.0000	Tag Loss: 0.0000
Evaluation: 	Epoch: 71	Time: 0.3351	Dev acc: 77.43	Dev fscore(p/r/f): (80.06/82.48/81.25)
Training: 	Epoch: 72	Time: 9.8067	Training Loss: 0.0162	Sep Loss: 0.0000	Tag Loss: 0.0000
Evaluation: 	Epoch: 72	Time: 0.3335	Dev acc: 76.76	Dev fscore(p/r/f): (79.26/82.90/81.04)
Training: 	Epoch: 73	Time: 10.2508	Training Loss: 0.0148	Sep Loss: 0.0000	Tag Loss: 0.0000
Evaluation: 	Epoch: 73	Time: 0.3389	Dev acc: 76.98	Dev fscore(p/r/f): (79.48/82.79/81.10)
Training: 	Epoch: 74	Time: 9.8010	Training Loss: 0.0123	Sep Loss: 0.0000	Tag Loss: 0.0000
Evaluation: 	Epoch: 74	Time: 0.3370	Dev acc: 77.99	Dev fscore(p/r/f): (80.34/82.69/81.50)
Training: 	Epoch: 75	Time: 10.2739	Training Loss: 0.0114	Sep Loss: 0.0000	Tag Loss: 0.0000
Evaluation: 	Epoch: 75	Time: 0.3352	Dev acc: 76.98	Dev fscore(p/r/f): (79.14/82.69/80.88)
Training: 	Epoch: 76	Time: 9.9114	Training Loss: 0.0109	Sep Loss: 0.0000	Tag Loss: 0.0000
Evaluation: 	Epoch: 76	Time: 0.3343	Dev acc: 77.43	Dev fscore(p/r/f): (80.37/82.38/81.36)
Training: 	Epoch: 77	Time: 9.8919	Training Loss: 0.0121	Sep Loss: 0.0000	Tag Loss: 0.0000
Evaluation: 	Epoch: 77	Time: 0.3350	Dev acc: 77.99	Dev fscore(p/r/f): (81.09/82.27/81.68)
Training: 	Epoch: 78	Time: 10.1914	Training Loss: 0.0129	Sep Loss: 0.0000	Tag Loss: 0.0000
Evaluation: 	Epoch: 78	Time: 0.3354	Dev acc: 77.77	Dev fscore(p/r/f): (80.39/82.06/81.22)
Training: 	Epoch: 79	Time: 9.9691	Training Loss: 0.0108	Sep Loss: 0.0000	Tag Loss: 0.0000
Evaluation: 	Epoch: 79	Time: 0.3349	Dev acc: 76.98	Dev fscore(p/r/f): (79.74/82.48/81.09)
Training: 	Epoch: 80	Time: 9.8832	Training Loss: 0.0114	Sep Loss: 0.0000	Tag Loss: 0.0000
Evaluation: 	Epoch: 80	Time: 0.3350	Dev acc: 76.98	Dev fscore(p/r/f): (80.10/82.27/81.17)
Training: 	Epoch: 81	Time: 9.9369	Training Loss: 0.0094	Sep Loss: 0.0000	Tag Loss: 0.0000
Evaluation: 	Epoch: 81	Time: 0.3366	Dev acc: 77.09	Dev fscore(p/r/f): (79.86/82.27/81.05)
Training: 	Epoch: 82	Time: 10.0327	Training Loss: 0.0124	Sep Loss: 0.0000	Tag Loss: 0.0000
Evaluation: 	Epoch: 82	Time: 0.3358	Dev acc: 76.87	Dev fscore(p/r/f): (79.32/82.38/80.82)
Training: 	Epoch: 83	Time: 9.6681	Training Loss: 0.0145	Sep Loss: 0.0000	Tag Loss: 0.0000
Evaluation: 	Epoch: 83	Time: 0.3369	Dev acc: 77.77	Dev fscore(p/r/f): (80.92/82.27/81.59)
Training: 	Epoch: 84	Time: 9.9732	Training Loss: 0.0165	Sep Loss: 0.0000	Tag Loss: 0.0000
Evaluation: 	Epoch: 84	Time: 0.3351	Dev acc: 77.43	Dev fscore(p/r/f): (79.80/82.38/81.07)
Training: 	Epoch: 85	Time: 9.8180	Training Loss: 0.0324	Sep Loss: 0.0000	Tag Loss: 0.0000
Evaluation: 	Epoch: 85	Time: 0.3362	Dev acc: 76.87	Dev fscore(p/r/f): (78.73/82.59/80.61)
Training: 	Epoch: 86	Time: 10.1180	Training Loss: 0.0339	Sep Loss: 0.0000	Tag Loss: 0.0000
Evaluation: 	Epoch: 86	Time: 0.3851	Dev acc: 78.21	Dev fscore(p/r/f): (80.80/82.06/81.43)
NEW BEST MODEL: 	Epoch: 86	Dev loss: 3.3157	Dev acc: 78.21	Dev fscore(p/r/f): (80.80/82.06/81.43)
Training: 	Epoch: 87	Time: 9.8793	Training Loss: 0.0170	Sep Loss: 0.0000	Tag Loss: 0.0000
Evaluation: 	Epoch: 87	Time: 0.3379	Dev acc: 77.09	Dev fscore(p/r/f): (79.60/82.59/81.06)
Training: 	Epoch: 88	Time: 9.8843	Training Loss: 0.0160	Sep Loss: 0.0000	Tag Loss: 0.0000
Evaluation: 	Epoch: 88	Time: 0.3388	Dev acc: 77.09	Dev fscore(p/r/f): (79.62/82.27/80.92)
Training: 	Epoch: 89	Time: 9.5691	Training Loss: 0.0147	Sep Loss: 0.0000	Tag Loss: 0.0000
Evaluation: 	Epoch: 89	Time: 0.3369	Dev acc: 77.77	Dev fscore(p/r/f): (80.14/82.48/81.29)
Training: 	Epoch: 90	Time: 9.9250	Training Loss: 0.0126	Sep Loss: 0.0000	Tag Loss: 0.0000
Evaluation: 	Epoch: 90	Time: 0.3335	Dev acc: 76.87	Dev fscore(p/r/f): (79.08/82.79/80.90)
Training: 	Epoch: 91	Time: 10.1132	Training Loss: 0.0078	Sep Loss: 0.0000	Tag Loss: 0.0000
Evaluation: 	Epoch: 91	Time: 0.3368	Dev acc: 77.88	Dev fscore(p/r/f): (80.42/83.11/81.74)
Training: 	Epoch: 92	Time: 9.7156	Training Loss: 0.0080	Sep Loss: 0.0000	Tag Loss: 0.0000
Evaluation: 	Epoch: 92	Time: 0.3391	Dev acc: 78.44	Dev fscore(p/r/f): (80.86/82.79/81.81)
NEW BEST MODEL: 	Epoch: 92	Dev loss: 3.5762	Dev acc: 78.44	Dev fscore(p/r/f): (80.86/82.79/81.81)
Training: 	Epoch: 93	Time: 10.0103	Training Loss: 0.0072	Sep Loss: 0.0000	Tag Loss: 0.0000
Evaluation: 	Epoch: 93	Time: 0.3429	Dev acc: 76.98	Dev fscore(p/r/f): (78.93/82.79/80.81)
Training: 	Epoch: 94	Time: 10.0290	Training Loss: 0.0323	Sep Loss: 0.0000	Tag Loss: 0.0000
Evaluation: 	Epoch: 94	Time: 0.3381	Dev acc: 76.76	Dev fscore(p/r/f): (79.43/80.92/80.17)
Training: 	Epoch: 95	Time: 9.5281	Training Loss: 0.0502	Sep Loss: 0.0000	Tag Loss: 0.0000
Evaluation: 	Epoch: 95	Time: 0.3391	Dev acc: 76.76	Dev fscore(p/r/f): (79.08/82.79/80.90)
Training: 	Epoch: 96	Time: 9.7629	Training Loss: 0.0295	Sep Loss: 0.0000	Tag Loss: 0.0000
Evaluation: 	Epoch: 96	Time: 0.3390	Dev acc: 76.31	Dev fscore(p/r/f): (79.08/82.38/80.69)
Training: 	Epoch: 97	Time: 9.8071	Training Loss: 0.0203	Sep Loss: 0.0000	Tag Loss: 0.0000
Evaluation: 	Epoch: 97	Time: 0.3380	Dev acc: 76.87	Dev fscore(p/r/f): (79.72/82.38/81.03)
Training: 	Epoch: 98	Time: 9.7754	Training Loss: 0.0124	Sep Loss: 0.0000	Tag Loss: 0.0000
Evaluation: 	Epoch: 98	Time: 0.3368	Dev acc: 78.55	Dev fscore(p/r/f): (80.69/82.38/81.53)
NEW BEST MODEL: 	Epoch: 98	Dev loss: 3.5679	Dev acc: 78.55	Dev fscore(p/r/f): (80.69/82.38/81.53)
Training: 	Epoch: 99	Time: 9.8825	Training Loss: 0.0130	Sep Loss: 0.0000	Tag Loss: 0.0000
Evaluation: 	Epoch: 99	Time: 0.3365	Dev acc: 78.32	Dev fscore(p/r/f): (81.26/82.27/81.76)
FINAL BEST RESULT: 	Epoch: 98	Dev loss: 3.5679	Dev acc: 78.5475	Dev fscore(p/r/f): (80.6946/82.3775/81.5273)
