Use pretrained model: hfl/chinese-pert-base
Dataset size: train -> 15690
Load dataset and database finished, cost 8.2922s ...
Dataset size: dev -> 895
Total training steps: 9900
Start training ......
Training: 	Epoch: 0	Time: 15.1922	Training Loss: 5.7888	Sep Loss: 0.0000	Tag Loss: 0.0000
Evaluation: 	Epoch: 0	Time: 0.3821	Dev acc: 19.11	Dev fscore(p/r/f): (0.00/0.00/0.00)
NEW BEST MODEL: 	Epoch: 0	Dev loss: 3.7388	Dev acc: 19.11	Dev fscore(p/r/f): (0.00/0.00/0.00)
Training: 	Epoch: 1	Time: 14.1078	Training Loss: 2.8514	Sep Loss: 0.0000	Tag Loss: 0.0000
Evaluation: 	Epoch: 1	Time: 0.3303	Dev acc: 34.64	Dev fscore(p/r/f): (33.66/32.22/32.92)
NEW BEST MODEL: 	Epoch: 1	Dev loss: 2.7306	Dev acc: 34.64	Dev fscore(p/r/f): (33.66/32.22/32.92)
Training: 	Epoch: 2	Time: 13.8661	Training Loss: 2.1042	Sep Loss: 0.0000	Tag Loss: 0.0000
Evaluation: 	Epoch: 2	Time: 0.3279	Dev acc: 34.97	Dev fscore(p/r/f): (35.24/30.87/32.91)
NEW BEST MODEL: 	Epoch: 2	Dev loss: 2.3079	Dev acc: 34.97	Dev fscore(p/r/f): (35.24/30.87/32.91)
Training: 	Epoch: 3	Time: 13.7610	Training Loss: 1.6081	Sep Loss: 0.0000	Tag Loss: 0.0000
Evaluation: 	Epoch: 3	Time: 0.3272	Dev acc: 60.00	Dev fscore(p/r/f): (67.23/62.04/64.53)
NEW BEST MODEL: 	Epoch: 3	Dev loss: 1.7327	Dev acc: 60.00	Dev fscore(p/r/f): (67.23/62.04/64.53)
Training: 	Epoch: 4	Time: 13.7971	Training Loss: 1.2528	Sep Loss: 0.0000	Tag Loss: 0.0000
Evaluation: 	Epoch: 4	Time: 0.3262	Dev acc: 61.56	Dev fscore(p/r/f): (69.03/65.07/66.99)
NEW BEST MODEL: 	Epoch: 4	Dev loss: 1.6174	Dev acc: 61.56	Dev fscore(p/r/f): (69.03/65.07/66.99)
Training: 	Epoch: 5	Time: 13.7253	Training Loss: 1.0444	Sep Loss: 0.0000	Tag Loss: 0.0000
Evaluation: 	Epoch: 5	Time: 0.3267	Dev acc: 64.47	Dev fscore(p/r/f): (70.75/66.84/68.74)
NEW BEST MODEL: 	Epoch: 5	Dev loss: 1.4376	Dev acc: 64.47	Dev fscore(p/r/f): (70.75/66.84/68.74)
Training: 	Epoch: 6	Time: 13.9831	Training Loss: 0.8621	Sep Loss: 0.0000	Tag Loss: 0.0000
Evaluation: 	Epoch: 6	Time: 0.3281	Dev acc: 68.72	Dev fscore(p/r/f): (75.93/70.39/73.05)
NEW BEST MODEL: 	Epoch: 6	Dev loss: 1.5787	Dev acc: 68.72	Dev fscore(p/r/f): (75.93/70.39/73.05)
Training: 	Epoch: 7	Time: 13.9421	Training Loss: 0.7740	Sep Loss: 0.0000	Tag Loss: 0.0000
Evaluation: 	Epoch: 7	Time: 0.3274	Dev acc: 72.74	Dev fscore(p/r/f): (75.68/74.97/75.33)
NEW BEST MODEL: 	Epoch: 7	Dev loss: 1.6041	Dev acc: 72.74	Dev fscore(p/r/f): (75.68/74.97/75.33)
Training: 	Epoch: 8	Time: 13.8676	Training Loss: 0.6477	Sep Loss: 0.0000	Tag Loss: 0.0000
Evaluation: 	Epoch: 8	Time: 0.3270	Dev acc: 70.28	Dev fscore(p/r/f): (76.32/72.26/74.24)
Training: 	Epoch: 9	Time: 14.0903	Training Loss: 0.5869	Sep Loss: 0.0000	Tag Loss: 0.0000
Evaluation: 	Epoch: 9	Time: 0.3284	Dev acc: 72.18	Dev fscore(p/r/f): (74.71/74.24/74.48)
Training: 	Epoch: 10	Time: 13.7950	Training Loss: 0.5128	Sep Loss: 0.0000	Tag Loss: 0.0000
Evaluation: 	Epoch: 10	Time: 0.3299	Dev acc: 71.28	Dev fscore(p/r/f): (76.35/73.72/75.01)
Training: 	Epoch: 11	Time: 14.2847	Training Loss: 0.4747	Sep Loss: 0.0000	Tag Loss: 0.0000
Evaluation: 	Epoch: 11	Time: 0.3520	Dev acc: 71.51	Dev fscore(p/r/f): (77.78/74.45/76.08)
Training: 	Epoch: 12	Time: 14.1917	Training Loss: 0.4094	Sep Loss: 0.0000	Tag Loss: 0.0000
Evaluation: 	Epoch: 12	Time: 0.3341	Dev acc: 71.17	Dev fscore(p/r/f): (79.22/74.35/76.71)
Training: 	Epoch: 13	Time: 14.0745	Training Loss: 0.3900	Sep Loss: 0.0000	Tag Loss: 0.0000
Evaluation: 	Epoch: 13	Time: 0.3353	Dev acc: 72.63	Dev fscore(p/r/f): (79.39/75.91/77.61)
Training: 	Epoch: 14	Time: 13.8259	Training Loss: 0.3651	Sep Loss: 0.0000	Tag Loss: 0.0000
Evaluation: 	Epoch: 14	Time: 0.3291	Dev acc: 72.63	Dev fscore(p/r/f): (80.13/76.12/78.07)
Training: 	Epoch: 15	Time: 13.8394	Training Loss: 0.3359	Sep Loss: 0.0000	Tag Loss: 0.0000
Evaluation: 	Epoch: 15	Time: 0.3317	Dev acc: 74.86	Dev fscore(p/r/f): (80.77/78.42/79.58)
NEW BEST MODEL: 	Epoch: 15	Dev loss: 1.9411	Dev acc: 74.86	Dev fscore(p/r/f): (80.77/78.42/79.58)
Training: 	Epoch: 16	Time: 13.8053	Training Loss: 0.2930	Sep Loss: 0.0000	Tag Loss: 0.0000
Evaluation: 	Epoch: 16	Time: 0.3291	Dev acc: 74.53	Dev fscore(p/r/f): (80.06/78.31/79.18)
Training: 	Epoch: 17	Time: 13.7041	Training Loss: 0.2615	Sep Loss: 0.0000	Tag Loss: 0.0000
Evaluation: 	Epoch: 17	Time: 0.3291	Dev acc: 73.85	Dev fscore(p/r/f): (80.77/76.64/78.65)
Training: 	Epoch: 18	Time: 13.8510	Training Loss: 0.2369	Sep Loss: 0.0000	Tag Loss: 0.0000
Evaluation: 	Epoch: 18	Time: 0.3310	Dev acc: 74.30	Dev fscore(p/r/f): (81.42/77.69/79.51)
Training: 	Epoch: 19	Time: 13.7889	Training Loss: 0.2355	Sep Loss: 0.0000	Tag Loss: 0.0000
Evaluation: 	Epoch: 19	Time: 0.3279	Dev acc: 73.41	Dev fscore(p/r/f): (80.63/76.85/78.70)
Training: 	Epoch: 20	Time: 13.9828	Training Loss: 0.2111	Sep Loss: 0.0000	Tag Loss: 0.0000
Evaluation: 	Epoch: 20	Time: 0.3285	Dev acc: 73.18	Dev fscore(p/r/f): (81.92/75.60/78.63)
Training: 	Epoch: 21	Time: 13.8410	Training Loss: 0.1969	Sep Loss: 0.0000	Tag Loss: 0.0000
Evaluation: 	Epoch: 21	Time: 0.3280	Dev acc: 75.08	Dev fscore(p/r/f): (82.68/78.62/80.60)
NEW BEST MODEL: 	Epoch: 21	Dev loss: 1.9372	Dev acc: 75.08	Dev fscore(p/r/f): (82.68/78.62/80.60)
Training: 	Epoch: 22	Time: 14.0081	Training Loss: 0.1966	Sep Loss: 0.0000	Tag Loss: 0.0000
Evaluation: 	Epoch: 22	Time: 0.3510	Dev acc: 72.29	Dev fscore(p/r/f): (77.52/76.23/76.87)
Training: 	Epoch: 23	Time: 14.4334	Training Loss: 0.2353	Sep Loss: 0.0000	Tag Loss: 0.0000
Evaluation: 	Epoch: 23	Time: 0.3534	Dev acc: 75.20	Dev fscore(p/r/f): (81.37/78.31/79.81)
NEW BEST MODEL: 	Epoch: 23	Dev loss: 2.3923	Dev acc: 75.20	Dev fscore(p/r/f): (81.37/78.31/79.81)
Training: 	Epoch: 24	Time: 13.9866	Training Loss: 0.1884	Sep Loss: 0.0000	Tag Loss: 0.0000
Evaluation: 	Epoch: 24	Time: 0.3276	Dev acc: 74.19	Dev fscore(p/r/f): (80.65/77.37/78.98)
Training: 	Epoch: 25	Time: 13.8829	Training Loss: 0.1685	Sep Loss: 0.0000	Tag Loss: 0.0000
Evaluation: 	Epoch: 25	Time: 0.3322	Dev acc: 72.40	Dev fscore(p/r/f): (81.75/76.12/78.83)
Training: 	Epoch: 26	Time: 14.0705	Training Loss: 0.1633	Sep Loss: 0.0000	Tag Loss: 0.0000
Evaluation: 	Epoch: 26	Time: 0.3297	Dev acc: 73.41	Dev fscore(p/r/f): (79.23/77.16/78.18)
Training: 	Epoch: 27	Time: 14.0028	Training Loss: 0.1602	Sep Loss: 0.0000	Tag Loss: 0.0000
Evaluation: 	Epoch: 27	Time: 0.3273	Dev acc: 73.97	Dev fscore(p/r/f): (81.88/77.27/79.51)
Training: 	Epoch: 28	Time: 13.9039	Training Loss: 0.1334	Sep Loss: 0.0000	Tag Loss: 0.0000
Evaluation: 	Epoch: 28	Time: 0.3270	Dev acc: 73.85	Dev fscore(p/r/f): (80.91/77.79/79.32)
Training: 	Epoch: 29	Time: 13.8116	Training Loss: 0.1322	Sep Loss: 0.0000	Tag Loss: 0.0000
Evaluation: 	Epoch: 29	Time: 0.3326	Dev acc: 73.07	Dev fscore(p/r/f): (80.64/76.43/78.48)
Training: 	Epoch: 30	Time: 13.9546	Training Loss: 0.1162	Sep Loss: 0.0000	Tag Loss: 0.0000
Evaluation: 	Epoch: 30	Time: 0.3317	Dev acc: 74.19	Dev fscore(p/r/f): (81.37/77.89/79.60)
Training: 	Epoch: 31	Time: 13.9127	Training Loss: 0.1316	Sep Loss: 0.0000	Tag Loss: 0.0000
Evaluation: 	Epoch: 31	Time: 0.3277	Dev acc: 71.17	Dev fscore(p/r/f): (80.51/75.39/77.87)
Training: 	Epoch: 32	Time: 14.0557	Training Loss: 0.1308	Sep Loss: 0.0000	Tag Loss: 0.0000
Evaluation: 	Epoch: 32	Time: 0.3274	Dev acc: 73.74	Dev fscore(p/r/f): (82.18/76.96/79.48)
Training: 	Epoch: 33	Time: 13.9298	Training Loss: 0.1068	Sep Loss: 0.0000	Tag Loss: 0.0000
Evaluation: 	Epoch: 33	Time: 0.3274	Dev acc: 74.64	Dev fscore(p/r/f): (83.64/76.75/80.04)
Training: 	Epoch: 34	Time: 13.9108	Training Loss: 0.1310	Sep Loss: 0.0000	Tag Loss: 0.0000
Evaluation: 	Epoch: 34	Time: 0.3268	Dev acc: 74.86	Dev fscore(p/r/f): (81.27/78.73/79.98)
Training: 	Epoch: 35	Time: 14.0217	Training Loss: 0.1054	Sep Loss: 0.0000	Tag Loss: 0.0000
Evaluation: 	Epoch: 35	Time: 0.3287	Dev acc: 74.53	Dev fscore(p/r/f): (81.22/78.00/79.57)
Training: 	Epoch: 36	Time: 13.8197	Training Loss: 0.1030	Sep Loss: 0.0000	Tag Loss: 0.0000
Evaluation: 	Epoch: 36	Time: 0.3272	Dev acc: 72.85	Dev fscore(p/r/f): (82.37/75.50/78.78)
Training: 	Epoch: 37	Time: 13.8345	Training Loss: 0.0855	Sep Loss: 0.0000	Tag Loss: 0.0000
Evaluation: 	Epoch: 37	Time: 0.3294	Dev acc: 74.19	Dev fscore(p/r/f): (79.87/78.62/79.24)
Training: 	Epoch: 38	Time: 14.0511	Training Loss: 0.0808	Sep Loss: 0.0000	Tag Loss: 0.0000
Evaluation: 	Epoch: 38	Time: 0.3281	Dev acc: 74.53	Dev fscore(p/r/f): (81.08/78.21/79.62)
Training: 	Epoch: 39	Time: 13.9669	Training Loss: 0.0789	Sep Loss: 0.0000	Tag Loss: 0.0000
Evaluation: 	Epoch: 39	Time: 0.3279	Dev acc: 73.52	Dev fscore(p/r/f): (82.11/77.06/79.51)
Training: 	Epoch: 40	Time: 13.8631	Training Loss: 0.1064	Sep Loss: 0.0000	Tag Loss: 0.0000
Evaluation: 	Epoch: 40	Time: 0.3296	Dev acc: 73.07	Dev fscore(p/r/f): (79.93/76.85/78.36)
Training: 	Epoch: 41	Time: 13.9475	Training Loss: 0.0806	Sep Loss: 0.0000	Tag Loss: 0.0000
Evaluation: 	Epoch: 41	Time: 0.3267	Dev acc: 74.08	Dev fscore(p/r/f): (81.07/77.27/79.12)
Training: 	Epoch: 42	Time: 13.8331	Training Loss: 0.0758	Sep Loss: 0.0000	Tag Loss: 0.0000
Evaluation: 	Epoch: 42	Time: 0.3258	Dev acc: 74.64	Dev fscore(p/r/f): (81.22/77.58/79.36)
Training: 	Epoch: 43	Time: 14.0945	Training Loss: 0.0643	Sep Loss: 0.0000	Tag Loss: 0.0000
Evaluation: 	Epoch: 43	Time: 0.3273	Dev acc: 75.87	Dev fscore(p/r/f): (81.50/79.46/80.46)
NEW BEST MODEL: 	Epoch: 43	Dev loss: 2.3280	Dev acc: 75.87	Dev fscore(p/r/f): (81.50/79.46/80.46)
Training: 	Epoch: 44	Time: 13.9550	Training Loss: 0.0634	Sep Loss: 0.0000	Tag Loss: 0.0000
Evaluation: 	Epoch: 44	Time: 0.3275	Dev acc: 75.31	Dev fscore(p/r/f): (82.22/78.62/80.38)
Training: 	Epoch: 45	Time: 13.9055	Training Loss: 0.0762	Sep Loss: 0.0000	Tag Loss: 0.0000
Evaluation: 	Epoch: 45	Time: 0.3283	Dev acc: 74.97	Dev fscore(p/r/f): (80.58/78.73/79.64)
Training: 	Epoch: 46	Time: 13.6998	Training Loss: 0.0756	Sep Loss: 0.0000	Tag Loss: 0.0000
Evaluation: 	Epoch: 46	Time: 0.3270	Dev acc: 75.42	Dev fscore(p/r/f): (81.75/78.94/80.32)
Training: 	Epoch: 47	Time: 13.8884	Training Loss: 0.0682	Sep Loss: 0.0000	Tag Loss: 0.0000
Evaluation: 	Epoch: 47	Time: 0.3270	Dev acc: 76.42	Dev fscore(p/r/f): (81.55/80.19/80.86)
NEW BEST MODEL: 	Epoch: 47	Dev loss: 2.1234	Dev acc: 76.42	Dev fscore(p/r/f): (81.55/80.19/80.86)
Training: 	Epoch: 48	Time: 13.8812	Training Loss: 0.0612	Sep Loss: 0.0000	Tag Loss: 0.0000
Evaluation: 	Epoch: 48	Time: 0.3273	Dev acc: 74.75	Dev fscore(p/r/f): (82.79/77.27/79.94)
Training: 	Epoch: 49	Time: 13.8665	Training Loss: 0.0849	Sep Loss: 0.0000	Tag Loss: 0.0000
Evaluation: 	Epoch: 49	Time: 0.3281	Dev acc: 76.65	Dev fscore(p/r/f): (81.87/79.56/80.70)
NEW BEST MODEL: 	Epoch: 49	Dev loss: 2.2860	Dev acc: 76.65	Dev fscore(p/r/f): (81.87/79.56/80.70)
Training: 	Epoch: 50	Time: 13.8909	Training Loss: 0.0697	Sep Loss: 0.0000	Tag Loss: 0.0000
Evaluation: 	Epoch: 50	Time: 0.3263	Dev acc: 75.87	Dev fscore(p/r/f): (81.47/79.77/80.61)
Training: 	Epoch: 51	Time: 13.8414	Training Loss: 0.0615	Sep Loss: 0.0000	Tag Loss: 0.0000
Evaluation: 	Epoch: 51	Time: 0.3277	Dev acc: 74.75	Dev fscore(p/r/f): (81.00/79.14/80.06)
Training: 	Epoch: 52	Time: 13.9310	Training Loss: 0.0638	Sep Loss: 0.0000	Tag Loss: 0.0000
Evaluation: 	Epoch: 52	Time: 0.3284	Dev acc: 73.97	Dev fscore(p/r/f): (82.35/76.85/79.50)
Training: 	Epoch: 53	Time: 13.7342	Training Loss: 0.0680	Sep Loss: 0.0000	Tag Loss: 0.0000
Evaluation: 	Epoch: 53	Time: 0.3266	Dev acc: 74.30	Dev fscore(p/r/f): (81.60/78.62/80.08)
Training: 	Epoch: 54	Time: 13.8671	Training Loss: 0.0603	Sep Loss: 0.0000	Tag Loss: 0.0000
Evaluation: 	Epoch: 54	Time: 0.3272	Dev acc: 72.18	Dev fscore(p/r/f): (76.05/77.16/76.60)
Training: 	Epoch: 55	Time: 13.7239	Training Loss: 0.0527	Sep Loss: 0.0000	Tag Loss: 0.0000
Evaluation: 	Epoch: 55	Time: 0.3594	Dev acc: 76.09	Dev fscore(p/r/f): (82.45/79.35/80.87)
Training: 	Epoch: 56	Time: 14.0531	Training Loss: 0.0488	Sep Loss: 0.0000	Tag Loss: 0.0000
Evaluation: 	Epoch: 56	Time: 0.3284	Dev acc: 76.65	Dev fscore(p/r/f): (82.76/80.08/81.40)
Training: 	Epoch: 57	Time: 13.7563	Training Loss: 0.0647	Sep Loss: 0.0000	Tag Loss: 0.0000
Evaluation: 	Epoch: 57	Time: 0.3269	Dev acc: 75.20	Dev fscore(p/r/f): (80.83/79.14/79.98)
Training: 	Epoch: 58	Time: 13.8494	Training Loss: 0.0821	Sep Loss: 0.0000	Tag Loss: 0.0000
Evaluation: 	Epoch: 58	Time: 0.3279	Dev acc: 75.31	Dev fscore(p/r/f): (81.63/78.31/79.94)
Training: 	Epoch: 59	Time: 14.0720	Training Loss: 0.0705	Sep Loss: 0.0000	Tag Loss: 0.0000
Evaluation: 	Epoch: 59	Time: 0.3277	Dev acc: 74.64	Dev fscore(p/r/f): (83.02/77.48/80.15)
Training: 	Epoch: 60	Time: 13.7828	Training Loss: 0.0639	Sep Loss: 0.0000	Tag Loss: 0.0000
Evaluation: 	Epoch: 60	Time: 0.3279	Dev acc: 75.87	Dev fscore(p/r/f): (82.12/79.04/80.55)
Training: 	Epoch: 61	Time: 13.9116	Training Loss: 0.0501	Sep Loss: 0.0000	Tag Loss: 0.0000
Evaluation: 	Epoch: 61	Time: 0.3279	Dev acc: 75.87	Dev fscore(p/r/f): (81.20/79.25/80.21)
Training: 	Epoch: 62	Time: 14.0341	Training Loss: 0.0450	Sep Loss: 0.0000	Tag Loss: 0.0000
Evaluation: 	Epoch: 62	Time: 0.3279	Dev acc: 75.75	Dev fscore(p/r/f): (81.53/80.08/80.80)
Training: 	Epoch: 63	Time: 13.7658	Training Loss: 0.0439	Sep Loss: 0.0000	Tag Loss: 0.0000
Evaluation: 	Epoch: 63	Time: 0.3276	Dev acc: 75.42	Dev fscore(p/r/f): (83.06/78.73/80.84)
Training: 	Epoch: 64	Time: 13.9155	Training Loss: 0.0493	Sep Loss: 0.0000	Tag Loss: 0.0000
Evaluation: 	Epoch: 64	Time: 0.3271	Dev acc: 75.42	Dev fscore(p/r/f): (81.85/79.46/80.63)
Training: 	Epoch: 65	Time: 13.8917	Training Loss: 0.0463	Sep Loss: 0.0000	Tag Loss: 0.0000
Evaluation: 	Epoch: 65	Time: 0.3277	Dev acc: 74.19	Dev fscore(p/r/f): (81.94/77.58/79.70)
Training: 	Epoch: 66	Time: 13.7936	Training Loss: 0.0440	Sep Loss: 0.0000	Tag Loss: 0.0000
Evaluation: 	Epoch: 66	Time: 0.3274	Dev acc: 74.86	Dev fscore(p/r/f): (82.20/78.00/80.04)
Training: 	Epoch: 67	Time: 13.8467	Training Loss: 0.0367	Sep Loss: 0.0000	Tag Loss: 0.0000
Evaluation: 	Epoch: 67	Time: 0.3283	Dev acc: 74.30	Dev fscore(p/r/f): (82.66/77.06/79.76)
Training: 	Epoch: 68	Time: 14.0297	Training Loss: 0.0383	Sep Loss: 0.0000	Tag Loss: 0.0000
Evaluation: 	Epoch: 68	Time: 0.3285	Dev acc: 75.98	Dev fscore(p/r/f): (82.36/79.35/80.83)
Training: 	Epoch: 69	Time: 14.1787	Training Loss: 0.0475	Sep Loss: 0.0000	Tag Loss: 0.0000
Evaluation: 	Epoch: 69	Time: 0.3500	Dev acc: 74.19	Dev fscore(p/r/f): (80.73/78.21/79.45)
Training: 	Epoch: 70	Time: 14.4715	Training Loss: 0.0717	Sep Loss: 0.0000	Tag Loss: 0.0000
Evaluation: 	Epoch: 70	Time: 0.3527	Dev acc: 75.42	Dev fscore(p/r/f): (81.32/78.52/79.89)
Training: 	Epoch: 71	Time: 14.2206	Training Loss: 0.0413	Sep Loss: 0.0000	Tag Loss: 0.0000
Evaluation: 	Epoch: 71	Time: 0.3516	Dev acc: 74.08	Dev fscore(p/r/f): (82.19/77.48/79.76)
Training: 	Epoch: 72	Time: 14.1983	Training Loss: 0.0351	Sep Loss: 0.0000	Tag Loss: 0.0000
Evaluation: 	Epoch: 72	Time: 0.3274	Dev acc: 73.74	Dev fscore(p/r/f): (80.78/77.58/79.15)
Training: 	Epoch: 73	Time: 13.9250	Training Loss: 0.0402	Sep Loss: 0.0000	Tag Loss: 0.0000
Evaluation: 	Epoch: 73	Time: 0.3287	Dev acc: 74.64	Dev fscore(p/r/f): (80.96/77.58/79.23)
Training: 	Epoch: 74	Time: 13.9497	Training Loss: 0.0474	Sep Loss: 0.0000	Tag Loss: 0.0000
Evaluation: 	Epoch: 74	Time: 0.3280	Dev acc: 76.20	Dev fscore(p/r/f): (82.33/79.67/80.98)
Training: 	Epoch: 75	Time: 14.0089	Training Loss: 0.0405	Sep Loss: 0.0000	Tag Loss: 0.0000
Evaluation: 	Epoch: 75	Time: 0.3293	Dev acc: 73.74	Dev fscore(p/r/f): (82.83/76.96/79.78)
Training: 	Epoch: 76	Time: 13.7172	Training Loss: 0.0378	Sep Loss: 0.0000	Tag Loss: 0.0000
Evaluation: 	Epoch: 76	Time: 0.3281	Dev acc: 73.41	Dev fscore(p/r/f): (81.49/77.58/79.49)
Training: 	Epoch: 77	Time: 13.9976	Training Loss: 0.0470	Sep Loss: 0.0000	Tag Loss: 0.0000
Evaluation: 	Epoch: 77	Time: 0.3303	Dev acc: 72.85	Dev fscore(p/r/f): (81.17/76.85/78.95)
Training: 	Epoch: 78	Time: 13.9370	Training Loss: 0.0335	Sep Loss: 0.0000	Tag Loss: 0.0000
Evaluation: 	Epoch: 78	Time: 0.3261	Dev acc: 74.64	Dev fscore(p/r/f): (81.05/78.52/79.77)
Training: 	Epoch: 79	Time: 13.8536	Training Loss: 0.0408	Sep Loss: 0.0000	Tag Loss: 0.0000
Evaluation: 	Epoch: 79	Time: 0.3285	Dev acc: 74.08	Dev fscore(p/r/f): (82.22/77.16/79.61)
Training: 	Epoch: 80	Time: 13.8184	Training Loss: 0.0349	Sep Loss: 0.0000	Tag Loss: 0.0000
Evaluation: 	Epoch: 80	Time: 0.3262	Dev acc: 75.87	Dev fscore(p/r/f): (81.63/79.25/80.42)
Training: 	Epoch: 81	Time: 13.9694	Training Loss: 0.0428	Sep Loss: 0.0000	Tag Loss: 0.0000
Evaluation: 	Epoch: 81	Time: 0.3258	Dev acc: 74.30	Dev fscore(p/r/f): (80.39/78.21/79.28)
Training: 	Epoch: 82	Time: 13.8321	Training Loss: 0.0451	Sep Loss: 0.0000	Tag Loss: 0.0000
Evaluation: 	Epoch: 82	Time: 0.3271	Dev acc: 74.41	Dev fscore(p/r/f): (80.84/78.31/79.56)
Training: 	Epoch: 83	Time: 13.5860	Training Loss: 0.0476	Sep Loss: 0.0000	Tag Loss: 0.0000
Evaluation: 	Epoch: 83	Time: 0.3278	Dev acc: 75.20	Dev fscore(p/r/f): (82.83/78.00/80.34)
Training: 	Epoch: 84	Time: 14.0028	Training Loss: 0.0685	Sep Loss: 0.0000	Tag Loss: 0.0000
Evaluation: 	Epoch: 84	Time: 0.3269	Dev acc: 74.86	Dev fscore(p/r/f): (81.55/78.83/80.17)
Training: 	Epoch: 85	Time: 13.8857	Training Loss: 0.0427	Sep Loss: 0.0000	Tag Loss: 0.0000
Evaluation: 	Epoch: 85	Time: 0.3270	Dev acc: 76.09	Dev fscore(p/r/f): (83.89/79.25/81.50)
Training: 	Epoch: 86	Time: 14.0782	Training Loss: 0.0460	Sep Loss: 0.0000	Tag Loss: 0.0000
Evaluation: 	Epoch: 86	Time: 0.3267	Dev acc: 74.19	Dev fscore(p/r/f): (82.72/77.37/79.96)
Training: 	Epoch: 87	Time: 13.9807	Training Loss: 0.0434	Sep Loss: 0.0000	Tag Loss: 0.0000
Evaluation: 	Epoch: 87	Time: 0.3263	Dev acc: 75.08	Dev fscore(p/r/f): (81.68/78.10/79.85)
Training: 	Epoch: 88	Time: 14.0573	Training Loss: 0.0362	Sep Loss: 0.0000	Tag Loss: 0.0000
Evaluation: 	Epoch: 88	Time: 0.3277	Dev acc: 74.53	Dev fscore(p/r/f): (82.56/78.00/80.21)
Training: 	Epoch: 89	Time: 13.9209	Training Loss: 0.0344	Sep Loss: 0.0000	Tag Loss: 0.0000
Evaluation: 	Epoch: 89	Time: 0.3254	Dev acc: 76.65	Dev fscore(p/r/f): (83.10/79.98/81.51)
Training: 	Epoch: 90	Time: 13.8323	Training Loss: 0.0340	Sep Loss: 0.0000	Tag Loss: 0.0000
Evaluation: 	Epoch: 90	Time: 0.3276	Dev acc: 75.87	Dev fscore(p/r/f): (83.74/78.94/81.27)
Training: 	Epoch: 91	Time: 13.8343	Training Loss: 0.0285	Sep Loss: 0.0000	Tag Loss: 0.0000
Evaluation: 	Epoch: 91	Time: 0.3288	Dev acc: 75.20	Dev fscore(p/r/f): (82.45/79.35/80.87)
Training: 	Epoch: 92	Time: 13.9148	Training Loss: 0.0269	Sep Loss: 0.0000	Tag Loss: 0.0000
Evaluation: 	Epoch: 92	Time: 0.3274	Dev acc: 74.64	Dev fscore(p/r/f): (82.51/78.21/80.30)
Training: 	Epoch: 93	Time: 13.8869	Training Loss: 0.0396	Sep Loss: 0.0000	Tag Loss: 0.0000
Evaluation: 	Epoch: 93	Time: 0.3279	Dev acc: 76.42	Dev fscore(p/r/f): (80.19/81.02/80.60)
Training: 	Epoch: 94	Time: 13.8649	Training Loss: 0.0580	Sep Loss: 0.0000	Tag Loss: 0.0000
Evaluation: 	Epoch: 94	Time: 0.3275	Dev acc: 73.07	Dev fscore(p/r/f): (81.39/77.06/79.16)
Training: 	Epoch: 95	Time: 13.9980	Training Loss: 0.0467	Sep Loss: 0.0000	Tag Loss: 0.0000
Evaluation: 	Epoch: 95	Time: 0.3269	Dev acc: 74.86	Dev fscore(p/r/f): (83.11/78.52/80.75)
Training: 	Epoch: 96	Time: 14.0749	Training Loss: 0.0370	Sep Loss: 0.0000	Tag Loss: 0.0000
Evaluation: 	Epoch: 96	Time: 0.3275	Dev acc: 76.31	Dev fscore(p/r/f): (82.61/79.25/80.89)
Training: 	Epoch: 97	Time: 14.0057	Training Loss: 0.0331	Sep Loss: 0.0000	Tag Loss: 0.0000
Evaluation: 	Epoch: 97	Time: 0.3322	Dev acc: 76.42	Dev fscore(p/r/f): (83.13/79.14/81.09)
Training: 	Epoch: 98	Time: 13.9213	Training Loss: 0.0360	Sep Loss: 0.0000	Tag Loss: 0.0000
Evaluation: 	Epoch: 98	Time: 0.3286	Dev acc: 74.64	Dev fscore(p/r/f): (81.28/77.89/79.55)
Training: 	Epoch: 99	Time: 13.7628	Training Loss: 0.0485	Sep Loss: 0.0000	Tag Loss: 0.0000
Evaluation: 	Epoch: 99	Time: 0.3313	Dev acc: 74.97	Dev fscore(p/r/f): (80.48/79.98/80.23)
FINAL BEST RESULT: 	Epoch: 49	Dev loss: 2.2860	Dev acc: 76.6480	Dev fscore(p/r/f): (81.8670/79.5620/80.6980)
Use pretrained model: hfl/chinese-pert-base
