Use pretrained model: hfl/chinese-bert-wwm-ext
Dataset size: train -> 5119
Load dataset and database finished, cost 5.0178s ...
Dataset size: dev -> 895
Total training steps: 3200
Start training ......
Training: 	Epoch: 0	Time: 5.9638	Training Loss: 4.1197	Sep Loss: 0.0000	Tag Loss: 0.0000
Evaluation: 	Epoch: 0	Time: 0.4081	Dev acc: 19.55	Dev fscore(p/r/f): (11.43/1.67/2.91)
NEW BEST MODEL: 	Epoch: 0	Dev loss: 3.3618	Dev acc: 19.55	Dev fscore(p/r/f): (11.43/1.67/2.91)
Training: 	Epoch: 1	Time: 4.9191	Training Loss: 3.0301	Sep Loss: 0.0000	Tag Loss: 0.0000
Evaluation: 	Epoch: 1	Time: 0.3598	Dev acc: 31.96	Dev fscore(p/r/f): (24.85/13.24/17.28)
NEW BEST MODEL: 	Epoch: 1	Dev loss: 2.6594	Dev acc: 31.96	Dev fscore(p/r/f): (24.85/13.24/17.28)
Training: 	Epoch: 2	Time: 4.8419	Training Loss: 2.3079	Sep Loss: 0.0000	Tag Loss: 0.0000
Evaluation: 	Epoch: 2	Time: 0.3620	Dev acc: 41.79	Dev fscore(p/r/f): (39.47/34.20/36.65)
NEW BEST MODEL: 	Epoch: 2	Dev loss: 2.1512	Dev acc: 41.79	Dev fscore(p/r/f): (39.47/34.20/36.65)
Training: 	Epoch: 3	Time: 5.0021	Training Loss: 1.9099	Sep Loss: 0.0000	Tag Loss: 0.0000
Evaluation: 	Epoch: 3	Time: 0.3587	Dev acc: 49.50	Dev fscore(p/r/f): (38.07/38.27/38.17)
NEW BEST MODEL: 	Epoch: 3	Dev loss: 1.8831	Dev acc: 49.50	Dev fscore(p/r/f): (38.07/38.27/38.17)
Training: 	Epoch: 4	Time: 5.0807	Training Loss: 1.6668	Sep Loss: 0.0000	Tag Loss: 0.0000
Evaluation: 	Epoch: 4	Time: 0.3599	Dev acc: 53.85	Dev fscore(p/r/f): (49.89/48.91/49.39)
NEW BEST MODEL: 	Epoch: 4	Dev loss: 1.7683	Dev acc: 53.85	Dev fscore(p/r/f): (49.89/48.91/49.39)
Training: 	Epoch: 5	Time: 5.0835	Training Loss: 1.4634	Sep Loss: 0.0000	Tag Loss: 0.0000
Evaluation: 	Epoch: 5	Time: 0.3573	Dev acc: 59.33	Dev fscore(p/r/f): (54.35/54.01/54.18)
NEW BEST MODEL: 	Epoch: 5	Dev loss: 1.5494	Dev acc: 59.33	Dev fscore(p/r/f): (54.35/54.01/54.18)
Training: 	Epoch: 6	Time: 5.1088	Training Loss: 1.3130	Sep Loss: 0.0000	Tag Loss: 0.0000
Evaluation: 	Epoch: 6	Time: 0.3386	Dev acc: 63.58	Dev fscore(p/r/f): (62.05/58.81/60.39)
NEW BEST MODEL: 	Epoch: 6	Dev loss: 1.4257	Dev acc: 63.58	Dev fscore(p/r/f): (62.05/58.81/60.39)
Training: 	Epoch: 7	Time: 5.0573	Training Loss: 1.1263	Sep Loss: 0.0000	Tag Loss: 0.0000
Evaluation: 	Epoch: 7	Time: 0.3339	Dev acc: 68.16	Dev fscore(p/r/f): (72.97/66.42/69.54)
NEW BEST MODEL: 	Epoch: 7	Dev loss: 1.3352	Dev acc: 68.16	Dev fscore(p/r/f): (72.97/66.42/69.54)
Training: 	Epoch: 8	Time: 4.9269	Training Loss: 0.9847	Sep Loss: 0.0000	Tag Loss: 0.0000
Evaluation: 	Epoch: 8	Time: 0.3333	Dev acc: 69.72	Dev fscore(p/r/f): (75.88/67.57/71.48)
NEW BEST MODEL: 	Epoch: 8	Dev loss: 1.2453	Dev acc: 69.72	Dev fscore(p/r/f): (75.88/67.57/71.48)
Training: 	Epoch: 9	Time: 4.9126	Training Loss: 0.8533	Sep Loss: 0.0000	Tag Loss: 0.0000
Evaluation: 	Epoch: 9	Time: 0.3390	Dev acc: 71.17	Dev fscore(p/r/f): (75.71/69.86/72.67)
NEW BEST MODEL: 	Epoch: 9	Dev loss: 1.2457	Dev acc: 71.17	Dev fscore(p/r/f): (75.71/69.86/72.67)
Training: 	Epoch: 10	Time: 5.0534	Training Loss: 0.7547	Sep Loss: 0.0000	Tag Loss: 0.0000
Evaluation: 	Epoch: 10	Time: 0.3419	Dev acc: 73.41	Dev fscore(p/r/f): (78.48/74.14/76.25)
NEW BEST MODEL: 	Epoch: 10	Dev loss: 1.1865	Dev acc: 73.41	Dev fscore(p/r/f): (78.48/74.14/76.25)
Training: 	Epoch: 11	Time: 4.9139	Training Loss: 0.6923	Sep Loss: 0.0000	Tag Loss: 0.0000
Evaluation: 	Epoch: 11	Time: 0.3347	Dev acc: 73.74	Dev fscore(p/r/f): (77.35/74.77/76.03)
NEW BEST MODEL: 	Epoch: 11	Dev loss: 1.2397	Dev acc: 73.74	Dev fscore(p/r/f): (77.35/74.77/76.03)
Training: 	Epoch: 12	Time: 4.9548	Training Loss: 0.6228	Sep Loss: 0.0000	Tag Loss: 0.0000
Evaluation: 	Epoch: 12	Time: 0.3408	Dev acc: 73.97	Dev fscore(p/r/f): (77.81/76.43/77.12)
NEW BEST MODEL: 	Epoch: 12	Dev loss: 1.3196	Dev acc: 73.97	Dev fscore(p/r/f): (77.81/76.43/77.12)
Training: 	Epoch: 13	Time: 4.8841	Training Loss: 0.5800	Sep Loss: 0.0000	Tag Loss: 0.0000
Evaluation: 	Epoch: 13	Time: 0.3432	Dev acc: 74.19	Dev fscore(p/r/f): (78.46/76.33/77.38)
NEW BEST MODEL: 	Epoch: 13	Dev loss: 1.3226	Dev acc: 74.19	Dev fscore(p/r/f): (78.46/76.33/77.38)
Training: 	Epoch: 14	Time: 4.8075	Training Loss: 0.5374	Sep Loss: 0.0000	Tag Loss: 0.0000
Evaluation: 	Epoch: 14	Time: 0.4379	Dev acc: 74.53	Dev fscore(p/r/f): (79.25/76.85/78.03)
NEW BEST MODEL: 	Epoch: 14	Dev loss: 1.3757	Dev acc: 74.53	Dev fscore(p/r/f): (79.25/76.85/78.03)
Training: 	Epoch: 15	Time: 4.9035	Training Loss: 0.5128	Sep Loss: 0.0000	Tag Loss: 0.0000
Evaluation: 	Epoch: 15	Time: 0.3950	Dev acc: 75.08	Dev fscore(p/r/f): (79.42/77.69/78.55)
NEW BEST MODEL: 	Epoch: 15	Dev loss: 1.3291	Dev acc: 75.08	Dev fscore(p/r/f): (79.42/77.69/78.55)
Training: 	Epoch: 16	Time: 4.8700	Training Loss: 0.4819	Sep Loss: 0.0000	Tag Loss: 0.0000
Evaluation: 	Epoch: 16	Time: 0.3443	Dev acc: 74.86	Dev fscore(p/r/f): (80.22/76.96/78.55)
NEW BEST MODEL: 	Epoch: 16	Dev loss: 1.3094	Dev acc: 74.86	Dev fscore(p/r/f): (80.22/76.96/78.55)
Training: 	Epoch: 17	Time: 5.0225	Training Loss: 0.4359	Sep Loss: 0.0000	Tag Loss: 0.0000
Evaluation: 	Epoch: 17	Time: 0.3410	Dev acc: 74.75	Dev fscore(p/r/f): (80.52/77.16/78.81)
NEW BEST MODEL: 	Epoch: 17	Dev loss: 1.3446	Dev acc: 74.75	Dev fscore(p/r/f): (80.52/77.16/78.81)
Training: 	Epoch: 18	Time: 4.9564	Training Loss: 0.4026	Sep Loss: 0.0000	Tag Loss: 0.0000
Evaluation: 	Epoch: 18	Time: 0.3405	Dev acc: 75.08	Dev fscore(p/r/f): (80.41/77.48/78.92)
NEW BEST MODEL: 	Epoch: 18	Dev loss: 1.3396	Dev acc: 75.08	Dev fscore(p/r/f): (80.41/77.48/78.92)
Training: 	Epoch: 19	Time: 4.8977	Training Loss: 0.3660	Sep Loss: 0.0000	Tag Loss: 0.0000
Evaluation: 	Epoch: 19	Time: 0.3407	Dev acc: 75.42	Dev fscore(p/r/f): (80.60/78.00/79.28)
NEW BEST MODEL: 	Epoch: 19	Dev loss: 1.3445	Dev acc: 75.42	Dev fscore(p/r/f): (80.60/78.00/79.28)
Training: 	Epoch: 20	Time: 4.9824	Training Loss: 0.3534	Sep Loss: 0.0000	Tag Loss: 0.0000
Evaluation: 	Epoch: 20	Time: 0.3419	Dev acc: 75.75	Dev fscore(p/r/f): (80.77/78.83/79.79)
NEW BEST MODEL: 	Epoch: 20	Dev loss: 1.4346	Dev acc: 75.75	Dev fscore(p/r/f): (80.77/78.83/79.79)
Training: 	Epoch: 21	Time: 5.0011	Training Loss: 0.3431	Sep Loss: 0.0000	Tag Loss: 0.0000
Evaluation: 	Epoch: 21	Time: 0.3354	Dev acc: 75.53	Dev fscore(p/r/f): (80.28/78.10/79.18)
NEW BEST MODEL: 	Epoch: 21	Dev loss: 1.4086	Dev acc: 75.53	Dev fscore(p/r/f): (80.28/78.10/79.18)
Training: 	Epoch: 22	Time: 4.9468	Training Loss: 0.3144	Sep Loss: 0.0000	Tag Loss: 0.0000
Evaluation: 	Epoch: 22	Time: 0.3410	Dev acc: 74.97	Dev fscore(p/r/f): (81.42/76.75/79.01)
NEW BEST MODEL: 	Epoch: 22	Dev loss: 1.3837	Dev acc: 74.97	Dev fscore(p/r/f): (81.42/76.75/79.01)
Training: 	Epoch: 23	Time: 4.7972	Training Loss: 0.3158	Sep Loss: 0.0000	Tag Loss: 0.0000
Evaluation: 	Epoch: 23	Time: 0.3368	Dev acc: 75.75	Dev fscore(p/r/f): (80.85/79.25/80.04)
NEW BEST MODEL: 	Epoch: 23	Dev loss: 1.5295	Dev acc: 75.75	Dev fscore(p/r/f): (80.85/79.25/80.04)
Training: 	Epoch: 24	Time: 4.9111	Training Loss: 0.2919	Sep Loss: 0.0000	Tag Loss: 0.0000
Evaluation: 	Epoch: 24	Time: 0.4203	Dev acc: 75.98	Dev fscore(p/r/f): (82.18/79.35/80.74)
NEW BEST MODEL: 	Epoch: 24	Dev loss: 1.4506	Dev acc: 75.98	Dev fscore(p/r/f): (82.18/79.35/80.74)
Training: 	Epoch: 25	Time: 4.9444	Training Loss: 0.2759	Sep Loss: 0.0000	Tag Loss: 0.0000
Evaluation: 	Epoch: 25	Time: 0.3414	Dev acc: 76.31	Dev fscore(p/r/f): (82.43/79.25/80.81)
NEW BEST MODEL: 	Epoch: 25	Dev loss: 1.3847	Dev acc: 76.31	Dev fscore(p/r/f): (82.43/79.25/80.81)
Training: 	Epoch: 26	Time: 4.8045	Training Loss: 0.2660	Sep Loss: 0.0000	Tag Loss: 0.0000
Evaluation: 	Epoch: 26	Time: 0.3418	Dev acc: 75.75	Dev fscore(p/r/f): (82.42/78.73/80.53)
NEW BEST MODEL: 	Epoch: 26	Dev loss: 1.4585	Dev acc: 75.75	Dev fscore(p/r/f): (82.42/78.73/80.53)
Training: 	Epoch: 27	Time: 4.9677	Training Loss: 0.2624	Sep Loss: 0.0000	Tag Loss: 0.0000
Evaluation: 	Epoch: 27	Time: 0.3382	Dev acc: 75.98	Dev fscore(p/r/f): (81.17/79.56/80.36)
NEW BEST MODEL: 	Epoch: 27	Dev loss: 1.4732	Dev acc: 75.98	Dev fscore(p/r/f): (81.17/79.56/80.36)
Training: 	Epoch: 28	Time: 4.8528	Training Loss: 0.2395	Sep Loss: 0.0000	Tag Loss: 0.0000
Evaluation: 	Epoch: 28	Time: 0.3347	Dev acc: 76.54	Dev fscore(p/r/f): (81.86/79.04/80.42)
NEW BEST MODEL: 	Epoch: 28	Dev loss: 1.5402	Dev acc: 76.54	Dev fscore(p/r/f): (81.86/79.04/80.42)
Training: 	Epoch: 29	Time: 5.1368	Training Loss: 0.2393	Sep Loss: 0.0000	Tag Loss: 0.0000
Evaluation: 	Epoch: 29	Time: 0.3624	Dev acc: 76.42	Dev fscore(p/r/f): (81.98/79.25/80.59)
NEW BEST MODEL: 	Epoch: 29	Dev loss: 1.4881	Dev acc: 76.42	Dev fscore(p/r/f): (81.98/79.25/80.59)
Training: 	Epoch: 30	Time: 4.8460	Training Loss: 0.2327	Sep Loss: 0.0000	Tag Loss: 0.0000
Evaluation: 	Epoch: 30	Time: 0.3610	Dev acc: 75.98	Dev fscore(p/r/f): (80.68/79.67/80.17)
NEW BEST MODEL: 	Epoch: 30	Dev loss: 1.5528	Dev acc: 75.98	Dev fscore(p/r/f): (80.68/79.67/80.17)
Training: 	Epoch: 31	Time: 5.0390	Training Loss: 0.2134	Sep Loss: 0.0000	Tag Loss: 0.0000
Evaluation: 	Epoch: 31	Time: 0.3587	Dev acc: 76.65	Dev fscore(p/r/f): (82.47/79.98/81.21)
NEW BEST MODEL: 	Epoch: 31	Dev loss: 1.5042	Dev acc: 76.65	Dev fscore(p/r/f): (82.47/79.98/81.21)
Training: 	Epoch: 32	Time: 4.9994	Training Loss: 0.2081	Sep Loss: 0.0000	Tag Loss: 0.0000
Evaluation: 	Epoch: 32	Time: 0.3629	Dev acc: 76.42	Dev fscore(p/r/f): (81.27/80.08/80.67)
NEW BEST MODEL: 	Epoch: 32	Dev loss: 1.6507	Dev acc: 76.42	Dev fscore(p/r/f): (81.27/80.08/80.67)
Training: 	Epoch: 33	Time: 4.9691	Training Loss: 0.2037	Sep Loss: 0.0000	Tag Loss: 0.0000
Evaluation: 	Epoch: 33	Time: 0.3603	Dev acc: 76.31	Dev fscore(p/r/f): (82.75/79.56/81.13)
NEW BEST MODEL: 	Epoch: 33	Dev loss: 1.5631	Dev acc: 76.31	Dev fscore(p/r/f): (82.75/79.56/81.13)
Training: 	Epoch: 34	Time: 5.1552	Training Loss: 0.2002	Sep Loss: 0.0000	Tag Loss: 0.0000
Evaluation: 	Epoch: 34	Time: 0.3626	Dev acc: 76.65	Dev fscore(p/r/f): (83.26/79.35/81.26)
NEW BEST MODEL: 	Epoch: 34	Dev loss: 1.4551	Dev acc: 76.65	Dev fscore(p/r/f): (83.26/79.35/81.26)
Training: 	Epoch: 35	Time: 4.9755	Training Loss: 0.1788	Sep Loss: 0.0000	Tag Loss: 0.0000
Evaluation: 	Epoch: 35	Time: 0.3589	Dev acc: 77.09	Dev fscore(p/r/f): (82.95/79.67/81.28)
NEW BEST MODEL: 	Epoch: 35	Dev loss: 1.5532	Dev acc: 77.09	Dev fscore(p/r/f): (82.95/79.67/81.28)
Training: 	Epoch: 36	Time: 5.1206	Training Loss: 0.1741	Sep Loss: 0.0000	Tag Loss: 0.0000
Evaluation: 	Epoch: 36	Time: 0.3629	Dev acc: 77.09	Dev fscore(p/r/f): (83.42/79.77/81.56)
NEW BEST MODEL: 	Epoch: 36	Dev loss: 1.5705	Dev acc: 77.09	Dev fscore(p/r/f): (83.42/79.77/81.56)
Training: 	Epoch: 37	Time: 5.1167	Training Loss: 0.1638	Sep Loss: 0.0000	Tag Loss: 0.0000
Evaluation: 	Epoch: 37	Time: 0.3613	Dev acc: 77.21	Dev fscore(p/r/f): (83.06/80.29/81.65)
NEW BEST MODEL: 	Epoch: 37	Dev loss: 1.6527	Dev acc: 77.21	Dev fscore(p/r/f): (83.06/80.29/81.65)
Training: 	Epoch: 38	Time: 4.9624	Training Loss: 0.1635	Sep Loss: 0.0000	Tag Loss: 0.0000
Evaluation: 	Epoch: 38	Time: 0.3596	Dev acc: 76.76	Dev fscore(p/r/f): (84.14/79.67/81.84)
NEW BEST MODEL: 	Epoch: 38	Dev loss: 1.6340	Dev acc: 76.76	Dev fscore(p/r/f): (84.14/79.67/81.84)
Training: 	Epoch: 39	Time: 5.0712	Training Loss: 0.1540	Sep Loss: 0.0000	Tag Loss: 0.0000
Evaluation: 	Epoch: 39	Time: 0.3614	Dev acc: 77.65	Dev fscore(p/r/f): (83.77/80.71/82.21)
NEW BEST MODEL: 	Epoch: 39	Dev loss: 1.7176	Dev acc: 77.65	Dev fscore(p/r/f): (83.77/80.71/82.21)
Training: 	Epoch: 40	Time: 5.1633	Training Loss: 0.1718	Sep Loss: 0.0000	Tag Loss: 0.0000
Evaluation: 	Epoch: 40	Time: 0.3586	Dev acc: 77.09	Dev fscore(p/r/f): (82.50/80.60/81.54)
NEW BEST MODEL: 	Epoch: 40	Dev loss: 1.6677	Dev acc: 77.09	Dev fscore(p/r/f): (82.50/80.60/81.54)
Training: 	Epoch: 41	Time: 4.9907	Training Loss: 0.1696	Sep Loss: 0.0000	Tag Loss: 0.0000
Evaluation: 	Epoch: 41	Time: 0.3595	Dev acc: 76.98	Dev fscore(p/r/f): (84.39/79.46/81.85)
NEW BEST MODEL: 	Epoch: 41	Dev loss: 1.5551	Dev acc: 76.98	Dev fscore(p/r/f): (84.39/79.46/81.85)
Training: 	Epoch: 42	Time: 4.9962	Training Loss: 0.1538	Sep Loss: 0.0000	Tag Loss: 0.0000
Evaluation: 	Epoch: 42	Time: 0.3364	Dev acc: 76.87	Dev fscore(p/r/f): (84.43/79.14/81.70)
NEW BEST MODEL: 	Epoch: 42	Dev loss: 1.5530	Dev acc: 76.87	Dev fscore(p/r/f): (84.43/79.14/81.70)
Training: 	Epoch: 43	Time: 4.8111	Training Loss: 0.1608	Sep Loss: 0.0000	Tag Loss: 0.0000
Evaluation: 	Epoch: 43	Time: 0.3423	Dev acc: 77.43	Dev fscore(p/r/f): (83.24/80.29/81.74)
NEW BEST MODEL: 	Epoch: 43	Dev loss: 1.7057	Dev acc: 77.43	Dev fscore(p/r/f): (83.24/80.29/81.74)
Training: 	Epoch: 44	Time: 4.8937	Training Loss: 0.1386	Sep Loss: 0.0000	Tag Loss: 0.0000
Evaluation: 	Epoch: 44	Time: 0.3348	Dev acc: 76.98	Dev fscore(p/r/f): (83.14/80.19/81.63)
NEW BEST MODEL: 	Epoch: 44	Dev loss: 1.6967	Dev acc: 76.98	Dev fscore(p/r/f): (83.14/80.19/81.63)
Training: 	Epoch: 45	Time: 4.9673	Training Loss: 0.1292	Sep Loss: 0.0000	Tag Loss: 0.0000
Evaluation: 	Epoch: 45	Time: 0.3397	Dev acc: 77.09	Dev fscore(p/r/f): (82.51/80.19/81.33)
NEW BEST MODEL: 	Epoch: 45	Dev loss: 1.7614	Dev acc: 77.09	Dev fscore(p/r/f): (82.51/80.19/81.33)
Training: 	Epoch: 46	Time: 4.8732	Training Loss: 0.1273	Sep Loss: 0.0000	Tag Loss: 0.0000
Evaluation: 	Epoch: 46	Time: 0.3368	Dev acc: 76.98	Dev fscore(p/r/f): (82.54/79.87/81.19)
NEW BEST MODEL: 	Epoch: 46	Dev loss: 1.7595	Dev acc: 76.98	Dev fscore(p/r/f): (82.54/79.87/81.19)
Training: 	Epoch: 47	Time: 4.8427	Training Loss: 0.1347	Sep Loss: 0.0000	Tag Loss: 0.0000
Evaluation: 	Epoch: 47	Time: 0.3400	Dev acc: 77.21	Dev fscore(p/r/f): (82.36/80.81/81.58)
NEW BEST MODEL: 	Epoch: 47	Dev loss: 1.7784	Dev acc: 77.21	Dev fscore(p/r/f): (82.36/80.81/81.58)
Training: 	Epoch: 48	Time: 4.7351	Training Loss: 0.1238	Sep Loss: 0.0000	Tag Loss: 0.0000
Evaluation: 	Epoch: 48	Time: 0.3407	Dev acc: 77.21	Dev fscore(p/r/f): (83.57/80.08/81.79)
NEW BEST MODEL: 	Epoch: 48	Dev loss: 1.7612	Dev acc: 77.21	Dev fscore(p/r/f): (83.57/80.08/81.79)
Training: 	Epoch: 49	Time: 4.8004	Training Loss: 0.1199	Sep Loss: 0.0000	Tag Loss: 0.0000
Evaluation: 	Epoch: 49	Time: 0.3368	Dev acc: 76.65	Dev fscore(p/r/f): (83.68/79.14/81.35)
NEW BEST MODEL: 	Epoch: 49	Dev loss: 1.7286	Dev acc: 76.65	Dev fscore(p/r/f): (83.68/79.14/81.35)
Training: 	Epoch: 50	Time: 4.8922	Training Loss: 0.1181	Sep Loss: 0.0000	Tag Loss: 0.0000
Evaluation: 	Epoch: 50	Time: 0.3384	Dev acc: 77.32	Dev fscore(p/r/f): (83.64/80.50/82.04)
NEW BEST MODEL: 	Epoch: 50	Dev loss: 1.8181	Dev acc: 77.32	Dev fscore(p/r/f): (83.64/80.50/82.04)
Training: 	Epoch: 51	Time: 4.8608	Training Loss: 0.1176	Sep Loss: 0.0000	Tag Loss: 0.0000
Evaluation: 	Epoch: 51	Time: 0.3355	Dev acc: 77.32	Dev fscore(p/r/f): (82.26/80.29/81.27)
NEW BEST MODEL: 	Epoch: 51	Dev loss: 1.8000	Dev acc: 77.32	Dev fscore(p/r/f): (82.26/80.29/81.27)
Training: 	Epoch: 52	Time: 4.8482	Training Loss: 0.1086	Sep Loss: 0.0000	Tag Loss: 0.0000
Evaluation: 	Epoch: 52	Time: 0.4517	Dev acc: 77.99	Dev fscore(p/r/f): (83.80/80.92/82.33)
NEW BEST MODEL: 	Epoch: 52	Dev loss: 1.7888	Dev acc: 77.99	Dev fscore(p/r/f): (83.80/80.92/82.33)
Training: 	Epoch: 53	Time: 5.0499	Training Loss: 0.1082	Sep Loss: 0.0000	Tag Loss: 0.0000
Evaluation: 	Epoch: 53	Time: 0.3420	Dev acc: 77.65	Dev fscore(p/r/f): (82.68/81.13/81.89)
NEW BEST MODEL: 	Epoch: 53	Dev loss: 1.8752	Dev acc: 77.65	Dev fscore(p/r/f): (82.68/81.13/81.89)
Training: 	Epoch: 54	Time: 5.0676	Training Loss: 0.1083	Sep Loss: 0.0000	Tag Loss: 0.0000
Evaluation: 	Epoch: 54	Time: 0.3617	Dev acc: 77.43	Dev fscore(p/r/f): (82.78/80.19/81.46)
NEW BEST MODEL: 	Epoch: 54	Dev loss: 1.9010	Dev acc: 77.43	Dev fscore(p/r/f): (82.78/80.19/81.46)
Training: 	Epoch: 55	Time: 5.0466	Training Loss: 0.1080	Sep Loss: 0.0000	Tag Loss: 0.0000
Evaluation: 	Epoch: 55	Time: 0.3419	Dev acc: 77.09	Dev fscore(p/r/f): (82.77/79.67/81.19)
NEW BEST MODEL: 	Epoch: 55	Dev loss: 1.8770	Dev acc: 77.09	Dev fscore(p/r/f): (82.77/79.67/81.19)
Training: 	Epoch: 56	Time: 4.9116	Training Loss: 0.1082	Sep Loss: 0.0000	Tag Loss: 0.0000
Evaluation: 	Epoch: 56	Time: 0.3349	Dev acc: 77.65	Dev fscore(p/r/f): (83.80/80.40/82.06)
NEW BEST MODEL: 	Epoch: 56	Dev loss: 1.8102	Dev acc: 77.65	Dev fscore(p/r/f): (83.80/80.40/82.06)
Training: 	Epoch: 57	Time: 4.7771	Training Loss: 0.1015	Sep Loss: 0.0000	Tag Loss: 0.0000
Evaluation: 	Epoch: 57	Time: 0.3390	Dev acc: 76.76	Dev fscore(p/r/f): (83.90/79.35/81.56)
NEW BEST MODEL: 	Epoch: 57	Dev loss: 1.8393	Dev acc: 76.76	Dev fscore(p/r/f): (83.90/79.35/81.56)
Training: 	Epoch: 58	Time: 4.9809	Training Loss: 0.1013	Sep Loss: 0.0000	Tag Loss: 0.0000
Evaluation: 	Epoch: 58	Time: 0.3639	Dev acc: 78.44	Dev fscore(p/r/f): (82.93/81.54/82.23)
NEW BEST MODEL: 	Epoch: 58	Dev loss: 2.0292	Dev acc: 78.44	Dev fscore(p/r/f): (82.93/81.54/82.23)
Training: 	Epoch: 59	Time: 5.0152	Training Loss: 0.1034	Sep Loss: 0.0000	Tag Loss: 0.0000
Evaluation: 	Epoch: 59	Time: 0.3641	Dev acc: 77.54	Dev fscore(p/r/f): (82.87/81.23/82.04)
NEW BEST MODEL: 	Epoch: 59	Dev loss: 1.9687	Dev acc: 77.54	Dev fscore(p/r/f): (82.87/81.23/82.04)
Training: 	Epoch: 60	Time: 5.0181	Training Loss: 0.1135	Sep Loss: 0.0000	Tag Loss: 0.0000
Evaluation: 	Epoch: 60	Time: 0.3410	Dev acc: 77.21	Dev fscore(p/r/f): (83.99/79.87/81.88)
NEW BEST MODEL: 	Epoch: 60	Dev loss: 1.8002	Dev acc: 77.21	Dev fscore(p/r/f): (83.99/79.87/81.88)
Training: 	Epoch: 61	Time: 4.9144	Training Loss: 0.0940	Sep Loss: 0.0000	Tag Loss: 0.0000
Evaluation: 	Epoch: 61	Time: 0.3384	Dev acc: 76.87	Dev fscore(p/r/f): (83.42/80.29/81.83)
NEW BEST MODEL: 	Epoch: 61	Dev loss: 1.8959	Dev acc: 76.87	Dev fscore(p/r/f): (83.42/80.29/81.83)
Training: 	Epoch: 62	Time: 4.9410	Training Loss: 0.1019	Sep Loss: 0.0000	Tag Loss: 0.0000
Evaluation: 	Epoch: 62	Time: 0.3354	Dev acc: 77.65	Dev fscore(p/r/f): (83.12/80.60/81.84)
NEW BEST MODEL: 	Epoch: 62	Dev loss: 1.9879	Dev acc: 77.65	Dev fscore(p/r/f): (83.12/80.60/81.84)
Training: 	Epoch: 63	Time: 4.9863	Training Loss: 0.0965	Sep Loss: 0.0000	Tag Loss: 0.0000
Evaluation: 	Epoch: 63	Time: 0.3404	Dev acc: 77.54	Dev fscore(p/r/f): (83.82/80.50/82.13)
NEW BEST MODEL: 	Epoch: 63	Dev loss: 1.9246	Dev acc: 77.54	Dev fscore(p/r/f): (83.82/80.50/82.13)
Training: 	Epoch: 64	Time: 4.9837	Training Loss: 0.0907	Sep Loss: 0.0000	Tag Loss: 0.0000
Evaluation: 	Epoch: 64	Time: 0.3370	Dev acc: 77.65	Dev fscore(p/r/f): (83.66/80.60/82.10)
NEW BEST MODEL: 	Epoch: 64	Dev loss: 1.9164	Dev acc: 77.65	Dev fscore(p/r/f): (83.66/80.60/82.10)
Training: 	Epoch: 65	Time: 4.9831	Training Loss: 0.0990	Sep Loss: 0.0000	Tag Loss: 0.0000
Evaluation: 	Epoch: 65	Time: 0.3614	Dev acc: 77.65	Dev fscore(p/r/f): (82.23/80.60/81.41)
NEW BEST MODEL: 	Epoch: 65	Dev loss: 2.1309	Dev acc: 77.65	Dev fscore(p/r/f): (82.23/80.60/81.41)
Training: 	Epoch: 66	Time: 5.0624	Training Loss: 0.0869	Sep Loss: 0.0000	Tag Loss: 0.0000
Evaluation: 	Epoch: 66	Time: 0.3626	Dev acc: 77.09	Dev fscore(p/r/f): (83.50/80.19/81.81)
NEW BEST MODEL: 	Epoch: 66	Dev loss: 1.8888	Dev acc: 77.09	Dev fscore(p/r/f): (83.50/80.19/81.81)
Training: 	Epoch: 67	Time: 5.0268	Training Loss: 0.0884	Sep Loss: 0.0000	Tag Loss: 0.0000
Evaluation: 	Epoch: 67	Time: 0.3633	Dev acc: 77.65	Dev fscore(p/r/f): (83.10/81.02/82.05)
NEW BEST MODEL: 	Epoch: 67	Dev loss: 2.0239	Dev acc: 77.65	Dev fscore(p/r/f): (83.10/81.02/82.05)
Training: 	Epoch: 68	Time: 5.0276	Training Loss: 0.0842	Sep Loss: 0.0000	Tag Loss: 0.0000
Evaluation: 	Epoch: 68	Time: 0.3580	Dev acc: 77.43	Dev fscore(p/r/f): (83.68/80.71/82.17)
NEW BEST MODEL: 	Epoch: 68	Dev loss: 1.9331	Dev acc: 77.43	Dev fscore(p/r/f): (83.68/80.71/82.17)
Training: 	Epoch: 69	Time: 5.0064	Training Loss: 0.0798	Sep Loss: 0.0000	Tag Loss: 0.0000
Evaluation: 	Epoch: 69	Time: 0.3372	Dev acc: 77.65	Dev fscore(p/r/f): (84.13/80.71/82.38)
NEW BEST MODEL: 	Epoch: 69	Dev loss: 2.0604	Dev acc: 77.65	Dev fscore(p/r/f): (84.13/80.71/82.38)
Training: 	Epoch: 70	Time: 5.0518	Training Loss: 0.0770	Sep Loss: 0.0000	Tag Loss: 0.0000
Evaluation: 	Epoch: 70	Time: 0.3583	Dev acc: 76.65	Dev fscore(p/r/f): (84.16/79.25/81.63)
NEW BEST MODEL: 	Epoch: 70	Dev loss: 1.9983	Dev acc: 76.65	Dev fscore(p/r/f): (84.16/79.25/81.63)
Training: 	Epoch: 71	Time: 4.9139	Training Loss: 0.0819	Sep Loss: 0.0000	Tag Loss: 0.0000
Evaluation: 	Epoch: 71	Time: 0.3624	Dev acc: 77.43	Dev fscore(p/r/f): (83.41/80.71/82.03)
NEW BEST MODEL: 	Epoch: 71	Dev loss: 2.1193	Dev acc: 77.43	Dev fscore(p/r/f): (83.41/80.71/82.03)
Training: 	Epoch: 72	Time: 5.0287	Training Loss: 0.0748	Sep Loss: 0.0000	Tag Loss: 0.0000
Evaluation: 	Epoch: 72	Time: 0.3596	Dev acc: 77.32	Dev fscore(p/r/f): (84.34/79.77/81.99)
NEW BEST MODEL: 	Epoch: 72	Dev loss: 2.0780	Dev acc: 77.32	Dev fscore(p/r/f): (84.34/79.77/81.99)
Training: 	Epoch: 73	Time: 5.1890	Training Loss: 0.0800	Sep Loss: 0.0000	Tag Loss: 0.0000
Evaluation: 	Epoch: 73	Time: 0.3594	Dev acc: 77.21	Dev fscore(p/r/f): (82.47/80.92/81.68)
NEW BEST MODEL: 	Epoch: 73	Dev loss: 2.1065	Dev acc: 77.21	Dev fscore(p/r/f): (82.47/80.92/81.68)
Training: 	Epoch: 74	Time: 5.0412	Training Loss: 0.0728	Sep Loss: 0.0000	Tag Loss: 0.0000
Evaluation: 	Epoch: 74	Time: 0.3790	Dev acc: 76.76	Dev fscore(p/r/f): (83.46/79.98/81.68)
NEW BEST MODEL: 	Epoch: 74	Dev loss: 2.0762	Dev acc: 76.76	Dev fscore(p/r/f): (83.46/79.98/81.68)
Training: 	Epoch: 75	Time: 4.9026	Training Loss: 0.0738	Sep Loss: 0.0000	Tag Loss: 0.0000
Evaluation: 	Epoch: 75	Time: 0.3373	Dev acc: 76.98	Dev fscore(p/r/f): (83.46/79.98/81.68)
NEW BEST MODEL: 	Epoch: 75	Dev loss: 2.0495	Dev acc: 76.98	Dev fscore(p/r/f): (83.46/79.98/81.68)
Training: 	Epoch: 76	Time: 4.9911	Training Loss: 0.0685	Sep Loss: 0.0000	Tag Loss: 0.0000
Evaluation: 	Epoch: 76	Time: 0.3421	Dev acc: 77.77	Dev fscore(p/r/f): (84.19/80.50/82.30)
NEW BEST MODEL: 	Epoch: 76	Dev loss: 2.1137	Dev acc: 77.77	Dev fscore(p/r/f): (84.19/80.50/82.30)
Training: 	Epoch: 77	Time: 4.8260	Training Loss: 0.0706	Sep Loss: 0.0000	Tag Loss: 0.0000
Evaluation: 	Epoch: 77	Time: 0.3413	Dev acc: 76.54	Dev fscore(p/r/f): (83.10/79.46/81.24)
NEW BEST MODEL: 	Epoch: 77	Dev loss: 1.9750	Dev acc: 76.54	Dev fscore(p/r/f): (83.10/79.46/81.24)
Training: 	Epoch: 78	Time: 5.0571	Training Loss: 0.0687	Sep Loss: 0.0000	Tag Loss: 0.0000
Evaluation: 	Epoch: 78	Time: 0.3364	Dev acc: 77.21	Dev fscore(p/r/f): (83.52/79.77/81.60)
NEW BEST MODEL: 	Epoch: 78	Dev loss: 2.1546	Dev acc: 77.21	Dev fscore(p/r/f): (83.52/79.77/81.60)
Training: 	Epoch: 79	Time: 5.0088	Training Loss: 0.0710	Sep Loss: 0.0000	Tag Loss: 0.0000
Evaluation: 	Epoch: 79	Time: 0.3345	Dev acc: 77.43	Dev fscore(p/r/f): (82.38/80.92/81.64)
NEW BEST MODEL: 	Epoch: 79	Dev loss: 2.2963	Dev acc: 77.43	Dev fscore(p/r/f): (82.38/80.92/81.64)
Training: 	Epoch: 80	Time: 5.0393	Training Loss: 0.0804	Sep Loss: 0.0000	Tag Loss: 0.0000
Evaluation: 	Epoch: 80	Time: 0.3363	Dev acc: 76.98	Dev fscore(p/r/f): (83.73/79.98/81.81)
NEW BEST MODEL: 	Epoch: 80	Dev loss: 2.0832	Dev acc: 76.98	Dev fscore(p/r/f): (83.73/79.98/81.81)
Training: 	Epoch: 81	Time: 4.9410	Training Loss: 0.0717	Sep Loss: 0.0000	Tag Loss: 0.0000
Evaluation: 	Epoch: 81	Time: 0.3357	Dev acc: 76.20	Dev fscore(p/r/f): (83.03/79.56/81.26)
NEW BEST MODEL: 	Epoch: 81	Dev loss: 2.1139	Dev acc: 76.20	Dev fscore(p/r/f): (83.03/79.56/81.26)
Training: 	Epoch: 82	Time: 4.7680	Training Loss: 0.0718	Sep Loss: 0.0000	Tag Loss: 0.0000
Evaluation: 	Epoch: 82	Time: 0.3429	Dev acc: 76.87	Dev fscore(p/r/f): (83.95/80.19/82.03)
NEW BEST MODEL: 	Epoch: 82	Dev loss: 2.1035	Dev acc: 76.87	Dev fscore(p/r/f): (83.95/80.19/82.03)
Training: 	Epoch: 83	Time: 5.0133	Training Loss: 0.0835	Sep Loss: 0.0000	Tag Loss: 0.0000
Evaluation: 	Epoch: 83	Time: 0.3358	Dev acc: 76.20	Dev fscore(p/r/f): (84.08/78.73/81.31)
NEW BEST MODEL: 	Epoch: 83	Dev loss: 1.8363	Dev acc: 76.20	Dev fscore(p/r/f): (84.08/78.73/81.31)
Training: 	Epoch: 84	Time: 4.9451	Training Loss: 0.0694	Sep Loss: 0.0000	Tag Loss: 0.0000
Evaluation: 	Epoch: 84	Time: 0.3354	Dev acc: 77.21	Dev fscore(p/r/f): (84.21/80.08/82.10)
NEW BEST MODEL: 	Epoch: 84	Dev loss: 2.0911	Dev acc: 77.21	Dev fscore(p/r/f): (84.21/80.08/82.10)
Training: 	Epoch: 85	Time: 4.8560	Training Loss: 0.0601	Sep Loss: 0.0000	Tag Loss: 0.0000
Evaluation: 	Epoch: 85	Time: 0.3351	Dev acc: 76.76	Dev fscore(p/r/f): (84.16/79.77/81.91)
NEW BEST MODEL: 	Epoch: 85	Dev loss: 2.1040	Dev acc: 76.76	Dev fscore(p/r/f): (84.16/79.77/81.91)
Training: 	Epoch: 86	Time: 4.9762	Training Loss: 0.0658	Sep Loss: 0.0000	Tag Loss: 0.0000
Evaluation: 	Epoch: 86	Time: 0.3398	Dev acc: 75.64	Dev fscore(p/r/f): (83.52/78.73/81.05)
NEW BEST MODEL: 	Epoch: 86	Dev loss: 2.0966	Dev acc: 75.64	Dev fscore(p/r/f): (83.52/78.73/81.05)
Training: 	Epoch: 87	Time: 5.0348	Training Loss: 0.0958	Sep Loss: 0.0000	Tag Loss: 0.0000
Evaluation: 	Epoch: 87	Time: 0.3422	Dev acc: 76.42	Dev fscore(p/r/f): (82.12/79.98/81.04)
NEW BEST MODEL: 	Epoch: 87	Dev loss: 1.8772	Dev acc: 76.42	Dev fscore(p/r/f): (82.12/79.98/81.04)
Training: 	Epoch: 88	Time: 5.0517	Training Loss: 0.0810	Sep Loss: 0.0000	Tag Loss: 0.0000
Evaluation: 	Epoch: 88	Time: 0.3434	Dev acc: 77.43	Dev fscore(p/r/f): (82.83/80.50/81.65)
NEW BEST MODEL: 	Epoch: 88	Dev loss: 2.1213	Dev acc: 77.43	Dev fscore(p/r/f): (82.83/80.50/81.65)
Training: 	Epoch: 89	Time: 5.0824	Training Loss: 0.0621	Sep Loss: 0.0000	Tag Loss: 0.0000
Evaluation: 	Epoch: 89	Time: 0.3364	Dev acc: 76.76	Dev fscore(p/r/f): (83.66/80.08/81.83)
NEW BEST MODEL: 	Epoch: 89	Dev loss: 2.0122	Dev acc: 76.76	Dev fscore(p/r/f): (83.66/80.08/81.83)
Training: 	Epoch: 90	Time: 5.0797	Training Loss: 0.0639	Sep Loss: 0.0000	Tag Loss: 0.0000
Evaluation: 	Epoch: 90	Time: 0.3369	Dev acc: 77.09	Dev fscore(p/r/f): (83.96/79.67/81.75)
NEW BEST MODEL: 	Epoch: 90	Dev loss: 2.1343	Dev acc: 77.09	Dev fscore(p/r/f): (83.96/79.67/81.75)
Training: 	Epoch: 91	Time: 4.9806	Training Loss: 0.0627	Sep Loss: 0.0000	Tag Loss: 0.0000
Evaluation: 	Epoch: 91	Time: 0.3408	Dev acc: 77.43	Dev fscore(p/r/f): (83.05/80.71/81.86)
NEW BEST MODEL: 	Epoch: 91	Dev loss: 2.2451	Dev acc: 77.43	Dev fscore(p/r/f): (83.05/80.71/81.86)
Training: 	Epoch: 92	Time: 4.9538	Training Loss: 0.0695	Sep Loss: 0.0000	Tag Loss: 0.0000
Evaluation: 	Epoch: 92	Time: 0.3789	Dev acc: 76.87	Dev fscore(p/r/f): (83.79/80.29/82.00)
NEW BEST MODEL: 	Epoch: 92	Dev loss: 2.1253	Dev acc: 76.87	Dev fscore(p/r/f): (83.79/80.29/82.00)
Training: 	Epoch: 93	Time: 4.9145	Training Loss: 0.0653	Sep Loss: 0.0000	Tag Loss: 0.0000
Evaluation: 	Epoch: 93	Time: 0.3362	Dev acc: 76.98	Dev fscore(p/r/f): (83.12/80.08/81.57)
NEW BEST MODEL: 	Epoch: 93	Dev loss: 2.0752	Dev acc: 76.98	Dev fscore(p/r/f): (83.12/80.08/81.57)
Training: 	Epoch: 94	Time: 4.8654	Training Loss: 0.0621	Sep Loss: 0.0000	Tag Loss: 0.0000
Evaluation: 	Epoch: 94	Time: 0.3429	Dev acc: 76.98	Dev fscore(p/r/f): (83.95/80.19/82.03)
NEW BEST MODEL: 	Epoch: 94	Dev loss: 2.1096	Dev acc: 76.98	Dev fscore(p/r/f): (83.95/80.19/82.03)
Training: 	Epoch: 95	Time: 4.7781	Training Loss: 0.0601	Sep Loss: 0.0000	Tag Loss: 0.0000
Evaluation: 	Epoch: 95	Time: 0.3368	Dev acc: 77.32	Dev fscore(p/r/f): (82.30/80.50/81.39)
NEW BEST MODEL: 	Epoch: 95	Dev loss: 2.1838	Dev acc: 77.32	Dev fscore(p/r/f): (82.30/80.50/81.39)
Training: 	Epoch: 96	Time: 4.9063	Training Loss: 0.0573	Sep Loss: 0.0000	Tag Loss: 0.0000
Evaluation: 	Epoch: 96	Time: 0.3359	Dev acc: 76.54	Dev fscore(p/r/f): (82.84/79.56/81.17)
NEW BEST MODEL: 	Epoch: 96	Dev loss: 2.0894	Dev acc: 76.54	Dev fscore(p/r/f): (82.84/79.56/81.17)
Training: 	Epoch: 97	Time: 4.9416	Training Loss: 0.0593	Sep Loss: 0.0000	Tag Loss: 0.0000
Evaluation: 	Epoch: 97	Time: 0.3373	Dev acc: 77.09	Dev fscore(p/r/f): (83.08/79.87/81.45)
NEW BEST MODEL: 	Epoch: 97	Dev loss: 2.1551	Dev acc: 77.09	Dev fscore(p/r/f): (83.08/79.87/81.45)
Training: 	Epoch: 98	Time: 4.6689	Training Loss: 0.0620	Sep Loss: 0.0000	Tag Loss: 0.0000
Evaluation: 	Epoch: 98	Time: 0.3408	Dev acc: 77.77	Dev fscore(p/r/f): (83.75/80.60/82.15)
NEW BEST MODEL: 	Epoch: 98	Dev loss: 2.1992	Dev acc: 77.77	Dev fscore(p/r/f): (83.75/80.60/82.15)
Training: 	Epoch: 99	Time: 4.9255	Training Loss: 0.0604	Sep Loss: 0.0000	Tag Loss: 0.0000
Evaluation: 	Epoch: 99	Time: 0.3377	Dev acc: 76.09	Dev fscore(p/r/f): (83.74/79.46/81.54)
NEW BEST MODEL: 	Epoch: 99	Dev loss: 2.1597	Dev acc: 76.09	Dev fscore(p/r/f): (83.74/79.46/81.54)
FINAL BEST RESULT: 	Epoch: 58	Dev loss: 2.0292	Dev acc: 78.4358	Dev fscore(p/r/f): (82.9268/81.5433/82.2292)
