Use pretrained model: hfl/chinese-pert-base
Dataset size: train -> 5119
Load dataset and database finished, cost 4.8302s ...
Dataset size: dev -> 895
Total training steps: 3200
Start training ......
Training: 	Epoch: 0	Time: 5.7986	Training Loss: 4.4653	Sep Loss: 0.0000	Tag Loss: 0.0000
Evaluation: 	Epoch: 0	Time: 0.3291	Dev acc: 19.11	Dev fscore(p/r/f): (0.00/0.00/0.00)
NEW BEST MODEL: 	Epoch: 0	Dev loss: 3.6062	Dev acc: 19.11	Dev fscore(p/r/f): (0.00/0.00/0.00)
Training: 	Epoch: 1	Time: 4.8281	Training Loss: 3.0315	Sep Loss: 0.0000	Tag Loss: 0.0000
Evaluation: 	Epoch: 1	Time: 0.3335	Dev acc: 35.64	Dev fscore(p/r/f): (35.53/29.82/32.43)
NEW BEST MODEL: 	Epoch: 1	Dev loss: 2.4783	Dev acc: 35.64	Dev fscore(p/r/f): (35.53/29.82/32.43)
Training: 	Epoch: 2	Time: 4.7205	Training Loss: 2.1456	Sep Loss: 0.0000	Tag Loss: 0.0000
Evaluation: 	Epoch: 2	Time: 0.3553	Dev acc: 37.77	Dev fscore(p/r/f): (36.25/33.68/34.92)
NEW BEST MODEL: 	Epoch: 2	Dev loss: 2.1407	Dev acc: 37.77	Dev fscore(p/r/f): (36.25/33.68/34.92)
Training: 	Epoch: 3	Time: 4.9102	Training Loss: 1.7368	Sep Loss: 0.0000	Tag Loss: 0.0000
Evaluation: 	Epoch: 3	Time: 0.3343	Dev acc: 68.38	Dev fscore(p/r/f): (74.45/63.82/68.73)
NEW BEST MODEL: 	Epoch: 3	Dev loss: 1.8244	Dev acc: 68.38	Dev fscore(p/r/f): (74.45/63.82/68.73)
Training: 	Epoch: 4	Time: 4.9995	Training Loss: 1.3426	Sep Loss: 0.0000	Tag Loss: 0.0000
Evaluation: 	Epoch: 4	Time: 0.3340	Dev acc: 53.85	Dev fscore(p/r/f): (39.79/47.55/43.33)
Training: 	Epoch: 5	Time: 4.8862	Training Loss: 1.1354	Sep Loss: 0.0000	Tag Loss: 0.0000
Evaluation: 	Epoch: 5	Time: 0.3303	Dev acc: 60.45	Dev fscore(p/r/f): (50.14/55.06/52.49)
Training: 	Epoch: 6	Time: 4.9864	Training Loss: 1.0084	Sep Loss: 0.0000	Tag Loss: 0.0000
Evaluation: 	Epoch: 6	Time: 0.3346	Dev acc: 61.90	Dev fscore(p/r/f): (54.77/58.08/56.38)
Training: 	Epoch: 7	Time: 5.0890	Training Loss: 0.8472	Sep Loss: 0.0000	Tag Loss: 0.0000
Evaluation: 	Epoch: 7	Time: 0.3337	Dev acc: 63.13	Dev fscore(p/r/f): (60.28/62.36/61.30)
Training: 	Epoch: 8	Time: 4.9763	Training Loss: 0.6477	Sep Loss: 0.0000	Tag Loss: 0.0000
Evaluation: 	Epoch: 8	Time: 0.3316	Dev acc: 70.95	Dev fscore(p/r/f): (76.89/71.12/73.89)
NEW BEST MODEL: 	Epoch: 8	Dev loss: 1.4948	Dev acc: 70.95	Dev fscore(p/r/f): (76.89/71.12/73.89)
Training: 	Epoch: 9	Time: 4.8678	Training Loss: 0.5163	Sep Loss: 0.0000	Tag Loss: 0.0000
Evaluation: 	Epoch: 9	Time: 0.3315	Dev acc: 69.50	Dev fscore(p/r/f): (75.25/71.32/73.23)
Training: 	Epoch: 10	Time: 5.0094	Training Loss: 0.4547	Sep Loss: 0.0000	Tag Loss: 0.0000
Evaluation: 	Epoch: 10	Time: 0.3387	Dev acc: 71.96	Dev fscore(p/r/f): (76.74/73.62/75.15)
NEW BEST MODEL: 	Epoch: 10	Dev loss: 1.5138	Dev acc: 71.96	Dev fscore(p/r/f): (76.74/73.62/75.15)
Training: 	Epoch: 11	Time: 4.8513	Training Loss: 0.3904	Sep Loss: 0.0000	Tag Loss: 0.0000
Evaluation: 	Epoch: 11	Time: 0.3326	Dev acc: 72.85	Dev fscore(p/r/f): (77.91/75.39/76.63)
NEW BEST MODEL: 	Epoch: 11	Dev loss: 1.4516	Dev acc: 72.85	Dev fscore(p/r/f): (77.91/75.39/76.63)
Training: 	Epoch: 12	Time: 4.8905	Training Loss: 0.3577	Sep Loss: 0.0000	Tag Loss: 0.0000
Evaluation: 	Epoch: 12	Time: 0.3344	Dev acc: 74.41	Dev fscore(p/r/f): (80.42/76.64/78.48)
NEW BEST MODEL: 	Epoch: 12	Dev loss: 1.5052	Dev acc: 74.41	Dev fscore(p/r/f): (80.42/76.64/78.48)
Training: 	Epoch: 13	Time: 4.8132	Training Loss: 0.3256	Sep Loss: 0.0000	Tag Loss: 0.0000
Evaluation: 	Epoch: 13	Time: 0.3353	Dev acc: 75.31	Dev fscore(p/r/f): (80.15/77.89/79.01)
NEW BEST MODEL: 	Epoch: 13	Dev loss: 1.5098	Dev acc: 75.31	Dev fscore(p/r/f): (80.15/77.89/79.01)
Training: 	Epoch: 14	Time: 4.7373	Training Loss: 0.3090	Sep Loss: 0.0000	Tag Loss: 0.0000
Evaluation: 	Epoch: 14	Time: 0.3353	Dev acc: 73.63	Dev fscore(p/r/f): (81.31/75.29/78.18)
Training: 	Epoch: 15	Time: 4.8036	Training Loss: 0.2891	Sep Loss: 0.0000	Tag Loss: 0.0000
Evaluation: 	Epoch: 15	Time: 0.3310	Dev acc: 73.97	Dev fscore(p/r/f): (80.20/76.85/78.49)
Training: 	Epoch: 16	Time: 4.7693	Training Loss: 0.2618	Sep Loss: 0.0000	Tag Loss: 0.0000
Evaluation: 	Epoch: 16	Time: 0.3384	Dev acc: 75.87	Dev fscore(p/r/f): (80.91/78.21/79.53)
NEW BEST MODEL: 	Epoch: 16	Dev loss: 1.4254	Dev acc: 75.87	Dev fscore(p/r/f): (80.91/78.21/79.53)
Training: 	Epoch: 17	Time: 5.0412	Training Loss: 0.2382	Sep Loss: 0.0000	Tag Loss: 0.0000
Evaluation: 	Epoch: 17	Time: 0.3368	Dev acc: 75.20	Dev fscore(p/r/f): (82.12/77.58/79.79)
Training: 	Epoch: 18	Time: 4.9077	Training Loss: 0.2150	Sep Loss: 0.0000	Tag Loss: 0.0000
Evaluation: 	Epoch: 18	Time: 0.3378	Dev acc: 76.20	Dev fscore(p/r/f): (82.71/78.31/80.45)
NEW BEST MODEL: 	Epoch: 18	Dev loss: 1.6212	Dev acc: 76.20	Dev fscore(p/r/f): (82.71/78.31/80.45)
Training: 	Epoch: 19	Time: 4.8460	Training Loss: 0.2095	Sep Loss: 0.0000	Tag Loss: 0.0000
Evaluation: 	Epoch: 19	Time: 0.3369	Dev acc: 75.64	Dev fscore(p/r/f): (83.45/77.79/80.52)
Training: 	Epoch: 20	Time: 4.9290	Training Loss: 0.1818	Sep Loss: 0.0000	Tag Loss: 0.0000
Evaluation: 	Epoch: 20	Time: 0.3381	Dev acc: 75.08	Dev fscore(p/r/f): (81.68/77.16/79.36)
Training: 	Epoch: 21	Time: 5.0081	Training Loss: 0.1792	Sep Loss: 0.0000	Tag Loss: 0.0000
Evaluation: 	Epoch: 21	Time: 0.3333	Dev acc: 75.53	Dev fscore(p/r/f): (82.14/77.69/79.85)
Training: 	Epoch: 22	Time: 4.8251	Training Loss: 0.1642	Sep Loss: 0.0000	Tag Loss: 0.0000
Evaluation: 	Epoch: 22	Time: 0.3370	Dev acc: 75.08	Dev fscore(p/r/f): (82.33/77.27/79.72)
Training: 	Epoch: 23	Time: 4.7929	Training Loss: 0.1681	Sep Loss: 0.0000	Tag Loss: 0.0000
Evaluation: 	Epoch: 23	Time: 0.3337	Dev acc: 75.42	Dev fscore(p/r/f): (81.59/78.10/79.81)
Training: 	Epoch: 24	Time: 4.8031	Training Loss: 0.1483	Sep Loss: 0.0000	Tag Loss: 0.0000
Evaluation: 	Epoch: 24	Time: 0.3350	Dev acc: 76.76	Dev fscore(p/r/f): (82.75/79.56/81.13)
NEW BEST MODEL: 	Epoch: 24	Dev loss: 2.0328	Dev acc: 76.76	Dev fscore(p/r/f): (82.75/79.56/81.13)
Training: 	Epoch: 25	Time: 4.8566	Training Loss: 0.1556	Sep Loss: 0.0000	Tag Loss: 0.0000
Evaluation: 	Epoch: 25	Time: 0.3370	Dev acc: 75.20	Dev fscore(p/r/f): (82.05/77.69/79.81)
Training: 	Epoch: 26	Time: 4.7917	Training Loss: 0.1554	Sep Loss: 0.0000	Tag Loss: 0.0000
Evaluation: 	Epoch: 26	Time: 0.3391	Dev acc: 76.54	Dev fscore(p/r/f): (83.26/78.83/80.99)
Training: 	Epoch: 27	Time: 4.9504	Training Loss: 0.1505	Sep Loss: 0.0000	Tag Loss: 0.0000
Evaluation: 	Epoch: 27	Time: 0.3320	Dev acc: 76.09	Dev fscore(p/r/f): (82.56/78.00/80.21)
Training: 	Epoch: 28	Time: 4.7518	Training Loss: 0.1379	Sep Loss: 0.0000	Tag Loss: 0.0000
Evaluation: 	Epoch: 28	Time: 0.3385	Dev acc: 75.75	Dev fscore(p/r/f): (82.17/78.83/80.47)
Training: 	Epoch: 29	Time: 4.9780	Training Loss: 0.1866	Sep Loss: 0.0000	Tag Loss: 0.0000
Evaluation: 	Epoch: 29	Time: 0.3386	Dev acc: 76.20	Dev fscore(p/r/f): (84.40/78.42/81.30)
Training: 	Epoch: 30	Time: 4.7175	Training Loss: 0.1622	Sep Loss: 0.0000	Tag Loss: 0.0000
Evaluation: 	Epoch: 30	Time: 0.3327	Dev acc: 75.53	Dev fscore(p/r/f): (81.37/78.31/79.81)
Training: 	Epoch: 31	Time: 4.8669	Training Loss: 0.1252	Sep Loss: 0.0000	Tag Loss: 0.0000
Evaluation: 	Epoch: 31	Time: 0.3327	Dev acc: 75.42	Dev fscore(p/r/f): (83.39/78.00/80.60)
Training: 	Epoch: 32	Time: 4.8534	Training Loss: 0.1021	Sep Loss: 0.0000	Tag Loss: 0.0000
Evaluation: 	Epoch: 32	Time: 0.4356	Dev acc: 76.31	Dev fscore(p/r/f): (81.89/79.67/80.76)
Training: 	Epoch: 33	Time: 4.8150	Training Loss: 0.1027	Sep Loss: 0.0000	Tag Loss: 0.0000
Evaluation: 	Epoch: 33	Time: 0.3336	Dev acc: 76.31	Dev fscore(p/r/f): (83.30/79.04/81.11)
Training: 	Epoch: 34	Time: 4.9769	Training Loss: 0.1066	Sep Loss: 0.0000	Tag Loss: 0.0000
Evaluation: 	Epoch: 34	Time: 0.3379	Dev acc: 75.87	Dev fscore(p/r/f): (81.91/78.83/80.34)
Training: 	Epoch: 35	Time: 4.8410	Training Loss: 0.0965	Sep Loss: 0.0000	Tag Loss: 0.0000
Evaluation: 	Epoch: 35	Time: 0.3366	Dev acc: 76.42	Dev fscore(p/r/f): (83.65/78.94/81.22)
Training: 	Epoch: 36	Time: 4.9834	Training Loss: 0.0981	Sep Loss: 0.0000	Tag Loss: 0.0000
Evaluation: 	Epoch: 36	Time: 0.3343	Dev acc: 75.64	Dev fscore(p/r/f): (83.00/78.42/80.64)
Training: 	Epoch: 37	Time: 4.9546	Training Loss: 0.1147	Sep Loss: 0.0000	Tag Loss: 0.0000
Evaluation: 	Epoch: 37	Time: 0.3350	Dev acc: 76.31	Dev fscore(p/r/f): (83.93/78.42/81.08)
Training: 	Epoch: 38	Time: 4.8292	Training Loss: 0.1029	Sep Loss: 0.0000	Tag Loss: 0.0000
Evaluation: 	Epoch: 38	Time: 0.3385	Dev acc: 76.65	Dev fscore(p/r/f): (84.51/78.52/81.41)
Training: 	Epoch: 39	Time: 4.9361	Training Loss: 0.1219	Sep Loss: 0.0000	Tag Loss: 0.0000
Evaluation: 	Epoch: 39	Time: 0.3354	Dev acc: 74.41	Dev fscore(p/r/f): (82.79/76.75/79.65)
Training: 	Epoch: 40	Time: 4.9258	Training Loss: 0.1317	Sep Loss: 0.0000	Tag Loss: 0.0000
Evaluation: 	Epoch: 40	Time: 0.3344	Dev acc: 76.87	Dev fscore(p/r/f): (84.04/79.04/81.46)
NEW BEST MODEL: 	Epoch: 40	Dev loss: 1.9840	Dev acc: 76.87	Dev fscore(p/r/f): (84.04/79.04/81.46)
Training: 	Epoch: 41	Time: 4.8255	Training Loss: 0.1013	Sep Loss: 0.0000	Tag Loss: 0.0000
Evaluation: 	Epoch: 41	Time: 0.3324	Dev acc: 76.87	Dev fscore(p/r/f): (83.15/79.25/81.15)
Training: 	Epoch: 42	Time: 4.8637	Training Loss: 0.0970	Sep Loss: 0.0000	Tag Loss: 0.0000
Evaluation: 	Epoch: 42	Time: 0.3340	Dev acc: 76.87	Dev fscore(p/r/f): (83.79/79.77/81.73)
Training: 	Epoch: 43	Time: 4.7947	Training Loss: 0.0882	Sep Loss: 0.0000	Tag Loss: 0.0000
Evaluation: 	Epoch: 43	Time: 0.3409	Dev acc: 75.87	Dev fscore(p/r/f): (83.87/78.62/81.16)
Training: 	Epoch: 44	Time: 4.8874	Training Loss: 0.0795	Sep Loss: 0.0000	Tag Loss: 0.0000
Evaluation: 	Epoch: 44	Time: 0.3328	Dev acc: 77.09	Dev fscore(p/r/f): (82.65/79.98/81.29)
NEW BEST MODEL: 	Epoch: 44	Dev loss: 1.9584	Dev acc: 77.09	Dev fscore(p/r/f): (82.65/79.98/81.29)
Training: 	Epoch: 45	Time: 4.9506	Training Loss: 0.0756	Sep Loss: 0.0000	Tag Loss: 0.0000
Evaluation: 	Epoch: 45	Time: 0.3374	Dev acc: 77.21	Dev fscore(p/r/f): (83.22/79.67/81.41)
NEW BEST MODEL: 	Epoch: 45	Dev loss: 2.0961	Dev acc: 77.21	Dev fscore(p/r/f): (83.22/79.67/81.41)
Training: 	Epoch: 46	Time: 4.8412	Training Loss: 0.0707	Sep Loss: 0.0000	Tag Loss: 0.0000
Evaluation: 	Epoch: 46	Time: 0.3360	Dev acc: 76.76	Dev fscore(p/r/f): (84.24/79.14/81.61)
Training: 	Epoch: 47	Time: 4.8190	Training Loss: 0.0703	Sep Loss: 0.0000	Tag Loss: 0.0000
Evaluation: 	Epoch: 47	Time: 0.3373	Dev acc: 76.42	Dev fscore(p/r/f): (83.11/79.04/81.03)
Training: 	Epoch: 48	Time: 4.7109	Training Loss: 0.0738	Sep Loss: 0.0000	Tag Loss: 0.0000
Evaluation: 	Epoch: 48	Time: 0.3414	Dev acc: 76.31	Dev fscore(p/r/f): (83.61/78.73/81.10)
Training: 	Epoch: 49	Time: 4.7775	Training Loss: 0.0707	Sep Loss: 0.0000	Tag Loss: 0.0000
Evaluation: 	Epoch: 49	Time: 0.3336	Dev acc: 76.31	Dev fscore(p/r/f): (82.20/79.46/80.81)
Training: 	Epoch: 50	Time: 4.8773	Training Loss: 0.0908	Sep Loss: 0.0000	Tag Loss: 0.0000
Evaluation: 	Epoch: 50	Time: 0.3378	Dev acc: 77.32	Dev fscore(p/r/f): (85.01/79.25/82.03)
NEW BEST MODEL: 	Epoch: 50	Dev loss: 1.9582	Dev acc: 77.32	Dev fscore(p/r/f): (85.01/79.25/82.03)
Training: 	Epoch: 51	Time: 4.8413	Training Loss: 0.0735	Sep Loss: 0.0000	Tag Loss: 0.0000
Evaluation: 	Epoch: 51	Time: 0.3324	Dev acc: 76.76	Dev fscore(p/r/f): (83.30/79.56/81.39)
Training: 	Epoch: 52	Time: 4.8458	Training Loss: 0.0817	Sep Loss: 0.0000	Tag Loss: 0.0000
Evaluation: 	Epoch: 52	Time: 0.3381	Dev acc: 75.42	Dev fscore(p/r/f): (83.28/77.89/80.50)
Training: 	Epoch: 53	Time: 4.9084	Training Loss: 0.0825	Sep Loss: 0.0000	Tag Loss: 0.0000
Evaluation: 	Epoch: 53	Time: 0.3426	Dev acc: 76.54	Dev fscore(p/r/f): (84.39/78.94/81.57)
Training: 	Epoch: 54	Time: 4.9319	Training Loss: 0.0845	Sep Loss: 0.0000	Tag Loss: 0.0000
Evaluation: 	Epoch: 54	Time: 0.3318	Dev acc: 76.98	Dev fscore(p/r/f): (83.74/79.46/81.54)
Training: 	Epoch: 55	Time: 4.9194	Training Loss: 0.0767	Sep Loss: 0.0000	Tag Loss: 0.0000
Evaluation: 	Epoch: 55	Time: 0.3369	Dev acc: 75.98	Dev fscore(p/r/f): (84.25/78.10/81.06)
Training: 	Epoch: 56	Time: 4.9658	Training Loss: 0.0697	Sep Loss: 0.0000	Tag Loss: 0.0000
Evaluation: 	Epoch: 56	Time: 0.3358	Dev acc: 76.31	Dev fscore(p/r/f): (83.00/78.42/80.64)
Training: 	Epoch: 57	Time: 4.7645	Training Loss: 0.0840	Sep Loss: 0.0000	Tag Loss: 0.0000
Evaluation: 	Epoch: 57	Time: 0.3391	Dev acc: 76.76	Dev fscore(p/r/f): (83.86/79.67/81.71)
Training: 	Epoch: 58	Time: 4.8779	Training Loss: 0.0830	Sep Loss: 0.0000	Tag Loss: 0.0000
Evaluation: 	Epoch: 58	Time: 0.3394	Dev acc: 76.09	Dev fscore(p/r/f): (83.54/78.31/80.84)
Training: 	Epoch: 59	Time: 4.8694	Training Loss: 0.0787	Sep Loss: 0.0000	Tag Loss: 0.0000
Evaluation: 	Epoch: 59	Time: 0.3384	Dev acc: 77.21	Dev fscore(p/r/f): (84.14/79.67/81.84)
Training: 	Epoch: 60	Time: 5.0205	Training Loss: 0.0755	Sep Loss: 0.0000	Tag Loss: 0.0000
Evaluation: 	Epoch: 60	Time: 0.3355	Dev acc: 75.20	Dev fscore(p/r/f): (84.20/77.27/80.59)
Training: 	Epoch: 61	Time: 4.8836	Training Loss: 0.0944	Sep Loss: 0.0000	Tag Loss: 0.0000
Evaluation: 	Epoch: 61	Time: 0.3353	Dev acc: 76.09	Dev fscore(p/r/f): (82.89/78.83/80.81)
Training: 	Epoch: 62	Time: 4.9855	Training Loss: 0.0907	Sep Loss: 0.0000	Tag Loss: 0.0000
Evaluation: 	Epoch: 62	Time: 0.3342	Dev acc: 76.76	Dev fscore(p/r/f): (83.35/79.35/81.30)
Training: 	Epoch: 63	Time: 4.9855	Training Loss: 0.0703	Sep Loss: 0.0000	Tag Loss: 0.0000
Evaluation: 	Epoch: 63	Time: 0.3329	Dev acc: 76.09	Dev fscore(p/r/f): (83.54/78.31/80.84)
Training: 	Epoch: 64	Time: 5.0501	Training Loss: 0.0908	Sep Loss: 0.0000	Tag Loss: 0.0000
Evaluation: 	Epoch: 64	Time: 0.3337	Dev acc: 76.20	Dev fscore(p/r/f): (82.48/79.04/80.72)
Training: 	Epoch: 65	Time: 4.9174	Training Loss: 0.1160	Sep Loss: 0.0000	Tag Loss: 0.0000
Evaluation: 	Epoch: 65	Time: 0.3347	Dev acc: 76.87	Dev fscore(p/r/f): (84.69/79.04/81.77)
Training: 	Epoch: 66	Time: 4.8363	Training Loss: 0.0851	Sep Loss: 0.0000	Tag Loss: 0.0000
Evaluation: 	Epoch: 66	Time: 0.3389	Dev acc: 76.09	Dev fscore(p/r/f): (83.52/78.21/80.78)
Training: 	Epoch: 67	Time: 4.9124	Training Loss: 0.0864	Sep Loss: 0.0000	Tag Loss: 0.0000
Evaluation: 	Epoch: 67	Time: 0.3402	Dev acc: 76.76	Dev fscore(p/r/f): (84.34/78.62/81.38)
Training: 	Epoch: 68	Time: 4.9104	Training Loss: 0.0926	Sep Loss: 0.0000	Tag Loss: 0.0000
Evaluation: 	Epoch: 68	Time: 0.3338	Dev acc: 76.09	Dev fscore(p/r/f): (84.63/78.10/81.24)
Training: 	Epoch: 69	Time: 4.9241	Training Loss: 0.1044	Sep Loss: 0.0000	Tag Loss: 0.0000
Evaluation: 	Epoch: 69	Time: 0.3346	Dev acc: 77.77	Dev fscore(p/r/f): (83.68/80.19/81.90)
NEW BEST MODEL: 	Epoch: 69	Dev loss: 2.2235	Dev acc: 77.77	Dev fscore(p/r/f): (83.68/80.19/81.90)
Training: 	Epoch: 70	Time: 4.9677	Training Loss: 0.1599	Sep Loss: 0.0000	Tag Loss: 0.0000
Evaluation: 	Epoch: 70	Time: 0.3339	Dev acc: 77.65	Dev fscore(p/r/f): (85.87/79.87/82.77)
Training: 	Epoch: 71	Time: 4.7899	Training Loss: 0.1008	Sep Loss: 0.0000	Tag Loss: 0.0000
Evaluation: 	Epoch: 71	Time: 0.3330	Dev acc: 74.64	Dev fscore(p/r/f): (84.43/76.33/80.18)
Training: 	Epoch: 72	Time: 4.8997	Training Loss: 0.0846	Sep Loss: 0.0000	Tag Loss: 0.0000
Evaluation: 	Epoch: 72	Time: 0.3466	Dev acc: 76.65	Dev fscore(p/r/f): (83.10/79.46/81.24)
Training: 	Epoch: 73	Time: 5.0981	Training Loss: 0.0593	Sep Loss: 0.0000	Tag Loss: 0.0000
Evaluation: 	Epoch: 73	Time: 0.3336	Dev acc: 76.87	Dev fscore(p/r/f): (84.04/79.04/81.46)
Training: 	Epoch: 74	Time: 4.9129	Training Loss: 0.0707	Sep Loss: 0.0000	Tag Loss: 0.0000
Evaluation: 	Epoch: 74	Time: 0.3402	Dev acc: 77.09	Dev fscore(p/r/f): (83.77/79.67/81.67)
Training: 	Epoch: 75	Time: 4.9092	Training Loss: 0.0748	Sep Loss: 0.0000	Tag Loss: 0.0000
Evaluation: 	Epoch: 75	Time: 0.3342	Dev acc: 75.87	Dev fscore(p/r/f): (83.46/77.89/80.58)
Training: 	Epoch: 76	Time: 4.9666	Training Loss: 0.0660	Sep Loss: 0.0000	Tag Loss: 0.0000
Evaluation: 	Epoch: 76	Time: 0.3381	Dev acc: 76.98	Dev fscore(p/r/f): (82.56/79.98/81.25)
Training: 	Epoch: 77	Time: 4.8063	Training Loss: 0.0578	Sep Loss: 0.0000	Tag Loss: 0.0000
Evaluation: 	Epoch: 77	Time: 0.3396	Dev acc: 76.76	Dev fscore(p/r/f): (83.26/79.35/81.26)
Training: 	Epoch: 78	Time: 5.0325	Training Loss: 0.0592	Sep Loss: 0.0000	Tag Loss: 0.0000
Evaluation: 	Epoch: 78	Time: 0.3351	Dev acc: 76.31	Dev fscore(p/r/f): (84.08/78.73/81.31)
Training: 	Epoch: 79	Time: 5.0146	Training Loss: 0.0572	Sep Loss: 0.0000	Tag Loss: 0.0000
Evaluation: 	Epoch: 79	Time: 0.3350	Dev acc: 76.87	Dev fscore(p/r/f): (84.33/79.14/81.66)
Training: 	Epoch: 80	Time: 5.0272	Training Loss: 0.0558	Sep Loss: 0.0000	Tag Loss: 0.0000
Evaluation: 	Epoch: 80	Time: 0.3344	Dev acc: 76.31	Dev fscore(p/r/f): (83.79/79.25/81.46)
Training: 	Epoch: 81	Time: 5.0008	Training Loss: 0.0530	Sep Loss: 0.0000	Tag Loss: 0.0000
Evaluation: 	Epoch: 81	Time: 0.3419	Dev acc: 76.76	Dev fscore(p/r/f): (83.86/79.67/81.71)
Training: 	Epoch: 82	Time: 4.7643	Training Loss: 0.0513	Sep Loss: 0.0000	Tag Loss: 0.0000
Evaluation: 	Epoch: 82	Time: 0.3392	Dev acc: 75.98	Dev fscore(p/r/f): (82.71/78.83/80.73)
Training: 	Epoch: 83	Time: 4.9659	Training Loss: 0.0543	Sep Loss: 0.0000	Tag Loss: 0.0000
Evaluation: 	Epoch: 83	Time: 0.3342	Dev acc: 76.98	Dev fscore(p/r/f): (83.68/79.67/81.62)
Training: 	Epoch: 84	Time: 4.9197	Training Loss: 0.0505	Sep Loss: 0.0000	Tag Loss: 0.0000
Evaluation: 	Epoch: 84	Time: 0.3372	Dev acc: 76.65	Dev fscore(p/r/f): (83.10/79.46/81.24)
Training: 	Epoch: 85	Time: 4.8496	Training Loss: 0.0495	Sep Loss: 0.0000	Tag Loss: 0.0000
Evaluation: 	Epoch: 85	Time: 0.3345	Dev acc: 75.87	Dev fscore(p/r/f): (83.93/78.42/81.08)
Training: 	Epoch: 86	Time: 4.9499	Training Loss: 0.0563	Sep Loss: 0.0000	Tag Loss: 0.0000
Evaluation: 	Epoch: 86	Time: 0.3382	Dev acc: 76.31	Dev fscore(p/r/f): (83.76/78.52/81.05)
Training: 	Epoch: 87	Time: 4.9047	Training Loss: 0.0520	Sep Loss: 0.0000	Tag Loss: 0.0000
Evaluation: 	Epoch: 87	Time: 0.3408	Dev acc: 77.54	Dev fscore(p/r/f): (84.64/79.87/82.19)
Training: 	Epoch: 88	Time: 5.0030	Training Loss: 0.0522	Sep Loss: 0.0000	Tag Loss: 0.0000
Evaluation: 	Epoch: 88	Time: 0.3391	Dev acc: 77.77	Dev fscore(p/r/f): (84.34/80.29/82.26)
Training: 	Epoch: 89	Time: 5.0251	Training Loss: 0.0503	Sep Loss: 0.0000	Tag Loss: 0.0000
Evaluation: 	Epoch: 89	Time: 0.3348	Dev acc: 76.87	Dev fscore(p/r/f): (84.20/78.94/81.49)
Training: 	Epoch: 90	Time: 5.0680	Training Loss: 0.0488	Sep Loss: 0.0000	Tag Loss: 0.0000
Evaluation: 	Epoch: 90	Time: 0.3348	Dev acc: 77.54	Dev fscore(p/r/f): (84.53/79.77/82.08)
Training: 	Epoch: 91	Time: 4.9668	Training Loss: 0.0470	Sep Loss: 0.0000	Tag Loss: 0.0000
Evaluation: 	Epoch: 91	Time: 0.3409	Dev acc: 77.65	Dev fscore(p/r/f): (84.21/80.08/82.10)
Training: 	Epoch: 92	Time: 4.9695	Training Loss: 0.0464	Sep Loss: 0.0000	Tag Loss: 0.0000
Evaluation: 	Epoch: 92	Time: 0.3382	Dev acc: 77.88	Dev fscore(p/r/f): (84.77/80.08/82.36)
NEW BEST MODEL: 	Epoch: 92	Dev loss: 2.6500	Dev acc: 77.88	Dev fscore(p/r/f): (84.77/80.08/82.36)
Training: 	Epoch: 93	Time: 4.8997	Training Loss: 0.0478	Sep Loss: 0.0000	Tag Loss: 0.0000
Evaluation: 	Epoch: 93	Time: 0.3335	Dev acc: 77.32	Dev fscore(p/r/f): (84.29/79.98/82.08)
Training: 	Epoch: 94	Time: 4.8490	Training Loss: 0.0481	Sep Loss: 0.0000	Tag Loss: 0.0000
Evaluation: 	Epoch: 94	Time: 0.3382	Dev acc: 77.43	Dev fscore(p/r/f): (83.59/80.19/81.85)
Training: 	Epoch: 95	Time: 4.7564	Training Loss: 0.0504	Sep Loss: 0.0000	Tag Loss: 0.0000
Evaluation: 	Epoch: 95	Time: 0.3350	Dev acc: 75.98	Dev fscore(p/r/f): (84.04/78.00/80.91)
Training: 	Epoch: 96	Time: 4.8847	Training Loss: 0.0514	Sep Loss: 0.0000	Tag Loss: 0.0000
Evaluation: 	Epoch: 96	Time: 0.3344	Dev acc: 76.98	Dev fscore(p/r/f): (83.19/79.46/81.28)
Training: 	Epoch: 97	Time: 4.8920	Training Loss: 0.0521	Sep Loss: 0.0000	Tag Loss: 0.0000
Evaluation: 	Epoch: 97	Time: 0.3324	Dev acc: 77.32	Dev fscore(p/r/f): (83.57/79.56/81.52)
Training: 	Epoch: 98	Time: 4.6469	Training Loss: 0.0622	Sep Loss: 0.0000	Tag Loss: 0.0000
Evaluation: 	Epoch: 98	Time: 0.3389	Dev acc: 77.32	Dev fscore(p/r/f): (84.17/80.40/82.24)
Training: 	Epoch: 99	Time: 4.8887	Training Loss: 0.0542	Sep Loss: 0.0000	Tag Loss: 0.0000
Evaluation: 	Epoch: 99	Time: 0.3335	Dev acc: 76.54	Dev fscore(p/r/f): (84.13/79.04/81.51)
FINAL BEST RESULT: 	Epoch: 92	Dev loss: 2.6500	Dev acc: 77.8771	Dev fscore(p/r/f): (84.7682/80.0834/82.3592)
