Use pretrained model: hfl/chinese-pert-base
Dataset size: train -> 67674
Load dataset and database finished, cost 25.8186s ...
Dataset size: dev -> 895
Total training steps: 42300
Start training ......
Training: 	Epoch: 0	Time: 59.1296	Training Loss: 2.0538	Sep Loss: 0.0000	Tag Loss: 0.0000
Evaluation: 	Epoch: 0	Time: 0.3335	Dev acc: 24.58	Dev fscore(p/r/f): (67.32/24.92/36.38)
NEW BEST MODEL: 	Epoch: 0	Dev loss: 5.8634	Dev acc: 24.58	Dev fscore(p/r/f): (67.32/24.92/36.38)
Training: 	Epoch: 1	Time: 59.2872	Training Loss: 0.7889	Sep Loss: 0.0000	Tag Loss: 0.0000
Evaluation: 	Epoch: 1	Time: 0.3344	Dev acc: 17.88	Dev fscore(p/r/f): (1.65/1.36/1.49)
Training: 	Epoch: 2	Time: 59.6079	Training Loss: 0.6577	Sep Loss: 0.0000	Tag Loss: 0.0000
Evaluation: 	Epoch: 2	Time: 0.3359	Dev acc: 24.92	Dev fscore(p/r/f): (66.50/27.53/38.94)
NEW BEST MODEL: 	Epoch: 2	Dev loss: 5.6325	Dev acc: 24.92	Dev fscore(p/r/f): (66.50/27.53/38.94)
Training: 	Epoch: 3	Time: 59.4487	Training Loss: 0.5712	Sep Loss: 0.0000	Tag Loss: 0.0000
Evaluation: 	Epoch: 3	Time: 0.3344	Dev acc: 25.25	Dev fscore(p/r/f): (68.77/28.47/40.27)
NEW BEST MODEL: 	Epoch: 3	Dev loss: 5.3785	Dev acc: 25.25	Dev fscore(p/r/f): (68.77/28.47/40.27)
Training: 	Epoch: 4	Time: 60.0257	Training Loss: 0.5301	Sep Loss: 0.0000	Tag Loss: 0.0000
Evaluation: 	Epoch: 4	Time: 0.3396	Dev acc: 24.47	Dev fscore(p/r/f): (67.71/27.11/38.72)
Training: 	Epoch: 5	Time: 59.7060	Training Loss: 0.5034	Sep Loss: 0.0000	Tag Loss: 0.0000
Evaluation: 	Epoch: 5	Time: 0.3391	Dev acc: 29.16	Dev fscore(p/r/f): (77.92/32.01/45.38)
NEW BEST MODEL: 	Epoch: 5	Dev loss: 5.1684	Dev acc: 29.16	Dev fscore(p/r/f): (77.92/32.01/45.38)
Training: 	Epoch: 6	Time: 59.2484	Training Loss: 0.4876	Sep Loss: 0.0000	Tag Loss: 0.0000
Evaluation: 	Epoch: 6	Time: 0.3441	Dev acc: 29.61	Dev fscore(p/r/f): (79.59/32.53/46.19)
NEW BEST MODEL: 	Epoch: 6	Dev loss: 5.1217	Dev acc: 29.61	Dev fscore(p/r/f): (79.59/32.53/46.19)
Training: 	Epoch: 7	Time: 59.6668	Training Loss: 0.4721	Sep Loss: 0.0000	Tag Loss: 0.0000
Evaluation: 	Epoch: 7	Time: 0.3404	Dev acc: 32.29	Dev fscore(p/r/f): (86.08/35.45/50.22)
NEW BEST MODEL: 	Epoch: 7	Dev loss: 4.5988	Dev acc: 32.29	Dev fscore(p/r/f): (86.08/35.45/50.22)
Training: 	Epoch: 8	Time: 59.1846	Training Loss: 0.4596	Sep Loss: 0.0000	Tag Loss: 0.0000
Evaluation: 	Epoch: 8	Time: 0.3341	Dev acc: 32.29	Dev fscore(p/r/f): (86.03/35.97/50.74)
Training: 	Epoch: 9	Time: 59.5180	Training Loss: 0.4486	Sep Loss: 0.0000	Tag Loss: 0.0000
Evaluation: 	Epoch: 9	Time: 0.3436	Dev acc: 31.96	Dev fscore(p/r/f): (85.53/35.14/49.82)
Training: 	Epoch: 10	Time: 59.4735	Training Loss: 0.4397	Sep Loss: 0.0000	Tag Loss: 0.0000
Evaluation: 	Epoch: 10	Time: 0.3369	Dev acc: 32.63	Dev fscore(p/r/f): (86.70/35.35/50.22)
NEW BEST MODEL: 	Epoch: 10	Dev loss: 4.8610	Dev acc: 32.63	Dev fscore(p/r/f): (86.70/35.35/50.22)
Training: 	Epoch: 11	Time: 59.3337	Training Loss: 0.4348	Sep Loss: 0.0000	Tag Loss: 0.0000
Evaluation: 	Epoch: 11	Time: 0.3446	Dev acc: 32.63	Dev fscore(p/r/f): (86.87/35.87/50.77)
Training: 	Epoch: 12	Time: 59.7023	Training Loss: 0.4291	Sep Loss: 0.0000	Tag Loss: 0.0000
Evaluation: 	Epoch: 12	Time: 0.4243	Dev acc: 32.07	Dev fscore(p/r/f): (85.89/35.56/50.29)
Training: 	Epoch: 13	Time: 59.8500	Training Loss: 0.4240	Sep Loss: 0.0000	Tag Loss: 0.0000
Evaluation: 	Epoch: 13	Time: 0.3537	Dev acc: 32.40	Dev fscore(p/r/f): (86.90/35.97/50.88)
Training: 	Epoch: 14	Time: 59.8028	Training Loss: 0.4222	Sep Loss: 0.0000	Tag Loss: 0.0000
Evaluation: 	Epoch: 14	Time: 0.3400	Dev acc: 32.40	Dev fscore(p/r/f): (86.62/35.77/50.63)
Training: 	Epoch: 15	Time: 59.4074	Training Loss: 0.4180	Sep Loss: 0.0000	Tag Loss: 0.0000
Evaluation: 	Epoch: 15	Time: 0.3347	Dev acc: 32.74	Dev fscore(p/r/f): (87.02/35.66/50.59)
NEW BEST MODEL: 	Epoch: 15	Dev loss: 4.8440	Dev acc: 32.74	Dev fscore(p/r/f): (87.02/35.66/50.59)
Training: 	Epoch: 16	Time: 59.4091	Training Loss: 0.4160	Sep Loss: 0.0000	Tag Loss: 0.0000
Evaluation: 	Epoch: 16	Time: 0.3396	Dev acc: 32.63	Dev fscore(p/r/f): (86.65/35.87/50.74)
Training: 	Epoch: 17	Time: 59.2768	Training Loss: 0.4138	Sep Loss: 0.0000	Tag Loss: 0.0000
Evaluation: 	Epoch: 17	Time: 0.3389	Dev acc: 32.85	Dev fscore(p/r/f): (86.28/36.08/50.88)
NEW BEST MODEL: 	Epoch: 17	Dev loss: 4.2130	Dev acc: 32.85	Dev fscore(p/r/f): (86.28/36.08/50.88)
Training: 	Epoch: 18	Time: 59.4893	Training Loss: 0.4128	Sep Loss: 0.0000	Tag Loss: 0.0000
Evaluation: 	Epoch: 18	Time: 0.3399	Dev acc: 32.85	Dev fscore(p/r/f): (87.03/36.39/51.32)
Training: 	Epoch: 19	Time: 59.6619	Training Loss: 0.4098	Sep Loss: 0.0000	Tag Loss: 0.0000
Evaluation: 	Epoch: 19	Time: 0.3342	Dev acc: 32.74	Dev fscore(p/r/f): (86.47/35.97/50.81)
Training: 	Epoch: 20	Time: 59.7257	Training Loss: 0.4081	Sep Loss: 0.0000	Tag Loss: 0.0000
Evaluation: 	Epoch: 20	Time: 0.3348	Dev acc: 33.07	Dev fscore(p/r/f): (88.01/35.97/51.07)
NEW BEST MODEL: 	Epoch: 20	Dev loss: 4.8061	Dev acc: 33.07	Dev fscore(p/r/f): (88.01/35.97/51.07)
Training: 	Epoch: 21	Time: 58.9690	Training Loss: 0.4072	Sep Loss: 0.0000	Tag Loss: 0.0000
Evaluation: 	Epoch: 21	Time: 0.3357	Dev acc: 33.30	Dev fscore(p/r/f): (88.30/36.18/51.33)
NEW BEST MODEL: 	Epoch: 21	Dev loss: 4.5658	Dev acc: 33.30	Dev fscore(p/r/f): (88.30/36.18/51.33)
Training: 	Epoch: 22	Time: 59.6074	Training Loss: 0.4072	Sep Loss: 0.0000	Tag Loss: 0.0000
Evaluation: 	Epoch: 22	Time: 0.3358	Dev acc: 32.96	Dev fscore(p/r/f): (87.85/36.18/51.26)
Training: 	Epoch: 23	Time: 59.5306	Training Loss: 0.4060	Sep Loss: 0.0000	Tag Loss: 0.0000
Evaluation: 	Epoch: 23	Time: 0.3393	Dev acc: 33.18	Dev fscore(p/r/f): (88.13/36.39/51.51)
Training: 	Epoch: 24	Time: 59.3556	Training Loss: 0.4055	Sep Loss: 0.0000	Tag Loss: 0.0000
Evaluation: 	Epoch: 24	Time: 0.3413	Dev acc: 33.41	Dev fscore(p/r/f): (88.78/36.29/51.52)
NEW BEST MODEL: 	Epoch: 24	Dev loss: 4.5059	Dev acc: 33.41	Dev fscore(p/r/f): (88.78/36.29/51.52)
Training: 	Epoch: 25	Time: 59.0026	Training Loss: 0.4043	Sep Loss: 0.0000	Tag Loss: 0.0000
Evaluation: 	Epoch: 25	Time: 0.3429	Dev acc: 33.30	Dev fscore(p/r/f): (88.38/36.50/51.66)
Training: 	Epoch: 26	Time: 59.2530	Training Loss: 0.4049	Sep Loss: 0.0000	Tag Loss: 0.0000
Evaluation: 	Epoch: 26	Time: 0.3449	Dev acc: 33.07	Dev fscore(p/r/f): (87.47/36.39/51.40)
Training: 	Epoch: 27	Time: 59.3046	Training Loss: 0.4034	Sep Loss: 0.0000	Tag Loss: 0.0000
Evaluation: 	Epoch: 27	Time: 0.3345	Dev acc: 33.30	Dev fscore(p/r/f): (88.44/36.70/51.88)
Training: 	Epoch: 28	Time: 59.1685	Training Loss: 0.4033	Sep Loss: 0.0000	Tag Loss: 0.0000
Evaluation: 	Epoch: 28	Time: 0.3402	Dev acc: 33.30	Dev fscore(p/r/f): (88.80/36.39/51.63)
Training: 	Epoch: 29	Time: 59.0093	Training Loss: 0.4030	Sep Loss: 0.0000	Tag Loss: 0.0000
Evaluation: 	Epoch: 29	Time: 0.3393	Dev acc: 33.18	Dev fscore(p/r/f): (88.32/36.29/51.44)
Training: 	Epoch: 30	Time: 59.4070	Training Loss: 0.4018	Sep Loss: 0.0000	Tag Loss: 0.0000
Evaluation: 	Epoch: 30	Time: 0.3371	Dev acc: 33.07	Dev fscore(p/r/f): (87.50/36.50/51.51)
Training: 	Epoch: 31	Time: 60.7185	Training Loss: 0.4009	Sep Loss: 0.0000	Tag Loss: 0.0000
Evaluation: 	Epoch: 31	Time: 0.3622	Dev acc: 32.74	Dev fscore(p/r/f): (86.75/36.18/51.07)
Training: 	Epoch: 32	Time: 60.5018	Training Loss: 0.4012	Sep Loss: 0.0000	Tag Loss: 0.0000
Evaluation: 	Epoch: 32	Time: 0.3624	Dev acc: 33.18	Dev fscore(p/r/f): (88.49/36.08/51.26)
Training: 	Epoch: 33	Time: 60.1339	Training Loss: 0.4018	Sep Loss: 0.0000	Tag Loss: 0.0000
Evaluation: 	Epoch: 33	Time: 0.3428	Dev acc: 33.30	Dev fscore(p/r/f): (88.35/36.39/51.55)
Training: 	Epoch: 34	Time: 59.5002	Training Loss: 0.4020	Sep Loss: 0.0000	Tag Loss: 0.0000
Evaluation: 	Epoch: 34	Time: 0.3430	Dev acc: 33.30	Dev fscore(p/r/f): (88.35/36.39/51.55)
Training: 	Epoch: 35	Time: 59.6633	Training Loss: 0.4006	Sep Loss: 0.0000	Tag Loss: 0.0000
Evaluation: 	Epoch: 35	Time: 0.3744	Dev acc: 33.30	Dev fscore(p/r/f): (88.32/36.29/51.44)
Training: 	Epoch: 36	Time: 59.5902	Training Loss: 0.3997	Sep Loss: 0.0000	Tag Loss: 0.0000
Evaluation: 	Epoch: 36	Time: 0.3392	Dev acc: 33.30	Dev fscore(p/r/f): (88.61/36.50/51.70)
Training: 	Epoch: 37	Time: 59.6714	Training Loss: 0.3998	Sep Loss: 0.0000	Tag Loss: 0.0000
Evaluation: 	Epoch: 37	Time: 0.3444	Dev acc: 33.07	Dev fscore(p/r/f): (88.35/36.39/51.55)
Training: 	Epoch: 38	Time: 59.7765	Training Loss: 0.4006	Sep Loss: 0.0000	Tag Loss: 0.0000
Evaluation: 	Epoch: 38	Time: 0.3632	Dev acc: 33.07	Dev fscore(p/r/f): (88.83/36.50/51.74)
Training: 	Epoch: 39	Time: 60.1808	Training Loss: 0.4009	Sep Loss: 0.0000	Tag Loss: 0.0000
Evaluation: 	Epoch: 39	Time: 0.3610	Dev acc: 33.18	Dev fscore(p/r/f): (88.41/36.60/51.77)
Training: 	Epoch: 40	Time: 59.9677	Training Loss: 0.3997	Sep Loss: 0.0000	Tag Loss: 0.0000
Evaluation: 	Epoch: 40	Time: 0.3366	Dev acc: 33.30	Dev fscore(p/r/f): (88.38/36.50/51.66)
Training: 	Epoch: 41	Time: 60.9787	Training Loss: 0.3987	Sep Loss: 0.0000	Tag Loss: 0.0000
Evaluation: 	Epoch: 41	Time: 0.3404	Dev acc: 33.18	Dev fscore(p/r/f): (88.44/36.70/51.88)
Training: 	Epoch: 42	Time: 59.4117	Training Loss: 0.3993	Sep Loss: 0.0000	Tag Loss: 0.0000
Evaluation: 	Epoch: 42	Time: 0.3394	Dev acc: 33.07	Dev fscore(p/r/f): (88.41/36.60/51.77)
Training: 	Epoch: 43	Time: 59.3886	Training Loss: 0.3991	Sep Loss: 0.0000	Tag Loss: 0.0000
Evaluation: 	Epoch: 43	Time: 0.3398	Dev acc: 33.18	Dev fscore(p/r/f): (88.58/36.39/51.59)
Training: 	Epoch: 44	Time: 59.3229	Training Loss: 0.3993	Sep Loss: 0.0000	Tag Loss: 0.0000
Evaluation: 	Epoch: 44	Time: 0.3358	Dev acc: 33.07	Dev fscore(p/r/f): (88.92/35.97/51.22)
Training: 	Epoch: 45	Time: 59.3368	Training Loss: 0.3986	Sep Loss: 0.0000	Tag Loss: 0.0000
Evaluation: 	Epoch: 45	Time: 0.3354	Dev acc: 33.18	Dev fscore(p/r/f): (88.64/36.60/51.81)
Training: 	Epoch: 46	Time: 59.4667	Training Loss: 0.3984	Sep Loss: 0.0000	Tag Loss: 0.0000
Evaluation: 	Epoch: 46	Time: 0.3391	Dev acc: 33.30	Dev fscore(p/r/f): (88.64/36.60/51.81)
Training: 	Epoch: 47	Time: 59.9367	Training Loss: 0.3979	Sep Loss: 0.0000	Tag Loss: 0.0000
Evaluation: 	Epoch: 47	Time: 0.3438	Dev acc: 33.30	Dev fscore(p/r/f): (89.11/36.70/51.99)
Training: 	Epoch: 48	Time: 60.4356	Training Loss: 0.3980	Sep Loss: 0.0000	Tag Loss: 0.0000
Evaluation: 	Epoch: 48	Time: 0.3363	Dev acc: 33.18	Dev fscore(p/r/f): (88.28/36.91/52.06)
Training: 	Epoch: 49	Time: 60.2071	Training Loss: 0.3977	Sep Loss: 0.0000	Tag Loss: 0.0000
Evaluation: 	Epoch: 49	Time: 0.3423	Dev acc: 33.18	Dev fscore(p/r/f): (88.66/36.70/51.92)
Training: 	Epoch: 50	Time: 60.2001	Training Loss: 0.3974	Sep Loss: 0.0000	Tag Loss: 0.0000
Evaluation: 	Epoch: 50	Time: 0.3787	Dev acc: 33.30	Dev fscore(p/r/f): (88.35/36.39/51.55)
Training: 	Epoch: 51	Time: 60.4971	Training Loss: 0.3983	Sep Loss: 0.0000	Tag Loss: 0.0000
Evaluation: 	Epoch: 51	Time: 0.3415	Dev acc: 33.30	Dev fscore(p/r/f): (88.69/36.81/52.03)
Training: 	Epoch: 52	Time: 60.4655	Training Loss: 0.3975	Sep Loss: 0.0000	Tag Loss: 0.0000
Evaluation: 	Epoch: 52	Time: 0.3944	Dev acc: 33.30	Dev fscore(p/r/f): (88.47/36.81/51.99)
Training: 	Epoch: 53	Time: 59.8566	Training Loss: 0.3974	Sep Loss: 0.0000	Tag Loss: 0.0000
Evaluation: 	Epoch: 53	Time: 0.3612	Dev acc: 33.30	Dev fscore(p/r/f): (88.03/36.81/51.91)
Training: 	Epoch: 54	Time: 60.1029	Training Loss: 0.3968	Sep Loss: 0.0000	Tag Loss: 0.0000
Evaluation: 	Epoch: 54	Time: 0.3363	Dev acc: 33.30	Dev fscore(p/r/f): (88.47/36.81/51.99)
Training: 	Epoch: 55	Time: 59.6309	Training Loss: 0.3978	Sep Loss: 0.0000	Tag Loss: 0.0000
Evaluation: 	Epoch: 55	Time: 0.3363	Dev acc: 33.07	Dev fscore(p/r/f): (88.69/36.81/52.03)
Training: 	Epoch: 56	Time: 59.6546	Training Loss: 0.3975	Sep Loss: 0.0000	Tag Loss: 0.0000
Evaluation: 	Epoch: 56	Time: 0.3411	Dev acc: 33.18	Dev fscore(p/r/f): (88.64/36.60/51.81)
Training: 	Epoch: 57	Time: 60.2528	Training Loss: 0.3970	Sep Loss: 0.0000	Tag Loss: 0.0000
Evaluation: 	Epoch: 57	Time: 0.3376	Dev acc: 33.18	Dev fscore(p/r/f): (88.53/37.02/52.21)
Training: 	Epoch: 58	Time: 59.6073	Training Loss: 0.3963	Sep Loss: 0.0000	Tag Loss: 0.0000
Evaluation: 	Epoch: 58	Time: 0.3432	Dev acc: 33.18	Dev fscore(p/r/f): (88.47/36.81/51.99)
Training: 	Epoch: 59	Time: 59.8384	Training Loss: 0.3965	Sep Loss: 0.0000	Tag Loss: 0.0000
Evaluation: 	Epoch: 59	Time: 0.3625	Dev acc: 33.30	Dev fscore(p/r/f): (88.72/36.91/52.14)
Training: 	Epoch: 60	Time: 59.6503	Training Loss: 0.3969	Sep Loss: 0.0000	Tag Loss: 0.0000
Evaluation: 	Epoch: 60	Time: 0.3391	Dev acc: 33.07	Dev fscore(p/r/f): (88.06/36.91/52.02)
Training: 	Epoch: 61	Time: 60.1833	Training Loss: 0.3966	Sep Loss: 0.0000	Tag Loss: 0.0000
Evaluation: 	Epoch: 61	Time: 0.3392	Dev acc: 32.96	Dev fscore(p/r/f): (88.06/36.91/52.02)
Training: 	Epoch: 62	Time: 59.8752	Training Loss: 0.3965	Sep Loss: 0.0000	Tag Loss: 0.0000
Evaluation: 	Epoch: 62	Time: 0.3633	Dev acc: 33.30	Dev fscore(p/r/f): (88.50/36.91/52.10)
Training: 	Epoch: 63	Time: 59.7551	Training Loss: 0.3963	Sep Loss: 0.0000	Tag Loss: 0.0000
Evaluation: 	Epoch: 63	Time: 0.3411	Dev acc: 32.85	Dev fscore(p/r/f): (87.62/36.91/51.94)
Training: 	Epoch: 64	Time: 59.4567	Training Loss: 0.3966	Sep Loss: 0.0000	Tag Loss: 0.0000
Evaluation: 	Epoch: 64	Time: 0.3473	Dev acc: 33.30	Dev fscore(p/r/f): (88.69/36.81/52.03)
Training: 	Epoch: 65	Time: 59.6941	Training Loss: 0.3973	Sep Loss: 0.0000	Tag Loss: 0.0000
Evaluation: 	Epoch: 65	Time: 0.3412	Dev acc: 33.18	Dev fscore(p/r/f): (88.47/36.81/51.99)
Training: 	Epoch: 66	Time: 59.3635	Training Loss: 0.3965	Sep Loss: 0.0000	Tag Loss: 0.0000
Evaluation: 	Epoch: 66	Time: 0.3424	Dev acc: 33.41	Dev fscore(p/r/f): (89.20/37.02/52.32)
Training: 	Epoch: 67	Time: 59.3551	Training Loss: 0.3961	Sep Loss: 0.0000	Tag Loss: 0.0000
Evaluation: 	Epoch: 67	Time: 0.3339	Dev acc: 33.41	Dev fscore(p/r/f): (88.86/36.60/51.85)
Training: 	Epoch: 68	Time: 59.7458	Training Loss: 0.3966	Sep Loss: 0.0000	Tag Loss: 0.0000
Evaluation: 	Epoch: 68	Time: 0.3409	Dev acc: 33.41	Dev fscore(p/r/f): (89.09/36.60/51.88)
Training: 	Epoch: 69	Time: 59.8278	Training Loss: 0.3954	Sep Loss: 0.0000	Tag Loss: 0.0000
Evaluation: 	Epoch: 69	Time: 0.3422	Dev acc: 33.41	Dev fscore(p/r/f): (89.14/36.81/52.10)
Training: 	Epoch: 70	Time: 59.2745	Training Loss: 0.3948	Sep Loss: 0.0000	Tag Loss: 0.0000
Evaluation: 	Epoch: 70	Time: 0.3375	Dev acc: 33.41	Dev fscore(p/r/f): (88.92/36.81/52.06)
Training: 	Epoch: 71	Time: 59.4421	Training Loss: 0.3961	Sep Loss: 0.0000	Tag Loss: 0.0000
Evaluation: 	Epoch: 71	Time: 0.3365	Dev acc: 33.41	Dev fscore(p/r/f): (88.92/36.81/52.06)
Training: 	Epoch: 72	Time: 59.8226	Training Loss: 0.3958	Sep Loss: 0.0000	Tag Loss: 0.0000
Evaluation: 	Epoch: 72	Time: 0.3418	Dev acc: 33.41	Dev fscore(p/r/f): (88.64/36.60/51.81)
Training: 	Epoch: 73	Time: 59.4304	Training Loss: 0.3951	Sep Loss: 0.0000	Tag Loss: 0.0000
Evaluation: 	Epoch: 73	Time: 0.3364	Dev acc: 33.30	Dev fscore(p/r/f): (88.03/36.81/51.91)
Training: 	Epoch: 74	Time: 59.5959	Training Loss: 0.3952	Sep Loss: 0.0000	Tag Loss: 0.0000
Evaluation: 	Epoch: 74	Time: 0.3357	Dev acc: 33.30	Dev fscore(p/r/f): (89.29/36.50/51.81)
Training: 	Epoch: 75	Time: 60.1833	Training Loss: 0.3957	Sep Loss: 0.0000	Tag Loss: 0.0000
Evaluation: 	Epoch: 75	Time: 0.3339	Dev acc: 33.18	Dev fscore(p/r/f): (88.69/36.81/52.03)
Training: 	Epoch: 76	Time: 60.5016	Training Loss: 0.3964	Sep Loss: 0.0000	Tag Loss: 0.0000
Evaluation: 	Epoch: 76	Time: 0.3435	Dev acc: 33.30	Dev fscore(p/r/f): (88.92/36.81/52.06)
Training: 	Epoch: 77	Time: 60.2723	Training Loss: 0.3954	Sep Loss: 0.0000	Tag Loss: 0.0000
Evaluation: 	Epoch: 77	Time: 0.3620	Dev acc: 33.41	Dev fscore(p/r/f): (89.11/36.70/51.99)
Training: 	Epoch: 78	Time: 59.5937	Training Loss: 0.3961	Sep Loss: 0.0000	Tag Loss: 0.0000
Evaluation: 	Epoch: 78	Time: 0.3420	Dev acc: 33.41	Dev fscore(p/r/f): (89.17/36.91/52.21)
Training: 	Epoch: 79	Time: 59.7296	Training Loss: 0.3952	Sep Loss: 0.0000	Tag Loss: 0.0000
Evaluation: 	Epoch: 79	Time: 0.3385	Dev acc: 33.52	Dev fscore(p/r/f): (89.11/36.70/51.99)
NEW BEST MODEL: 	Epoch: 79	Dev loss: 4.5771	Dev acc: 33.52	Dev fscore(p/r/f): (89.11/36.70/51.99)
Training: 	Epoch: 80	Time: 59.2175	Training Loss: 0.3961	Sep Loss: 0.0000	Tag Loss: 0.0000
Evaluation: 	Epoch: 80	Time: 0.3363	Dev acc: 33.30	Dev fscore(p/r/f): (88.72/36.91/52.14)
Training: 	Epoch: 81	Time: 60.0452	Training Loss: 0.3951	Sep Loss: 0.0000	Tag Loss: 0.0000
Evaluation: 	Epoch: 81	Time: 0.3422	Dev acc: 33.18	Dev fscore(p/r/f): (88.61/36.50/51.70)
Training: 	Epoch: 82	Time: 60.0936	Training Loss: 0.3953	Sep Loss: 0.0000	Tag Loss: 0.0000
Evaluation: 	Epoch: 82	Time: 0.3421	Dev acc: 33.41	Dev fscore(p/r/f): (89.34/36.70/52.03)
Training: 	Epoch: 83	Time: 59.8184	Training Loss: 0.3951	Sep Loss: 0.0000	Tag Loss: 0.0000
Evaluation: 	Epoch: 83	Time: 0.3432	Dev acc: 33.18	Dev fscore(p/r/f): (88.55/36.29/51.48)
Training: 	Epoch: 84	Time: 59.8063	Training Loss: 0.3959	Sep Loss: 0.0000	Tag Loss: 0.0000
Evaluation: 	Epoch: 84	Time: 0.3610	Dev acc: 33.07	Dev fscore(p/r/f): (88.92/35.97/51.22)
Training: 	Epoch: 85	Time: 60.3582	Training Loss: 0.3954	Sep Loss: 0.0000	Tag Loss: 0.0000
Evaluation: 	Epoch: 85	Time: 0.3395	Dev acc: 33.18	Dev fscore(p/r/f): (89.34/36.70/52.03)
Training: 	Epoch: 86	Time: 59.8019	Training Loss: 0.3953	Sep Loss: 0.0000	Tag Loss: 0.0000
Evaluation: 	Epoch: 86	Time: 0.3405	Dev acc: 33.30	Dev fscore(p/r/f): (89.17/36.91/52.21)
Training: 	Epoch: 87	Time: 60.0534	Training Loss: 0.3946	Sep Loss: 0.0000	Tag Loss: 0.0000
Evaluation: 	Epoch: 87	Time: 0.3473	Dev acc: 33.18	Dev fscore(p/r/f): (88.89/36.70/51.96)
Training: 	Epoch: 88	Time: 60.0973	Training Loss: 0.3949	Sep Loss: 0.0000	Tag Loss: 0.0000
Evaluation: 	Epoch: 88	Time: 0.3381	Dev acc: 33.30	Dev fscore(p/r/f): (89.14/36.81/52.10)
Training: 	Epoch: 89	Time: 60.1934	Training Loss: 0.3954	Sep Loss: 0.0000	Tag Loss: 0.0000
Evaluation: 	Epoch: 89	Time: 0.3636	Dev acc: 33.41	Dev fscore(p/r/f): (89.57/36.70/52.07)
Training: 	Epoch: 90	Time: 60.6353	Training Loss: 0.3964	Sep Loss: 0.0000	Tag Loss: 0.0000
Evaluation: 	Epoch: 90	Time: 0.3588	Dev acc: 33.41	Dev fscore(p/r/f): (88.55/36.29/51.48)
Training: 	Epoch: 91	Time: 60.0433	Training Loss: 0.3952	Sep Loss: 0.0000	Tag Loss: 0.0000
Evaluation: 	Epoch: 91	Time: 0.3961	Dev acc: 33.41	Dev fscore(p/r/f): (88.58/36.39/51.59)
Training: 	Epoch: 92	Time: 60.1209	Training Loss: 0.3946	Sep Loss: 0.0000	Tag Loss: 0.0000
Evaluation: 	Epoch: 92	Time: 0.3344	Dev acc: 33.30	Dev fscore(p/r/f): (88.38/36.50/51.66)
Training: 	Epoch: 93	Time: 59.7978	Training Loss: 0.3950	Sep Loss: 0.0000	Tag Loss: 0.0000
Evaluation: 	Epoch: 93	Time: 0.3419	Dev acc: 33.41	Dev fscore(p/r/f): (88.89/36.70/51.96)
Training: 	Epoch: 94	Time: 59.2374	Training Loss: 0.3951	Sep Loss: 0.0000	Tag Loss: 0.0000
Evaluation: 	Epoch: 94	Time: 0.3415	Dev acc: 33.41	Dev fscore(p/r/f): (88.89/36.70/51.96)
Training: 	Epoch: 95	Time: 59.2181	Training Loss: 0.3951	Sep Loss: 0.0000	Tag Loss: 0.0000
Evaluation: 	Epoch: 95	Time: 0.3375	Dev acc: 33.41	Dev fscore(p/r/f): (88.89/36.70/51.96)
Training: 	Epoch: 96	Time: 59.8404	Training Loss: 0.3949	Sep Loss: 0.0000	Tag Loss: 0.0000
Evaluation: 	Epoch: 96	Time: 0.3394	Dev acc: 33.30	Dev fscore(p/r/f): (88.94/36.91/52.17)
Training: 	Epoch: 97	Time: 59.8764	Training Loss: 0.3945	Sep Loss: 0.0000	Tag Loss: 0.0000
Evaluation: 	Epoch: 97	Time: 0.3389	Dev acc: 33.30	Dev fscore(p/r/f): (88.38/36.50/51.66)
Training: 	Epoch: 98	Time: 60.2308	Training Loss: 0.3960	Sep Loss: 0.0000	Tag Loss: 0.0000
Evaluation: 	Epoch: 98	Time: 0.3596	Dev acc: 33.30	Dev fscore(p/r/f): (88.94/36.91/52.17)
Training: 	Epoch: 99	Time: 59.9596	Training Loss: 0.3952	Sep Loss: 0.0000	Tag Loss: 0.0000
Evaluation: 	Epoch: 99	Time: 0.3556	Dev acc: 33.41	Dev fscore(p/r/f): (88.92/36.81/52.06)
FINAL BEST RESULT: 	Epoch: 79	Dev loss: 4.5771	Dev acc: 33.5196	Dev fscore(p/r/f): (89.1139/36.7049/51.9941)
