Use pretrained model: hfl/chinese-pert-base
Dataset size: train -> 15690
Load dataset and database finished, cost 8.2144s ...
Dataset size: dev -> 895
Total training steps: 9900
Start training ......
Training: 	Epoch: 0	Time: 14.8153	Training Loss: 6.5615	Sep Loss: 0.0000	Tag Loss: 0.0000
Evaluation: 	Epoch: 0	Time: 0.3283	Dev acc: 19.11	Dev fscore(p/r/f): (0.00/0.00/0.00)
NEW BEST MODEL: 	Epoch: 0	Dev loss: 4.6821	Dev acc: 19.11	Dev fscore(p/r/f): (0.00/0.00/0.00)
Training: 	Epoch: 1	Time: 14.0233	Training Loss: 3.6280	Sep Loss: 0.0000	Tag Loss: 0.0000
Evaluation: 	Epoch: 1	Time: 0.3262	Dev acc: 34.30	Dev fscore(p/r/f): (34.02/32.53/33.26)
NEW BEST MODEL: 	Epoch: 1	Dev loss: 3.1025	Dev acc: 34.30	Dev fscore(p/r/f): (34.02/32.53/33.26)
Training: 	Epoch: 2	Time: 13.9747	Training Loss: 2.4375	Sep Loss: 0.0000	Tag Loss: 0.0000
Evaluation: 	Epoch: 2	Time: 0.3264	Dev acc: 34.86	Dev fscore(p/r/f): (35.12/29.30/31.95)
NEW BEST MODEL: 	Epoch: 2	Dev loss: 2.4971	Dev acc: 34.86	Dev fscore(p/r/f): (35.12/29.30/31.95)
Training: 	Epoch: 3	Time: 13.9157	Training Loss: 1.9746	Sep Loss: 0.0000	Tag Loss: 0.0000
Evaluation: 	Epoch: 3	Time: 0.3538	Dev acc: 34.19	Dev fscore(p/r/f): (32.88/33.06/32.97)
Training: 	Epoch: 4	Time: 13.9536	Training Loss: 1.5983	Sep Loss: 0.0000	Tag Loss: 0.0000
Evaluation: 	Epoch: 4	Time: 0.3924	Dev acc: 34.30	Dev fscore(p/r/f): (35.62/33.06/34.29)
Training: 	Epoch: 5	Time: 13.8152	Training Loss: 1.3707	Sep Loss: 0.0000	Tag Loss: 0.0000
Evaluation: 	Epoch: 5	Time: 0.3293	Dev acc: 57.99	Dev fscore(p/r/f): (63.20/60.90/62.03)
NEW BEST MODEL: 	Epoch: 5	Dev loss: 1.7132	Dev acc: 57.99	Dev fscore(p/r/f): (63.20/60.90/62.03)
Training: 	Epoch: 6	Time: 13.9370	Training Loss: 1.1628	Sep Loss: 0.0000	Tag Loss: 0.0000
Evaluation: 	Epoch: 6	Time: 0.3303	Dev acc: 63.91	Dev fscore(p/r/f): (70.68/67.36/68.98)
NEW BEST MODEL: 	Epoch: 6	Dev loss: 1.6788	Dev acc: 63.91	Dev fscore(p/r/f): (70.68/67.36/68.98)
Training: 	Epoch: 7	Time: 13.9881	Training Loss: 1.0014	Sep Loss: 0.0000	Tag Loss: 0.0000
Evaluation: 	Epoch: 7	Time: 0.3258	Dev acc: 63.24	Dev fscore(p/r/f): (69.16/66.42/67.77)
Training: 	Epoch: 8	Time: 13.9450	Training Loss: 0.8768	Sep Loss: 0.0000	Tag Loss: 0.0000
Evaluation: 	Epoch: 8	Time: 0.3290	Dev acc: 68.60	Dev fscore(p/r/f): (74.86/70.49/72.61)
NEW BEST MODEL: 	Epoch: 8	Dev loss: 1.6514	Dev acc: 68.60	Dev fscore(p/r/f): (74.86/70.49/72.61)
Training: 	Epoch: 9	Time: 13.9573	Training Loss: 0.7909	Sep Loss: 0.0000	Tag Loss: 0.0000
Evaluation: 	Epoch: 9	Time: 0.3260	Dev acc: 70.39	Dev fscore(p/r/f): (76.80/72.16/74.41)
NEW BEST MODEL: 	Epoch: 9	Dev loss: 1.5652	Dev acc: 70.39	Dev fscore(p/r/f): (76.80/72.16/74.41)
Training: 	Epoch: 10	Time: 13.8575	Training Loss: 0.6957	Sep Loss: 0.0000	Tag Loss: 0.0000
Evaluation: 	Epoch: 10	Time: 0.3281	Dev acc: 71.06	Dev fscore(p/r/f): (77.13/72.78/74.89)
NEW BEST MODEL: 	Epoch: 10	Dev loss: 1.5536	Dev acc: 71.06	Dev fscore(p/r/f): (77.13/72.78/74.89)
Training: 	Epoch: 11	Time: 13.9541	Training Loss: 0.6405	Sep Loss: 0.0000	Tag Loss: 0.0000
Evaluation: 	Epoch: 11	Time: 0.3278	Dev acc: 70.73	Dev fscore(p/r/f): (76.45/72.78/74.57)
Training: 	Epoch: 12	Time: 13.8326	Training Loss: 0.5965	Sep Loss: 0.0000	Tag Loss: 0.0000
Evaluation: 	Epoch: 12	Time: 0.3275	Dev acc: 70.61	Dev fscore(p/r/f): (74.71/73.93/74.32)
Training: 	Epoch: 13	Time: 14.1621	Training Loss: 0.5550	Sep Loss: 0.0000	Tag Loss: 0.0000
Evaluation: 	Epoch: 13	Time: 0.3301	Dev acc: 71.73	Dev fscore(p/r/f): (75.64/73.51/74.56)
NEW BEST MODEL: 	Epoch: 13	Dev loss: 1.6269	Dev acc: 71.73	Dev fscore(p/r/f): (75.64/73.51/74.56)
Training: 	Epoch: 14	Time: 13.7927	Training Loss: 0.5026	Sep Loss: 0.0000	Tag Loss: 0.0000
Evaluation: 	Epoch: 14	Time: 0.3272	Dev acc: 70.73	Dev fscore(p/r/f): (74.47/73.62/74.04)
Training: 	Epoch: 15	Time: 13.9414	Training Loss: 0.4644	Sep Loss: 0.0000	Tag Loss: 0.0000
Evaluation: 	Epoch: 15	Time: 0.3274	Dev acc: 70.50	Dev fscore(p/r/f): (76.51/72.68/74.55)
Training: 	Epoch: 16	Time: 13.8387	Training Loss: 0.4510	Sep Loss: 0.0000	Tag Loss: 0.0000
Evaluation: 	Epoch: 16	Time: 0.3275	Dev acc: 71.62	Dev fscore(p/r/f): (76.04/74.45/75.24)
Training: 	Epoch: 17	Time: 13.9108	Training Loss: 0.4041	Sep Loss: 0.0000	Tag Loss: 0.0000
Evaluation: 	Epoch: 17	Time: 0.3369	Dev acc: 72.63	Dev fscore(p/r/f): (79.96/74.87/77.33)
NEW BEST MODEL: 	Epoch: 17	Dev loss: 1.9138	Dev acc: 72.63	Dev fscore(p/r/f): (79.96/74.87/77.33)
Training: 	Epoch: 18	Time: 14.0448	Training Loss: 0.3620	Sep Loss: 0.0000	Tag Loss: 0.0000
Evaluation: 	Epoch: 18	Time: 0.3256	Dev acc: 73.63	Dev fscore(p/r/f): (78.67/76.54/77.59)
NEW BEST MODEL: 	Epoch: 18	Dev loss: 1.8515	Dev acc: 73.63	Dev fscore(p/r/f): (78.67/76.54/77.59)
Training: 	Epoch: 19	Time: 13.9043	Training Loss: 0.3431	Sep Loss: 0.0000	Tag Loss: 0.0000
Evaluation: 	Epoch: 19	Time: 0.3265	Dev acc: 70.95	Dev fscore(p/r/f): (79.33/73.62/76.37)
Training: 	Epoch: 20	Time: 14.1211	Training Loss: 0.3191	Sep Loss: 0.0000	Tag Loss: 0.0000
Evaluation: 	Epoch: 20	Time: 0.3274	Dev acc: 73.52	Dev fscore(p/r/f): (80.28/76.85/78.53)
Training: 	Epoch: 21	Time: 13.8927	Training Loss: 0.2942	Sep Loss: 0.0000	Tag Loss: 0.0000
Evaluation: 	Epoch: 21	Time: 0.3271	Dev acc: 73.41	Dev fscore(p/r/f): (80.26/76.33/78.25)
Training: 	Epoch: 22	Time: 13.8038	Training Loss: 0.2827	Sep Loss: 0.0000	Tag Loss: 0.0000
Evaluation: 	Epoch: 22	Time: 0.3261	Dev acc: 74.64	Dev fscore(p/r/f): (80.99/78.21/79.58)
NEW BEST MODEL: 	Epoch: 22	Dev loss: 2.0115	Dev acc: 74.64	Dev fscore(p/r/f): (80.99/78.21/79.58)
Training: 	Epoch: 23	Time: 14.0247	Training Loss: 0.2889	Sep Loss: 0.0000	Tag Loss: 0.0000
Evaluation: 	Epoch: 23	Time: 0.3268	Dev acc: 75.31	Dev fscore(p/r/f): (80.68/78.83/79.75)
NEW BEST MODEL: 	Epoch: 23	Dev loss: 2.0682	Dev acc: 75.31	Dev fscore(p/r/f): (80.68/78.83/79.75)
Training: 	Epoch: 24	Time: 13.8682	Training Loss: 0.2513	Sep Loss: 0.0000	Tag Loss: 0.0000
Evaluation: 	Epoch: 24	Time: 0.3269	Dev acc: 74.30	Dev fscore(p/r/f): (79.11/77.79/78.44)
Training: 	Epoch: 25	Time: 14.0204	Training Loss: 0.2861	Sep Loss: 0.0000	Tag Loss: 0.0000
Evaluation: 	Epoch: 25	Time: 0.3268	Dev acc: 72.96	Dev fscore(p/r/f): (82.26/75.91/78.96)
Training: 	Epoch: 26	Time: 14.1876	Training Loss: 0.2461	Sep Loss: 0.0000	Tag Loss: 0.0000
Evaluation: 	Epoch: 26	Time: 0.3289	Dev acc: 73.74	Dev fscore(p/r/f): (82.25/76.85/79.46)
Training: 	Epoch: 27	Time: 14.1115	Training Loss: 0.2138	Sep Loss: 0.0000	Tag Loss: 0.0000
Evaluation: 	Epoch: 27	Time: 0.3288	Dev acc: 72.74	Dev fscore(p/r/f): (81.66/75.70/78.57)
Training: 	Epoch: 28	Time: 14.0774	Training Loss: 0.1908	Sep Loss: 0.0000	Tag Loss: 0.0000
Evaluation: 	Epoch: 28	Time: 0.3267	Dev acc: 74.86	Dev fscore(p/r/f): (81.35/77.79/79.53)
Training: 	Epoch: 29	Time: 13.8332	Training Loss: 0.1912	Sep Loss: 0.0000	Tag Loss: 0.0000
Evaluation: 	Epoch: 29	Time: 0.3266	Dev acc: 74.97	Dev fscore(p/r/f): (80.51/78.83/79.66)
Training: 	Epoch: 30	Time: 13.9828	Training Loss: 0.1721	Sep Loss: 0.0000	Tag Loss: 0.0000
Evaluation: 	Epoch: 30	Time: 0.3266	Dev acc: 74.97	Dev fscore(p/r/f): (81.03/78.83/79.92)
Training: 	Epoch: 31	Time: 13.8527	Training Loss: 0.1687	Sep Loss: 0.0000	Tag Loss: 0.0000
Evaluation: 	Epoch: 31	Time: 0.3284	Dev acc: 73.74	Dev fscore(p/r/f): (80.15/78.31/79.22)
Training: 	Epoch: 32	Time: 14.1273	Training Loss: 0.2008	Sep Loss: 0.0000	Tag Loss: 0.0000
Evaluation: 	Epoch: 32	Time: 0.3304	Dev acc: 74.75	Dev fscore(p/r/f): (81.32/78.10/79.68)
Training: 	Epoch: 33	Time: 14.0300	Training Loss: 0.1889	Sep Loss: 0.0000	Tag Loss: 0.0000
Evaluation: 	Epoch: 33	Time: 0.3300	Dev acc: 73.52	Dev fscore(p/r/f): (81.27/76.02/78.56)
Training: 	Epoch: 34	Time: 14.0465	Training Loss: 0.1892	Sep Loss: 0.0000	Tag Loss: 0.0000
Evaluation: 	Epoch: 34	Time: 0.3283	Dev acc: 75.42	Dev fscore(p/r/f): (82.66/79.04/80.81)
NEW BEST MODEL: 	Epoch: 34	Dev loss: 2.2078	Dev acc: 75.42	Dev fscore(p/r/f): (82.66/79.04/80.81)
Training: 	Epoch: 35	Time: 14.0622	Training Loss: 0.1762	Sep Loss: 0.0000	Tag Loss: 0.0000
Evaluation: 	Epoch: 35	Time: 0.3291	Dev acc: 75.08	Dev fscore(p/r/f): (81.03/78.42/79.70)
Training: 	Epoch: 36	Time: 13.8210	Training Loss: 0.1459	Sep Loss: 0.0000	Tag Loss: 0.0000
Evaluation: 	Epoch: 36	Time: 0.3272	Dev acc: 74.41	Dev fscore(p/r/f): (81.10/78.31/79.68)
Training: 	Epoch: 37	Time: 13.8304	Training Loss: 0.1254	Sep Loss: 0.0000	Tag Loss: 0.0000
Evaluation: 	Epoch: 37	Time: 0.3289	Dev acc: 75.08	Dev fscore(p/r/f): (81.74/78.42/80.04)
Training: 	Epoch: 38	Time: 14.1777	Training Loss: 0.1154	Sep Loss: 0.0000	Tag Loss: 0.0000
Evaluation: 	Epoch: 38	Time: 0.3272	Dev acc: 74.86	Dev fscore(p/r/f): (81.81/78.31/80.02)
Training: 	Epoch: 39	Time: 14.0114	Training Loss: 0.1190	Sep Loss: 0.0000	Tag Loss: 0.0000
Evaluation: 	Epoch: 39	Time: 0.3292	Dev acc: 74.41	Dev fscore(p/r/f): (80.32/77.89/79.09)
Training: 	Epoch: 40	Time: 14.0425	Training Loss: 0.1546	Sep Loss: 0.0000	Tag Loss: 0.0000
Evaluation: 	Epoch: 40	Time: 0.3261	Dev acc: 72.85	Dev fscore(p/r/f): (79.59/76.43/77.98)
Training: 	Epoch: 41	Time: 14.1561	Training Loss: 0.1143	Sep Loss: 0.0000	Tag Loss: 0.0000
Evaluation: 	Epoch: 41	Time: 0.3285	Dev acc: 74.30	Dev fscore(p/r/f): (80.89/78.10/79.47)
Training: 	Epoch: 42	Time: 13.8776	Training Loss: 0.1074	Sep Loss: 0.0000	Tag Loss: 0.0000
Evaluation: 	Epoch: 42	Time: 0.3300	Dev acc: 74.97	Dev fscore(p/r/f): (82.54/77.89/80.15)
Training: 	Epoch: 43	Time: 14.1936	Training Loss: 0.0966	Sep Loss: 0.0000	Tag Loss: 0.0000
Evaluation: 	Epoch: 43	Time: 0.3322	Dev acc: 73.74	Dev fscore(p/r/f): (82.09/76.96/79.44)
Training: 	Epoch: 44	Time: 14.0436	Training Loss: 0.1023	Sep Loss: 0.0000	Tag Loss: 0.0000
Evaluation: 	Epoch: 44	Time: 0.3270	Dev acc: 76.31	Dev fscore(p/r/f): (82.04/79.56/80.78)
NEW BEST MODEL: 	Epoch: 44	Dev loss: 2.3001	Dev acc: 76.31	Dev fscore(p/r/f): (82.04/79.56/80.78)
Training: 	Epoch: 45	Time: 13.9741	Training Loss: 0.1150	Sep Loss: 0.0000	Tag Loss: 0.0000
Evaluation: 	Epoch: 45	Time: 0.3278	Dev acc: 72.96	Dev fscore(p/r/f): (81.28/75.60/78.34)
Training: 	Epoch: 46	Time: 13.8555	Training Loss: 0.0956	Sep Loss: 0.0000	Tag Loss: 0.0000
Evaluation: 	Epoch: 46	Time: 0.3290	Dev acc: 68.38	Dev fscore(p/r/f): (75.30/71.85/73.53)
Training: 	Epoch: 47	Time: 14.0225	Training Loss: 0.0838	Sep Loss: 0.0000	Tag Loss: 0.0000
Evaluation: 	Epoch: 47	Time: 0.3282	Dev acc: 74.41	Dev fscore(p/r/f): (81.42/77.69/79.51)
Training: 	Epoch: 48	Time: 14.0451	Training Loss: 0.0795	Sep Loss: 0.0000	Tag Loss: 0.0000
Evaluation: 	Epoch: 48	Time: 0.3289	Dev acc: 73.52	Dev fscore(p/r/f): (80.66/76.96/78.76)
Training: 	Epoch: 49	Time: 14.0280	Training Loss: 0.0803	Sep Loss: 0.0000	Tag Loss: 0.0000
Evaluation: 	Epoch: 49	Time: 0.3277	Dev acc: 74.86	Dev fscore(p/r/f): (81.57/78.94/80.23)
Training: 	Epoch: 50	Time: 14.0192	Training Loss: 0.0730	Sep Loss: 0.0000	Tag Loss: 0.0000
Evaluation: 	Epoch: 50	Time: 0.3272	Dev acc: 75.31	Dev fscore(p/r/f): (81.41/79.46/80.42)
Training: 	Epoch: 51	Time: 13.9962	Training Loss: 0.0691	Sep Loss: 0.0000	Tag Loss: 0.0000
Evaluation: 	Epoch: 51	Time: 0.3284	Dev acc: 74.41	Dev fscore(p/r/f): (80.84/78.31/79.56)
Training: 	Epoch: 52	Time: 14.0709	Training Loss: 0.0734	Sep Loss: 0.0000	Tag Loss: 0.0000
Evaluation: 	Epoch: 52	Time: 0.3298	Dev acc: 75.20	Dev fscore(p/r/f): (82.00/78.83/80.38)
Training: 	Epoch: 53	Time: 13.9002	Training Loss: 0.0735	Sep Loss: 0.0000	Tag Loss: 0.0000
Evaluation: 	Epoch: 53	Time: 0.3318	Dev acc: 75.08	Dev fscore(p/r/f): (81.94/78.52/80.19)
Training: 	Epoch: 54	Time: 13.9803	Training Loss: 0.0639	Sep Loss: 0.0000	Tag Loss: 0.0000
Evaluation: 	Epoch: 54	Time: 0.3336	Dev acc: 73.74	Dev fscore(p/r/f): (80.26/77.58/78.90)
Training: 	Epoch: 55	Time: 13.7558	Training Loss: 0.0573	Sep Loss: 0.0000	Tag Loss: 0.0000
Evaluation: 	Epoch: 55	Time: 0.3279	Dev acc: 75.08	Dev fscore(p/r/f): (81.27/78.73/79.98)
Training: 	Epoch: 56	Time: 14.1884	Training Loss: 0.0610	Sep Loss: 0.0000	Tag Loss: 0.0000
Evaluation: 	Epoch: 56	Time: 0.3281	Dev acc: 74.64	Dev fscore(p/r/f): (82.02/78.00/79.96)
Training: 	Epoch: 57	Time: 13.9409	Training Loss: 0.0643	Sep Loss: 0.0000	Tag Loss: 0.0000
Evaluation: 	Epoch: 57	Time: 0.3288	Dev acc: 72.29	Dev fscore(p/r/f): (80.00/76.33/78.12)
Training: 	Epoch: 58	Time: 13.9518	Training Loss: 0.1026	Sep Loss: 0.0000	Tag Loss: 0.0000
Evaluation: 	Epoch: 58	Time: 0.3283	Dev acc: 73.85	Dev fscore(p/r/f): (82.66/76.54/79.48)
Training: 	Epoch: 59	Time: 14.0865	Training Loss: 0.0714	Sep Loss: 0.0000	Tag Loss: 0.0000
Evaluation: 	Epoch: 59	Time: 0.3284	Dev acc: 73.63	Dev fscore(p/r/f): (82.64/76.43/79.41)
Training: 	Epoch: 60	Time: 13.8543	Training Loss: 0.0632	Sep Loss: 0.0000	Tag Loss: 0.0000
Evaluation: 	Epoch: 60	Time: 0.3261	Dev acc: 74.64	Dev fscore(p/r/f): (82.04/78.10/80.02)
Training: 	Epoch: 61	Time: 14.0639	Training Loss: 0.0662	Sep Loss: 0.0000	Tag Loss: 0.0000
Evaluation: 	Epoch: 61	Time: 0.3274	Dev acc: 73.74	Dev fscore(p/r/f): (82.49/76.64/79.46)
Training: 	Epoch: 62	Time: 14.1524	Training Loss: 0.0538	Sep Loss: 0.0000	Tag Loss: 0.0000
Evaluation: 	Epoch: 62	Time: 0.3278	Dev acc: 75.20	Dev fscore(p/r/f): (82.16/77.79/79.91)
Training: 	Epoch: 63	Time: 13.9542	Training Loss: 0.0487	Sep Loss: 0.0000	Tag Loss: 0.0000
Evaluation: 	Epoch: 63	Time: 0.3269	Dev acc: 75.75	Dev fscore(p/r/f): (83.50/79.14/81.26)
Training: 	Epoch: 64	Time: 14.0729	Training Loss: 0.0543	Sep Loss: 0.0000	Tag Loss: 0.0000
Evaluation: 	Epoch: 64	Time: 0.3259	Dev acc: 75.75	Dev fscore(p/r/f): (82.08/78.83/80.43)
Training: 	Epoch: 65	Time: 13.8275	Training Loss: 0.0574	Sep Loss: 0.0000	Tag Loss: 0.0000
Evaluation: 	Epoch: 65	Time: 0.3270	Dev acc: 74.53	Dev fscore(p/r/f): (82.48/77.58/79.96)
Training: 	Epoch: 66	Time: 13.9881	Training Loss: 0.0490	Sep Loss: 0.0000	Tag Loss: 0.0000
Evaluation: 	Epoch: 66	Time: 0.3261	Dev acc: 73.85	Dev fscore(p/r/f): (82.18/77.89/79.98)
Training: 	Epoch: 67	Time: 14.0639	Training Loss: 0.0477	Sep Loss: 0.0000	Tag Loss: 0.0000
Evaluation: 	Epoch: 67	Time: 0.3517	Dev acc: 73.74	Dev fscore(p/r/f): (83.64/76.23/79.76)
Training: 	Epoch: 68	Time: 14.1291	Training Loss: 0.0504	Sep Loss: 0.0000	Tag Loss: 0.0000
Evaluation: 	Epoch: 68	Time: 0.3271	Dev acc: 74.64	Dev fscore(p/r/f): (82.48/78.52/80.45)
Training: 	Epoch: 69	Time: 13.9950	Training Loss: 0.0435	Sep Loss: 0.0000	Tag Loss: 0.0000
Evaluation: 	Epoch: 69	Time: 0.3274	Dev acc: 76.20	Dev fscore(p/r/f): (82.72/79.87/81.27)
Training: 	Epoch: 70	Time: 14.0936	Training Loss: 0.0436	Sep Loss: 0.0000	Tag Loss: 0.0000
Evaluation: 	Epoch: 70	Time: 0.3266	Dev acc: 75.98	Dev fscore(p/r/f): (82.99/79.35/81.13)
Training: 	Epoch: 71	Time: 13.9273	Training Loss: 0.0486	Sep Loss: 0.0000	Tag Loss: 0.0000
Evaluation: 	Epoch: 71	Time: 0.3279	Dev acc: 74.08	Dev fscore(p/r/f): (81.35/77.79/79.53)
Training: 	Epoch: 72	Time: 13.9673	Training Loss: 0.0483	Sep Loss: 0.0000	Tag Loss: 0.0000
Evaluation: 	Epoch: 72	Time: 0.3304	Dev acc: 74.64	Dev fscore(p/r/f): (82.23/77.69/79.89)
Training: 	Epoch: 73	Time: 14.0398	Training Loss: 0.0522	Sep Loss: 0.0000	Tag Loss: 0.0000
Evaluation: 	Epoch: 73	Time: 0.3279	Dev acc: 74.53	Dev fscore(p/r/f): (81.93/77.06/79.42)
Training: 	Epoch: 74	Time: 14.0816	Training Loss: 0.0577	Sep Loss: 0.0000	Tag Loss: 0.0000
Evaluation: 	Epoch: 74	Time: 0.3258	Dev acc: 76.31	Dev fscore(p/r/f): (82.63/79.87/81.23)
Training: 	Epoch: 75	Time: 14.1514	Training Loss: 0.0606	Sep Loss: 0.0000	Tag Loss: 0.0000
Evaluation: 	Epoch: 75	Time: 0.3279	Dev acc: 74.64	Dev fscore(p/r/f): (80.72/77.69/79.17)
Training: 	Epoch: 76	Time: 14.0413	Training Loss: 0.0524	Sep Loss: 0.0000	Tag Loss: 0.0000
Evaluation: 	Epoch: 76	Time: 0.3302	Dev acc: 72.18	Dev fscore(p/r/f): (83.35/75.18/79.06)
Training: 	Epoch: 77	Time: 14.1402	Training Loss: 0.0417	Sep Loss: 0.0000	Tag Loss: 0.0000
Evaluation: 	Epoch: 77	Time: 0.3326	Dev acc: 75.42	Dev fscore(p/r/f): (83.65/77.89/80.67)
Training: 	Epoch: 78	Time: 14.1914	Training Loss: 0.0386	Sep Loss: 0.0000	Tag Loss: 0.0000
Evaluation: 	Epoch: 78	Time: 0.3267	Dev acc: 75.64	Dev fscore(p/r/f): (82.75/79.56/81.13)
Training: 	Epoch: 79	Time: 13.9623	Training Loss: 0.0396	Sep Loss: 0.0000	Tag Loss: 0.0000
Evaluation: 	Epoch: 79	Time: 0.3277	Dev acc: 74.53	Dev fscore(p/r/f): (83.58/76.96/80.13)
Training: 	Epoch: 80	Time: 13.8613	Training Loss: 0.0579	Sep Loss: 0.0000	Tag Loss: 0.0000
Evaluation: 	Epoch: 80	Time: 0.3271	Dev acc: 74.53	Dev fscore(p/r/f): (82.44/78.31/80.32)
Training: 	Epoch: 81	Time: 14.0933	Training Loss: 0.0476	Sep Loss: 0.0000	Tag Loss: 0.0000
Evaluation: 	Epoch: 81	Time: 0.3294	Dev acc: 74.75	Dev fscore(p/r/f): (83.52/78.21/80.78)
Training: 	Epoch: 82	Time: 13.9597	Training Loss: 0.0429	Sep Loss: 0.0000	Tag Loss: 0.0000
Evaluation: 	Epoch: 82	Time: 0.3270	Dev acc: 75.42	Dev fscore(p/r/f): (81.81/79.25/80.51)
Training: 	Epoch: 83	Time: 13.7436	Training Loss: 0.0353	Sep Loss: 0.0000	Tag Loss: 0.0000
Evaluation: 	Epoch: 83	Time: 0.3288	Dev acc: 74.64	Dev fscore(p/r/f): (81.73/77.89/79.77)
Training: 	Epoch: 84	Time: 14.1670	Training Loss: 0.0417	Sep Loss: 0.0000	Tag Loss: 0.0000
Evaluation: 	Epoch: 84	Time: 0.3270	Dev acc: 74.64	Dev fscore(p/r/f): (82.56/78.00/80.21)
Training: 	Epoch: 85	Time: 13.8461	Training Loss: 0.0448	Sep Loss: 0.0000	Tag Loss: 0.0000
Evaluation: 	Epoch: 85	Time: 0.3253	Dev acc: 73.07	Dev fscore(p/r/f): (83.07/76.23/79.50)
Training: 	Epoch: 86	Time: 14.3875	Training Loss: 0.0406	Sep Loss: 0.0000	Tag Loss: 0.0000
Evaluation: 	Epoch: 86	Time: 0.3256	Dev acc: 75.20	Dev fscore(p/r/f): (81.08/79.56/80.32)
Training: 	Epoch: 87	Time: 14.1053	Training Loss: 0.0356	Sep Loss: 0.0000	Tag Loss: 0.0000
Evaluation: 	Epoch: 87	Time: 0.3273	Dev acc: 75.64	Dev fscore(p/r/f): (83.87/78.62/81.16)
Training: 	Epoch: 88	Time: 14.2357	Training Loss: 0.0319	Sep Loss: 0.0000	Tag Loss: 0.0000
Evaluation: 	Epoch: 88	Time: 0.3258	Dev acc: 73.74	Dev fscore(p/r/f): (81.40/76.64/78.95)
Training: 	Epoch: 89	Time: 14.0473	Training Loss: 0.0317	Sep Loss: 0.0000	Tag Loss: 0.0000
Evaluation: 	Epoch: 89	Time: 0.3271	Dev acc: 75.20	Dev fscore(p/r/f): (83.18/77.89/80.45)
Training: 	Epoch: 90	Time: 13.9612	Training Loss: 0.0437	Sep Loss: 0.0000	Tag Loss: 0.0000
Evaluation: 	Epoch: 90	Time: 0.3272	Dev acc: 74.86	Dev fscore(p/r/f): (82.02/78.00/79.96)
Training: 	Epoch: 91	Time: 13.8484	Training Loss: 0.0370	Sep Loss: 0.0000	Tag Loss: 0.0000
Evaluation: 	Epoch: 91	Time: 0.3282	Dev acc: 75.42	Dev fscore(p/r/f): (81.75/78.00/79.83)
Training: 	Epoch: 92	Time: 13.9829	Training Loss: 0.0342	Sep Loss: 0.0000	Tag Loss: 0.0000
Evaluation: 	Epoch: 92	Time: 0.3284	Dev acc: 75.64	Dev fscore(p/r/f): (82.51/78.73/80.58)
Training: 	Epoch: 93	Time: 14.0424	Training Loss: 0.0371	Sep Loss: 0.0000	Tag Loss: 0.0000
Evaluation: 	Epoch: 93	Time: 0.3288	Dev acc: 75.64	Dev fscore(p/r/f): (81.53/79.14/80.32)
Training: 	Epoch: 94	Time: 13.9417	Training Loss: 0.0527	Sep Loss: 0.0000	Tag Loss: 0.0000
Evaluation: 	Epoch: 94	Time: 0.3280	Dev acc: 74.86	Dev fscore(p/r/f): (81.01/78.73/79.85)
Training: 	Epoch: 95	Time: 14.0705	Training Loss: 0.0318	Sep Loss: 0.0000	Tag Loss: 0.0000
Evaluation: 	Epoch: 95	Time: 0.3263	Dev acc: 74.64	Dev fscore(p/r/f): (82.09/77.89/79.94)
Training: 	Epoch: 96	Time: 14.2113	Training Loss: 0.0378	Sep Loss: 0.0000	Tag Loss: 0.0000
Evaluation: 	Epoch: 96	Time: 0.3365	Dev acc: 75.08	Dev fscore(p/r/f): (82.07/77.79/79.87)
Training: 	Epoch: 97	Time: 14.0674	Training Loss: 0.0273	Sep Loss: 0.0000	Tag Loss: 0.0000
Evaluation: 	Epoch: 97	Time: 0.3291	Dev acc: 74.75	Dev fscore(p/r/f): (81.52/78.21/79.83)
Training: 	Epoch: 98	Time: 14.1007	Training Loss: 0.0289	Sep Loss: 0.0000	Tag Loss: 0.0000
Evaluation: 	Epoch: 98	Time: 0.3290	Dev acc: 75.08	Dev fscore(p/r/f): (82.07/77.79/79.87)
Training: 	Epoch: 99	Time: 13.8281	Training Loss: 0.0378	Sep Loss: 0.0000	Tag Loss: 0.0000
Evaluation: 	Epoch: 99	Time: 0.3308	Dev acc: 75.98	Dev fscore(p/r/f): (81.14/80.29/80.71)
FINAL BEST RESULT: 	Epoch: 44	Dev loss: 2.3001	Dev acc: 76.3128	Dev fscore(p/r/f): (82.0430/79.5620/80.7835)
