Use pretrained model: hfl/chinese-bert-wwm-ext
Dataset size: train -> 5119
Load dataset and database finished, cost 5.3418s ...
Dataset size: dev -> 895
Total training steps: 3200
Start training ......
Training: 	Epoch: 0	Time: 5.9013	Training Loss: 3.2266	Sep Loss: 0.0000	Tag Loss: 0.0000
Evaluation: 	Epoch: 0	Time: 0.3574	Dev acc: 40.89	Dev fscore(p/r/f): (30.90/24.71/27.46)
NEW BEST MODEL: 	Epoch: 0	Dev loss: 2.1957	Dev acc: 40.89	Dev fscore(p/r/f): (30.90/24.71/27.46)
Training: 	Epoch: 1	Time: 4.9475	Training Loss: 1.8271	Sep Loss: 0.0000	Tag Loss: 0.0000
Evaluation: 	Epoch: 1	Time: 0.3543	Dev acc: 62.91	Dev fscore(p/r/f): (60.16/54.01/56.92)
NEW BEST MODEL: 	Epoch: 1	Dev loss: 1.5595	Dev acc: 62.91	Dev fscore(p/r/f): (60.16/54.01/56.92)
Training: 	Epoch: 2	Time: 4.7790	Training Loss: 1.3207	Sep Loss: 0.0000	Tag Loss: 0.0000
Evaluation: 	Epoch: 2	Time: 0.3583	Dev acc: 63.24	Dev fscore(p/r/f): (67.62/59.23/63.15)
NEW BEST MODEL: 	Epoch: 2	Dev loss: 1.3654	Dev acc: 63.24	Dev fscore(p/r/f): (67.62/59.23/63.15)
Training: 	Epoch: 3	Time: 5.0194	Training Loss: 1.0772	Sep Loss: 0.0000	Tag Loss: 0.0000
Evaluation: 	Epoch: 3	Time: 0.3531	Dev acc: 68.94	Dev fscore(p/r/f): (69.44/65.17/67.24)
NEW BEST MODEL: 	Epoch: 3	Dev loss: 1.3473	Dev acc: 68.94	Dev fscore(p/r/f): (69.44/65.17/67.24)
Training: 	Epoch: 4	Time: 4.9273	Training Loss: 0.8760	Sep Loss: 0.0000	Tag Loss: 0.0000
Evaluation: 	Epoch: 4	Time: 0.3423	Dev acc: 67.71	Dev fscore(p/r/f): (65.75/64.86/65.30)
NEW BEST MODEL: 	Epoch: 4	Dev loss: 1.2394	Dev acc: 67.71	Dev fscore(p/r/f): (65.75/64.86/65.30)
Training: 	Epoch: 5	Time: 5.0079	Training Loss: 0.6818	Sep Loss: 0.0000	Tag Loss: 0.0000
Evaluation: 	Epoch: 5	Time: 0.3327	Dev acc: 72.74	Dev fscore(p/r/f): (76.79/74.87/75.82)
NEW BEST MODEL: 	Epoch: 5	Dev loss: 1.2844	Dev acc: 72.74	Dev fscore(p/r/f): (76.79/74.87/75.82)
Training: 	Epoch: 6	Time: 5.0324	Training Loss: 0.4852	Sep Loss: 0.0000	Tag Loss: 0.0000
Evaluation: 	Epoch: 6	Time: 0.3377	Dev acc: 74.97	Dev fscore(p/r/f): (81.22/77.58/79.36)
NEW BEST MODEL: 	Epoch: 6	Dev loss: 1.1932	Dev acc: 74.97	Dev fscore(p/r/f): (81.22/77.58/79.36)
Training: 	Epoch: 7	Time: 5.1355	Training Loss: 0.4388	Sep Loss: 0.0000	Tag Loss: 0.0000
Evaluation: 	Epoch: 7	Time: 0.3335	Dev acc: 74.75	Dev fscore(p/r/f): (82.24/77.27/79.68)
NEW BEST MODEL: 	Epoch: 7	Dev loss: 1.3084	Dev acc: 74.75	Dev fscore(p/r/f): (82.24/77.27/79.68)
Training: 	Epoch: 8	Time: 4.9504	Training Loss: 0.3716	Sep Loss: 0.0000	Tag Loss: 0.0000
Evaluation: 	Epoch: 8	Time: 0.3373	Dev acc: 74.86	Dev fscore(p/r/f): (82.00/77.89/79.89)
NEW BEST MODEL: 	Epoch: 8	Dev loss: 1.2399	Dev acc: 74.86	Dev fscore(p/r/f): (82.00/77.89/79.89)
Training: 	Epoch: 9	Time: 4.9295	Training Loss: 0.3415	Sep Loss: 0.0000	Tag Loss: 0.0000
Evaluation: 	Epoch: 9	Time: 0.3353	Dev acc: 74.75	Dev fscore(p/r/f): (84.09/77.16/80.48)
NEW BEST MODEL: 	Epoch: 9	Dev loss: 1.3620	Dev acc: 74.75	Dev fscore(p/r/f): (84.09/77.16/80.48)
Training: 	Epoch: 10	Time: 5.0590	Training Loss: 0.3495	Sep Loss: 0.0000	Tag Loss: 0.0000
Evaluation: 	Epoch: 10	Time: 0.3397	Dev acc: 74.53	Dev fscore(p/r/f): (81.71/77.79/79.70)
NEW BEST MODEL: 	Epoch: 10	Dev loss: 1.1961	Dev acc: 74.53	Dev fscore(p/r/f): (81.71/77.79/79.70)
Training: 	Epoch: 11	Time: 4.9323	Training Loss: 0.2633	Sep Loss: 0.0000	Tag Loss: 0.0000
Evaluation: 	Epoch: 11	Time: 0.3443	Dev acc: 76.31	Dev fscore(p/r/f): (81.56/79.35/80.44)
NEW BEST MODEL: 	Epoch: 11	Dev loss: 1.3673	Dev acc: 76.31	Dev fscore(p/r/f): (81.56/79.35/80.44)
Training: 	Epoch: 12	Time: 4.9722	Training Loss: 0.2373	Sep Loss: 0.0000	Tag Loss: 0.0000
Evaluation: 	Epoch: 12	Time: 0.3426	Dev acc: 75.64	Dev fscore(p/r/f): (83.91/78.31/81.01)
NEW BEST MODEL: 	Epoch: 12	Dev loss: 1.3767	Dev acc: 75.64	Dev fscore(p/r/f): (83.91/78.31/81.01)
Training: 	Epoch: 13	Time: 4.8966	Training Loss: 0.2064	Sep Loss: 0.0000	Tag Loss: 0.0000
Evaluation: 	Epoch: 13	Time: 0.3421	Dev acc: 75.08	Dev fscore(p/r/f): (82.14/77.69/79.85)
NEW BEST MODEL: 	Epoch: 13	Dev loss: 1.5265	Dev acc: 75.08	Dev fscore(p/r/f): (82.14/77.69/79.85)
Training: 	Epoch: 14	Time: 4.8149	Training Loss: 0.1912	Sep Loss: 0.0000	Tag Loss: 0.0000
Evaluation: 	Epoch: 14	Time: 0.4103	Dev acc: 75.64	Dev fscore(p/r/f): (81.12/78.42/79.75)
NEW BEST MODEL: 	Epoch: 14	Dev loss: 1.5412	Dev acc: 75.64	Dev fscore(p/r/f): (81.12/78.42/79.75)
Training: 	Epoch: 15	Time: 4.9064	Training Loss: 0.1743	Sep Loss: 0.0000	Tag Loss: 0.0000
Evaluation: 	Epoch: 15	Time: 0.3378	Dev acc: 77.77	Dev fscore(p/r/f): (83.26/80.40/81.80)
NEW BEST MODEL: 	Epoch: 15	Dev loss: 1.6105	Dev acc: 77.77	Dev fscore(p/r/f): (83.26/80.40/81.80)
Training: 	Epoch: 16	Time: 4.9232	Training Loss: 0.1674	Sep Loss: 0.0000	Tag Loss: 0.0000
Evaluation: 	Epoch: 16	Time: 0.3418	Dev acc: 76.54	Dev fscore(p/r/f): (84.17/78.73/81.36)
NEW BEST MODEL: 	Epoch: 16	Dev loss: 1.4685	Dev acc: 76.54	Dev fscore(p/r/f): (84.17/78.73/81.36)
Training: 	Epoch: 17	Time: 5.0607	Training Loss: 0.1600	Sep Loss: 0.0000	Tag Loss: 0.0000
Evaluation: 	Epoch: 17	Time: 0.3401	Dev acc: 74.75	Dev fscore(p/r/f): (82.15/78.21/80.13)
NEW BEST MODEL: 	Epoch: 17	Dev loss: 1.4895	Dev acc: 74.75	Dev fscore(p/r/f): (82.15/78.21/80.13)
Training: 	Epoch: 18	Time: 4.9630	Training Loss: 0.1774	Sep Loss: 0.0000	Tag Loss: 0.0000
Evaluation: 	Epoch: 18	Time: 0.3384	Dev acc: 75.64	Dev fscore(p/r/f): (83.17/78.31/80.67)
NEW BEST MODEL: 	Epoch: 18	Dev loss: 1.4805	Dev acc: 75.64	Dev fscore(p/r/f): (83.17/78.31/80.67)
Training: 	Epoch: 19	Time: 4.9255	Training Loss: 0.1722	Sep Loss: 0.0000	Tag Loss: 0.0000
Evaluation: 	Epoch: 19	Time: 0.3461	Dev acc: 75.08	Dev fscore(p/r/f): (84.51/77.37/80.78)
NEW BEST MODEL: 	Epoch: 19	Dev loss: 1.5581	Dev acc: 75.08	Dev fscore(p/r/f): (84.51/77.37/80.78)
Training: 	Epoch: 20	Time: 5.0071	Training Loss: 0.1692	Sep Loss: 0.0000	Tag Loss: 0.0000
Evaluation: 	Epoch: 20	Time: 0.3390	Dev acc: 74.08	Dev fscore(p/r/f): (83.79/76.54/80.00)
NEW BEST MODEL: 	Epoch: 20	Dev loss: 1.3520	Dev acc: 74.08	Dev fscore(p/r/f): (83.79/76.54/80.00)
Training: 	Epoch: 21	Time: 5.0221	Training Loss: 0.1413	Sep Loss: 0.0000	Tag Loss: 0.0000
Evaluation: 	Epoch: 21	Time: 0.3366	Dev acc: 75.42	Dev fscore(p/r/f): (82.96/77.69/80.24)
NEW BEST MODEL: 	Epoch: 21	Dev loss: 1.7552	Dev acc: 75.42	Dev fscore(p/r/f): (82.96/77.69/80.24)
Training: 	Epoch: 22	Time: 4.8779	Training Loss: 0.1333	Sep Loss: 0.0000	Tag Loss: 0.0000
Evaluation: 	Epoch: 22	Time: 0.3402	Dev acc: 77.21	Dev fscore(p/r/f): (83.32/79.67/81.45)
NEW BEST MODEL: 	Epoch: 22	Dev loss: 1.6943	Dev acc: 77.21	Dev fscore(p/r/f): (83.32/79.67/81.45)
Training: 	Epoch: 23	Time: 4.8594	Training Loss: 0.1289	Sep Loss: 0.0000	Tag Loss: 0.0000
Evaluation: 	Epoch: 23	Time: 0.3373	Dev acc: 76.87	Dev fscore(p/r/f): (83.61/79.25/81.37)
NEW BEST MODEL: 	Epoch: 23	Dev loss: 1.6490	Dev acc: 76.87	Dev fscore(p/r/f): (83.61/79.25/81.37)
Training: 	Epoch: 24	Time: 4.8866	Training Loss: 0.1119	Sep Loss: 0.0000	Tag Loss: 0.0000
Evaluation: 	Epoch: 24	Time: 0.3349	Dev acc: 77.09	Dev fscore(p/r/f): (84.25/79.77/81.95)
NEW BEST MODEL: 	Epoch: 24	Dev loss: 1.8233	Dev acc: 77.09	Dev fscore(p/r/f): (84.25/79.77/81.95)
Training: 	Epoch: 25	Time: 4.9002	Training Loss: 0.1042	Sep Loss: 0.0000	Tag Loss: 0.0000
Evaluation: 	Epoch: 25	Time: 0.3393	Dev acc: 76.31	Dev fscore(p/r/f): (84.66/78.83/81.64)
NEW BEST MODEL: 	Epoch: 25	Dev loss: 1.9114	Dev acc: 76.31	Dev fscore(p/r/f): (84.66/78.83/81.64)
Training: 	Epoch: 26	Time: 4.8402	Training Loss: 0.1062	Sep Loss: 0.0000	Tag Loss: 0.0000
Evaluation: 	Epoch: 26	Time: 0.3425	Dev acc: 77.43	Dev fscore(p/r/f): (84.08/79.87/81.93)
NEW BEST MODEL: 	Epoch: 26	Dev loss: 2.0741	Dev acc: 77.43	Dev fscore(p/r/f): (84.08/79.87/81.93)
Training: 	Epoch: 27	Time: 5.0102	Training Loss: 0.1084	Sep Loss: 0.0000	Tag Loss: 0.0000
Evaluation: 	Epoch: 27	Time: 0.3380	Dev acc: 76.31	Dev fscore(p/r/f): (84.91/78.62/81.65)
NEW BEST MODEL: 	Epoch: 27	Dev loss: 1.7210	Dev acc: 76.31	Dev fscore(p/r/f): (84.91/78.62/81.65)
Training: 	Epoch: 28	Time: 4.8487	Training Loss: 0.1141	Sep Loss: 0.0000	Tag Loss: 0.0000
Evaluation: 	Epoch: 28	Time: 0.3473	Dev acc: 75.75	Dev fscore(p/r/f): (84.14/78.00/80.95)
NEW BEST MODEL: 	Epoch: 28	Dev loss: 1.6506	Dev acc: 75.75	Dev fscore(p/r/f): (84.14/78.00/80.95)
Training: 	Epoch: 29	Time: 5.2144	Training Loss: 0.1117	Sep Loss: 0.0000	Tag Loss: 0.0000
Evaluation: 	Epoch: 29	Time: 0.3498	Dev acc: 75.75	Dev fscore(p/r/f): (83.48/78.52/80.92)
NEW BEST MODEL: 	Epoch: 29	Dev loss: 1.7585	Dev acc: 75.75	Dev fscore(p/r/f): (83.48/78.52/80.92)
Training: 	Epoch: 30	Time: 4.7558	Training Loss: 0.0924	Sep Loss: 0.0000	Tag Loss: 0.0000
Evaluation: 	Epoch: 30	Time: 0.3360	Dev acc: 76.09	Dev fscore(p/r/f): (84.13/79.04/81.51)
NEW BEST MODEL: 	Epoch: 30	Dev loss: 1.9662	Dev acc: 76.09	Dev fscore(p/r/f): (84.13/79.04/81.51)
Training: 	Epoch: 31	Time: 4.9514	Training Loss: 0.0875	Sep Loss: 0.0000	Tag Loss: 0.0000
Evaluation: 	Epoch: 31	Time: 0.3385	Dev acc: 77.21	Dev fscore(p/r/f): (83.05/80.19/81.59)
NEW BEST MODEL: 	Epoch: 31	Dev loss: 2.0415	Dev acc: 77.21	Dev fscore(p/r/f): (83.05/80.19/81.59)
Training: 	Epoch: 32	Time: 4.8845	Training Loss: 0.0885	Sep Loss: 0.0000	Tag Loss: 0.0000
Evaluation: 	Epoch: 32	Time: 0.3410	Dev acc: 76.54	Dev fscore(p/r/f): (82.92/79.98/81.42)
NEW BEST MODEL: 	Epoch: 32	Dev loss: 2.0164	Dev acc: 76.54	Dev fscore(p/r/f): (82.92/79.98/81.42)
Training: 	Epoch: 33	Time: 4.9186	Training Loss: 0.0761	Sep Loss: 0.0000	Tag Loss: 0.0000
Evaluation: 	Epoch: 33	Time: 0.3945	Dev acc: 76.54	Dev fscore(p/r/f): (83.15/79.77/81.43)
NEW BEST MODEL: 	Epoch: 33	Dev loss: 2.1631	Dev acc: 76.54	Dev fscore(p/r/f): (83.15/79.77/81.43)
Training: 	Epoch: 34	Time: 5.0269	Training Loss: 0.0900	Sep Loss: 0.0000	Tag Loss: 0.0000
Evaluation: 	Epoch: 34	Time: 0.3428	Dev acc: 76.09	Dev fscore(p/r/f): (84.41/79.04/81.64)
NEW BEST MODEL: 	Epoch: 34	Dev loss: 1.7212	Dev acc: 76.09	Dev fscore(p/r/f): (84.41/79.04/81.64)
Training: 	Epoch: 35	Time: 4.8664	Training Loss: 0.0970	Sep Loss: 0.0000	Tag Loss: 0.0000
Evaluation: 	Epoch: 35	Time: 0.3393	Dev acc: 75.53	Dev fscore(p/r/f): (82.64/78.42/80.47)
NEW BEST MODEL: 	Epoch: 35	Dev loss: 2.1355	Dev acc: 75.53	Dev fscore(p/r/f): (82.64/78.42/80.47)
Training: 	Epoch: 36	Time: 5.0783	Training Loss: 0.1281	Sep Loss: 0.0000	Tag Loss: 0.0000
Evaluation: 	Epoch: 36	Time: 0.3683	Dev acc: 76.20	Dev fscore(p/r/f): (83.76/78.52/81.05)
NEW BEST MODEL: 	Epoch: 36	Dev loss: 1.9565	Dev acc: 76.20	Dev fscore(p/r/f): (83.76/78.52/81.05)
Training: 	Epoch: 37	Time: 4.9933	Training Loss: 0.1112	Sep Loss: 0.0000	Tag Loss: 0.0000
Evaluation: 	Epoch: 37	Time: 0.3497	Dev acc: 77.21	Dev fscore(p/r/f): (83.79/79.77/81.73)
NEW BEST MODEL: 	Epoch: 37	Dev loss: 2.0044	Dev acc: 77.21	Dev fscore(p/r/f): (83.79/79.77/81.73)
Training: 	Epoch: 38	Time: 5.0256	Training Loss: 0.0829	Sep Loss: 0.0000	Tag Loss: 0.0000
Evaluation: 	Epoch: 38	Time: 0.3421	Dev acc: 76.98	Dev fscore(p/r/f): (83.53/79.35/81.39)
NEW BEST MODEL: 	Epoch: 38	Dev loss: 2.2261	Dev acc: 76.98	Dev fscore(p/r/f): (83.53/79.35/81.39)
Training: 	Epoch: 39	Time: 5.0509	Training Loss: 0.0877	Sep Loss: 0.0000	Tag Loss: 0.0000
Evaluation: 	Epoch: 39	Time: 0.3394	Dev acc: 77.21	Dev fscore(p/r/f): (84.25/80.29/82.22)
NEW BEST MODEL: 	Epoch: 39	Dev loss: 2.0468	Dev acc: 77.21	Dev fscore(p/r/f): (84.25/80.29/82.22)
Training: 	Epoch: 40	Time: 5.0726	Training Loss: 0.0791	Sep Loss: 0.0000	Tag Loss: 0.0000
Evaluation: 	Epoch: 40	Time: 0.3401	Dev acc: 76.54	Dev fscore(p/r/f): (84.40/79.56/81.91)
NEW BEST MODEL: 	Epoch: 40	Dev loss: 1.9817	Dev acc: 76.54	Dev fscore(p/r/f): (84.40/79.56/81.91)
Training: 	Epoch: 41	Time: 4.8991	Training Loss: 0.0761	Sep Loss: 0.0000	Tag Loss: 0.0000
Evaluation: 	Epoch: 41	Time: 0.3353	Dev acc: 76.42	Dev fscore(p/r/f): (84.22/79.04/81.55)
NEW BEST MODEL: 	Epoch: 41	Dev loss: 2.1557	Dev acc: 76.42	Dev fscore(p/r/f): (84.22/79.04/81.55)
Training: 	Epoch: 42	Time: 4.9340	Training Loss: 0.0756	Sep Loss: 0.0000	Tag Loss: 0.0000
Evaluation: 	Epoch: 42	Time: 0.3354	Dev acc: 76.20	Dev fscore(p/r/f): (83.70/78.73/81.14)
NEW BEST MODEL: 	Epoch: 42	Dev loss: 2.0303	Dev acc: 76.20	Dev fscore(p/r/f): (83.70/78.73/81.14)
Training: 	Epoch: 43	Time: 4.8429	Training Loss: 0.0666	Sep Loss: 0.0000	Tag Loss: 0.0000
Evaluation: 	Epoch: 43	Time: 0.3404	Dev acc: 76.65	Dev fscore(p/r/f): (84.39/79.46/81.85)
NEW BEST MODEL: 	Epoch: 43	Dev loss: 2.2896	Dev acc: 76.65	Dev fscore(p/r/f): (84.39/79.46/81.85)
Training: 	Epoch: 44	Time: 4.9686	Training Loss: 0.1524	Sep Loss: 0.0000	Tag Loss: 0.0000
Evaluation: 	Epoch: 44	Time: 0.3358	Dev acc: 76.98	Dev fscore(p/r/f): (83.57/80.08/81.79)
NEW BEST MODEL: 	Epoch: 44	Dev loss: 2.1777	Dev acc: 76.98	Dev fscore(p/r/f): (83.57/80.08/81.79)
Training: 	Epoch: 45	Time: 5.0477	Training Loss: 0.1178	Sep Loss: 0.0000	Tag Loss: 0.0000
Evaluation: 	Epoch: 45	Time: 0.3401	Dev acc: 76.76	Dev fscore(p/r/f): (82.52/79.77/81.12)
NEW BEST MODEL: 	Epoch: 45	Dev loss: 2.2370	Dev acc: 76.76	Dev fscore(p/r/f): (82.52/79.77/81.12)
Training: 	Epoch: 46	Time: 4.9126	Training Loss: 0.0802	Sep Loss: 0.0000	Tag Loss: 0.0000
Evaluation: 	Epoch: 46	Time: 0.3390	Dev acc: 75.98	Dev fscore(p/r/f): (84.25/78.62/81.34)
NEW BEST MODEL: 	Epoch: 46	Dev loss: 1.8445	Dev acc: 75.98	Dev fscore(p/r/f): (84.25/78.62/81.34)
Training: 	Epoch: 47	Time: 4.8720	Training Loss: 0.0849	Sep Loss: 0.0000	Tag Loss: 0.0000
Evaluation: 	Epoch: 47	Time: 0.3398	Dev acc: 76.31	Dev fscore(p/r/f): (83.63/78.83/81.16)
NEW BEST MODEL: 	Epoch: 47	Dev loss: 2.1064	Dev acc: 76.31	Dev fscore(p/r/f): (83.63/78.83/81.16)
Training: 	Epoch: 48	Time: 4.7713	Training Loss: 0.1019	Sep Loss: 0.0000	Tag Loss: 0.0000
Evaluation: 	Epoch: 48	Time: 0.3398	Dev acc: 76.09	Dev fscore(p/r/f): (83.63/78.83/81.16)
NEW BEST MODEL: 	Epoch: 48	Dev loss: 1.7903	Dev acc: 76.09	Dev fscore(p/r/f): (83.63/78.83/81.16)
Training: 	Epoch: 49	Time: 4.8250	Training Loss: 0.1054	Sep Loss: 0.0000	Tag Loss: 0.0000
Evaluation: 	Epoch: 49	Time: 0.3344	Dev acc: 76.20	Dev fscore(p/r/f): (83.43/78.21/80.73)
NEW BEST MODEL: 	Epoch: 49	Dev loss: 2.1295	Dev acc: 76.20	Dev fscore(p/r/f): (83.43/78.21/80.73)
Training: 	Epoch: 50	Time: 4.9645	Training Loss: 0.0715	Sep Loss: 0.0000	Tag Loss: 0.0000
Evaluation: 	Epoch: 50	Time: 0.3414	Dev acc: 76.76	Dev fscore(p/r/f): (83.33/79.25/81.24)
NEW BEST MODEL: 	Epoch: 50	Dev loss: 2.1326	Dev acc: 76.76	Dev fscore(p/r/f): (83.33/79.25/81.24)
Training: 	Epoch: 51	Time: 4.9046	Training Loss: 0.0661	Sep Loss: 0.0000	Tag Loss: 0.0000
Evaluation: 	Epoch: 51	Time: 0.3362	Dev acc: 76.20	Dev fscore(p/r/f): (83.72/78.31/80.93)
NEW BEST MODEL: 	Epoch: 51	Dev loss: 2.2635	Dev acc: 76.20	Dev fscore(p/r/f): (83.72/78.31/80.93)
Training: 	Epoch: 52	Time: 4.8970	Training Loss: 0.0629	Sep Loss: 0.0000	Tag Loss: 0.0000
Evaluation: 	Epoch: 52	Time: 0.3423	Dev acc: 77.21	Dev fscore(p/r/f): (83.15/79.77/81.43)
NEW BEST MODEL: 	Epoch: 52	Dev loss: 2.2022	Dev acc: 77.21	Dev fscore(p/r/f): (83.15/79.77/81.43)
Training: 	Epoch: 53	Time: 4.9592	Training Loss: 0.0604	Sep Loss: 0.0000	Tag Loss: 0.0000
Evaluation: 	Epoch: 53	Time: 0.3388	Dev acc: 77.09	Dev fscore(p/r/f): (83.46/80.50/81.95)
NEW BEST MODEL: 	Epoch: 53	Dev loss: 2.1290	Dev acc: 77.09	Dev fscore(p/r/f): (83.46/80.50/81.95)
Training: 	Epoch: 54	Time: 4.9898	Training Loss: 0.0573	Sep Loss: 0.0000	Tag Loss: 0.0000
Evaluation: 	Epoch: 54	Time: 0.3366	Dev acc: 76.98	Dev fscore(p/r/f): (83.75/80.08/81.88)
NEW BEST MODEL: 	Epoch: 54	Dev loss: 2.2511	Dev acc: 76.98	Dev fscore(p/r/f): (83.75/80.08/81.88)
Training: 	Epoch: 55	Time: 4.9734	Training Loss: 0.0537	Sep Loss: 0.0000	Tag Loss: 0.0000
Evaluation: 	Epoch: 55	Time: 0.3369	Dev acc: 76.42	Dev fscore(p/r/f): (82.36/79.35/80.83)
NEW BEST MODEL: 	Epoch: 55	Dev loss: 2.3850	Dev acc: 76.42	Dev fscore(p/r/f): (82.36/79.35/80.83)
Training: 	Epoch: 56	Time: 4.9695	Training Loss: 0.0484	Sep Loss: 0.0000	Tag Loss: 0.0000
Evaluation: 	Epoch: 56	Time: 0.3354	Dev acc: 75.75	Dev fscore(p/r/f): (83.71/78.21/80.86)
NEW BEST MODEL: 	Epoch: 56	Dev loss: 2.3565	Dev acc: 75.75	Dev fscore(p/r/f): (83.71/78.21/80.86)
Training: 	Epoch: 57	Time: 4.8246	Training Loss: 0.0499	Sep Loss: 0.0000	Tag Loss: 0.0000
Evaluation: 	Epoch: 57	Time: 0.3397	Dev acc: 76.76	Dev fscore(p/r/f): (83.35/79.87/81.58)
NEW BEST MODEL: 	Epoch: 57	Dev loss: 2.3927	Dev acc: 76.76	Dev fscore(p/r/f): (83.35/79.87/81.58)
Training: 	Epoch: 58	Time: 5.0029	Training Loss: 0.0546	Sep Loss: 0.0000	Tag Loss: 0.0000
Evaluation: 	Epoch: 58	Time: 0.3417	Dev acc: 76.42	Dev fscore(p/r/f): (84.83/78.73/81.67)
NEW BEST MODEL: 	Epoch: 58	Dev loss: 2.3526	Dev acc: 76.42	Dev fscore(p/r/f): (84.83/78.73/81.67)
Training: 	Epoch: 59	Time: 4.8976	Training Loss: 0.0519	Sep Loss: 0.0000	Tag Loss: 0.0000
Evaluation: 	Epoch: 59	Time: 0.3404	Dev acc: 76.87	Dev fscore(p/r/f): (83.92/79.46/81.63)
NEW BEST MODEL: 	Epoch: 59	Dev loss: 2.4808	Dev acc: 76.87	Dev fscore(p/r/f): (83.92/79.46/81.63)
Training: 	Epoch: 60	Time: 5.0431	Training Loss: 0.0550	Sep Loss: 0.0000	Tag Loss: 0.0000
Evaluation: 	Epoch: 60	Time: 0.3353	Dev acc: 77.09	Dev fscore(p/r/f): (83.83/79.98/81.86)
NEW BEST MODEL: 	Epoch: 60	Dev loss: 2.2462	Dev acc: 77.09	Dev fscore(p/r/f): (83.83/79.98/81.86)
Training: 	Epoch: 61	Time: 4.9253	Training Loss: 0.0584	Sep Loss: 0.0000	Tag Loss: 0.0000
Evaluation: 	Epoch: 61	Time: 0.3353	Dev acc: 76.65	Dev fscore(p/r/f): (84.04/79.04/81.46)
NEW BEST MODEL: 	Epoch: 61	Dev loss: 2.2886	Dev acc: 76.65	Dev fscore(p/r/f): (84.04/79.04/81.46)
Training: 	Epoch: 62	Time: 5.0364	Training Loss: 0.0687	Sep Loss: 0.0000	Tag Loss: 0.0000
Evaluation: 	Epoch: 62	Time: 0.3347	Dev acc: 76.87	Dev fscore(p/r/f): (83.32/80.19/81.72)
NEW BEST MODEL: 	Epoch: 62	Dev loss: 2.4876	Dev acc: 76.87	Dev fscore(p/r/f): (83.32/80.19/81.72)
Training: 	Epoch: 63	Time: 5.0325	Training Loss: 0.0686	Sep Loss: 0.0000	Tag Loss: 0.0000
Evaluation: 	Epoch: 63	Time: 0.3372	Dev acc: 77.21	Dev fscore(p/r/f): (82.41/80.60/81.50)
NEW BEST MODEL: 	Epoch: 63	Dev loss: 2.5257	Dev acc: 77.21	Dev fscore(p/r/f): (82.41/80.60/81.50)
Training: 	Epoch: 64	Time: 5.1199	Training Loss: 0.0638	Sep Loss: 0.0000	Tag Loss: 0.0000
Evaluation: 	Epoch: 64	Time: 0.3638	Dev acc: 77.32	Dev fscore(p/r/f): (82.89/80.81/81.84)
NEW BEST MODEL: 	Epoch: 64	Dev loss: 2.4237	Dev acc: 77.32	Dev fscore(p/r/f): (82.89/80.81/81.84)
Training: 	Epoch: 65	Time: 4.9217	Training Loss: 0.0748	Sep Loss: 0.0000	Tag Loss: 0.0000
Evaluation: 	Epoch: 65	Time: 0.3371	Dev acc: 76.20	Dev fscore(p/r/f): (83.02/79.04/80.98)
NEW BEST MODEL: 	Epoch: 65	Dev loss: 2.4910	Dev acc: 76.20	Dev fscore(p/r/f): (83.02/79.04/80.98)
Training: 	Epoch: 66	Time: 4.9342	Training Loss: 0.0783	Sep Loss: 0.0000	Tag Loss: 0.0000
Evaluation: 	Epoch: 66	Time: 0.3410	Dev acc: 76.42	Dev fscore(p/r/f): (81.84/79.87/80.84)
NEW BEST MODEL: 	Epoch: 66	Dev loss: 2.1350	Dev acc: 76.42	Dev fscore(p/r/f): (81.84/79.87/80.84)
Training: 	Epoch: 67	Time: 4.9472	Training Loss: 0.0821	Sep Loss: 0.0000	Tag Loss: 0.0000
Evaluation: 	Epoch: 67	Time: 0.3368	Dev acc: 75.53	Dev fscore(p/r/f): (82.60/78.73/80.62)
NEW BEST MODEL: 	Epoch: 67	Dev loss: 1.8111	Dev acc: 75.53	Dev fscore(p/r/f): (82.60/78.73/80.62)
Training: 	Epoch: 68	Time: 4.9429	Training Loss: 0.0744	Sep Loss: 0.0000	Tag Loss: 0.0000
Evaluation: 	Epoch: 68	Time: 0.3340	Dev acc: 75.64	Dev fscore(p/r/f): (83.17/78.31/80.67)
NEW BEST MODEL: 	Epoch: 68	Dev loss: 2.1442	Dev acc: 75.64	Dev fscore(p/r/f): (83.17/78.31/80.67)
Training: 	Epoch: 69	Time: 4.9690	Training Loss: 0.0666	Sep Loss: 0.0000	Tag Loss: 0.0000
Evaluation: 	Epoch: 69	Time: 0.3356	Dev acc: 76.31	Dev fscore(p/r/f): (84.53/78.62/81.47)
NEW BEST MODEL: 	Epoch: 69	Dev loss: 2.1463	Dev acc: 76.31	Dev fscore(p/r/f): (84.53/78.62/81.47)
Training: 	Epoch: 70	Time: 5.0142	Training Loss: 0.0644	Sep Loss: 0.0000	Tag Loss: 0.0000
Evaluation: 	Epoch: 70	Time: 0.3345	Dev acc: 75.64	Dev fscore(p/r/f): (84.26/77.58/80.78)
NEW BEST MODEL: 	Epoch: 70	Dev loss: 1.8801	Dev acc: 75.64	Dev fscore(p/r/f): (84.26/77.58/80.78)
Training: 	Epoch: 71	Time: 4.9018	Training Loss: 0.0649	Sep Loss: 0.0000	Tag Loss: 0.0000
Evaluation: 	Epoch: 71	Time: 0.3373	Dev acc: 76.87	Dev fscore(p/r/f): (82.24/79.67/80.93)
NEW BEST MODEL: 	Epoch: 71	Dev loss: 2.3305	Dev acc: 76.87	Dev fscore(p/r/f): (82.24/79.67/80.93)
Training: 	Epoch: 72	Time: 4.9433	Training Loss: 0.0616	Sep Loss: 0.0000	Tag Loss: 0.0000
Evaluation: 	Epoch: 72	Time: 0.3348	Dev acc: 77.21	Dev fscore(p/r/f): (83.55/79.98/81.73)
NEW BEST MODEL: 	Epoch: 72	Dev loss: 2.4068	Dev acc: 77.21	Dev fscore(p/r/f): (83.55/79.98/81.73)
Training: 	Epoch: 73	Time: 5.0663	Training Loss: 0.0500	Sep Loss: 0.0000	Tag Loss: 0.0000
Evaluation: 	Epoch: 73	Time: 0.3331	Dev acc: 77.09	Dev fscore(p/r/f): (83.51/80.29/81.87)
NEW BEST MODEL: 	Epoch: 73	Dev loss: 2.5242	Dev acc: 77.09	Dev fscore(p/r/f): (83.51/80.29/81.87)
Training: 	Epoch: 74	Time: 4.9617	Training Loss: 0.0821	Sep Loss: 0.0000	Tag Loss: 0.0000
Evaluation: 	Epoch: 74	Time: 0.3421	Dev acc: 74.97	Dev fscore(p/r/f): (84.01/77.79/80.78)
NEW BEST MODEL: 	Epoch: 74	Dev loss: 2.2688	Dev acc: 74.97	Dev fscore(p/r/f): (84.01/77.79/80.78)
Training: 	Epoch: 75	Time: 4.9732	Training Loss: 0.0842	Sep Loss: 0.0000	Tag Loss: 0.0000
Evaluation: 	Epoch: 75	Time: 0.3373	Dev acc: 76.76	Dev fscore(p/r/f): (83.17/79.87/81.49)
NEW BEST MODEL: 	Epoch: 75	Dev loss: 2.6336	Dev acc: 76.76	Dev fscore(p/r/f): (83.17/79.87/81.49)
Training: 	Epoch: 76	Time: 4.9980	Training Loss: 0.0918	Sep Loss: 0.0000	Tag Loss: 0.0000
Evaluation: 	Epoch: 76	Time: 0.3406	Dev acc: 75.64	Dev fscore(p/r/f): (82.49/78.62/80.51)
NEW BEST MODEL: 	Epoch: 76	Dev loss: 2.1185	Dev acc: 75.64	Dev fscore(p/r/f): (82.49/78.62/80.51)
Training: 	Epoch: 77	Time: 4.8456	Training Loss: 0.0642	Sep Loss: 0.0000	Tag Loss: 0.0000
Evaluation: 	Epoch: 77	Time: 0.3401	Dev acc: 75.75	Dev fscore(p/r/f): (84.43/78.62/81.43)
NEW BEST MODEL: 	Epoch: 77	Dev loss: 2.3405	Dev acc: 75.75	Dev fscore(p/r/f): (84.43/78.62/81.43)
Training: 	Epoch: 78	Time: 5.1071	Training Loss: 0.0637	Sep Loss: 0.0000	Tag Loss: 0.0000
Evaluation: 	Epoch: 78	Time: 0.3409	Dev acc: 77.09	Dev fscore(p/r/f): (83.64/79.98/81.77)
NEW BEST MODEL: 	Epoch: 78	Dev loss: 2.2943	Dev acc: 77.09	Dev fscore(p/r/f): (83.64/79.98/81.77)
Training: 	Epoch: 79	Time: 5.0812	Training Loss: 0.0725	Sep Loss: 0.0000	Tag Loss: 0.0000
Evaluation: 	Epoch: 79	Time: 0.3395	Dev acc: 77.09	Dev fscore(p/r/f): (83.64/79.98/81.77)
NEW BEST MODEL: 	Epoch: 79	Dev loss: 2.2609	Dev acc: 77.09	Dev fscore(p/r/f): (83.64/79.98/81.77)
Training: 	Epoch: 80	Time: 5.0877	Training Loss: 0.0857	Sep Loss: 0.0000	Tag Loss: 0.0000
Evaluation: 	Epoch: 80	Time: 0.3353	Dev acc: 73.97	Dev fscore(p/r/f): (81.97/77.27/79.55)
NEW BEST MODEL: 	Epoch: 80	Dev loss: 2.0014	Dev acc: 73.97	Dev fscore(p/r/f): (81.97/77.27/79.55)
Training: 	Epoch: 81	Time: 4.9937	Training Loss: 0.1048	Sep Loss: 0.0000	Tag Loss: 0.0000
Evaluation: 	Epoch: 81	Time: 0.3353	Dev acc: 75.31	Dev fscore(p/r/f): (85.08/77.89/81.33)
NEW BEST MODEL: 	Epoch: 81	Dev loss: 2.2272	Dev acc: 75.31	Dev fscore(p/r/f): (85.08/77.89/81.33)
Training: 	Epoch: 82	Time: 4.8314	Training Loss: 0.0739	Sep Loss: 0.0000	Tag Loss: 0.0000
Evaluation: 	Epoch: 82	Time: 0.3412	Dev acc: 74.19	Dev fscore(p/r/f): (83.90/77.16/80.39)
NEW BEST MODEL: 	Epoch: 82	Dev loss: 2.0936	Dev acc: 74.19	Dev fscore(p/r/f): (83.90/77.16/80.39)
Training: 	Epoch: 83	Time: 5.0122	Training Loss: 0.0694	Sep Loss: 0.0000	Tag Loss: 0.0000
Evaluation: 	Epoch: 83	Time: 0.3341	Dev acc: 76.42	Dev fscore(p/r/f): (84.44/79.25/81.76)
NEW BEST MODEL: 	Epoch: 83	Dev loss: 2.4035	Dev acc: 76.42	Dev fscore(p/r/f): (84.44/79.25/81.76)
Training: 	Epoch: 84	Time: 5.0373	Training Loss: 0.0594	Sep Loss: 0.0000	Tag Loss: 0.0000
Evaluation: 	Epoch: 84	Time: 0.3448	Dev acc: 76.54	Dev fscore(p/r/f): (84.26/79.25/81.68)
NEW BEST MODEL: 	Epoch: 84	Dev loss: 2.4727	Dev acc: 76.54	Dev fscore(p/r/f): (84.26/79.25/81.68)
Training: 	Epoch: 85	Time: 4.9321	Training Loss: 0.0522	Sep Loss: 0.0000	Tag Loss: 0.0000
Evaluation: 	Epoch: 85	Time: 0.3370	Dev acc: 76.20	Dev fscore(p/r/f): (84.02/78.94/81.40)
NEW BEST MODEL: 	Epoch: 85	Dev loss: 2.5342	Dev acc: 76.20	Dev fscore(p/r/f): (84.02/78.94/81.40)
Training: 	Epoch: 86	Time: 5.1802	Training Loss: 0.0536	Sep Loss: 0.0000	Tag Loss: 0.0000
Evaluation: 	Epoch: 86	Time: 0.3840	Dev acc: 76.42	Dev fscore(p/r/f): (81.25/79.98/80.61)
NEW BEST MODEL: 	Epoch: 86	Dev loss: 2.7390	Dev acc: 76.42	Dev fscore(p/r/f): (81.25/79.98/80.61)
Training: 	Epoch: 87	Time: 5.0291	Training Loss: 0.0555	Sep Loss: 0.0000	Tag Loss: 0.0000
Evaluation: 	Epoch: 87	Time: 0.3425	Dev acc: 77.43	Dev fscore(p/r/f): (83.08/79.87/81.45)
NEW BEST MODEL: 	Epoch: 87	Dev loss: 2.6457	Dev acc: 77.43	Dev fscore(p/r/f): (83.08/79.87/81.45)
Training: 	Epoch: 88	Time: 5.1449	Training Loss: 0.0568	Sep Loss: 0.0000	Tag Loss: 0.0000
Evaluation: 	Epoch: 88	Time: 0.3400	Dev acc: 76.87	Dev fscore(p/r/f): (84.71/79.14/81.83)
NEW BEST MODEL: 	Epoch: 88	Dev loss: 2.4586	Dev acc: 76.87	Dev fscore(p/r/f): (84.71/79.14/81.83)
Training: 	Epoch: 89	Time: 5.1231	Training Loss: 0.0575	Sep Loss: 0.0000	Tag Loss: 0.0000
Evaluation: 	Epoch: 89	Time: 0.3337	Dev acc: 77.65	Dev fscore(p/r/f): (82.22/81.02/81.62)
NEW BEST MODEL: 	Epoch: 89	Dev loss: 2.5161	Dev acc: 77.65	Dev fscore(p/r/f): (82.22/81.02/81.62)
Training: 	Epoch: 90	Time: 5.1103	Training Loss: 0.0708	Sep Loss: 0.0000	Tag Loss: 0.0000
Evaluation: 	Epoch: 90	Time: 0.3373	Dev acc: 74.75	Dev fscore(p/r/f): (83.94/77.37/80.52)
NEW BEST MODEL: 	Epoch: 90	Dev loss: 1.9199	Dev acc: 74.75	Dev fscore(p/r/f): (83.94/77.37/80.52)
Training: 	Epoch: 91	Time: 5.0179	Training Loss: 0.0958	Sep Loss: 0.0000	Tag Loss: 0.0000
Evaluation: 	Epoch: 91	Time: 0.3402	Dev acc: 71.62	Dev fscore(p/r/f): (85.39/73.72/79.13)
NEW BEST MODEL: 	Epoch: 91	Dev loss: 1.6919	Dev acc: 71.62	Dev fscore(p/r/f): (85.39/73.72/79.13)
Training: 	Epoch: 92	Time: 4.9695	Training Loss: 0.0801	Sep Loss: 0.0000	Tag Loss: 0.0000
Evaluation: 	Epoch: 92	Time: 0.3402	Dev acc: 77.77	Dev fscore(p/r/f): (83.49/81.23/82.35)
NEW BEST MODEL: 	Epoch: 92	Dev loss: 2.7890	Dev acc: 77.77	Dev fscore(p/r/f): (83.49/81.23/82.35)
Training: 	Epoch: 93	Time: 5.0046	Training Loss: 0.0938	Sep Loss: 0.0000	Tag Loss: 0.0000
Evaluation: 	Epoch: 93	Time: 0.3739	Dev acc: 76.76	Dev fscore(p/r/f): (82.88/79.25/81.02)
NEW BEST MODEL: 	Epoch: 93	Dev loss: 2.2510	Dev acc: 76.76	Dev fscore(p/r/f): (82.88/79.25/81.02)
Training: 	Epoch: 94	Time: 4.9511	Training Loss: 0.0666	Sep Loss: 0.0000	Tag Loss: 0.0000
Evaluation: 	Epoch: 94	Time: 0.3530	Dev acc: 76.98	Dev fscore(p/r/f): (84.59/79.56/82.00)
NEW BEST MODEL: 	Epoch: 94	Dev loss: 2.3728	Dev acc: 76.98	Dev fscore(p/r/f): (84.59/79.56/82.00)
Training: 	Epoch: 95	Time: 4.8533	Training Loss: 0.0622	Sep Loss: 0.0000	Tag Loss: 0.0000
Evaluation: 	Epoch: 95	Time: 0.3453	Dev acc: 76.65	Dev fscore(p/r/f): (82.41/79.14/80.74)
NEW BEST MODEL: 	Epoch: 95	Dev loss: 1.9539	Dev acc: 76.65	Dev fscore(p/r/f): (82.41/79.14/80.74)
Training: 	Epoch: 96	Time: 4.9505	Training Loss: 0.0549	Sep Loss: 0.0000	Tag Loss: 0.0000
Evaluation: 	Epoch: 96	Time: 0.3343	Dev acc: 76.87	Dev fscore(p/r/f): (84.24/79.14/81.61)
NEW BEST MODEL: 	Epoch: 96	Dev loss: 2.2797	Dev acc: 76.87	Dev fscore(p/r/f): (84.24/79.14/81.61)
Training: 	Epoch: 97	Time: 5.0358	Training Loss: 0.0596	Sep Loss: 0.0000	Tag Loss: 0.0000
Evaluation: 	Epoch: 97	Time: 0.3364	Dev acc: 77.32	Dev fscore(p/r/f): (84.64/79.87/82.19)
NEW BEST MODEL: 	Epoch: 97	Dev loss: 2.1987	Dev acc: 77.32	Dev fscore(p/r/f): (84.64/79.87/82.19)
Training: 	Epoch: 98	Time: 4.6905	Training Loss: 0.0495	Sep Loss: 0.0000	Tag Loss: 0.0000
Evaluation: 	Epoch: 98	Time: 0.3396	Dev acc: 76.87	Dev fscore(p/r/f): (84.50/79.04/81.68)
NEW BEST MODEL: 	Epoch: 98	Dev loss: 2.3850	Dev acc: 76.87	Dev fscore(p/r/f): (84.50/79.04/81.68)
Training: 	Epoch: 99	Time: 4.9208	Training Loss: 0.0490	Sep Loss: 0.0000	Tag Loss: 0.0000
Evaluation: 	Epoch: 99	Time: 0.3345	Dev acc: 77.43	Dev fscore(p/r/f): (84.23/79.67/81.89)
NEW BEST MODEL: 	Epoch: 99	Dev loss: 2.3695	Dev acc: 77.43	Dev fscore(p/r/f): (84.23/79.67/81.89)
FINAL BEST RESULT: 	Epoch: 15	Dev loss: 1.6105	Dev acc: 77.7654	Dev fscore(p/r/f): (83.2613/80.3962/81.8037)
