Use pretrained model: hfl/chinese-pert-base
Dataset size: train -> 5119
Load dataset and database finished, cost 4.2487s ...
Dataset size: dev -> 895
Total training steps: 3200
Start training ......
Training: 	Epoch: 0	Time: 10.6716	Training Loss: 4.2336	Sep Loss: 0.0000	Tag Loss: 0.0000
Evaluation: 	Epoch: 0	Time: 0.3655	Dev acc: 24.02	Dev fscore(p/r/f): (13.46/7.51/9.64)
NEW BEST MODEL: 	Epoch: 0	Dev loss: 3.5510	Dev acc: 24.02	Dev fscore(p/r/f): (13.46/7.51/9.64)
Training: 	Epoch: 1	Time: 10.1031	Training Loss: 2.1557	Sep Loss: 0.0000	Tag Loss: 0.0000
Evaluation: 	Epoch: 1	Time: 0.3321	Dev acc: 33.74	Dev fscore(p/r/f): (33.11/31.18/32.12)
NEW BEST MODEL: 	Epoch: 1	Dev loss: 2.6405	Dev acc: 33.74	Dev fscore(p/r/f): (33.11/31.18/32.12)
Training: 	Epoch: 2	Time: 9.5858	Training Loss: 1.4051	Sep Loss: 0.0000	Tag Loss: 0.0000
Evaluation: 	Epoch: 2	Time: 0.3564	Dev acc: 42.91	Dev fscore(p/r/f): (42.54/38.37/40.35)
NEW BEST MODEL: 	Epoch: 2	Dev loss: 2.3830	Dev acc: 42.91	Dev fscore(p/r/f): (42.54/38.37/40.35)
Training: 	Epoch: 3	Time: 9.9662	Training Loss: 1.1223	Sep Loss: 0.0000	Tag Loss: 0.0000
Evaluation: 	Epoch: 3	Time: 0.3337	Dev acc: 44.92	Dev fscore(p/r/f): (43.69/40.46/42.01)
NEW BEST MODEL: 	Epoch: 3	Dev loss: 2.4014	Dev acc: 44.92	Dev fscore(p/r/f): (43.69/40.46/42.01)
Training: 	Epoch: 4	Time: 10.0811	Training Loss: 0.9405	Sep Loss: 0.0000	Tag Loss: 0.0000
Evaluation: 	Epoch: 4	Time: 0.3325	Dev acc: 59.11	Dev fscore(p/r/f): (55.35/56.10/55.72)
NEW BEST MODEL: 	Epoch: 4	Dev loss: 2.3625	Dev acc: 59.11	Dev fscore(p/r/f): (55.35/56.10/55.72)
Training: 	Epoch: 5	Time: 9.4353	Training Loss: 0.7307	Sep Loss: 0.0000	Tag Loss: 0.0000
Evaluation: 	Epoch: 5	Time: 0.3332	Dev acc: 61.12	Dev fscore(p/r/f): (49.48/59.33/53.96)
NEW BEST MODEL: 	Epoch: 5	Dev loss: 2.3668	Dev acc: 61.12	Dev fscore(p/r/f): (49.48/59.33/53.96)
Training: 	Epoch: 6	Time: 9.5015	Training Loss: 0.6358	Sep Loss: 0.0000	Tag Loss: 0.0000
Evaluation: 	Epoch: 6	Time: 0.3339	Dev acc: 66.93	Dev fscore(p/r/f): (58.56/64.23/61.26)
NEW BEST MODEL: 	Epoch: 6	Dev loss: 2.3783	Dev acc: 66.93	Dev fscore(p/r/f): (58.56/64.23/61.26)
Training: 	Epoch: 7	Time: 9.7644	Training Loss: 0.5659	Sep Loss: 0.0000	Tag Loss: 0.0000
Evaluation: 	Epoch: 7	Time: 0.4375	Dev acc: 49.72	Dev fscore(p/r/f): (34.21/46.09/39.27)
Training: 	Epoch: 8	Time: 10.2294	Training Loss: 0.5002	Sep Loss: 0.0000	Tag Loss: 0.0000
Evaluation: 	Epoch: 8	Time: 0.3676	Dev acc: 69.05	Dev fscore(p/r/f): (68.35/69.34/68.84)
NEW BEST MODEL: 	Epoch: 8	Dev loss: 2.4042	Dev acc: 69.05	Dev fscore(p/r/f): (68.35/69.34/68.84)
Training: 	Epoch: 9	Time: 9.5212	Training Loss: 0.3688	Sep Loss: 0.0000	Tag Loss: 0.0000
Evaluation: 	Epoch: 9	Time: 0.3343	Dev acc: 72.74	Dev fscore(p/r/f): (73.94/76.02/74.96)
NEW BEST MODEL: 	Epoch: 9	Dev loss: 2.1073	Dev acc: 72.74	Dev fscore(p/r/f): (73.94/76.02/74.96)
Training: 	Epoch: 10	Time: 9.5248	Training Loss: 0.2565	Sep Loss: 0.0000	Tag Loss: 0.0000
Evaluation: 	Epoch: 10	Time: 0.3341	Dev acc: 72.63	Dev fscore(p/r/f): (74.31/76.02/75.15)
Training: 	Epoch: 11	Time: 10.1446	Training Loss: 0.1988	Sep Loss: 0.0000	Tag Loss: 0.0000
Evaluation: 	Epoch: 11	Time: 0.3362	Dev acc: 73.63	Dev fscore(p/r/f): (75.08/76.64/75.85)
NEW BEST MODEL: 	Epoch: 11	Dev loss: 2.3574	Dev acc: 73.63	Dev fscore(p/r/f): (75.08/76.64/75.85)
Training: 	Epoch: 12	Time: 9.4750	Training Loss: 0.1807	Sep Loss: 0.0000	Tag Loss: 0.0000
Evaluation: 	Epoch: 12	Time: 0.3429	Dev acc: 72.74	Dev fscore(p/r/f): (73.53/76.75/75.10)
Training: 	Epoch: 13	Time: 9.8177	Training Loss: 0.1491	Sep Loss: 0.0000	Tag Loss: 0.0000
Evaluation: 	Epoch: 13	Time: 0.3354	Dev acc: 76.09	Dev fscore(p/r/f): (77.70/79.56/78.62)
NEW BEST MODEL: 	Epoch: 13	Dev loss: 2.3926	Dev acc: 76.09	Dev fscore(p/r/f): (77.70/79.56/78.62)
Training: 	Epoch: 14	Time: 9.9121	Training Loss: 0.1281	Sep Loss: 0.0000	Tag Loss: 0.0000
Evaluation: 	Epoch: 14	Time: 0.3357	Dev acc: 75.98	Dev fscore(p/r/f): (77.86/79.56/78.70)
Training: 	Epoch: 15	Time: 9.8425	Training Loss: 0.1125	Sep Loss: 0.0000	Tag Loss: 0.0000
Evaluation: 	Epoch: 15	Time: 0.3357	Dev acc: 75.64	Dev fscore(p/r/f): (77.22/80.60/78.88)
Training: 	Epoch: 16	Time: 9.5239	Training Loss: 0.1127	Sep Loss: 0.0000	Tag Loss: 0.0000
Evaluation: 	Epoch: 16	Time: 0.3330	Dev acc: 76.20	Dev fscore(p/r/f): (78.95/80.19/79.57)
NEW BEST MODEL: 	Epoch: 16	Dev loss: 2.5614	Dev acc: 76.20	Dev fscore(p/r/f): (78.95/80.19/79.57)
Training: 	Epoch: 17	Time: 9.2701	Training Loss: 0.1029	Sep Loss: 0.0000	Tag Loss: 0.0000
Evaluation: 	Epoch: 17	Time: 0.3338	Dev acc: 76.42	Dev fscore(p/r/f): (79.63/80.71/80.17)
NEW BEST MODEL: 	Epoch: 17	Dev loss: 2.4887	Dev acc: 76.42	Dev fscore(p/r/f): (79.63/80.71/80.17)
Training: 	Epoch: 18	Time: 9.3467	Training Loss: 0.1043	Sep Loss: 0.0000	Tag Loss: 0.0000
Evaluation: 	Epoch: 18	Time: 0.3352	Dev acc: 75.87	Dev fscore(p/r/f): (78.11/79.98/79.03)
Training: 	Epoch: 19	Time: 9.7784	Training Loss: 0.0861	Sep Loss: 0.0000	Tag Loss: 0.0000
Evaluation: 	Epoch: 19	Time: 0.3913	Dev acc: 75.75	Dev fscore(p/r/f): (77.25/80.40/78.79)
Training: 	Epoch: 20	Time: 10.2408	Training Loss: 0.0724	Sep Loss: 0.0000	Tag Loss: 0.0000
Evaluation: 	Epoch: 20	Time: 0.3612	Dev acc: 76.65	Dev fscore(p/r/f): (78.02/81.44/79.69)
NEW BEST MODEL: 	Epoch: 20	Dev loss: 2.9392	Dev acc: 76.65	Dev fscore(p/r/f): (78.02/81.44/79.69)
Training: 	Epoch: 21	Time: 9.9688	Training Loss: 0.0671	Sep Loss: 0.0000	Tag Loss: 0.0000
Evaluation: 	Epoch: 21	Time: 0.3366	Dev acc: 76.87	Dev fscore(p/r/f): (79.31/81.54/80.41)
NEW BEST MODEL: 	Epoch: 21	Dev loss: 2.8689	Dev acc: 76.87	Dev fscore(p/r/f): (79.31/81.54/80.41)
Training: 	Epoch: 22	Time: 9.7756	Training Loss: 0.0560	Sep Loss: 0.0000	Tag Loss: 0.0000
Evaluation: 	Epoch: 22	Time: 0.3410	Dev acc: 77.21	Dev fscore(p/r/f): (79.76/81.75/80.74)
NEW BEST MODEL: 	Epoch: 22	Dev loss: 2.8483	Dev acc: 77.21	Dev fscore(p/r/f): (79.76/81.75/80.74)
Training: 	Epoch: 23	Time: 9.7343	Training Loss: 0.0527	Sep Loss: 0.0000	Tag Loss: 0.0000
Evaluation: 	Epoch: 23	Time: 0.3347	Dev acc: 76.65	Dev fscore(p/r/f): (79.25/81.65/80.43)
Training: 	Epoch: 24	Time: 9.8424	Training Loss: 0.0529	Sep Loss: 0.0000	Tag Loss: 0.0000
Evaluation: 	Epoch: 24	Time: 0.3389	Dev acc: 77.21	Dev fscore(p/r/f): (79.72/81.96/80.82)
Training: 	Epoch: 25	Time: 9.9157	Training Loss: 0.0521	Sep Loss: 0.0000	Tag Loss: 0.0000
Evaluation: 	Epoch: 25	Time: 0.3609	Dev acc: 76.76	Dev fscore(p/r/f): (79.15/81.96/80.53)
Training: 	Epoch: 26	Time: 10.1809	Training Loss: 0.0508	Sep Loss: 0.0000	Tag Loss: 0.0000
Evaluation: 	Epoch: 26	Time: 0.3576	Dev acc: 77.09	Dev fscore(p/r/f): (79.43/81.75/80.58)
Training: 	Epoch: 27	Time: 10.0707	Training Loss: 0.0442	Sep Loss: 0.0000	Tag Loss: 0.0000
Evaluation: 	Epoch: 27	Time: 0.3339	Dev acc: 77.21	Dev fscore(p/r/f): (79.21/81.86/80.51)
Training: 	Epoch: 28	Time: 9.9699	Training Loss: 0.0406	Sep Loss: 0.0000	Tag Loss: 0.0000
Evaluation: 	Epoch: 28	Time: 0.3355	Dev acc: 76.54	Dev fscore(p/r/f): (78.74/81.86/80.27)
Training: 	Epoch: 29	Time: 9.7764	Training Loss: 0.0386	Sep Loss: 0.0000	Tag Loss: 0.0000
Evaluation: 	Epoch: 29	Time: 0.3364	Dev acc: 77.99	Dev fscore(p/r/f): (80.20/81.96/81.07)
NEW BEST MODEL: 	Epoch: 29	Dev loss: 2.9812	Dev acc: 77.99	Dev fscore(p/r/f): (80.20/81.96/81.07)
Training: 	Epoch: 30	Time: 9.4342	Training Loss: 0.0368	Sep Loss: 0.0000	Tag Loss: 0.0000
Evaluation: 	Epoch: 30	Time: 0.3324	Dev acc: 77.88	Dev fscore(p/r/f): (80.39/82.48/81.42)
Training: 	Epoch: 31	Time: 10.0942	Training Loss: 0.0493	Sep Loss: 0.0000	Tag Loss: 0.0000
Evaluation: 	Epoch: 31	Time: 0.3354	Dev acc: 77.21	Dev fscore(p/r/f): (79.62/82.27/80.92)
Training: 	Epoch: 32	Time: 9.7996	Training Loss: 0.0491	Sep Loss: 0.0000	Tag Loss: 0.0000
Evaluation: 	Epoch: 32	Time: 0.3569	Dev acc: 76.87	Dev fscore(p/r/f): (79.73/81.23/80.48)
Training: 	Epoch: 33	Time: 9.6788	Training Loss: 0.0570	Sep Loss: 0.0000	Tag Loss: 0.0000
Evaluation: 	Epoch: 33	Time: 0.4028	Dev acc: 76.98	Dev fscore(p/r/f): (78.69/82.38/80.49)
Training: 	Epoch: 34	Time: 10.0398	Training Loss: 0.0466	Sep Loss: 0.0000	Tag Loss: 0.0000
Evaluation: 	Epoch: 34	Time: 0.3595	Dev acc: 76.31	Dev fscore(p/r/f): (78.54/82.06/80.27)
Training: 	Epoch: 35	Time: 10.2022	Training Loss: 0.0391	Sep Loss: 0.0000	Tag Loss: 0.0000
Evaluation: 	Epoch: 35	Time: 0.3340	Dev acc: 76.54	Dev fscore(p/r/f): (78.95/81.75/80.33)
Training: 	Epoch: 36	Time: 9.8485	Training Loss: 0.0458	Sep Loss: 0.0000	Tag Loss: 0.0000
Evaluation: 	Epoch: 36	Time: 0.3931	Dev acc: 76.87	Dev fscore(p/r/f): (79.04/82.59/80.78)
Training: 	Epoch: 37	Time: 10.0808	Training Loss: 0.0289	Sep Loss: 0.0000	Tag Loss: 0.0000
Evaluation: 	Epoch: 37	Time: 0.3381	Dev acc: 77.54	Dev fscore(p/r/f): (79.62/82.69/81.13)
Training: 	Epoch: 38	Time: 9.5099	Training Loss: 0.0263	Sep Loss: 0.0000	Tag Loss: 0.0000
Evaluation: 	Epoch: 38	Time: 0.3389	Dev acc: 77.54	Dev fscore(p/r/f): (80.08/82.59/81.31)
Training: 	Epoch: 39	Time: 10.0323	Training Loss: 0.0293	Sep Loss: 0.0000	Tag Loss: 0.0000
Evaluation: 	Epoch: 39	Time: 0.3378	Dev acc: 77.65	Dev fscore(p/r/f): (79.80/82.38/81.07)
Training: 	Epoch: 40	Time: 10.0465	Training Loss: 0.0273	Sep Loss: 0.0000	Tag Loss: 0.0000
Evaluation: 	Epoch: 40	Time: 0.3397	Dev acc: 77.21	Dev fscore(p/r/f): (80.10/82.27/81.17)
Training: 	Epoch: 41	Time: 9.9766	Training Loss: 0.0434	Sep Loss: 0.0000	Tag Loss: 0.0000
Evaluation: 	Epoch: 41	Time: 0.3341	Dev acc: 76.42	Dev fscore(p/r/f): (78.61/82.38/80.45)
Training: 	Epoch: 42	Time: 9.3005	Training Loss: 0.0398	Sep Loss: 0.0000	Tag Loss: 0.0000
Evaluation: 	Epoch: 42	Time: 0.3793	Dev acc: 76.31	Dev fscore(p/r/f): (78.69/81.23/79.94)
Training: 	Epoch: 43	Time: 9.9586	Training Loss: 0.0433	Sep Loss: 0.0000	Tag Loss: 0.0000
Evaluation: 	Epoch: 43	Time: 0.3777	Dev acc: 76.76	Dev fscore(p/r/f): (78.74/82.27/80.47)
Training: 	Epoch: 44	Time: 9.9815	Training Loss: 0.0288	Sep Loss: 0.0000	Tag Loss: 0.0000
Evaluation: 	Epoch: 44	Time: 0.3612	Dev acc: 77.99	Dev fscore(p/r/f): (80.14/82.48/81.29)
Training: 	Epoch: 45	Time: 10.3894	Training Loss: 0.0234	Sep Loss: 0.0000	Tag Loss: 0.0000
Evaluation: 	Epoch: 45	Time: 0.3350	Dev acc: 76.98	Dev fscore(p/r/f): (79.32/82.38/80.82)
Training: 	Epoch: 46	Time: 9.8450	Training Loss: 0.0219	Sep Loss: 0.0000	Tag Loss: 0.0000
Evaluation: 	Epoch: 46	Time: 0.3340	Dev acc: 77.65	Dev fscore(p/r/f): (80.33/82.17/81.24)
Training: 	Epoch: 47	Time: 9.8802	Training Loss: 0.0212	Sep Loss: 0.0000	Tag Loss: 0.0000
Evaluation: 	Epoch: 47	Time: 0.3345	Dev acc: 77.43	Dev fscore(p/r/f): (79.66/82.48/81.05)
Training: 	Epoch: 48	Time: 9.4530	Training Loss: 0.0189	Sep Loss: 0.0000	Tag Loss: 0.0000
Evaluation: 	Epoch: 48	Time: 0.3370	Dev acc: 77.88	Dev fscore(p/r/f): (80.32/82.59/81.44)
Training: 	Epoch: 49	Time: 9.3704	Training Loss: 0.0180	Sep Loss: 0.0000	Tag Loss: 0.0000
Evaluation: 	Epoch: 49	Time: 0.3353	Dev acc: 76.98	Dev fscore(p/r/f): (79.22/82.69/80.92)
Training: 	Epoch: 50	Time: 9.7679	Training Loss: 0.0229	Sep Loss: 0.0000	Tag Loss: 0.0000
Evaluation: 	Epoch: 50	Time: 0.3368	Dev acc: 77.43	Dev fscore(p/r/f): (79.60/82.17/80.86)
Training: 	Epoch: 51	Time: 10.4444	Training Loss: 0.0287	Sep Loss: 0.0000	Tag Loss: 0.0000
Evaluation: 	Epoch: 51	Time: 0.3792	Dev acc: 77.43	Dev fscore(p/r/f): (79.18/82.06/80.59)
Training: 	Epoch: 52	Time: 9.9985	Training Loss: 0.0278	Sep Loss: 0.0000	Tag Loss: 0.0000
Evaluation: 	Epoch: 52	Time: 0.3365	Dev acc: 77.32	Dev fscore(p/r/f): (79.70/82.69/81.17)
Training: 	Epoch: 53	Time: 9.5274	Training Loss: 0.0349	Sep Loss: 0.0000	Tag Loss: 0.0000
Evaluation: 	Epoch: 53	Time: 0.3334	Dev acc: 78.10	Dev fscore(p/r/f): (80.18/82.27/81.21)
NEW BEST MODEL: 	Epoch: 53	Dev loss: 3.4986	Dev acc: 78.10	Dev fscore(p/r/f): (80.18/82.27/81.21)
Training: 	Epoch: 54	Time: 10.0639	Training Loss: 0.0330	Sep Loss: 0.0000	Tag Loss: 0.0000
Evaluation: 	Epoch: 54	Time: 0.3372	Dev acc: 78.55	Dev fscore(p/r/f): (80.69/82.38/81.53)
NEW BEST MODEL: 	Epoch: 54	Dev loss: 3.1718	Dev acc: 78.55	Dev fscore(p/r/f): (80.69/82.38/81.53)
Training: 	Epoch: 55	Time: 10.2038	Training Loss: 0.0234	Sep Loss: 0.0000	Tag Loss: 0.0000
Evaluation: 	Epoch: 55	Time: 0.3591	Dev acc: 77.09	Dev fscore(p/r/f): (79.54/82.27/80.88)
Training: 	Epoch: 56	Time: 10.4344	Training Loss: 0.0181	Sep Loss: 0.0000	Tag Loss: 0.0000
Evaluation: 	Epoch: 56	Time: 0.3611	Dev acc: 78.32	Dev fscore(p/r/f): (80.82/82.17/81.49)
Training: 	Epoch: 57	Time: 10.0750	Training Loss: 0.0183	Sep Loss: 0.0000	Tag Loss: 0.0000
Evaluation: 	Epoch: 57	Time: 0.3617	Dev acc: 78.32	Dev fscore(p/r/f): (81.79/81.96/81.88)
Training: 	Epoch: 58	Time: 9.8146	Training Loss: 0.0279	Sep Loss: 0.0000	Tag Loss: 0.0000
Evaluation: 	Epoch: 58	Time: 0.3622	Dev acc: 77.77	Dev fscore(p/r/f): (81.10/81.86/81.47)
Training: 	Epoch: 59	Time: 10.2542	Training Loss: 0.0254	Sep Loss: 0.0000	Tag Loss: 0.0000
Evaluation: 	Epoch: 59	Time: 0.3612	Dev acc: 77.88	Dev fscore(p/r/f): (80.59/82.27/81.42)
Training: 	Epoch: 60	Time: 10.2036	Training Loss: 0.0164	Sep Loss: 0.0000	Tag Loss: 0.0000
Evaluation: 	Epoch: 60	Time: 0.3586	Dev acc: 76.98	Dev fscore(p/r/f): (79.46/82.27/80.84)
Training: 	Epoch: 61	Time: 10.0937	Training Loss: 0.0163	Sep Loss: 0.0000	Tag Loss: 0.0000
Evaluation: 	Epoch: 61	Time: 0.3595	Dev acc: 77.43	Dev fscore(p/r/f): (80.22/82.48/81.34)
Training: 	Epoch: 62	Time: 10.1237	Training Loss: 0.0175	Sep Loss: 0.0000	Tag Loss: 0.0000
Evaluation: 	Epoch: 62	Time: 0.3637	Dev acc: 78.21	Dev fscore(p/r/f): (81.19/82.79/81.98)
Training: 	Epoch: 63	Time: 9.9578	Training Loss: 0.0133	Sep Loss: 0.0000	Tag Loss: 0.0000
Evaluation: 	Epoch: 63	Time: 0.3614	Dev acc: 77.77	Dev fscore(p/r/f): (80.34/82.69/81.50)
Training: 	Epoch: 64	Time: 10.1801	Training Loss: 0.0118	Sep Loss: 0.0000	Tag Loss: 0.0000
Evaluation: 	Epoch: 64	Time: 0.3605	Dev acc: 78.10	Dev fscore(p/r/f): (80.90/82.59/81.73)
Training: 	Epoch: 65	Time: 10.0180	Training Loss: 0.0143	Sep Loss: 0.0000	Tag Loss: 0.0000
Evaluation: 	Epoch: 65	Time: 0.3596	Dev acc: 77.77	Dev fscore(p/r/f): (80.04/82.38/81.19)
Training: 	Epoch: 66	Time: 10.3057	Training Loss: 0.0130	Sep Loss: 0.0000	Tag Loss: 0.0000
Evaluation: 	Epoch: 66	Time: 0.3612	Dev acc: 77.43	Dev fscore(p/r/f): (79.66/82.48/81.05)
Training: 	Epoch: 67	Time: 10.0560	Training Loss: 0.0135	Sep Loss: 0.0000	Tag Loss: 0.0000
Evaluation: 	Epoch: 67	Time: 0.3629	Dev acc: 77.88	Dev fscore(p/r/f): (80.71/82.90/81.79)
Training: 	Epoch: 68	Time: 10.2317	Training Loss: 0.0130	Sep Loss: 0.0000	Tag Loss: 0.0000
Evaluation: 	Epoch: 68	Time: 0.3593	Dev acc: 77.77	Dev fscore(p/r/f): (79.90/82.06/80.97)
Training: 	Epoch: 69	Time: 9.9181	Training Loss: 0.0101	Sep Loss: 0.0000	Tag Loss: 0.0000
Evaluation: 	Epoch: 69	Time: 0.3600	Dev acc: 77.77	Dev fscore(p/r/f): (80.39/82.06/81.22)
Training: 	Epoch: 70	Time: 10.0763	Training Loss: 0.0095	Sep Loss: 0.0000	Tag Loss: 0.0000
Evaluation: 	Epoch: 70	Time: 0.3590	Dev acc: 77.88	Dev fscore(p/r/f): (80.12/82.38/81.23)
Training: 	Epoch: 71	Time: 9.8435	Training Loss: 0.0170	Sep Loss: 0.0000	Tag Loss: 0.0000
Evaluation: 	Epoch: 71	Time: 0.3602	Dev acc: 78.55	Dev fscore(p/r/f): (81.05/82.48/81.76)
Training: 	Epoch: 72	Time: 10.0432	Training Loss: 0.0093	Sep Loss: 0.0000	Tag Loss: 0.0000
Evaluation: 	Epoch: 72	Time: 0.3572	Dev acc: 77.99	Dev fscore(p/r/f): (80.92/82.27/81.59)
Training: 	Epoch: 73	Time: 10.4288	Training Loss: 0.0101	Sep Loss: 0.0000	Tag Loss: 0.0000
Evaluation: 	Epoch: 73	Time: 0.3594	Dev acc: 78.10	Dev fscore(p/r/f): (80.76/82.27/81.51)
Training: 	Epoch: 74	Time: 10.0457	Training Loss: 0.0082	Sep Loss: 0.0000	Tag Loss: 0.0000
Evaluation: 	Epoch: 74	Time: 0.3584	Dev acc: 77.99	Dev fscore(p/r/f): (80.74/81.75/81.24)
Training: 	Epoch: 75	Time: 10.4569	Training Loss: 0.0144	Sep Loss: 0.0000	Tag Loss: 0.0000
Evaluation: 	Epoch: 75	Time: 0.3593	Dev acc: 78.10	Dev fscore(p/r/f): (80.57/82.17/81.36)
Training: 	Epoch: 76	Time: 10.1160	Training Loss: 0.0138	Sep Loss: 0.0000	Tag Loss: 0.0000
Evaluation: 	Epoch: 76	Time: 0.3586	Dev acc: 77.09	Dev fscore(p/r/f): (79.14/82.27/80.67)
Training: 	Epoch: 77	Time: 10.0346	Training Loss: 0.0129	Sep Loss: 0.0000	Tag Loss: 0.0000
Evaluation: 	Epoch: 77	Time: 0.3669	Dev acc: 77.99	Dev fscore(p/r/f): (80.31/82.06/81.18)
Training: 	Epoch: 78	Time: 10.4389	Training Loss: 0.0080	Sep Loss: 0.0000	Tag Loss: 0.0000
Evaluation: 	Epoch: 78	Time: 0.3572	Dev acc: 77.88	Dev fscore(p/r/f): (80.59/82.27/81.42)
Training: 	Epoch: 79	Time: 10.2354	Training Loss: 0.0095	Sep Loss: 0.0000	Tag Loss: 0.0000
Evaluation: 	Epoch: 79	Time: 0.3580	Dev acc: 77.88	Dev fscore(p/r/f): (80.88/82.48/81.67)
Training: 	Epoch: 80	Time: 10.1438	Training Loss: 0.0058	Sep Loss: 0.0000	Tag Loss: 0.0000
Evaluation: 	Epoch: 80	Time: 0.3585	Dev acc: 78.44	Dev fscore(p/r/f): (81.46/82.48/81.97)
Training: 	Epoch: 81	Time: 10.1726	Training Loss: 0.0055	Sep Loss: 0.0000	Tag Loss: 0.0000
Evaluation: 	Epoch: 81	Time: 0.3576	Dev acc: 78.10	Dev fscore(p/r/f): (80.59/82.27/81.42)
Training: 	Epoch: 82	Time: 10.2538	Training Loss: 0.0065	Sep Loss: 0.0000	Tag Loss: 0.0000
Evaluation: 	Epoch: 82	Time: 0.3591	Dev acc: 77.54	Dev fscore(p/r/f): (80.18/82.27/81.21)
Training: 	Epoch: 83	Time: 9.8730	Training Loss: 0.0076	Sep Loss: 0.0000	Tag Loss: 0.0000
Evaluation: 	Epoch: 83	Time: 0.3584	Dev acc: 78.55	Dev fscore(p/r/f): (81.29/82.48/81.88)
Training: 	Epoch: 84	Time: 10.2113	Training Loss: 0.0050	Sep Loss: 0.0000	Tag Loss: 0.0000
Evaluation: 	Epoch: 84	Time: 0.3578	Dev acc: 77.77	Dev fscore(p/r/f): (80.49/82.17/81.32)
Training: 	Epoch: 85	Time: 10.1741	Training Loss: 0.0063	Sep Loss: 0.0000	Tag Loss: 0.0000
Evaluation: 	Epoch: 85	Time: 0.3569	Dev acc: 78.10	Dev fscore(p/r/f): (80.84/82.27/81.55)
Training: 	Epoch: 86	Time: 10.3437	Training Loss: 0.0054	Sep Loss: 0.0000	Tag Loss: 0.0000
Evaluation: 	Epoch: 86	Time: 0.3570	Dev acc: 78.10	Dev fscore(p/r/f): (80.86/82.38/81.61)
Training: 	Epoch: 87	Time: 10.2237	Training Loss: 0.0040	Sep Loss: 0.0000	Tag Loss: 0.0000
Evaluation: 	Epoch: 87	Time: 0.3594	Dev acc: 77.99	Dev fscore(p/r/f): (80.71/82.48/81.59)
Training: 	Epoch: 88	Time: 10.0674	Training Loss: 0.0036	Sep Loss: 0.0000	Tag Loss: 0.0000
Evaluation: 	Epoch: 88	Time: 0.3588	Dev acc: 77.99	Dev fscore(p/r/f): (80.63/82.48/81.55)
Training: 	Epoch: 89	Time: 9.9103	Training Loss: 0.0035	Sep Loss: 0.0000	Tag Loss: 0.0000
Evaluation: 	Epoch: 89	Time: 0.3588	Dev acc: 77.54	Dev fscore(p/r/f): (80.33/82.17/81.24)
Training: 	Epoch: 90	Time: 10.1990	Training Loss: 0.0032	Sep Loss: 0.0000	Tag Loss: 0.0000
Evaluation: 	Epoch: 90	Time: 0.3589	Dev acc: 77.77	Dev fscore(p/r/f): (80.45/82.38/81.40)
Training: 	Epoch: 91	Time: 10.3632	Training Loss: 0.0045	Sep Loss: 0.0000	Tag Loss: 0.0000
Evaluation: 	Epoch: 91	Time: 0.3593	Dev acc: 77.32	Dev fscore(p/r/f): (79.68/82.59/81.11)
Training: 	Epoch: 92	Time: 9.9279	Training Loss: 0.0182	Sep Loss: 0.0000	Tag Loss: 0.0000
Evaluation: 	Epoch: 92	Time: 0.3600	Dev acc: 78.66	Dev fscore(p/r/f): (81.50/81.75/81.62)
NEW BEST MODEL: 	Epoch: 92	Dev loss: 3.4668	Dev acc: 78.66	Dev fscore(p/r/f): (81.50/81.75/81.62)
Training: 	Epoch: 93	Time: 9.9836	Training Loss: 0.0520	Sep Loss: 0.0000	Tag Loss: 0.0000
Evaluation: 	Epoch: 93	Time: 0.3333	Dev acc: 78.88	Dev fscore(p/r/f): (81.81/81.13/81.47)
NEW BEST MODEL: 	Epoch: 93	Dev loss: 3.3377	Dev acc: 78.88	Dev fscore(p/r/f): (81.81/81.13/81.47)
Training: 	Epoch: 94	Time: 10.0282	Training Loss: 0.0357	Sep Loss: 0.0000	Tag Loss: 0.0000
Evaluation: 	Epoch: 94	Time: 0.3324	Dev acc: 78.66	Dev fscore(p/r/f): (81.34/82.27/81.80)
Training: 	Epoch: 95	Time: 9.5089	Training Loss: 0.0212	Sep Loss: 0.0000	Tag Loss: 0.0000
Evaluation: 	Epoch: 95	Time: 0.3337	Dev acc: 78.10	Dev fscore(p/r/f): (80.28/82.38/81.32)
Training: 	Epoch: 96	Time: 9.7746	Training Loss: 0.0131	Sep Loss: 0.0000	Tag Loss: 0.0000
Evaluation: 	Epoch: 96	Time: 0.3338	Dev acc: 78.21	Dev fscore(p/r/f): (80.51/82.69/81.58)
Training: 	Epoch: 97	Time: 9.6812	Training Loss: 0.0137	Sep Loss: 0.0000	Tag Loss: 0.0000
Evaluation: 	Epoch: 97	Time: 0.3362	Dev acc: 77.65	Dev fscore(p/r/f): (80.33/81.75/81.03)
Training: 	Epoch: 98	Time: 9.5968	Training Loss: 0.0152	Sep Loss: 0.0000	Tag Loss: 0.0000
Evaluation: 	Epoch: 98	Time: 0.3352	Dev acc: 77.09	Dev fscore(p/r/f): (79.50/82.48/80.96)
Training: 	Epoch: 99	Time: 9.8996	Training Loss: 0.0266	Sep Loss: 0.0000	Tag Loss: 0.0000
Evaluation: 	Epoch: 99	Time: 0.3360	Dev acc: 77.65	Dev fscore(p/r/f): (79.88/81.96/80.91)
FINAL BEST RESULT: 	Epoch: 93	Dev loss: 3.3377	Dev acc: 78.8827	Dev fscore(p/r/f): (81.8086/81.1262/81.4660)
