Use pretrained model: hfl/chinese-pert-base
Dataset size: train -> 15690
Load dataset and database finished, cost 5.8187s ...
Dataset size: dev -> 895
Total training steps: 9900
Start training ......
Training: 	Epoch: 0	Time: 22.7193	Training Loss: 8.0582	Sep Loss: 0.0000	Tag Loss: 0.0000
Evaluation: 	Epoch: 0	Time: 0.3696	Dev acc: 19.11	Dev fscore(p/r/f): (0.00/0.00/0.00)
Training: 	Epoch: 1	Time: 21.9421	Training Loss: 5.9207	Sep Loss: 0.0000	Tag Loss: 0.0000
Evaluation: 	Epoch: 1	Time: 0.3250	Dev acc: 19.11	Dev fscore(p/r/f): (0.00/0.00/0.00)
Training: 	Epoch: 2	Time: 21.6305	Training Loss: 4.2376	Sep Loss: 0.0000	Tag Loss: 0.0000
Evaluation: 	Epoch: 2	Time: 0.3538	Dev acc: 35.31	Dev fscore(p/r/f): (34.95/30.87/32.78)
Training: 	Epoch: 3	Time: 21.0906	Training Loss: 3.2050	Sep Loss: 0.0000	Tag Loss: 0.0000
Evaluation: 	Epoch: 3	Time: 0.3347	Dev acc: 34.41	Dev fscore(p/r/f): (33.91/32.53/33.21)
Training: 	Epoch: 4	Time: 21.8261	Training Loss: 2.6769	Sep Loss: 0.0000	Tag Loss: 0.0000
Evaluation: 	Epoch: 4	Time: 0.3315	Dev acc: 34.53	Dev fscore(p/r/f): (33.62/32.53/33.07)
Training: 	Epoch: 5	Time: 21.7659	Training Loss: 2.3304	Sep Loss: 0.0000	Tag Loss: 0.0000
Evaluation: 	Epoch: 5	Time: 0.3287	Dev acc: 34.08	Dev fscore(p/r/f): (33.51/32.64/33.07)
Training: 	Epoch: 6	Time: 21.5582	Training Loss: 2.0965	Sep Loss: 0.0000	Tag Loss: 0.0000
Evaluation: 	Epoch: 6	Time: 0.3298	Dev acc: 35.42	Dev fscore(p/r/f): (34.25/32.53/33.37)
Training: 	Epoch: 7	Time: 21.5272	Training Loss: 1.8705	Sep Loss: 0.0000	Tag Loss: 0.0000
Evaluation: 	Epoch: 7	Time: 0.3316	Dev acc: 35.42	Dev fscore(p/r/f): (34.29/34.83/34.56)
Training: 	Epoch: 8	Time: 21.7620	Training Loss: 1.6662	Sep Loss: 0.0000	Tag Loss: 0.0000
Evaluation: 	Epoch: 8	Time: 0.3290	Dev acc: 35.20	Dev fscore(p/r/f): (33.92/34.41/34.16)
Training: 	Epoch: 9	Time: 22.1334	Training Loss: 1.5335	Sep Loss: 0.0000	Tag Loss: 0.0000
Evaluation: 	Epoch: 9	Time: 0.3316	Dev acc: 36.09	Dev fscore(p/r/f): (34.51/34.62/34.57)
Training: 	Epoch: 10	Time: 22.1652	Training Loss: 1.4115	Sep Loss: 0.0000	Tag Loss: 0.0000
Evaluation: 	Epoch: 10	Time: 0.3330	Dev acc: 34.53	Dev fscore(p/r/f): (33.63/34.93/34.27)
Training: 	Epoch: 11	Time: 21.8813	Training Loss: 1.3287	Sep Loss: 0.0000	Tag Loss: 0.0000
Evaluation: 	Epoch: 11	Time: 0.3293	Dev acc: 35.20	Dev fscore(p/r/f): (34.01/35.04/34.51)
Training: 	Epoch: 12	Time: 21.8029	Training Loss: 1.2413	Sep Loss: 0.0000	Tag Loss: 0.0000
Evaluation: 	Epoch: 12	Time: 0.3299	Dev acc: 43.02	Dev fscore(p/r/f): (42.15/42.02/42.09)
Training: 	Epoch: 13	Time: 21.7449	Training Loss: 1.1850	Sep Loss: 0.0000	Tag Loss: 0.0000
Evaluation: 	Epoch: 13	Time: 0.3297	Dev acc: 65.47	Dev fscore(p/r/f): (66.87/68.82/67.83)
Training: 	Epoch: 14	Time: 21.6251	Training Loss: 1.0982	Sep Loss: 0.0000	Tag Loss: 0.0000
Evaluation: 	Epoch: 14	Time: 0.3329	Dev acc: 66.59	Dev fscore(p/r/f): (68.15/70.07/69.10)
Training: 	Epoch: 15	Time: 21.5003	Training Loss: 1.0286	Sep Loss: 0.0000	Tag Loss: 0.0000
Evaluation: 	Epoch: 15	Time: 0.3306	Dev acc: 66.59	Dev fscore(p/r/f): (67.97/70.59/69.26)
Training: 	Epoch: 16	Time: 21.7745	Training Loss: 0.9607	Sep Loss: 0.0000	Tag Loss: 0.0000
Evaluation: 	Epoch: 16	Time: 0.3321	Dev acc: 66.82	Dev fscore(p/r/f): (68.25/70.59/69.40)
Training: 	Epoch: 17	Time: 21.5114	Training Loss: 0.9153	Sep Loss: 0.0000	Tag Loss: 0.0000
Evaluation: 	Epoch: 17	Time: 0.3337	Dev acc: 66.03	Dev fscore(p/r/f): (67.67/70.49/69.05)
Training: 	Epoch: 18	Time: 21.9971	Training Loss: 0.8616	Sep Loss: 0.0000	Tag Loss: 0.0000
Evaluation: 	Epoch: 18	Time: 0.3286	Dev acc: 67.37	Dev fscore(p/r/f): (68.94/71.74/70.31)
Training: 	Epoch: 19	Time: 21.7890	Training Loss: 0.8309	Sep Loss: 0.0000	Tag Loss: 0.0000
Evaluation: 	Epoch: 19	Time: 0.3317	Dev acc: 70.50	Dev fscore(p/r/f): (71.77/74.24/72.99)
Training: 	Epoch: 20	Time: 21.9358	Training Loss: 0.7791	Sep Loss: 0.0000	Tag Loss: 0.0000
Evaluation: 	Epoch: 20	Time: 0.3283	Dev acc: 67.49	Dev fscore(p/r/f): (68.93/71.95/70.41)
Training: 	Epoch: 21	Time: 21.0353	Training Loss: 0.7464	Sep Loss: 0.0000	Tag Loss: 0.0000
Evaluation: 	Epoch: 21	Time: 0.3309	Dev acc: 71.28	Dev fscore(p/r/f): (72.71/75.29/73.98)
Training: 	Epoch: 22	Time: 20.9828	Training Loss: 0.7208	Sep Loss: 0.0000	Tag Loss: 0.0000
Evaluation: 	Epoch: 22	Time: 0.3320	Dev acc: 71.17	Dev fscore(p/r/f): (72.53/75.70/74.08)
Training: 	Epoch: 23	Time: 21.6764	Training Loss: 0.6828	Sep Loss: 0.0000	Tag Loss: 0.0000
Evaluation: 	Epoch: 23	Time: 0.3331	Dev acc: 70.73	Dev fscore(p/r/f): (72.11/75.50/73.76)
Training: 	Epoch: 24	Time: 21.3400	Training Loss: 0.6568	Sep Loss: 0.0000	Tag Loss: 0.0000
Evaluation: 	Epoch: 24	Time: 0.3329	Dev acc: 71.17	Dev fscore(p/r/f): (72.57/75.60/74.06)
Training: 	Epoch: 25	Time: 21.6388	Training Loss: 0.6291	Sep Loss: 0.0000	Tag Loss: 0.0000
Evaluation: 	Epoch: 25	Time: 0.3312	Dev acc: 71.62	Dev fscore(p/r/f): (73.25/75.39/74.31)
Training: 	Epoch: 26	Time: 21.1466	Training Loss: 0.6155	Sep Loss: 0.0000	Tag Loss: 0.0000
Evaluation: 	Epoch: 26	Time: 0.3339	Dev acc: 73.52	Dev fscore(p/r/f): (74.37/76.54/75.44)
Training: 	Epoch: 27	Time: 22.0520	Training Loss: 0.6096	Sep Loss: 0.0000	Tag Loss: 0.0000
Evaluation: 	Epoch: 27	Time: 0.3363	Dev acc: 72.96	Dev fscore(p/r/f): (74.04/76.12/75.06)
Training: 	Epoch: 28	Time: 22.0246	Training Loss: 0.5518	Sep Loss: 0.0000	Tag Loss: 0.0000
Evaluation: 	Epoch: 28	Time: 0.3302	Dev acc: 72.85	Dev fscore(p/r/f): (74.07/76.54/75.28)
Training: 	Epoch: 29	Time: 21.7651	Training Loss: 0.5285	Sep Loss: 0.0000	Tag Loss: 0.0000
Evaluation: 	Epoch: 29	Time: 0.3303	Dev acc: 72.18	Dev fscore(p/r/f): (73.46/75.91/74.67)
Training: 	Epoch: 30	Time: 21.7664	Training Loss: 0.5092	Sep Loss: 0.0000	Tag Loss: 0.0000
Evaluation: 	Epoch: 30	Time: 0.3278	Dev acc: 72.18	Dev fscore(p/r/f): (73.37/76.12/74.72)
Training: 	Epoch: 31	Time: 21.3121	Training Loss: 0.5020	Sep Loss: 0.0000	Tag Loss: 0.0000
Evaluation: 	Epoch: 31	Time: 0.3326	Dev acc: 71.96	Dev fscore(p/r/f): (73.71/75.70/74.69)
Training: 	Epoch: 32	Time: 21.6718	Training Loss: 0.4800	Sep Loss: 0.0000	Tag Loss: 0.0000
Evaluation: 	Epoch: 32	Time: 0.3313	Dev acc: 72.85	Dev fscore(p/r/f): (73.74/76.43/75.06)
Training: 	Epoch: 33	Time: 21.5257	Training Loss: 0.4528	Sep Loss: 0.0000	Tag Loss: 0.0000
Evaluation: 	Epoch: 33	Time: 0.3306	Dev acc: 72.96	Dev fscore(p/r/f): (74.14/76.54/75.32)
Training: 	Epoch: 34	Time: 21.4325	Training Loss: 0.4351	Sep Loss: 0.0000	Tag Loss: 0.0000
Evaluation: 	Epoch: 34	Time: 0.3306	Dev acc: 72.51	Dev fscore(p/r/f): (73.60/76.75/75.14)
Training: 	Epoch: 35	Time: 21.2083	Training Loss: 0.4221	Sep Loss: 0.0000	Tag Loss: 0.0000
Evaluation: 	Epoch: 35	Time: 0.3287	Dev acc: 74.53	Dev fscore(p/r/f): (75.23/78.21/76.69)
Training: 	Epoch: 36	Time: 21.6674	Training Loss: 0.4049	Sep Loss: 0.0000	Tag Loss: 0.0000
Evaluation: 	Epoch: 36	Time: 0.3313	Dev acc: 72.85	Dev fscore(p/r/f): (74.07/76.85/75.44)
Training: 	Epoch: 37	Time: 21.3863	Training Loss: 0.3939	Sep Loss: 0.0000	Tag Loss: 0.0000
Evaluation: 	Epoch: 37	Time: 0.3348	Dev acc: 74.97	Dev fscore(p/r/f): (75.28/78.42/76.81)
Training: 	Epoch: 38	Time: 21.8210	Training Loss: 0.3796	Sep Loss: 0.0000	Tag Loss: 0.0000
Evaluation: 	Epoch: 38	Time: 0.3341	Dev acc: 74.19	Dev fscore(p/r/f): (75.15/77.89/76.50)
Training: 	Epoch: 39	Time: 22.2778	Training Loss: 0.3679	Sep Loss: 0.0000	Tag Loss: 0.0000
Evaluation: 	Epoch: 39	Time: 0.3320	Dev acc: 74.86	Dev fscore(p/r/f): (75.98/78.83/77.38)
Training: 	Epoch: 40	Time: 21.2557	Training Loss: 0.3587	Sep Loss: 0.0000	Tag Loss: 0.0000
Evaluation: 	Epoch: 40	Time: 0.3345	Dev acc: 74.64	Dev fscore(p/r/f): (75.76/78.21/76.96)
Training: 	Epoch: 41	Time: 21.1022	Training Loss: 0.3383	Sep Loss: 0.0000	Tag Loss: 0.0000
Evaluation: 	Epoch: 41	Time: 0.3333	Dev acc: 74.64	Dev fscore(p/r/f): (75.99/78.21/77.08)
Training: 	Epoch: 42	Time: 21.0948	Training Loss: 0.3310	Sep Loss: 0.0000	Tag Loss: 0.0000
Evaluation: 	Epoch: 42	Time: 0.3316	Dev acc: 74.53	Dev fscore(p/r/f): (75.62/78.94/77.24)
Training: 	Epoch: 43	Time: 21.8025	Training Loss: 0.3169	Sep Loss: 0.0000	Tag Loss: 0.0000
Evaluation: 	Epoch: 43	Time: 0.3292	Dev acc: 74.64	Dev fscore(p/r/f): (76.16/78.62/77.37)
Training: 	Epoch: 44	Time: 21.3362	Training Loss: 0.3078	Sep Loss: 0.0000	Tag Loss: 0.0000
Evaluation: 	Epoch: 44	Time: 0.3315	Dev acc: 75.08	Dev fscore(p/r/f): (76.44/79.14/77.77)
Training: 	Epoch: 45	Time: 21.7542	Training Loss: 0.3005	Sep Loss: 0.0000	Tag Loss: 0.0000
Evaluation: 	Epoch: 45	Time: 0.3314	Dev acc: 76.09	Dev fscore(p/r/f): (77.69/79.87/78.77)
Training: 	Epoch: 46	Time: 21.7183	Training Loss: 0.2924	Sep Loss: 0.0000	Tag Loss: 0.0000
Evaluation: 	Epoch: 46	Time: 0.3337	Dev acc: 74.41	Dev fscore(p/r/f): (75.91/78.52/77.19)
Training: 	Epoch: 47	Time: 22.0406	Training Loss: 0.2723	Sep Loss: 0.0000	Tag Loss: 0.0000
Evaluation: 	Epoch: 47	Time: 0.3312	Dev acc: 74.97	Dev fscore(p/r/f): (76.90/79.14/78.01)
Training: 	Epoch: 48	Time: 21.8002	Training Loss: 0.2679	Sep Loss: 0.0000	Tag Loss: 0.0000
Evaluation: 	Epoch: 48	Time: 0.3301	Dev acc: 75.08	Dev fscore(p/r/f): (77.53/79.14/78.33)
Training: 	Epoch: 49	Time: 21.7636	Training Loss: 0.2535	Sep Loss: 0.0000	Tag Loss: 0.0000
Evaluation: 	Epoch: 49	Time: 0.3318	Dev acc: 75.20	Dev fscore(p/r/f): (77.13/79.46/78.27)
Training: 	Epoch: 50	Time: 21.5640	Training Loss: 0.2527	Sep Loss: 0.0000	Tag Loss: 0.0000
Evaluation: 	Epoch: 50	Time: 0.3296	Dev acc: 75.08	Dev fscore(p/r/f): (77.35/80.50/78.90)
Training: 	Epoch: 51	Time: 21.8884	Training Loss: 0.2406	Sep Loss: 0.0000	Tag Loss: 0.0000
Evaluation: 	Epoch: 51	Time: 0.3310	Dev acc: 76.31	Dev fscore(p/r/f): (78.12/80.81/79.45)
Training: 	Epoch: 52	Time: 21.5618	Training Loss: 0.2615	Sep Loss: 0.0000	Tag Loss: 0.0000
Evaluation: 	Epoch: 52	Time: 0.3349	Dev acc: 74.97	Dev fscore(p/r/f): (77.34/80.08/78.69)
Training: 	Epoch: 53	Time: 21.2887	Training Loss: 0.2459	Sep Loss: 0.0000	Tag Loss: 0.0000
Evaluation: 	Epoch: 53	Time: 0.3340	Dev acc: 74.86	Dev fscore(p/r/f): (76.72/80.40/78.51)
Training: 	Epoch: 54	Time: 21.1798	Training Loss: 0.2353	Sep Loss: 0.0000	Tag Loss: 0.0000
Evaluation: 	Epoch: 54	Time: 0.3312	Dev acc: 75.53	Dev fscore(p/r/f): (77.53/80.60/79.04)
Training: 	Epoch: 55	Time: 21.3221	Training Loss: 0.2215	Sep Loss: 0.0000	Tag Loss: 0.0000
Evaluation: 	Epoch: 55	Time: 0.3309	Dev acc: 74.75	Dev fscore(p/r/f): (76.19/80.40/78.23)
Training: 	Epoch: 56	Time: 21.4336	Training Loss: 0.2076	Sep Loss: 0.0000	Tag Loss: 0.0000
Evaluation: 	Epoch: 56	Time: 0.3307	Dev acc: 75.20	Dev fscore(p/r/f): (77.42/80.81/79.08)
Training: 	Epoch: 57	Time: 21.5741	Training Loss: 0.2029	Sep Loss: 0.0000	Tag Loss: 0.0000
Evaluation: 	Epoch: 57	Time: 0.3284	Dev acc: 75.20	Dev fscore(p/r/f): (77.68/80.19/78.91)
Training: 	Epoch: 58	Time: 21.6685	Training Loss: 0.1951	Sep Loss: 0.0000	Tag Loss: 0.0000
Evaluation: 	Epoch: 58	Time: 0.3314	Dev acc: 75.75	Dev fscore(p/r/f): (78.14/80.50/79.30)
Training: 	Epoch: 59	Time: 21.9324	Training Loss: 0.1969	Sep Loss: 0.0000	Tag Loss: 0.0000
Evaluation: 	Epoch: 59	Time: 0.3309	Dev acc: 75.20	Dev fscore(p/r/f): (77.39/80.29/78.81)
Training: 	Epoch: 60	Time: 22.3055	Training Loss: 0.1809	Sep Loss: 0.0000	Tag Loss: 0.0000
Evaluation: 	Epoch: 60	Time: 0.3283	Dev acc: 75.53	Dev fscore(p/r/f): (77.45/80.92/79.14)
Training: 	Epoch: 61	Time: 21.5226	Training Loss: 0.1758	Sep Loss: 0.0000	Tag Loss: 0.0000
Evaluation: 	Epoch: 61	Time: 0.3306	Dev acc: 74.97	Dev fscore(p/r/f): (77.08/80.29/78.65)
Training: 	Epoch: 62	Time: 21.7159	Training Loss: 0.1664	Sep Loss: 0.0000	Tag Loss: 0.0000
Evaluation: 	Epoch: 62	Time: 0.3318	Dev acc: 75.75	Dev fscore(p/r/f): (78.02/80.71/79.34)
Training: 	Epoch: 63	Time: 21.8551	Training Loss: 0.1598	Sep Loss: 0.0000	Tag Loss: 0.0000
Evaluation: 	Epoch: 63	Time: 0.3307	Dev acc: 75.31	Dev fscore(p/r/f): (77.08/81.02/79.00)
Training: 	Epoch: 64	Time: 22.0919	Training Loss: 0.1571	Sep Loss: 0.0000	Tag Loss: 0.0000
Evaluation: 	Epoch: 64	Time: 0.3329	Dev acc: 76.09	Dev fscore(p/r/f): (77.99/80.92/79.43)
Training: 	Epoch: 65	Time: 21.8290	Training Loss: 0.1503	Sep Loss: 0.0000	Tag Loss: 0.0000
Evaluation: 	Epoch: 65	Time: 0.3302	Dev acc: 75.64	Dev fscore(p/r/f): (78.20/80.81/79.49)
Training: 	Epoch: 66	Time: 21.9492	Training Loss: 0.1414	Sep Loss: 0.0000	Tag Loss: 0.0000
Evaluation: 	Epoch: 66	Time: 0.3289	Dev acc: 75.87	Dev fscore(p/r/f): (78.16/81.33/79.71)
Training: 	Epoch: 67	Time: 21.7394	Training Loss: 0.1413	Sep Loss: 0.0000	Tag Loss: 0.0000
Evaluation: 	Epoch: 67	Time: 0.3311	Dev acc: 74.64	Dev fscore(p/r/f): (76.42/80.08/78.21)
Training: 	Epoch: 68	Time: 21.5666	Training Loss: 0.1393	Sep Loss: 0.0000	Tag Loss: 0.0000
Evaluation: 	Epoch: 68	Time: 0.3300	Dev acc: 75.42	Dev fscore(p/r/f): (78.07/80.92/79.47)
Training: 	Epoch: 69	Time: 22.2447	Training Loss: 0.1460	Sep Loss: 0.0000	Tag Loss: 0.0000
Evaluation: 	Epoch: 69	Time: 0.3313	Dev acc: 75.31	Dev fscore(p/r/f): (77.35/80.50/78.90)
Training: 	Epoch: 70	Time: 22.0090	Training Loss: 0.1273	Sep Loss: 0.0000	Tag Loss: 0.0000
Evaluation: 	Epoch: 70	Time: 0.3348	Dev acc: 75.75	Dev fscore(p/r/f): (78.26/81.44/79.82)
Training: 	Epoch: 71	Time: 21.5233	Training Loss: 0.1242	Sep Loss: 0.0000	Tag Loss: 0.0000
Evaluation: 	Epoch: 71	Time: 0.3323	Dev acc: 75.87	Dev fscore(p/r/f): (78.08/81.33/79.67)
Training: 	Epoch: 72	Time: 21.4918	Training Loss: 0.1276	Sep Loss: 0.0000	Tag Loss: 0.0000
Evaluation: 	Epoch: 72	Time: 0.3287	Dev acc: 75.87	Dev fscore(p/r/f): (77.72/81.13/79.39)
Training: 	Epoch: 73	Time: 22.0344	Training Loss: 0.1368	Sep Loss: 0.0000	Tag Loss: 0.0000
Evaluation: 	Epoch: 73	Time: 0.3308	Dev acc: 76.09	Dev fscore(p/r/f): (78.47/81.33/79.88)
Training: 	Epoch: 74	Time: 21.6767	Training Loss: 0.1166	Sep Loss: 0.0000	Tag Loss: 0.0000
Evaluation: 	Epoch: 74	Time: 0.3312	Dev acc: 76.20	Dev fscore(p/r/f): (77.69/81.33/79.47)
Training: 	Epoch: 75	Time: 21.8118	Training Loss: 0.1096	Sep Loss: 0.0000	Tag Loss: 0.0000
Evaluation: 	Epoch: 75	Time: 0.3730	Dev acc: 76.87	Dev fscore(p/r/f): (78.51/81.54/80.00)
Training: 	Epoch: 76	Time: 21.8131	Training Loss: 0.1049	Sep Loss: 0.0000	Tag Loss: 0.0000
Evaluation: 	Epoch: 76	Time: 0.3331	Dev acc: 75.87	Dev fscore(p/r/f): (78.35/81.13/79.71)
Training: 	Epoch: 77	Time: 21.3615	Training Loss: 0.1043	Sep Loss: 0.0000	Tag Loss: 0.0000
Evaluation: 	Epoch: 77	Time: 0.3328	Dev acc: 77.21	Dev fscore(p/r/f): (79.01/81.65/80.31)
Training: 	Epoch: 78	Time: 21.4610	Training Loss: 0.1064	Sep Loss: 0.0000	Tag Loss: 0.0000
Evaluation: 	Epoch: 78	Time: 0.3312	Dev acc: 75.42	Dev fscore(p/r/f): (77.15/80.60/78.84)
Training: 	Epoch: 79	Time: 22.3275	Training Loss: 0.0999	Sep Loss: 0.0000	Tag Loss: 0.0000
Evaluation: 	Epoch: 79	Time: 0.3316	Dev acc: 76.65	Dev fscore(p/r/f): (78.97/81.44/80.18)
Training: 	Epoch: 80	Time: 21.2736	Training Loss: 0.0925	Sep Loss: 0.0000	Tag Loss: 0.0000
Evaluation: 	Epoch: 80	Time: 0.3299	Dev acc: 76.20	Dev fscore(p/r/f): (78.15/80.92/79.51)
Training: 	Epoch: 81	Time: 21.7718	Training Loss: 0.0885	Sep Loss: 0.0000	Tag Loss: 0.0000
Evaluation: 	Epoch: 81	Time: 0.3306	Dev acc: 75.64	Dev fscore(p/r/f): (77.29/80.92/79.06)
Training: 	Epoch: 82	Time: 21.9743	Training Loss: 0.1066	Sep Loss: 0.0000	Tag Loss: 0.0000
Evaluation: 	Epoch: 82	Time: 0.3320	Dev acc: 76.54	Dev fscore(p/r/f): (78.76/81.96/80.33)
Training: 	Epoch: 83	Time: 22.1618	Training Loss: 0.1030	Sep Loss: 0.0000	Tag Loss: 0.0000
Evaluation: 	Epoch: 83	Time: 0.3309	Dev acc: 76.42	Dev fscore(p/r/f): (78.64/81.75/80.16)
Training: 	Epoch: 84	Time: 21.6066	Training Loss: 0.0953	Sep Loss: 0.0000	Tag Loss: 0.0000
Evaluation: 	Epoch: 84	Time: 0.3317	Dev acc: 76.65	Dev fscore(p/r/f): (79.05/81.86/80.43)
Training: 	Epoch: 85	Time: 21.8885	Training Loss: 0.0884	Sep Loss: 0.0000	Tag Loss: 0.0000
Evaluation: 	Epoch: 85	Time: 0.3359	Dev acc: 76.20	Dev fscore(p/r/f): (78.08/82.06/80.02)
Training: 	Epoch: 86	Time: 22.1733	Training Loss: 0.0818	Sep Loss: 0.0000	Tag Loss: 0.0000
Evaluation: 	Epoch: 86	Time: 0.3332	Dev acc: 76.42	Dev fscore(p/r/f): (77.99/81.65/79.78)
Training: 	Epoch: 87	Time: 21.8909	Training Loss: 0.0842	Sep Loss: 0.0000	Tag Loss: 0.0000
Evaluation: 	Epoch: 87	Time: 0.3311	Dev acc: 76.42	Dev fscore(p/r/f): (78.77/81.65/80.18)
Training: 	Epoch: 88	Time: 22.2534	Training Loss: 0.0757	Sep Loss: 0.0000	Tag Loss: 0.0000
Evaluation: 	Epoch: 88	Time: 0.3302	Dev acc: 75.87	Dev fscore(p/r/f): (77.87/80.71/79.26)
Training: 	Epoch: 89	Time: 21.1259	Training Loss: 0.0751	Sep Loss: 0.0000	Tag Loss: 0.0000
Evaluation: 	Epoch: 89	Time: 0.3325	Dev acc: 77.09	Dev fscore(p/r/f): (79.37/81.86/80.60)
Training: 	Epoch: 90	Time: 21.7548	Training Loss: 0.0744	Sep Loss: 0.0000	Tag Loss: 0.0000
Evaluation: 	Epoch: 90	Time: 0.3317	Dev acc: 76.42	Dev fscore(p/r/f): (78.49/81.44/79.94)
Training: 	Epoch: 91	Time: 21.9389	Training Loss: 0.0713	Sep Loss: 0.0000	Tag Loss: 0.0000
Evaluation: 	Epoch: 91	Time: 0.3332	Dev acc: 76.76	Dev fscore(p/r/f): (78.56/81.75/80.12)
Training: 	Epoch: 92	Time: 21.8923	Training Loss: 0.0718	Sep Loss: 0.0000	Tag Loss: 0.0000
Evaluation: 	Epoch: 92	Time: 0.3299	Dev acc: 76.87	Dev fscore(p/r/f): (79.41/82.06/80.72)
Training: 	Epoch: 93	Time: 21.4319	Training Loss: 0.0689	Sep Loss: 0.0000	Tag Loss: 0.0000
Evaluation: 	Epoch: 93	Time: 0.4154	Dev acc: 76.65	Dev fscore(p/r/f): (79.60/82.17/80.86)
Training: 	Epoch: 94	Time: 21.0907	Training Loss: 0.0806	Sep Loss: 0.0000	Tag Loss: 0.0000
Evaluation: 	Epoch: 94	Time: 0.3310	Dev acc: 76.09	Dev fscore(p/r/f): (78.01/82.48/80.18)
Training: 	Epoch: 95	Time: 21.8282	Training Loss: 0.1159	Sep Loss: 0.0000	Tag Loss: 0.0000
Evaluation: 	Epoch: 95	Time: 0.3306	Dev acc: 77.09	Dev fscore(p/r/f): (78.61/81.65/80.10)
Training: 	Epoch: 96	Time: 21.5458	Training Loss: 0.0688	Sep Loss: 0.0000	Tag Loss: 0.0000
Evaluation: 	Epoch: 96	Time: 0.3313	Dev acc: 76.20	Dev fscore(p/r/f): (77.86/81.75/79.76)
Training: 	Epoch: 97	Time: 21.7644	Training Loss: 0.0660	Sep Loss: 0.0000	Tag Loss: 0.0000
Evaluation: 	Epoch: 97	Time: 0.3317	Dev acc: 76.87	Dev fscore(p/r/f): (78.81/82.59/80.65)
Training: 	Epoch: 98	Time: 21.9337	Training Loss: 0.0671	Sep Loss: 0.0000	Tag Loss: 0.0000
Evaluation: 	Epoch: 98	Time: 0.3344	Dev acc: 77.54	Dev fscore(p/r/f): (79.92/82.17/81.03)
Training: 	Epoch: 99	Time: 21.2305	Training Loss: 0.0619	Sep Loss: 0.0000	Tag Loss: 0.0000
Evaluation: 	Epoch: 99	Time: 0.3300	Dev acc: 76.65	Dev fscore(p/r/f): (78.82/81.86/80.31)
