arch-2.chinese-bert-wwm-ext.lr-1e-05.aug-N.mix-N.ASR-N.log: 78.2123
arch-2.chinese-bert-wwm-ext.lr-1e-05.aug-N.mix-N.ASR-Y.log: 78.4358
arch-2.chinese-bert-wwm-ext.lr-1e-05.aug-N.mix-Y.log: 78.4358
arch-2.chinese-bert-wwm-ext.lr-3e-05.aug-N.mix-N.ASR-Y.log: 78.1006
arch-2.chinese-bert-wwm-ext.lr-3e-05.aug-N.mix-Y.log: 78.1006
arch-2.chinese-bert-wwm-ext.lr-5e-05.aug-N.mix-N.ASR-Y.log: 77.7654
arch-2.chinese-bert-wwm-ext.lr-5e-05.aug-N.mix-Y.log: 77.7654
arch-2.chinese-pert-base.lr-1e-05.aug-N.extra1.extra2.mix-N.ASR-Y.log: 76.2011
arch-2.chinese-pert-base.lr-1e-05.aug-N.extra1.extra2.mix-Y.log: 76.2011
arch-2.chinese-pert-base.lr-1e-05.aug-N.mix-N.ASR-N.log: 78.5475
arch-2.chinese-pert-base.lr-1e-05.aug-N.mix-N.ASR-Y.log: 77.5419
arch-2.chinese-pert-base.lr-1e-05.aug-N.mix-Y.log: 77.5419
arch-2.chinese-pert-base.lr-1e-05.aug-Y.mix-Y.log: 33.5196
arch-2.chinese-pert-base.lr-3e-05.aug-N.extra1.extra2.mix-N.ASR-N.log: 77.7654
arch-2.chinese-pert-base.lr-3e-05.aug-N.extra1.extra2.mix-N.ASR-Y.log: 76.3128
arch-2.chinese-pert-base.lr-3e-05.aug-N.extra1.extra2.mix-Y.log: 76.3128
arch-2.chinese-pert-base.lr-3e-05.aug-N.mix-N.ASR-N.log: 78.5475
arch-2.chinese-pert-base.lr-3e-05.aug-N.mix-N.ASR-Y.log: 77.5419
arch-2.chinese-pert-base.lr-3e-05.aug-N.mix-Y.log: 77.5419
arch-2.chinese-pert-base.lr-3e-05.aug-Y.mix-Y.log: 33.5196
arch-2.chinese-pert-base.lr-5e-05.aug-N.extra1.extra2.mix-N.ASR-N.log: 77.9888
arch-2.chinese-pert-base.lr-5e-05.aug-N.extra1.extra2.mix-N.ASR-Y.log: 76.6480
arch-2.chinese-pert-base.lr-5e-05.aug-N.extra1.extra2.mix-Y.log: 76.6480
arch-2.chinese-pert-base.lr-5e-05.aug-N.mix-N.ASR-N.log: 78.8827
arch-2.chinese-pert-base.lr-5e-05.aug-N.mix-N.ASR-Y.log: 77.8771
arch-2.chinese-pert-base.lr-5e-05.aug-N.mix-Y.log: 77.8771
