Use pretrained model: hfl/chinese-lert-base
Dataset size: train -> 15690
Load dataset and database finished, cost 8.4821s ...
Dataset size: dev -> 994
Total training steps: 49100
Start training ......
Training: 	Epoch: 0	Time: 41.3256	Training Loss: 2.0277	Sep Loss: 0.0000	Tag Loss: 0.0000
Evaluation: 	Epoch: 0	Time: 1.6500	Dev acc: 62.58	Dev fscore(p/r/f): (68.02/66.27/67.13)
NEW BEST MODEL: 	Epoch: 0	Dev loss: 0.6630	Dev acc: 62.58	Dev fscore(p/r/f): (68.02/66.27/67.13)
Training: 	Epoch: 1	Time: 40.1222	Training Loss: 0.8891	Sep Loss: 0.0000	Tag Loss: 0.0000
Evaluation: 	Epoch: 1	Time: 1.5110	Dev acc: 73.04	Dev fscore(p/r/f): (75.75/76.93/76.33)
NEW BEST MODEL: 	Epoch: 1	Dev loss: 0.4703	Dev acc: 73.04	Dev fscore(p/r/f): (75.75/76.93/76.33)
Training: 	Epoch: 2	Time: 40.1734	Training Loss: 0.6190	Sep Loss: 0.0000	Tag Loss: 0.0000
Evaluation: 	Epoch: 2	Time: 1.6797	Dev acc: 75.86	Dev fscore(p/r/f): (77.84/79.41/78.62)
NEW BEST MODEL: 	Epoch: 2	Dev loss: 0.4119	Dev acc: 75.86	Dev fscore(p/r/f): (77.84/79.41/78.62)
Training: 	Epoch: 3	Time: 40.2113	Training Loss: 0.4806	Sep Loss: 0.0000	Tag Loss: 0.0000
Evaluation: 	Epoch: 3	Time: 1.6872	Dev acc: 77.97	Dev fscore(p/r/f): (79.98/81.16/80.57)
NEW BEST MODEL: 	Epoch: 3	Dev loss: 0.3755	Dev acc: 77.97	Dev fscore(p/r/f): (79.98/81.16/80.57)
Training: 	Epoch: 4	Time: 39.9978	Training Loss: 0.3917	Sep Loss: 0.0000	Tag Loss: 0.0000
Evaluation: 	Epoch: 4	Time: 1.6901	Dev acc: 79.07	Dev fscore(p/r/f): (81.23/82.35/81.79)
NEW BEST MODEL: 	Epoch: 4	Dev loss: 0.3364	Dev acc: 79.07	Dev fscore(p/r/f): (81.23/82.35/81.79)
Training: 	Epoch: 5	Time: 40.1068	Training Loss: 0.3260	Sep Loss: 0.0000	Tag Loss: 0.0000
Evaluation: 	Epoch: 5	Time: 1.7002	Dev acc: 81.29	Dev fscore(p/r/f): (84.40/83.55/83.97)
NEW BEST MODEL: 	Epoch: 5	Dev loss: 0.3269	Dev acc: 81.29	Dev fscore(p/r/f): (84.40/83.55/83.97)
Training: 	Epoch: 6	Time: 40.1515	Training Loss: 0.2797	Sep Loss: 0.0000	Tag Loss: 0.0000
Evaluation: 	Epoch: 6	Time: 1.6768	Dev acc: 80.18	Dev fscore(p/r/f): (83.13/82.44/82.79)
NEW BEST MODEL: 	Epoch: 6	Dev loss: 0.3156	Dev acc: 80.18	Dev fscore(p/r/f): (83.13/82.44/82.79)
Training: 	Epoch: 7	Time: 40.2697	Training Loss: 0.2395	Sep Loss: 0.0000	Tag Loss: 0.0000
Evaluation: 	Epoch: 7	Time: 1.5515	Dev acc: 81.19	Dev fscore(p/r/f): (84.28/83.27/83.77)
NEW BEST MODEL: 	Epoch: 7	Dev loss: 0.3123	Dev acc: 81.19	Dev fscore(p/r/f): (84.28/83.27/83.77)
Training: 	Epoch: 8	Time: 40.5275	Training Loss: 0.2130	Sep Loss: 0.0000	Tag Loss: 0.0000
Evaluation: 	Epoch: 8	Time: 1.3863	Dev acc: 82.39	Dev fscore(p/r/f): (85.82/84.56/85.19)
NEW BEST MODEL: 	Epoch: 8	Dev loss: 0.3262	Dev acc: 82.39	Dev fscore(p/r/f): (85.82/84.56/85.19)
Training: 	Epoch: 9	Time: 40.7774	Training Loss: 0.1840	Sep Loss: 0.0000	Tag Loss: 0.0000
Evaluation: 	Epoch: 9	Time: 1.5448	Dev acc: 81.49	Dev fscore(p/r/f): (84.50/84.19/84.35)
NEW BEST MODEL: 	Epoch: 9	Dev loss: 0.3184	Dev acc: 81.49	Dev fscore(p/r/f): (84.50/84.19/84.35)
Training: 	Epoch: 10	Time: 40.0121	Training Loss: 0.1594	Sep Loss: 0.0000	Tag Loss: 0.0000
Evaluation: 	Epoch: 10	Time: 1.6556	Dev acc: 83.50	Dev fscore(p/r/f): (86.54/85.66/86.10)
NEW BEST MODEL: 	Epoch: 10	Dev loss: 0.3128	Dev acc: 83.50	Dev fscore(p/r/f): (86.54/85.66/86.10)
Training: 	Epoch: 11	Time: 40.2551	Training Loss: 0.1434	Sep Loss: 0.0000	Tag Loss: 0.0000
Evaluation: 	Epoch: 11	Time: 1.1637	Dev acc: 82.80	Dev fscore(p/r/f): (85.95/84.93/85.44)
NEW BEST MODEL: 	Epoch: 11	Dev loss: 0.3148	Dev acc: 82.80	Dev fscore(p/r/f): (85.95/84.93/85.44)
Training: 	Epoch: 12	Time: 40.0497	Training Loss: 0.1306	Sep Loss: 0.0000	Tag Loss: 0.0000
Evaluation: 	Epoch: 12	Time: 1.7311	Dev acc: 82.60	Dev fscore(p/r/f): (85.62/84.83/85.23)
NEW BEST MODEL: 	Epoch: 12	Dev loss: 0.3267	Dev acc: 82.60	Dev fscore(p/r/f): (85.62/84.83/85.23)
Training: 	Epoch: 13	Time: 40.0250	Training Loss: 0.1132	Sep Loss: 0.0000	Tag Loss: 0.0000
Evaluation: 	Epoch: 13	Time: 1.6081	Dev acc: 83.70	Dev fscore(p/r/f): (86.33/85.94/86.14)
NEW BEST MODEL: 	Epoch: 13	Dev loss: 0.3233	Dev acc: 83.70	Dev fscore(p/r/f): (86.33/85.94/86.14)
Training: 	Epoch: 14	Time: 40.3299	Training Loss: 0.1003	Sep Loss: 0.0000	Tag Loss: 0.0000
Evaluation: 	Epoch: 14	Time: 1.7091	Dev acc: 82.60	Dev fscore(p/r/f): (85.15/84.83/84.99)
NEW BEST MODEL: 	Epoch: 14	Dev loss: 0.3603	Dev acc: 82.60	Dev fscore(p/r/f): (85.15/84.83/84.99)
Training: 	Epoch: 15	Time: 40.2735	Training Loss: 0.0906	Sep Loss: 0.0000	Tag Loss: 0.0000
Evaluation: 	Epoch: 15	Time: 1.7066	Dev acc: 82.29	Dev fscore(p/r/f): (85.65/84.47/85.05)
NEW BEST MODEL: 	Epoch: 15	Dev loss: 0.3813	Dev acc: 82.29	Dev fscore(p/r/f): (85.65/84.47/85.05)
Training: 	Epoch: 16	Time: 40.0279	Training Loss: 0.0843	Sep Loss: 0.0000	Tag Loss: 0.0000
Evaluation: 	Epoch: 16	Time: 1.7198	Dev acc: 82.80	Dev fscore(p/r/f): (85.73/85.02/85.37)
NEW BEST MODEL: 	Epoch: 16	Dev loss: 0.3647	Dev acc: 82.80	Dev fscore(p/r/f): (85.73/85.02/85.37)
Training: 	Epoch: 17	Time: 40.1789	Training Loss: 0.0787	Sep Loss: 0.0000	Tag Loss: 0.0000
Evaluation: 	Epoch: 17	Time: 1.6314	Dev acc: 84.21	Dev fscore(p/r/f): (87.55/85.94/86.73)
NEW BEST MODEL: 	Epoch: 17	Dev loss: 0.3727	Dev acc: 84.21	Dev fscore(p/r/f): (87.55/85.94/86.73)
Training: 	Epoch: 18	Time: 40.3074	Training Loss: 0.0669	Sep Loss: 0.0000	Tag Loss: 0.0000
Evaluation: 	Epoch: 18	Time: 1.7255	Dev acc: 81.49	Dev fscore(p/r/f): (85.35/83.00/84.16)
NEW BEST MODEL: 	Epoch: 18	Dev loss: 0.4411	Dev acc: 81.49	Dev fscore(p/r/f): (85.35/83.00/84.16)
Training: 	Epoch: 19	Time: 40.0387	Training Loss: 0.0643	Sep Loss: 0.0000	Tag Loss: 0.0000
Evaluation: 	Epoch: 19	Time: 1.6941	Dev acc: 82.70	Dev fscore(p/r/f): (86.09/85.29/85.69)
NEW BEST MODEL: 	Epoch: 19	Dev loss: 0.3818	Dev acc: 82.70	Dev fscore(p/r/f): (86.09/85.29/85.69)
Training: 	Epoch: 20	Time: 40.6910	Training Loss: 0.0570	Sep Loss: 0.0000	Tag Loss: 0.0000
Evaluation: 	Epoch: 20	Time: 1.7040	Dev acc: 83.60	Dev fscore(p/r/f): (86.67/86.03/86.35)
NEW BEST MODEL: 	Epoch: 20	Dev loss: 0.3538	Dev acc: 83.60	Dev fscore(p/r/f): (86.67/86.03/86.35)
Training: 	Epoch: 21	Time: 40.3476	Training Loss: 0.0503	Sep Loss: 0.0000	Tag Loss: 0.0000
Evaluation: 	Epoch: 21	Time: 1.6998	Dev acc: 82.70	Dev fscore(p/r/f): (85.98/84.56/85.26)
NEW BEST MODEL: 	Epoch: 21	Dev loss: 0.4138	Dev acc: 82.70	Dev fscore(p/r/f): (85.98/84.56/85.26)
Training: 	Epoch: 22	Time: 40.2203	Training Loss: 0.0478	Sep Loss: 0.0000	Tag Loss: 0.0000
Evaluation: 	Epoch: 22	Time: 1.7242	Dev acc: 82.70	Dev fscore(p/r/f): (85.91/84.65/85.28)
NEW BEST MODEL: 	Epoch: 22	Dev loss: 0.4283	Dev acc: 82.70	Dev fscore(p/r/f): (85.91/84.65/85.28)
Training: 	Epoch: 23	Time: 40.0032	Training Loss: 0.0461	Sep Loss: 0.0000	Tag Loss: 0.0000
Evaluation: 	Epoch: 23	Time: 1.7264	Dev acc: 83.10	Dev fscore(p/r/f): (86.29/85.02/85.65)
NEW BEST MODEL: 	Epoch: 23	Dev loss: 0.4243	Dev acc: 83.10	Dev fscore(p/r/f): (86.29/85.02/85.65)
Training: 	Epoch: 24	Time: 40.0580	Training Loss: 0.0422	Sep Loss: 0.0000	Tag Loss: 0.0000
Evaluation: 	Epoch: 24	Time: 1.6740	Dev acc: 82.39	Dev fscore(p/r/f): (85.43/84.10/84.76)
NEW BEST MODEL: 	Epoch: 24	Dev loss: 0.4700	Dev acc: 82.39	Dev fscore(p/r/f): (85.43/84.10/84.76)
Training: 	Epoch: 25	Time: 40.7394	Training Loss: 0.0391	Sep Loss: 0.0000	Tag Loss: 0.0000
Evaluation: 	Epoch: 25	Time: 1.6891	Dev acc: 82.70	Dev fscore(p/r/f): (85.89/85.02/85.45)
NEW BEST MODEL: 	Epoch: 25	Dev loss: 0.4356	Dev acc: 82.70	Dev fscore(p/r/f): (85.89/85.02/85.45)
Training: 	Epoch: 26	Time: 40.0613	Training Loss: 0.0352	Sep Loss: 0.0000	Tag Loss: 0.0000
Evaluation: 	Epoch: 26	Time: 1.7329	Dev acc: 83.30	Dev fscore(p/r/f): (86.62/85.11/85.86)
NEW BEST MODEL: 	Epoch: 26	Dev loss: 0.4311	Dev acc: 83.30	Dev fscore(p/r/f): (86.62/85.11/85.86)
Training: 	Epoch: 27	Time: 40.0262	Training Loss: 0.0339	Sep Loss: 0.0000	Tag Loss: 0.0000
Evaluation: 	Epoch: 27	Time: 1.7416	Dev acc: 83.60	Dev fscore(p/r/f): (86.69/85.57/86.12)
NEW BEST MODEL: 	Epoch: 27	Dev loss: 0.4348	Dev acc: 83.60	Dev fscore(p/r/f): (86.69/85.57/86.12)
Training: 	Epoch: 28	Time: 40.2161	Training Loss: 0.0322	Sep Loss: 0.0000	Tag Loss: 0.0000
Evaluation: 	Epoch: 28	Time: 1.5699	Dev acc: 84.10	Dev fscore(p/r/f): (87.05/85.85/86.44)
NEW BEST MODEL: 	Epoch: 28	Dev loss: 0.4253	Dev acc: 84.10	Dev fscore(p/r/f): (87.05/85.85/86.44)
Training: 	Epoch: 29	Time: 40.3262	Training Loss: 0.0317	Sep Loss: 0.0000	Tag Loss: 0.0000
Evaluation: 	Epoch: 29	Time: 1.7545	Dev acc: 83.60	Dev fscore(p/r/f): (86.66/85.39/86.02)
NEW BEST MODEL: 	Epoch: 29	Dev loss: 0.4352	Dev acc: 83.60	Dev fscore(p/r/f): (86.66/85.39/86.02)
Training: 	Epoch: 30	Time: 39.9506	Training Loss: 0.0264	Sep Loss: 0.0000	Tag Loss: 0.0000
Evaluation: 	Epoch: 30	Time: 1.6559	Dev acc: 83.10	Dev fscore(p/r/f): (86.26/85.39/85.82)
NEW BEST MODEL: 	Epoch: 30	Dev loss: 0.4303	Dev acc: 83.10	Dev fscore(p/r/f): (86.26/85.39/85.82)
Training: 	Epoch: 31	Time: 40.3535	Training Loss: 0.0264	Sep Loss: 0.0000	Tag Loss: 0.0000
Evaluation: 	Epoch: 31	Time: 1.6223	Dev acc: 83.80	Dev fscore(p/r/f): (86.69/85.57/86.12)
NEW BEST MODEL: 	Epoch: 31	Dev loss: 0.4224	Dev acc: 83.80	Dev fscore(p/r/f): (86.69/85.57/86.12)
Training: 	Epoch: 32	Time: 40.4443	Training Loss: 0.0243	Sep Loss: 0.0000	Tag Loss: 0.0000
Evaluation: 	Epoch: 32	Time: 1.6783	Dev acc: 84.21	Dev fscore(p/r/f): (87.61/85.75/86.67)
NEW BEST MODEL: 	Epoch: 32	Dev loss: 0.4153	Dev acc: 84.21	Dev fscore(p/r/f): (87.61/85.75/86.67)
Training: 	Epoch: 33	Time: 40.2841	Training Loss: 0.0263	Sep Loss: 0.0000	Tag Loss: 0.0000
Evaluation: 	Epoch: 33	Time: 1.5779	Dev acc: 83.30	Dev fscore(p/r/f): (86.02/85.39/85.70)
NEW BEST MODEL: 	Epoch: 33	Dev loss: 0.4586	Dev acc: 83.30	Dev fscore(p/r/f): (86.02/85.39/85.70)
Training: 	Epoch: 34	Time: 40.1387	Training Loss: 0.0222	Sep Loss: 0.0000	Tag Loss: 0.0000
Evaluation: 	Epoch: 34	Time: 1.4321	Dev acc: 82.49	Dev fscore(p/r/f): (85.34/84.56/84.95)
NEW BEST MODEL: 	Epoch: 34	Dev loss: 0.4649	Dev acc: 82.49	Dev fscore(p/r/f): (85.34/84.56/84.95)
Training: 	Epoch: 35	Time: 40.3691	Training Loss: 0.0215	Sep Loss: 0.0000	Tag Loss: 0.0000
Evaluation: 	Epoch: 35	Time: 1.7344	Dev acc: 82.49	Dev fscore(p/r/f): (86.38/84.56/85.46)
NEW BEST MODEL: 	Epoch: 35	Dev loss: 0.4874	Dev acc: 82.49	Dev fscore(p/r/f): (86.38/84.56/85.46)
Training: 	Epoch: 36	Time: 40.0605	Training Loss: 0.0199	Sep Loss: 0.0000	Tag Loss: 0.0000
Evaluation: 	Epoch: 36	Time: 1.7006	Dev acc: 82.90	Dev fscore(p/r/f): (85.81/85.02/85.41)
NEW BEST MODEL: 	Epoch: 36	Dev loss: 0.4708	Dev acc: 82.90	Dev fscore(p/r/f): (85.81/85.02/85.41)
Training: 	Epoch: 37	Time: 40.4762	Training Loss: 0.0199	Sep Loss: 0.0000	Tag Loss: 0.0000
Evaluation: 	Epoch: 37	Time: 1.7067	Dev acc: 82.49	Dev fscore(p/r/f): (85.25/84.47/84.86)
NEW BEST MODEL: 	Epoch: 37	Dev loss: 0.5083	Dev acc: 82.49	Dev fscore(p/r/f): (85.25/84.47/84.86)
Training: 	Epoch: 38	Time: 40.7223	Training Loss: 0.0200	Sep Loss: 0.0000	Tag Loss: 0.0000
Evaluation: 	Epoch: 38	Time: 1.7119	Dev acc: 83.80	Dev fscore(p/r/f): (86.44/85.57/86.00)
NEW BEST MODEL: 	Epoch: 38	Dev loss: 0.4674	Dev acc: 83.80	Dev fscore(p/r/f): (86.44/85.57/86.00)
Training: 	Epoch: 39	Time: 40.2190	Training Loss: 0.0227	Sep Loss: 0.0000	Tag Loss: 0.0000
Evaluation: 	Epoch: 39	Time: 1.4427	Dev acc: 82.60	Dev fscore(p/r/f): (85.33/84.47/84.90)
NEW BEST MODEL: 	Epoch: 39	Dev loss: 0.4628	Dev acc: 82.60	Dev fscore(p/r/f): (85.33/84.47/84.90)
Training: 	Epoch: 40	Time: 40.2663	Training Loss: 0.0175	Sep Loss: 0.0000	Tag Loss: 0.0000
Evaluation: 	Epoch: 40	Time: 1.5544	Dev acc: 82.19	Dev fscore(p/r/f): (85.14/84.28/84.71)
NEW BEST MODEL: 	Epoch: 40	Dev loss: 0.4669	Dev acc: 82.19	Dev fscore(p/r/f): (85.14/84.28/84.71)
Training: 	Epoch: 41	Time: 40.7617	Training Loss: 0.0173	Sep Loss: 0.0000	Tag Loss: 0.0000
Evaluation: 	Epoch: 41	Time: 1.6329	Dev acc: 83.20	Dev fscore(p/r/f): (86.44/84.93/85.67)
NEW BEST MODEL: 	Epoch: 41	Dev loss: 0.4912	Dev acc: 83.20	Dev fscore(p/r/f): (86.44/84.93/85.67)
Training: 	Epoch: 42	Time: 40.5860	Training Loss: 0.0198	Sep Loss: 0.0000	Tag Loss: 0.0000
Evaluation: 	Epoch: 42	Time: 1.3712	Dev acc: 83.60	Dev fscore(p/r/f): (86.89/85.29/86.09)
NEW BEST MODEL: 	Epoch: 42	Dev loss: 0.4603	Dev acc: 83.60	Dev fscore(p/r/f): (86.89/85.29/86.09)
Training: 	Epoch: 43	Time: 40.3297	Training Loss: 0.0171	Sep Loss: 0.0000	Tag Loss: 0.0000
Evaluation: 	Epoch: 43	Time: 1.2632	Dev acc: 83.40	Dev fscore(p/r/f): (85.64/85.48/85.56)
NEW BEST MODEL: 	Epoch: 43	Dev loss: 0.4752	Dev acc: 83.40	Dev fscore(p/r/f): (85.64/85.48/85.56)
Training: 	Epoch: 44	Time: 40.3500	Training Loss: 0.0165	Sep Loss: 0.0000	Tag Loss: 0.0000
Evaluation: 	Epoch: 44	Time: 1.6790	Dev acc: 82.39	Dev fscore(p/r/f): (86.55/84.56/85.54)
NEW BEST MODEL: 	Epoch: 44	Dev loss: 0.5155	Dev acc: 82.39	Dev fscore(p/r/f): (86.55/84.56/85.54)
Training: 	Epoch: 45	Time: 40.1939	Training Loss: 0.0192	Sep Loss: 0.0000	Tag Loss: 0.0000
Evaluation: 	Epoch: 45	Time: 1.6922	Dev acc: 82.90	Dev fscore(p/r/f): (85.86/84.83/85.34)
NEW BEST MODEL: 	Epoch: 45	Dev loss: 0.4180	Dev acc: 82.90	Dev fscore(p/r/f): (85.86/84.83/85.34)
Training: 	Epoch: 46	Time: 40.3322	Training Loss: 0.0151	Sep Loss: 0.0000	Tag Loss: 0.0000
Evaluation: 	Epoch: 46	Time: 1.7155	Dev acc: 83.20	Dev fscore(p/r/f): (85.97/85.02/85.49)
NEW BEST MODEL: 	Epoch: 46	Dev loss: 0.4618	Dev acc: 83.20	Dev fscore(p/r/f): (85.97/85.02/85.49)
Training: 	Epoch: 47	Time: 40.5000	Training Loss: 0.0154	Sep Loss: 0.0000	Tag Loss: 0.0000
Evaluation: 	Epoch: 47	Time: 1.6405	Dev acc: 84.51	Dev fscore(p/r/f): (87.58/86.21/86.89)
NEW BEST MODEL: 	Epoch: 47	Dev loss: 0.4464	Dev acc: 84.51	Dev fscore(p/r/f): (87.58/86.21/86.89)
Training: 	Epoch: 48	Time: 40.2518	Training Loss: 0.0167	Sep Loss: 0.0000	Tag Loss: 0.0000
Evaluation: 	Epoch: 48	Time: 1.5644	Dev acc: 84.61	Dev fscore(p/r/f): (87.38/86.58/86.98)
NEW BEST MODEL: 	Epoch: 48	Dev loss: 0.4272	Dev acc: 84.61	Dev fscore(p/r/f): (87.38/86.58/86.98)
Training: 	Epoch: 49	Time: 40.4318	Training Loss: 0.0167	Sep Loss: 0.0000	Tag Loss: 0.0000
Evaluation: 	Epoch: 49	Time: 1.5966	Dev acc: 83.70	Dev fscore(p/r/f): (86.54/86.31/86.42)
NEW BEST MODEL: 	Epoch: 49	Dev loss: 0.4528	Dev acc: 83.70	Dev fscore(p/r/f): (86.54/86.31/86.42)
Training: 	Epoch: 50	Time: 40.1623	Training Loss: 0.0147	Sep Loss: 0.0000	Tag Loss: 0.0000
Evaluation: 	Epoch: 50	Time: 1.6456	Dev acc: 83.80	Dev fscore(p/r/f): (88.02/85.75/86.87)
NEW BEST MODEL: 	Epoch: 50	Dev loss: 0.4621	Dev acc: 83.80	Dev fscore(p/r/f): (88.02/85.75/86.87)
Training: 	Epoch: 51	Time: 40.0862	Training Loss: 0.0153	Sep Loss: 0.0000	Tag Loss: 0.0000
Evaluation: 	Epoch: 51	Time: 1.7186	Dev acc: 83.50	Dev fscore(p/r/f): (87.02/85.02/86.01)
NEW BEST MODEL: 	Epoch: 51	Dev loss: 0.4591	Dev acc: 83.50	Dev fscore(p/r/f): (87.02/85.02/86.01)
Training: 	Epoch: 52	Time: 40.7781	Training Loss: 0.0150	Sep Loss: 0.0000	Tag Loss: 0.0000
Evaluation: 	Epoch: 52	Time: 1.3139	Dev acc: 83.50	Dev fscore(p/r/f): (86.57/84.74/85.65)
NEW BEST MODEL: 	Epoch: 52	Dev loss: 0.4548	Dev acc: 83.50	Dev fscore(p/r/f): (86.57/84.74/85.65)
Training: 	Epoch: 53	Time: 39.9312	Training Loss: 0.0161	Sep Loss: 0.0000	Tag Loss: 0.0000
Evaluation: 	Epoch: 53	Time: 1.7195	Dev acc: 83.20	Dev fscore(p/r/f): (87.15/85.39/86.26)
NEW BEST MODEL: 	Epoch: 53	Dev loss: 0.4612	Dev acc: 83.20	Dev fscore(p/r/f): (87.15/85.39/86.26)
Training: 	Epoch: 54	Time: 40.2232	Training Loss: 0.0144	Sep Loss: 0.0000	Tag Loss: 0.0000
Evaluation: 	Epoch: 54	Time: 1.6920	Dev acc: 83.10	Dev fscore(p/r/f): (86.30/85.11/85.70)
NEW BEST MODEL: 	Epoch: 54	Dev loss: 0.4708	Dev acc: 83.10	Dev fscore(p/r/f): (86.30/85.11/85.70)
Training: 	Epoch: 55	Time: 40.0728	Training Loss: 0.0121	Sep Loss: 0.0000	Tag Loss: 0.0000
Evaluation: 	Epoch: 55	Time: 1.7034	Dev acc: 82.39	Dev fscore(p/r/f): (86.96/84.56/85.74)
NEW BEST MODEL: 	Epoch: 55	Dev loss: 0.4995	Dev acc: 82.39	Dev fscore(p/r/f): (86.96/84.56/85.74)
Training: 	Epoch: 56	Time: 40.0715	Training Loss: 0.0140	Sep Loss: 0.0000	Tag Loss: 0.0000
Evaluation: 	Epoch: 56	Time: 1.5896	Dev acc: 83.90	Dev fscore(p/r/f): (87.94/85.75/86.83)
NEW BEST MODEL: 	Epoch: 56	Dev loss: 0.4657	Dev acc: 83.90	Dev fscore(p/r/f): (87.94/85.75/86.83)
Training: 	Epoch: 57	Time: 40.0843	Training Loss: 0.0133	Sep Loss: 0.0000	Tag Loss: 0.0000
Evaluation: 	Epoch: 57	Time: 1.6625	Dev acc: 82.70	Dev fscore(p/r/f): (86.16/84.65/85.40)
NEW BEST MODEL: 	Epoch: 57	Dev loss: 0.4804	Dev acc: 82.70	Dev fscore(p/r/f): (86.16/84.65/85.40)
Training: 	Epoch: 58	Time: 40.0730	Training Loss: 0.0162	Sep Loss: 0.0000	Tag Loss: 0.0000
Evaluation: 	Epoch: 58	Time: 1.6226	Dev acc: 83.30	Dev fscore(p/r/f): (86.73/85.29/86.01)
NEW BEST MODEL: 	Epoch: 58	Dev loss: 0.4906	Dev acc: 83.30	Dev fscore(p/r/f): (86.73/85.29/86.01)
Training: 	Epoch: 59	Time: 40.3990	Training Loss: 0.0140	Sep Loss: 0.0000	Tag Loss: 0.0000
Evaluation: 	Epoch: 59	Time: 1.6799	Dev acc: 83.10	Dev fscore(p/r/f): (86.77/85.02/85.89)
NEW BEST MODEL: 	Epoch: 59	Dev loss: 0.4698	Dev acc: 83.10	Dev fscore(p/r/f): (86.77/85.02/85.89)
Training: 	Epoch: 60	Time: 40.1237	Training Loss: 0.0115	Sep Loss: 0.0000	Tag Loss: 0.0000
Evaluation: 	Epoch: 60	Time: 1.6471	Dev acc: 83.50	Dev fscore(p/r/f): (86.49/85.29/85.89)
NEW BEST MODEL: 	Epoch: 60	Dev loss: 0.4869	Dev acc: 83.50	Dev fscore(p/r/f): (86.49/85.29/85.89)
Training: 	Epoch: 61	Time: 40.0231	Training Loss: 0.0118	Sep Loss: 0.0000	Tag Loss: 0.0000
Evaluation: 	Epoch: 61	Time: 1.7352	Dev acc: 83.50	Dev fscore(p/r/f): (87.58/85.57/86.56)
NEW BEST MODEL: 	Epoch: 61	Dev loss: 0.4988	Dev acc: 83.50	Dev fscore(p/r/f): (87.58/85.57/86.56)
Training: 	Epoch: 62	Time: 40.0514	Training Loss: 0.0123	Sep Loss: 0.0000	Tag Loss: 0.0000
Evaluation: 	Epoch: 62	Time: 1.5756	Dev acc: 81.99	Dev fscore(p/r/f): (85.13/84.19/84.66)
NEW BEST MODEL: 	Epoch: 62	Dev loss: 0.5093	Dev acc: 81.99	Dev fscore(p/r/f): (85.13/84.19/84.66)
Training: 	Epoch: 63	Time: 39.9865	Training Loss: 0.0127	Sep Loss: 0.0000	Tag Loss: 0.0000
Evaluation: 	Epoch: 63	Time: 1.3591	Dev acc: 81.89	Dev fscore(p/r/f): (85.07/83.82/84.44)
NEW BEST MODEL: 	Epoch: 63	Dev loss: 0.5594	Dev acc: 81.89	Dev fscore(p/r/f): (85.07/83.82/84.44)
Training: 	Epoch: 64	Time: 40.2999	Training Loss: 0.0115	Sep Loss: 0.0000	Tag Loss: 0.0000
Evaluation: 	Epoch: 64	Time: 1.6531	Dev acc: 82.29	Dev fscore(p/r/f): (85.58/84.56/85.07)
NEW BEST MODEL: 	Epoch: 64	Dev loss: 0.5096	Dev acc: 82.29	Dev fscore(p/r/f): (85.58/84.56/85.07)
Training: 	Epoch: 65	Time: 40.0863	Training Loss: 0.0131	Sep Loss: 0.0000	Tag Loss: 0.0000
Evaluation: 	Epoch: 65	Time: 1.2685	Dev acc: 82.29	Dev fscore(p/r/f): (85.77/84.19/84.97)
NEW BEST MODEL: 	Epoch: 65	Dev loss: 0.5213	Dev acc: 82.29	Dev fscore(p/r/f): (85.77/84.19/84.97)
Training: 	Epoch: 66	Time: 39.8738	Training Loss: 0.0120	Sep Loss: 0.0000	Tag Loss: 0.0000
Evaluation: 	Epoch: 66	Time: 1.2074	Dev acc: 83.30	Dev fscore(p/r/f): (86.36/85.57/85.96)
NEW BEST MODEL: 	Epoch: 66	Dev loss: 0.4934	Dev acc: 83.30	Dev fscore(p/r/f): (86.36/85.57/85.96)
Training: 	Epoch: 67	Time: 40.2533	Training Loss: 0.0132	Sep Loss: 0.0000	Tag Loss: 0.0000
Evaluation: 	Epoch: 67	Time: 1.6928	Dev acc: 83.00	Dev fscore(p/r/f): (86.64/85.20/85.91)
NEW BEST MODEL: 	Epoch: 67	Dev loss: 0.5211	Dev acc: 83.00	Dev fscore(p/r/f): (86.64/85.20/85.91)
Training: 	Epoch: 68	Time: 40.2619	Training Loss: 0.0135	Sep Loss: 0.0000	Tag Loss: 0.0000
Evaluation: 	Epoch: 68	Time: 1.6797	Dev acc: 83.70	Dev fscore(p/r/f): (86.78/85.66/86.22)
NEW BEST MODEL: 	Epoch: 68	Dev loss: 0.5008	Dev acc: 83.70	Dev fscore(p/r/f): (86.78/85.66/86.22)
Training: 	Epoch: 69	Time: 40.1020	Training Loss: 0.0113	Sep Loss: 0.0000	Tag Loss: 0.0000
Evaluation: 	Epoch: 69	Time: 1.5534	Dev acc: 83.50	Dev fscore(p/r/f): (86.90/85.39/86.14)
NEW BEST MODEL: 	Epoch: 69	Dev loss: 0.5308	Dev acc: 83.50	Dev fscore(p/r/f): (86.90/85.39/86.14)
Training: 	Epoch: 70	Time: 40.5155	Training Loss: 0.0124	Sep Loss: 0.0000	Tag Loss: 0.0000
Evaluation: 	Epoch: 70	Time: 1.7174	Dev acc: 82.80	Dev fscore(p/r/f): (86.70/85.11/85.90)
NEW BEST MODEL: 	Epoch: 70	Dev loss: 0.5416	Dev acc: 82.80	Dev fscore(p/r/f): (86.70/85.11/85.90)
Training: 	Epoch: 71	Time: 40.1858	Training Loss: 0.0114	Sep Loss: 0.0000	Tag Loss: 0.0000
Evaluation: 	Epoch: 71	Time: 1.6205	Dev acc: 82.90	Dev fscore(p/r/f): (86.30/84.56/85.42)
NEW BEST MODEL: 	Epoch: 71	Dev loss: 0.5309	Dev acc: 82.90	Dev fscore(p/r/f): (86.30/84.56/85.42)
Training: 	Epoch: 72	Time: 40.6733	Training Loss: 0.0109	Sep Loss: 0.0000	Tag Loss: 0.0000
Evaluation: 	Epoch: 72	Time: 1.3998	Dev acc: 82.90	Dev fscore(p/r/f): (85.85/84.74/85.29)
NEW BEST MODEL: 	Epoch: 72	Dev loss: 0.5278	Dev acc: 82.90	Dev fscore(p/r/f): (85.85/84.74/85.29)
Training: 	Epoch: 73	Time: 40.3601	Training Loss: 0.0112	Sep Loss: 0.0000	Tag Loss: 0.0000
Evaluation: 	Epoch: 73	Time: 1.7150	Dev acc: 83.80	Dev fscore(p/r/f): (86.70/85.66/86.18)
NEW BEST MODEL: 	Epoch: 73	Dev loss: 0.4940	Dev acc: 83.80	Dev fscore(p/r/f): (86.70/85.66/86.18)
Training: 	Epoch: 74	Time: 40.8743	Training Loss: 0.0116	Sep Loss: 0.0000	Tag Loss: 0.0000
Evaluation: 	Epoch: 74	Time: 1.3147	Dev acc: 83.70	Dev fscore(p/r/f): (86.86/85.66/86.26)
NEW BEST MODEL: 	Epoch: 74	Dev loss: 0.5076	Dev acc: 83.70	Dev fscore(p/r/f): (86.86/85.66/86.26)
Training: 	Epoch: 75	Time: 40.4745	Training Loss: 0.0120	Sep Loss: 0.0000	Tag Loss: 0.0000
Evaluation: 	Epoch: 75	Time: 1.3054	Dev acc: 83.60	Dev fscore(p/r/f): (86.77/85.02/85.89)
NEW BEST MODEL: 	Epoch: 75	Dev loss: 0.4962	Dev acc: 83.60	Dev fscore(p/r/f): (86.77/85.02/85.89)
Training: 	Epoch: 76	Time: 40.5226	Training Loss: 0.0137	Sep Loss: 0.0000	Tag Loss: 0.0000
Evaluation: 	Epoch: 76	Time: 1.0741	Dev acc: 82.49	Dev fscore(p/r/f): (86.34/84.83/85.58)
NEW BEST MODEL: 	Epoch: 76	Dev loss: 0.4634	Dev acc: 82.49	Dev fscore(p/r/f): (86.34/84.83/85.58)
Training: 	Epoch: 77	Time: 40.7697	Training Loss: 0.0114	Sep Loss: 0.0000	Tag Loss: 0.0000
Evaluation: 	Epoch: 77	Time: 1.0205	Dev acc: 82.90	Dev fscore(p/r/f): (86.91/84.83/85.86)
NEW BEST MODEL: 	Epoch: 77	Dev loss: 0.4992	Dev acc: 82.90	Dev fscore(p/r/f): (86.91/84.83/85.86)
Training: 	Epoch: 78	Time: 40.8178	Training Loss: 0.0122	Sep Loss: 0.0000	Tag Loss: 0.0000
Evaluation: 	Epoch: 78	Time: 0.9351	Dev acc: 84.00	Dev fscore(p/r/f): (87.70/85.85/86.76)
NEW BEST MODEL: 	Epoch: 78	Dev loss: 0.4843	Dev acc: 84.00	Dev fscore(p/r/f): (87.70/85.85/86.76)
Training: 	Epoch: 79	Time: 40.8564	Training Loss: 0.0096	Sep Loss: 0.0000	Tag Loss: 0.0000
Evaluation: 	Epoch: 79	Time: 0.8134	Dev acc: 82.80	Dev fscore(p/r/f): (86.84/84.93/85.87)
NEW BEST MODEL: 	Epoch: 79	Dev loss: 0.4961	Dev acc: 82.80	Dev fscore(p/r/f): (86.84/84.93/85.87)
Training: 	Epoch: 80	Time: 41.0102	Training Loss: 0.0119	Sep Loss: 0.0000	Tag Loss: 0.0000
Evaluation: 	Epoch: 80	Time: 0.7710	Dev acc: 83.20	Dev fscore(p/r/f): (86.67/85.48/86.07)
NEW BEST MODEL: 	Epoch: 80	Dev loss: 0.5033	Dev acc: 83.20	Dev fscore(p/r/f): (86.67/85.48/86.07)
Training: 	Epoch: 81	Time: 41.0243	Training Loss: 0.0102	Sep Loss: 0.0000	Tag Loss: 0.0000
Evaluation: 	Epoch: 81	Time: 0.9606	Dev acc: 83.00	Dev fscore(p/r/f): (86.73/85.29/86.01)
NEW BEST MODEL: 	Epoch: 81	Dev loss: 0.4685	Dev acc: 83.00	Dev fscore(p/r/f): (86.73/85.29/86.01)
Training: 	Epoch: 82	Time: 40.8928	Training Loss: 0.0094	Sep Loss: 0.0000	Tag Loss: 0.0000
Evaluation: 	Epoch: 82	Time: 1.1937	Dev acc: 84.31	Dev fscore(p/r/f): (87.57/86.76/87.17)
NEW BEST MODEL: 	Epoch: 82	Dev loss: 0.4417	Dev acc: 84.31	Dev fscore(p/r/f): (87.57/86.76/87.17)
Training: 	Epoch: 83	Time: 40.5991	Training Loss: 0.0095	Sep Loss: 0.0000	Tag Loss: 0.0000
Evaluation: 	Epoch: 83	Time: 1.2289	Dev acc: 83.60	Dev fscore(p/r/f): (87.08/85.48/86.27)
NEW BEST MODEL: 	Epoch: 83	Dev loss: 0.4815	Dev acc: 83.60	Dev fscore(p/r/f): (87.08/85.48/86.27)
Training: 	Epoch: 84	Time: 40.4643	Training Loss: 0.0123	Sep Loss: 0.0000	Tag Loss: 0.0000
Evaluation: 	Epoch: 84	Time: 1.3870	Dev acc: 82.60	Dev fscore(p/r/f): (86.42/84.83/85.62)
NEW BEST MODEL: 	Epoch: 84	Dev loss: 0.4612	Dev acc: 82.60	Dev fscore(p/r/f): (86.42/84.83/85.62)
Training: 	Epoch: 85	Time: 40.8548	Training Loss: 0.0112	Sep Loss: 0.0000	Tag Loss: 0.0000
Evaluation: 	Epoch: 85	Time: 1.6493	Dev acc: 82.90	Dev fscore(p/r/f): (86.72/85.20/85.95)
NEW BEST MODEL: 	Epoch: 85	Dev loss: 0.4803	Dev acc: 82.90	Dev fscore(p/r/f): (86.72/85.20/85.95)
Training: 	Epoch: 86	Time: 40.2030	Training Loss: 0.0093	Sep Loss: 0.0000	Tag Loss: 0.0000
Evaluation: 	Epoch: 86	Time: 1.7003	Dev acc: 82.90	Dev fscore(p/r/f): (86.58/85.39/85.98)
NEW BEST MODEL: 	Epoch: 86	Dev loss: 0.4779	Dev acc: 82.90	Dev fscore(p/r/f): (86.58/85.39/85.98)
Training: 	Epoch: 87	Time: 40.0881	Training Loss: 0.0086	Sep Loss: 0.0000	Tag Loss: 0.0000
Evaluation: 	Epoch: 87	Time: 1.6472	Dev acc: 84.00	Dev fscore(p/r/f): (87.58/86.21/86.89)
NEW BEST MODEL: 	Epoch: 87	Dev loss: 0.4888	Dev acc: 84.00	Dev fscore(p/r/f): (87.58/86.21/86.89)
Training: 	Epoch: 88	Time: 40.4464	Training Loss: 0.0113	Sep Loss: 0.0000	Tag Loss: 0.0000
Evaluation: 	Epoch: 88	Time: 1.7139	Dev acc: 83.40	Dev fscore(p/r/f): (86.93/85.57/86.24)
NEW BEST MODEL: 	Epoch: 88	Dev loss: 0.4902	Dev acc: 83.40	Dev fscore(p/r/f): (86.93/85.57/86.24)
Training: 	Epoch: 89	Time: 40.0230	Training Loss: 0.0115	Sep Loss: 0.0000	Tag Loss: 0.0000
Evaluation: 	Epoch: 89	Time: 1.7296	Dev acc: 83.40	Dev fscore(p/r/f): (87.11/85.75/86.43)
NEW BEST MODEL: 	Epoch: 89	Dev loss: 0.4766	Dev acc: 83.40	Dev fscore(p/r/f): (87.11/85.75/86.43)
Training: 	Epoch: 90	Time: 40.1297	Training Loss: 0.0106	Sep Loss: 0.0000	Tag Loss: 0.0000
Evaluation: 	Epoch: 90	Time: 1.7255	Dev acc: 82.80	Dev fscore(p/r/f): (86.57/85.29/85.93)
NEW BEST MODEL: 	Epoch: 90	Dev loss: 0.4978	Dev acc: 82.80	Dev fscore(p/r/f): (86.57/85.29/85.93)
Training: 	Epoch: 91	Time: 40.8845	Training Loss: 0.0085	Sep Loss: 0.0000	Tag Loss: 0.0000
Evaluation: 	Epoch: 91	Time: 1.3298	Dev acc: 83.10	Dev fscore(p/r/f): (86.69/85.57/86.12)
NEW BEST MODEL: 	Epoch: 91	Dev loss: 0.5108	Dev acc: 83.10	Dev fscore(p/r/f): (86.69/85.57/86.12)
Training: 	Epoch: 92	Time: 40.0989	Training Loss: 0.0094	Sep Loss: 0.0000	Tag Loss: 0.0000
Evaluation: 	Epoch: 92	Time: 1.7622	Dev acc: 83.70	Dev fscore(p/r/f): (87.94/85.75/86.83)
NEW BEST MODEL: 	Epoch: 92	Dev loss: 0.5087	Dev acc: 83.70	Dev fscore(p/r/f): (87.94/85.75/86.83)
Training: 	Epoch: 93	Time: 40.1328	Training Loss: 0.0109	Sep Loss: 0.0000	Tag Loss: 0.0000
Evaluation: 	Epoch: 93	Time: 1.6971	Dev acc: 83.70	Dev fscore(p/r/f): (87.63/86.58/87.10)
NEW BEST MODEL: 	Epoch: 93	Dev loss: 0.4774	Dev acc: 83.70	Dev fscore(p/r/f): (87.63/86.58/87.10)
Training: 	Epoch: 94	Time: 40.5573	Training Loss: 0.0150	Sep Loss: 0.0000	Tag Loss: 0.0000
Evaluation: 	Epoch: 94	Time: 1.6754	Dev acc: 83.30	Dev fscore(p/r/f): (87.01/85.57/86.28)
NEW BEST MODEL: 	Epoch: 94	Dev loss: 0.4891	Dev acc: 83.30	Dev fscore(p/r/f): (87.01/85.57/86.28)
Training: 	Epoch: 95	Time: 40.2351	Training Loss: 0.0089	Sep Loss: 0.0000	Tag Loss: 0.0000
Evaluation: 	Epoch: 95	Time: 1.6898	Dev acc: 83.60	Dev fscore(p/r/f): (87.20/85.75/86.47)
NEW BEST MODEL: 	Epoch: 95	Dev loss: 0.5244	Dev acc: 83.60	Dev fscore(p/r/f): (87.20/85.75/86.47)
Training: 	Epoch: 96	Time: 37.8185	Training Loss: 0.0092	Sep Loss: 0.0000	Tag Loss: 0.0000
Evaluation: 	Epoch: 96	Time: 0.3643	Dev acc: 83.10	Dev fscore(p/r/f): (87.19/85.11/86.14)
NEW BEST MODEL: 	Epoch: 96	Dev loss: 0.5291	Dev acc: 83.10	Dev fscore(p/r/f): (87.19/85.11/86.14)
Training: 	Epoch: 97	Time: 23.2008	Training Loss: 0.0079	Sep Loss: 0.0000	Tag Loss: 0.0000
Evaluation: 	Epoch: 97	Time: 0.3625	Dev acc: 83.00	Dev fscore(p/r/f): (86.94/85.02/85.97)
NEW BEST MODEL: 	Epoch: 97	Dev loss: 0.5431	Dev acc: 83.00	Dev fscore(p/r/f): (86.94/85.02/85.97)
Training: 	Epoch: 98	Time: 22.2537	Training Loss: 0.0097	Sep Loss: 0.0000	Tag Loss: 0.0000
Evaluation: 	Epoch: 98	Time: 0.3597	Dev acc: 84.10	Dev fscore(p/r/f): (86.98/86.58/86.78)
NEW BEST MODEL: 	Epoch: 98	Dev loss: 0.5251	Dev acc: 84.10	Dev fscore(p/r/f): (86.98/86.58/86.78)
Training: 	Epoch: 99	Time: 22.6476	Training Loss: 0.0108	Sep Loss: 0.0000	Tag Loss: 0.0000
Evaluation: 	Epoch: 99	Time: 0.3633	Dev acc: 83.70	Dev fscore(p/r/f): (87.21/85.85/86.52)
NEW BEST MODEL: 	Epoch: 99	Dev loss: 0.4861	Dev acc: 83.70	Dev fscore(p/r/f): (87.21/85.85/86.52)
FINAL BEST RESULT: 	Epoch: 48	Dev loss: 0.4272	Dev acc: 84.6076	Dev fscore(p/r/f): (87.3840/86.5809/86.9806)
