Use pretrained model: hfl/chinese-lert-base
Dataset size: train -> 5119
Load dataset and database finished, cost 5.7883s ...
Dataset size: dev -> 895
Total training steps: 16000
Start training ......
Training: 	Epoch: 0	Time: 18.2084	Training Loss: 2.3112	Sep Loss: 0.0000	Tag Loss: 0.0000
Evaluation: 	Epoch: 0	Time: 0.6879	Dev acc: 46.59	Dev fscore(p/r/f): (32.67/32.53/32.60)
NEW BEST MODEL: 	Epoch: 0	Dev loss: 1.5459	Dev acc: 46.59	Dev fscore(p/r/f): (32.67/32.53/32.60)
Training: 	Epoch: 1	Time: 16.8876	Training Loss: 1.2843	Sep Loss: 0.0000	Tag Loss: 0.0000
Evaluation: 	Epoch: 1	Time: 0.7175	Dev acc: 66.59	Dev fscore(p/r/f): (67.94/63.19/65.48)
NEW BEST MODEL: 	Epoch: 1	Dev loss: 1.1004	Dev acc: 66.59	Dev fscore(p/r/f): (67.94/63.19/65.48)
Training: 	Epoch: 2	Time: 17.0011	Training Loss: 0.9455	Sep Loss: 0.0000	Tag Loss: 0.0000
Evaluation: 	Epoch: 2	Time: 0.6920	Dev acc: 67.04	Dev fscore(p/r/f): (66.97/68.30/67.63)
NEW BEST MODEL: 	Epoch: 2	Dev loss: 1.0268	Dev acc: 67.04	Dev fscore(p/r/f): (66.97/68.30/67.63)
Training: 	Epoch: 3	Time: 17.6598	Training Loss: 0.7718	Sep Loss: 0.0000	Tag Loss: 0.0000
Evaluation: 	Epoch: 3	Time: 0.7109	Dev acc: 73.74	Dev fscore(p/r/f): (77.55/73.83/75.64)
NEW BEST MODEL: 	Epoch: 3	Dev loss: 0.8724	Dev acc: 73.74	Dev fscore(p/r/f): (77.55/73.83/75.64)
Training: 	Epoch: 4	Time: 17.1154	Training Loss: 0.6558	Sep Loss: 0.0000	Tag Loss: 0.0000
Evaluation: 	Epoch: 4	Time: 0.7103	Dev acc: 74.64	Dev fscore(p/r/f): (78.83/75.70/77.23)
NEW BEST MODEL: 	Epoch: 4	Dev loss: 0.7880	Dev acc: 74.64	Dev fscore(p/r/f): (78.83/75.70/77.23)
Training: 	Epoch: 5	Time: 17.3543	Training Loss: 0.5803	Sep Loss: 0.0000	Tag Loss: 0.0000
Evaluation: 	Epoch: 5	Time: 0.7017	Dev acc: 73.74	Dev fscore(p/r/f): (77.37/75.60/76.48)
NEW BEST MODEL: 	Epoch: 5	Dev loss: 0.8421	Dev acc: 73.74	Dev fscore(p/r/f): (77.37/75.60/76.48)
Training: 	Epoch: 6	Time: 17.0825	Training Loss: 0.5138	Sep Loss: 0.0000	Tag Loss: 0.0000
Evaluation: 	Epoch: 6	Time: 0.6997	Dev acc: 73.18	Dev fscore(p/r/f): (78.06/76.43/77.24)
NEW BEST MODEL: 	Epoch: 6	Dev loss: 0.7507	Dev acc: 73.18	Dev fscore(p/r/f): (78.06/76.43/77.24)
Training: 	Epoch: 7	Time: 17.0051	Training Loss: 0.4274	Sep Loss: 0.0000	Tag Loss: 0.0000
Evaluation: 	Epoch: 7	Time: 0.7293	Dev acc: 74.64	Dev fscore(p/r/f): (79.23/77.58/78.40)
NEW BEST MODEL: 	Epoch: 7	Dev loss: 0.8043	Dev acc: 74.64	Dev fscore(p/r/f): (79.23/77.58/78.40)
Training: 	Epoch: 8	Time: 17.2665	Training Loss: 0.4011	Sep Loss: 0.0000	Tag Loss: 0.0000
Evaluation: 	Epoch: 8	Time: 0.7107	Dev acc: 75.75	Dev fscore(p/r/f): (79.31/78.73/79.02)
NEW BEST MODEL: 	Epoch: 8	Dev loss: 0.8110	Dev acc: 75.75	Dev fscore(p/r/f): (79.31/78.73/79.02)
Training: 	Epoch: 9	Time: 17.0138	Training Loss: 0.3653	Sep Loss: 0.0000	Tag Loss: 0.0000
Evaluation: 	Epoch: 9	Time: 0.7079	Dev acc: 72.85	Dev fscore(p/r/f): (76.24/78.31/77.26)
NEW BEST MODEL: 	Epoch: 9	Dev loss: 0.9212	Dev acc: 72.85	Dev fscore(p/r/f): (76.24/78.31/77.26)
Training: 	Epoch: 10	Time: 16.9169	Training Loss: 0.3164	Sep Loss: 0.0000	Tag Loss: 0.0000
Evaluation: 	Epoch: 10	Time: 0.6932	Dev acc: 75.42	Dev fscore(p/r/f): (78.16/78.73/78.44)
NEW BEST MODEL: 	Epoch: 10	Dev loss: 0.8981	Dev acc: 75.42	Dev fscore(p/r/f): (78.16/78.73/78.44)
Training: 	Epoch: 11	Time: 17.5926	Training Loss: 0.2947	Sep Loss: 0.0000	Tag Loss: 0.0000
Evaluation: 	Epoch: 11	Time: 0.7002	Dev acc: 75.98	Dev fscore(p/r/f): (79.66/78.83/79.25)
NEW BEST MODEL: 	Epoch: 11	Dev loss: 0.8514	Dev acc: 75.98	Dev fscore(p/r/f): (79.66/78.83/79.25)
Training: 	Epoch: 12	Time: 17.1008	Training Loss: 0.2759	Sep Loss: 0.0000	Tag Loss: 0.0000
Evaluation: 	Epoch: 12	Time: 0.7134	Dev acc: 75.31	Dev fscore(p/r/f): (79.02/79.35/79.19)
NEW BEST MODEL: 	Epoch: 12	Dev loss: 0.8908	Dev acc: 75.31	Dev fscore(p/r/f): (79.02/79.35/79.19)
Training: 	Epoch: 13	Time: 17.1699	Training Loss: 0.2549	Sep Loss: 0.0000	Tag Loss: 0.0000
Evaluation: 	Epoch: 13	Time: 0.7176	Dev acc: 76.54	Dev fscore(p/r/f): (80.68/79.67/80.17)
NEW BEST MODEL: 	Epoch: 13	Dev loss: 1.0075	Dev acc: 76.54	Dev fscore(p/r/f): (80.68/79.67/80.17)
Training: 	Epoch: 14	Time: 17.0488	Training Loss: 0.2339	Sep Loss: 0.0000	Tag Loss: 0.0000
Evaluation: 	Epoch: 14	Time: 0.7114	Dev acc: 75.42	Dev fscore(p/r/f): (81.14/78.52/79.81)
NEW BEST MODEL: 	Epoch: 14	Dev loss: 0.8512	Dev acc: 75.42	Dev fscore(p/r/f): (81.14/78.52/79.81)
Training: 	Epoch: 15	Time: 16.9995	Training Loss: 0.2031	Sep Loss: 0.0000	Tag Loss: 0.0000
Evaluation: 	Epoch: 15	Time: 0.7032	Dev acc: 75.98	Dev fscore(p/r/f): (82.16/79.25/80.68)
NEW BEST MODEL: 	Epoch: 15	Dev loss: 0.9303	Dev acc: 75.98	Dev fscore(p/r/f): (82.16/79.25/80.68)
Training: 	Epoch: 16	Time: 16.8629	Training Loss: 0.1915	Sep Loss: 0.0000	Tag Loss: 0.0000
Evaluation: 	Epoch: 16	Time: 0.6954	Dev acc: 76.87	Dev fscore(p/r/f): (80.93/80.08/80.50)
NEW BEST MODEL: 	Epoch: 16	Dev loss: 1.0192	Dev acc: 76.87	Dev fscore(p/r/f): (80.93/80.08/80.50)
Training: 	Epoch: 17	Time: 16.9474	Training Loss: 0.1754	Sep Loss: 0.0000	Tag Loss: 0.0000
Evaluation: 	Epoch: 17	Time: 0.6923	Dev acc: 76.31	Dev fscore(p/r/f): (80.40/79.56/79.98)
NEW BEST MODEL: 	Epoch: 17	Dev loss: 1.0290	Dev acc: 76.31	Dev fscore(p/r/f): (80.40/79.56/79.98)
Training: 	Epoch: 18	Time: 16.8844	Training Loss: 0.1638	Sep Loss: 0.0000	Tag Loss: 0.0000
Evaluation: 	Epoch: 18	Time: 0.7042	Dev acc: 76.42	Dev fscore(p/r/f): (79.85/80.19/80.02)
NEW BEST MODEL: 	Epoch: 18	Dev loss: 1.1104	Dev acc: 76.42	Dev fscore(p/r/f): (79.85/80.19/80.02)
Training: 	Epoch: 19	Time: 16.9381	Training Loss: 0.1680	Sep Loss: 0.0000	Tag Loss: 0.0000
Evaluation: 	Epoch: 19	Time: 0.6922	Dev acc: 76.54	Dev fscore(p/r/f): (82.08/79.77/80.91)
NEW BEST MODEL: 	Epoch: 19	Dev loss: 1.1255	Dev acc: 76.54	Dev fscore(p/r/f): (82.08/79.77/80.91)
Training: 	Epoch: 20	Time: 17.0349	Training Loss: 0.1482	Sep Loss: 0.0000	Tag Loss: 0.0000
Evaluation: 	Epoch: 20	Time: 0.6875	Dev acc: 75.53	Dev fscore(p/r/f): (82.32/79.14/80.70)
NEW BEST MODEL: 	Epoch: 20	Dev loss: 1.0243	Dev acc: 75.53	Dev fscore(p/r/f): (82.32/79.14/80.70)
Training: 	Epoch: 21	Time: 16.8980	Training Loss: 0.1645	Sep Loss: 0.0000	Tag Loss: 0.0000
Evaluation: 	Epoch: 21	Time: 0.6905	Dev acc: 76.87	Dev fscore(p/r/f): (81.26/80.50/80.88)
NEW BEST MODEL: 	Epoch: 21	Dev loss: 1.1034	Dev acc: 76.87	Dev fscore(p/r/f): (81.26/80.50/80.88)
Training: 	Epoch: 22	Time: 17.1765	Training Loss: 0.1299	Sep Loss: 0.0000	Tag Loss: 0.0000
Evaluation: 	Epoch: 22	Time: 0.7028	Dev acc: 75.98	Dev fscore(p/r/f): (81.97/79.14/80.53)
NEW BEST MODEL: 	Epoch: 22	Dev loss: 1.1009	Dev acc: 75.98	Dev fscore(p/r/f): (81.97/79.14/80.53)
Training: 	Epoch: 23	Time: 16.9570	Training Loss: 0.1317	Sep Loss: 0.0000	Tag Loss: 0.0000
Evaluation: 	Epoch: 23	Time: 0.7542	Dev acc: 75.75	Dev fscore(p/r/f): (80.57/79.56/80.06)
NEW BEST MODEL: 	Epoch: 23	Dev loss: 1.0386	Dev acc: 75.75	Dev fscore(p/r/f): (80.57/79.56/80.06)
Training: 	Epoch: 24	Time: 16.9953	Training Loss: 0.1234	Sep Loss: 0.0000	Tag Loss: 0.0000
Evaluation: 	Epoch: 24	Time: 0.6977	Dev acc: 76.09	Dev fscore(p/r/f): (82.77/79.14/80.92)
NEW BEST MODEL: 	Epoch: 24	Dev loss: 1.0793	Dev acc: 76.09	Dev fscore(p/r/f): (82.77/79.14/80.92)
Training: 	Epoch: 25	Time: 16.9757	Training Loss: 0.1166	Sep Loss: 0.0000	Tag Loss: 0.0000
Evaluation: 	Epoch: 25	Time: 0.7136	Dev acc: 76.42	Dev fscore(p/r/f): (82.67/79.56/81.08)
NEW BEST MODEL: 	Epoch: 25	Dev loss: 1.1495	Dev acc: 76.42	Dev fscore(p/r/f): (82.67/79.56/81.08)
Training: 	Epoch: 26	Time: 16.9524	Training Loss: 0.1152	Sep Loss: 0.0000	Tag Loss: 0.0000
Evaluation: 	Epoch: 26	Time: 0.7220	Dev acc: 76.87	Dev fscore(p/r/f): (82.78/80.71/81.73)
NEW BEST MODEL: 	Epoch: 26	Dev loss: 1.2522	Dev acc: 76.87	Dev fscore(p/r/f): (82.78/80.71/81.73)
Training: 	Epoch: 27	Time: 17.1925	Training Loss: 0.1141	Sep Loss: 0.0000	Tag Loss: 0.0000
Evaluation: 	Epoch: 27	Time: 0.7140	Dev acc: 76.65	Dev fscore(p/r/f): (81.67/80.40/81.03)
NEW BEST MODEL: 	Epoch: 27	Dev loss: 1.2566	Dev acc: 76.65	Dev fscore(p/r/f): (81.67/80.40/81.03)
Training: 	Epoch: 28	Time: 17.6551	Training Loss: 0.1096	Sep Loss: 0.0000	Tag Loss: 0.0000
Evaluation: 	Epoch: 28	Time: 0.9850	Dev acc: 76.09	Dev fscore(p/r/f): (82.46/78.94/80.66)
NEW BEST MODEL: 	Epoch: 28	Dev loss: 1.1273	Dev acc: 76.09	Dev fscore(p/r/f): (82.46/78.94/80.66)
Training: 	Epoch: 29	Time: 19.0871	Training Loss: 0.1157	Sep Loss: 0.0000	Tag Loss: 0.0000
Evaluation: 	Epoch: 29	Time: 0.7221	Dev acc: 75.42	Dev fscore(p/r/f): (81.14/79.87/80.50)
NEW BEST MODEL: 	Epoch: 29	Dev loss: 1.2772	Dev acc: 75.42	Dev fscore(p/r/f): (81.14/79.87/80.50)
Training: 	Epoch: 30	Time: 17.3450	Training Loss: 0.0910	Sep Loss: 0.0000	Tag Loss: 0.0000
Evaluation: 	Epoch: 30	Time: 0.7048	Dev acc: 76.87	Dev fscore(p/r/f): (81.31/80.29/80.80)
NEW BEST MODEL: 	Epoch: 30	Dev loss: 1.3039	Dev acc: 76.87	Dev fscore(p/r/f): (81.31/80.29/80.80)
Training: 	Epoch: 31	Time: 17.1126	Training Loss: 0.0962	Sep Loss: 0.0000	Tag Loss: 0.0000
Evaluation: 	Epoch: 31	Time: 0.7147	Dev acc: 76.65	Dev fscore(p/r/f): (81.94/79.98/80.95)
NEW BEST MODEL: 	Epoch: 31	Dev loss: 1.2852	Dev acc: 76.65	Dev fscore(p/r/f): (81.94/79.98/80.95)
Training: 	Epoch: 32	Time: 17.3067	Training Loss: 0.0845	Sep Loss: 0.0000	Tag Loss: 0.0000
Evaluation: 	Epoch: 32	Time: 0.7116	Dev acc: 76.98	Dev fscore(p/r/f): (81.92/79.35/80.61)
NEW BEST MODEL: 	Epoch: 32	Dev loss: 1.3252	Dev acc: 76.98	Dev fscore(p/r/f): (81.92/79.35/80.61)
