Use pretrained model: hfl/chinese-lert-base
Dataset size: train -> 15690
Use pretrained model: hfl/chinese-lert-base
Dataset size: train -> 15690
Load dataset and database finished, cost 10.5225s ...
Dataset size: dev -> 387
Total training steps: 49100
Start training ......
Training: 	Epoch: 0	Time: 39.5273	Training Loss: 2.8385	Sep Loss: 0.0000	Tag Loss: 0.0000
Evaluation: 	Epoch: 0	Time: 1.0172	Dev acc: 13.95	Dev fscore(p/r/f): (13.19/11.60/12.35)
NEW BEST MODEL: 	Epoch: 0	Dev loss: 2.7495	Dev acc: 13.95	Dev fscore(p/r/f): (13.19/11.60/12.35)
Training: 	Epoch: 1	Time: 39.9051	Training Loss: 1.4442	Sep Loss: 0.0000	Tag Loss: 0.0000
Evaluation: 	Epoch: 1	Time: 1.0398	Dev acc: 33.07	Dev fscore(p/r/f): (35.02/33.54/34.27)
NEW BEST MODEL: 	Epoch: 1	Dev loss: 1.8328	Dev acc: 33.07	Dev fscore(p/r/f): (35.02/33.54/34.27)
Training: 	Epoch: 2	Time: 38.2292	Training Loss: 1.0683	Sep Loss: 0.0000	Tag Loss: 0.0000
Evaluation: 	Epoch: 2	Time: 1.1345	Dev acc: 45.48	Dev fscore(p/r/f): (48.64/48.95/48.79)
NEW BEST MODEL: 	Epoch: 2	Dev loss: 1.4647	Dev acc: 45.48	Dev fscore(p/r/f): (48.64/48.95/48.79)
Training: 	Epoch: 3	Time: 38.0486	Training Loss: 0.8649	Sep Loss: 0.0000	Tag Loss: 0.0000
Evaluation: 	Epoch: 3	Time: 1.0547	Dev acc: 53.23	Dev fscore(p/r/f): (55.67/55.91/55.79)
NEW BEST MODEL: 	Epoch: 3	Dev loss: 1.1280	Dev acc: 53.23	Dev fscore(p/r/f): (55.67/55.91/55.79)
Training: 	Epoch: 4	Time: 39.8786	Training Loss: 0.7197	Sep Loss: 0.0000	Tag Loss: 0.0000
Evaluation: 	Epoch: 4	Time: 0.4032	Dev acc: 61.24	Dev fscore(p/r/f): (62.66/63.71/63.18)
NEW BEST MODEL: 	Epoch: 4	Dev loss: 0.9532	Dev acc: 61.24	Dev fscore(p/r/f): (62.66/63.71/63.18)
Training: 	Epoch: 5	Time: 40.5572	Training Loss: 0.6143	Sep Loss: 0.0000	Tag Loss: 0.0000
Evaluation: 	Epoch: 5	Time: 1.1371	Dev acc: 67.44	Dev fscore(p/r/f): (70.79/70.04/70.41)
NEW BEST MODEL: 	Epoch: 5	Dev loss: 0.7503	Dev acc: 67.44	Dev fscore(p/r/f): (70.79/70.04/70.41)
Training: 	Epoch: 6	Time: 38.6991	Training Loss: 0.5329	Sep Loss: 0.0000	Tag Loss: 0.0000
Evaluation: 	Epoch: 6	Time: 1.1353	Dev acc: 69.51	Dev fscore(p/r/f): (72.06/72.36/72.21)
NEW BEST MODEL: 	Epoch: 6	Dev loss: 0.7107	Dev acc: 69.51	Dev fscore(p/r/f): (72.06/72.36/72.21)
Training: 	Epoch: 7	Time: 36.8830	Training Loss: 0.4660	Sep Loss: 0.0000	Tag Loss: 0.0000
Evaluation: 	Epoch: 7	Time: 0.8760	Dev acc: 71.58	Dev fscore(p/r/f): (74.95/73.84/74.39)
NEW BEST MODEL: 	Epoch: 7	Dev loss: 0.6133	Dev acc: 71.58	Dev fscore(p/r/f): (74.95/73.84/74.39)
Training: 	Epoch: 8	Time: 37.2782	Training Loss: 0.4112	Sep Loss: 0.0000	Tag Loss: 0.0000
Evaluation: 	Epoch: 8	Time: 1.1886	Dev acc: 71.83	Dev fscore(p/r/f): (75.97/74.05/75.00)
NEW BEST MODEL: 	Epoch: 8	Dev loss: 0.5355	Dev acc: 71.83	Dev fscore(p/r/f): (75.97/74.05/75.00)
Training: 	Epoch: 9	Time: 38.5044	Training Loss: 0.3786	Sep Loss: 0.0000	Tag Loss: 0.0000
Evaluation: 	Epoch: 9	Time: 1.0701	Dev acc: 75.45	Dev fscore(p/r/f): (78.39/78.06/78.22)
NEW BEST MODEL: 	Epoch: 9	Dev loss: 0.4504	Dev acc: 75.45	Dev fscore(p/r/f): (78.39/78.06/78.22)
Training: 	Epoch: 10	Time: 38.5633	Training Loss: 0.3302	Sep Loss: 0.0000	Tag Loss: 0.0000
Evaluation: 	Epoch: 10	Time: 0.9205	Dev acc: 77.78	Dev fscore(p/r/f): (80.77/79.75/80.25)
NEW BEST MODEL: 	Epoch: 10	Dev loss: 0.3928	Dev acc: 77.78	Dev fscore(p/r/f): (80.77/79.75/80.25)
Training: 	Epoch: 11	Time: 40.9487	Training Loss: 0.3022	Sep Loss: 0.0000	Tag Loss: 0.0000
Evaluation: 	Epoch: 11	Time: 0.4150	Dev acc: 82.17	Dev fscore(p/r/f): (85.71/83.54/84.62)
NEW BEST MODEL: 	Epoch: 11	Dev loss: 0.3631	Dev acc: 82.17	Dev fscore(p/r/f): (85.71/83.54/84.62)
Training: 	Epoch: 12	Time: 39.8146	Training Loss: 0.2629	Sep Loss: 0.0000	Tag Loss: 0.0000
Evaluation: 	Epoch: 12	Time: 1.3011	Dev acc: 81.91	Dev fscore(p/r/f): (84.32/83.97/84.14)
NEW BEST MODEL: 	Epoch: 12	Dev loss: 0.3604	Dev acc: 81.91	Dev fscore(p/r/f): (84.32/83.97/84.14)
Training: 	Epoch: 13	Time: 37.8823	Training Loss: 0.2408	Sep Loss: 0.0000	Tag Loss: 0.0000
Evaluation: 	Epoch: 13	Time: 1.3262	Dev acc: 83.98	Dev fscore(p/r/f): (87.39/86.29/86.84)
NEW BEST MODEL: 	Epoch: 13	Dev loss: 0.3002	Dev acc: 83.98	Dev fscore(p/r/f): (87.39/86.29/86.84)
Training: 	Epoch: 14	Time: 38.4406	Training Loss: 0.2283	Sep Loss: 0.0000	Tag Loss: 0.0000
Evaluation: 	Epoch: 14	Time: 1.1886	Dev acc: 85.27	Dev fscore(p/r/f): (88.25/87.13/87.69)
NEW BEST MODEL: 	Epoch: 14	Dev loss: 0.2545	Dev acc: 85.27	Dev fscore(p/r/f): (88.25/87.13/87.69)
Training: 	Epoch: 15	Time: 38.4217	Training Loss: 0.1946	Sep Loss: 0.0000	Tag Loss: 0.0000
Evaluation: 	Epoch: 15	Time: 0.8667	Dev acc: 86.05	Dev fscore(p/r/f): (89.15/88.40/88.77)
NEW BEST MODEL: 	Epoch: 15	Dev loss: 0.2689	Dev acc: 86.05	Dev fscore(p/r/f): (89.15/88.40/88.77)
Training: 	Epoch: 16	Time: 37.0995	Training Loss: 0.1827	Sep Loss: 0.0000	Tag Loss: 0.0000
Evaluation: 	Epoch: 16	Time: 1.1116	Dev acc: 85.27	Dev fscore(p/r/f): (88.35/87.97/88.16)
NEW BEST MODEL: 	Epoch: 16	Dev loss: 0.2750	Dev acc: 85.27	Dev fscore(p/r/f): (88.35/87.97/88.16)
Training: 	Epoch: 17	Time: 38.6971	Training Loss: 0.1688	Sep Loss: 0.0000	Tag Loss: 0.0000
Evaluation: 	Epoch: 17	Time: 0.4059	Dev acc: 87.60	Dev fscore(p/r/f): (90.58/89.24/89.90)
NEW BEST MODEL: 	Epoch: 17	Dev loss: 0.2358	Dev acc: 87.60	Dev fscore(p/r/f): (90.58/89.24/89.90)
Training: 	Epoch: 18	Time: 40.9876	Training Loss: 0.1689	Sep Loss: 0.0000	Tag Loss: 0.0000
Evaluation: 	Epoch: 18	Time: 0.9587	Dev acc: 89.66	Dev fscore(p/r/f): (91.93/91.35/91.64)
NEW BEST MODEL: 	Epoch: 18	Dev loss: 0.1855	Dev acc: 89.66	Dev fscore(p/r/f): (91.93/91.35/91.64)
Training: 	Epoch: 19	Time: 38.1752	Training Loss: 0.1558	Sep Loss: 0.0000	Tag Loss: 0.0000
Evaluation: 	Epoch: 19	Time: 1.0912	Dev acc: 90.18	Dev fscore(p/r/f): (92.54/91.56/92.05)
NEW BEST MODEL: 	Epoch: 19	Dev loss: 0.1954	Dev acc: 90.18	Dev fscore(p/r/f): (92.54/91.56/92.05)
Training: 	Epoch: 20	Time: 38.0769	Training Loss: 0.1365	Sep Loss: 0.0000	Tag Loss: 0.0000
Evaluation: 	Epoch: 20	Time: 0.9478	Dev acc: 90.70	Dev fscore(p/r/f): (93.18/92.19/92.68)
NEW BEST MODEL: 	Epoch: 20	Dev loss: 0.1828	Dev acc: 90.70	Dev fscore(p/r/f): (93.18/92.19/92.68)
Training: 	Epoch: 21	Time: 39.2744	Training Loss: 0.1231	Sep Loss: 0.0000	Tag Loss: 0.0000
Evaluation: 	Epoch: 21	Time: 0.9756	Dev acc: 91.47	Dev fscore(p/r/f): (93.62/92.83/93.22)
NEW BEST MODEL: 	Epoch: 21	Dev loss: 0.1601	Dev acc: 91.47	Dev fscore(p/r/f): (93.62/92.83/93.22)
Training: 	Epoch: 22	Time: 37.6825	Training Loss: 0.1184	Sep Loss: 0.0000	Tag Loss: 0.0000
Evaluation: 	Epoch: 22	Time: 1.2018	Dev acc: 90.96	Dev fscore(p/r/f): (93.60/92.62/93.11)
NEW BEST MODEL: 	Epoch: 22	Dev loss: 0.1417	Dev acc: 90.96	Dev fscore(p/r/f): (93.60/92.62/93.11)
Training: 	Epoch: 23	Time: 38.9447	Training Loss: 0.1097	Sep Loss: 0.0000	Tag Loss: 0.0000
Evaluation: 	Epoch: 23	Time: 1.0256	Dev acc: 92.51	Dev fscore(p/r/f): (94.48/93.88/94.18)
NEW BEST MODEL: 	Epoch: 23	Dev loss: 0.1245	Dev acc: 92.51	Dev fscore(p/r/f): (94.48/93.88/94.18)
Training: 	Epoch: 24	Time: 39.3925	Training Loss: 0.1067	Sep Loss: 0.0000	Tag Loss: 0.0000
Evaluation: 	Epoch: 24	Time: 0.4165	Dev acc: 93.02	Dev fscore(p/r/f): (95.11/94.30/94.70)
NEW BEST MODEL: 	Epoch: 24	Dev loss: 0.1295	Dev acc: 93.02	Dev fscore(p/r/f): (95.11/94.30/94.70)
Training: 	Epoch: 25	Time: 41.1611	Training Loss: 0.0910	Sep Loss: 0.0000	Tag Loss: 0.0000
Evaluation: 	Epoch: 25	Time: 0.7872	Dev acc: 93.02	Dev fscore(p/r/f): (95.11/94.30/94.70)
NEW BEST MODEL: 	Epoch: 25	Dev loss: 0.1355	Dev acc: 93.02	Dev fscore(p/r/f): (95.11/94.30/94.70)
Training: 	Epoch: 26	Time: 38.9292	Training Loss: 0.0918	Sep Loss: 0.0000	Tag Loss: 0.0000
Evaluation: 	Epoch: 26	Time: 1.2496	Dev acc: 93.02	Dev fscore(p/r/f): (95.11/94.30/94.70)
NEW BEST MODEL: 	Epoch: 26	Dev loss: 0.1233	Dev acc: 93.02	Dev fscore(p/r/f): (95.11/94.30/94.70)
Training: 	Epoch: 27	Time: 37.0274	Training Loss: 0.0885	Sep Loss: 0.0000	Tag Loss: 0.0000
Evaluation: 	Epoch: 27	Time: 1.2871	Dev acc: 93.28	Dev fscore(p/r/f): (95.33/94.73/95.03)
NEW BEST MODEL: 	Epoch: 27	Dev loss: 0.1121	Dev acc: 93.28	Dev fscore(p/r/f): (95.33/94.73/95.03)
Training: 	Epoch: 28	Time: 38.0431	Training Loss: 0.0785	Sep Loss: 0.0000	Tag Loss: 0.0000
Evaluation: 	Epoch: 28	Time: 1.1871	Dev acc: 94.06	Dev fscore(p/r/f): (96.59/95.57/96.08)
NEW BEST MODEL: 	Epoch: 28	Dev loss: 0.0857	Dev acc: 94.06	Dev fscore(p/r/f): (96.59/95.57/96.08)
Training: 	Epoch: 29	Time: 39.6376	Training Loss: 0.0862	Sep Loss: 0.0000	Tag Loss: 0.0000
Evaluation: 	Epoch: 29	Time: 1.2695	Dev acc: 95.35	Dev fscore(p/r/f): (97.23/96.41/96.82)
NEW BEST MODEL: 	Epoch: 29	Dev loss: 0.0947	Dev acc: 95.35	Dev fscore(p/r/f): (97.23/96.41/96.82)
Training: 	Epoch: 30	Time: 38.7793	Training Loss: 0.0707	Sep Loss: 0.0000	Tag Loss: 0.0000
Evaluation: 	Epoch: 30	Time: 1.2080	Dev acc: 95.09	Dev fscore(p/r/f): (97.23/96.20/96.71)
NEW BEST MODEL: 	Epoch: 30	Dev loss: 0.0915	Dev acc: 95.09	Dev fscore(p/r/f): (97.23/96.20/96.71)
Training: 	Epoch: 31	Time: 38.6923	Training Loss: 0.0698	Sep Loss: 0.0000	Tag Loss: 0.0000
Evaluation: 	Epoch: 31	Time: 1.0034	Dev acc: 94.57	Dev fscore(p/r/f): (97.22/95.78/96.49)
NEW BEST MODEL: 	Epoch: 31	Dev loss: 0.0928	Dev acc: 94.57	Dev fscore(p/r/f): (97.22/95.78/96.49)
Training: 	Epoch: 32	Time: 40.7870	Training Loss: 0.0750	Sep Loss: 0.0000	Tag Loss: 0.0000
Evaluation: 	Epoch: 32	Time: 0.4136	Dev acc: 94.57	Dev fscore(p/r/f): (97.22/95.78/96.49)
NEW BEST MODEL: 	Epoch: 32	Dev loss: 0.0918	Dev acc: 94.57	Dev fscore(p/r/f): (97.22/95.78/96.49)
Training: 	Epoch: 33	Time: 39.6682	Training Loss: 0.0673	Sep Loss: 0.0000	Tag Loss: 0.0000
Evaluation: 	Epoch: 33	Time: 1.0233	Dev acc: 95.87	Dev fscore(p/r/f): (97.87/96.84/97.35)
NEW BEST MODEL: 	Epoch: 33	Dev loss: 0.0705	Dev acc: 95.87	Dev fscore(p/r/f): (97.87/96.84/97.35)
Training: 	Epoch: 34	Time: 39.5944	Training Loss: 0.0628	Sep Loss: 0.0000	Tag Loss: 0.0000
Evaluation: 	Epoch: 34	Time: 0.8358	Dev acc: 96.12	Dev fscore(p/r/f): (98.08/97.05/97.56)
NEW BEST MODEL: 	Epoch: 34	Dev loss: 0.0848	Dev acc: 96.12	Dev fscore(p/r/f): (98.08/97.05/97.56)
Training: 	Epoch: 35	Time: 39.2915	Training Loss: 0.0568	Sep Loss: 0.0000	Tag Loss: 0.0000
Evaluation: 	Epoch: 35	Time: 0.9510	Dev acc: 96.12	Dev fscore(p/r/f): (98.08/97.05/97.56)
NEW BEST MODEL: 	Epoch: 35	Dev loss: 0.0853	Dev acc: 96.12	Dev fscore(p/r/f): (98.08/97.05/97.56)
Training: 	Epoch: 36	Time: 38.8656	Training Loss: 0.0498	Sep Loss: 0.0000	Tag Loss: 0.0000
Evaluation: 	Epoch: 36	Time: 0.9103	Dev acc: 96.12	Dev fscore(p/r/f): (98.29/96.84/97.56)
NEW BEST MODEL: 	Epoch: 36	Dev loss: 0.0248	Dev acc: 96.12	Dev fscore(p/r/f): (98.29/96.84/97.56)
Training: 	Epoch: 37	Time: 38.3652	Training Loss: 0.0527	Sep Loss: 0.0000	Tag Loss: 0.0000
Evaluation: 	Epoch: 37	Time: 1.0483	Dev acc: 96.90	Dev fscore(p/r/f): (98.72/97.47/98.09)
NEW BEST MODEL: 	Epoch: 37	Dev loss: 0.0240	Dev acc: 96.90	Dev fscore(p/r/f): (98.72/97.47/98.09)
Training: 	Epoch: 38	Time: 39.3158	Training Loss: 0.0487	Sep Loss: 0.0000	Tag Loss: 0.0000
Evaluation: 	Epoch: 38	Time: 0.8102	Dev acc: 96.12	Dev fscore(p/r/f): (98.08/96.84/97.45)
NEW BEST MODEL: 	Epoch: 38	Dev loss: 0.0329	Dev acc: 96.12	Dev fscore(p/r/f): (98.08/96.84/97.45)
Training: 	Epoch: 39	Time: 39.1184	Training Loss: 0.0583	Sep Loss: 0.0000	Tag Loss: 0.0000
Evaluation: 	Epoch: 39	Time: 0.4239	Dev acc: 95.87	Dev fscore(p/r/f): (97.87/96.84/97.35)
NEW BEST MODEL: 	Epoch: 39	Dev loss: 0.0291	Dev acc: 95.87	Dev fscore(p/r/f): (97.87/96.84/97.35)
Training: 	Epoch: 40	Time: 41.5225	Training Loss: 0.0475	Sep Loss: 0.0000	Tag Loss: 0.0000
Evaluation: 	Epoch: 40	Time: 0.4801	Dev acc: 97.67	Dev fscore(p/r/f): (99.36/98.31/98.83)
NEW BEST MODEL: 	Epoch: 40	Dev loss: 0.0612	Dev acc: 97.67	Dev fscore(p/r/f): (99.36/98.31/98.83)
Training: 	Epoch: 41	Time: 39.8469	Training Loss: 0.0563	Sep Loss: 0.0000	Tag Loss: 0.0000
Evaluation: 	Epoch: 41	Time: 0.9621	Dev acc: 97.16	Dev fscore(p/r/f): (99.14/97.68/98.41)
NEW BEST MODEL: 	Epoch: 41	Dev loss: 0.0265	Dev acc: 97.16	Dev fscore(p/r/f): (99.14/97.68/98.41)
Training: 	Epoch: 42	Time: 39.5100	Training Loss: 0.0481	Sep Loss: 0.0000	Tag Loss: 0.0000
Evaluation: 	Epoch: 42	Time: 1.2274	Dev acc: 97.42	Dev fscore(p/r/f): (99.15/97.89/98.51)
NEW BEST MODEL: 	Epoch: 42	Dev loss: 0.0140	Dev acc: 97.42	Dev fscore(p/r/f): (99.15/97.89/98.51)
Training: 	Epoch: 43	Time: 39.6862	Training Loss: 0.0417	Sep Loss: 0.0000	Tag Loss: 0.0000
Evaluation: 	Epoch: 43	Time: 0.9252	Dev acc: 96.90	Dev fscore(p/r/f): (98.72/97.47/98.09)
NEW BEST MODEL: 	Epoch: 43	Dev loss: 0.0192	Dev acc: 96.90	Dev fscore(p/r/f): (98.72/97.47/98.09)
Training: 	Epoch: 44	Time: 39.4965	Training Loss: 0.0433	Sep Loss: 0.0000	Tag Loss: 0.0000
Evaluation: 	Epoch: 44	Time: 1.0273	Dev acc: 97.67	Dev fscore(p/r/f): (99.36/98.10/98.73)
NEW BEST MODEL: 	Epoch: 44	Dev loss: 0.0126	Dev acc: 97.67	Dev fscore(p/r/f): (99.36/98.10/98.73)
Training: 	Epoch: 45	Time: 38.5147	Training Loss: 0.0392	Sep Loss: 0.0000	Tag Loss: 0.0000
Evaluation: 	Epoch: 45	Time: 0.9925	Dev acc: 98.45	Dev fscore(p/r/f): (100.00/98.73/99.36)
NEW BEST MODEL: 	Epoch: 45	Dev loss: 0.0100	Dev acc: 98.45	Dev fscore(p/r/f): (100.00/98.73/99.36)
Training: 	Epoch: 46	Time: 38.4667	Training Loss: 0.0479	Sep Loss: 0.0000	Tag Loss: 0.0000
Evaluation: 	Epoch: 46	Time: 0.9512	Dev acc: 98.19	Dev fscore(p/r/f): (99.57/98.52/99.05)
NEW BEST MODEL: 	Epoch: 46	Dev loss: 0.0091	Dev acc: 98.19	Dev fscore(p/r/f): (99.57/98.52/99.05)
Training: 	Epoch: 47	Time: 39.1615	Training Loss: 0.0392	Sep Loss: 0.0000	Tag Loss: 0.0000
Evaluation: 	Epoch: 47	Time: 0.4744	Dev acc: 98.19	Dev fscore(p/r/f): (99.79/98.52/99.15)
NEW BEST MODEL: 	Epoch: 47	Dev loss: 0.0125	Dev acc: 98.19	Dev fscore(p/r/f): (99.79/98.52/99.15)
Training: 	Epoch: 48	Time: 41.4952	Training Loss: 0.0339	Sep Loss: 0.0000	Tag Loss: 0.0000
Evaluation: 	Epoch: 48	Time: 0.4060	Dev acc: 97.93	Dev fscore(p/r/f): (99.57/98.31/98.94)
NEW BEST MODEL: 	Epoch: 48	Dev loss: 0.0084	Dev acc: 97.93	Dev fscore(p/r/f): (99.57/98.31/98.94)
Training: 	Epoch: 49	Time: 39.0562	Training Loss: 0.0367	Sep Loss: 0.0000	Tag Loss: 0.0000
Evaluation: 	Epoch: 49	Time: 0.9208	Dev acc: 97.93	Dev fscore(p/r/f): (99.57/98.31/98.94)
NEW BEST MODEL: 	Epoch: 49	Dev loss: 0.0081	Dev acc: 97.93	Dev fscore(p/r/f): (99.57/98.31/98.94)
Training: 	Epoch: 50	Time: 38.9270	Training Loss: 0.0386	Sep Loss: 0.0000	Tag Loss: 0.0000
Evaluation: 	Epoch: 50	Time: 0.7827	Dev acc: 97.67	Dev fscore(p/r/f): (99.15/98.31/98.73)
NEW BEST MODEL: 	Epoch: 50	Dev loss: 0.0110	Dev acc: 97.67	Dev fscore(p/r/f): (99.15/98.31/98.73)
Training: 	Epoch: 51	Time: 39.0827	Training Loss: 0.0318	Sep Loss: 0.0000	Tag Loss: 0.0000
Evaluation: 	Epoch: 51	Time: 1.0003	Dev acc: 97.67	Dev fscore(p/r/f): (99.57/98.10/98.83)
NEW BEST MODEL: 	Epoch: 51	Dev loss: 0.0187	Dev acc: 97.67	Dev fscore(p/r/f): (99.57/98.10/98.83)
Training: 	Epoch: 52	Time: 39.0130	Training Loss: 0.0419	Sep Loss: 0.0000	Tag Loss: 0.0000
Evaluation: 	Epoch: 52	Time: 1.0180	Dev acc: 97.16	Dev fscore(p/r/f): (98.72/97.89/98.31)
NEW BEST MODEL: 	Epoch: 52	Dev loss: 0.0199	Dev acc: 97.16	Dev fscore(p/r/f): (98.72/97.89/98.31)
Training: 	Epoch: 53	Time: 38.8659	Training Loss: 0.0353	Sep Loss: 0.0000	Tag Loss: 0.0000
Evaluation: 	Epoch: 53	Time: 0.9978	Dev acc: 98.19	Dev fscore(p/r/f): (99.79/98.52/99.15)
NEW BEST MODEL: 	Epoch: 53	Dev loss: 0.0094	Dev acc: 98.19	Dev fscore(p/r/f): (99.79/98.52/99.15)
Training: 	Epoch: 54	Time: 38.9802	Training Loss: 0.0324	Sep Loss: 0.0000	Tag Loss: 0.0000
Evaluation: 	Epoch: 54	Time: 1.3242	Dev acc: 98.19	Dev fscore(p/r/f): (99.79/98.52/99.15)
NEW BEST MODEL: 	Epoch: 54	Dev loss: 0.0062	Dev acc: 98.19	Dev fscore(p/r/f): (99.79/98.52/99.15)
Training: 	Epoch: 55	Time: 39.7554	Training Loss: 0.0299	Sep Loss: 0.0000	Tag Loss: 0.0000
Evaluation: 	Epoch: 55	Time: 0.4186	Dev acc: 98.19	Dev fscore(p/r/f): (99.79/98.52/99.15)
NEW BEST MODEL: 	Epoch: 55	Dev loss: 0.0069	Dev acc: 98.19	Dev fscore(p/r/f): (99.79/98.52/99.15)
Training: 	Epoch: 56	Time: 40.2622	Training Loss: 0.0326	Sep Loss: 0.0000	Tag Loss: 0.0000
Evaluation: 	Epoch: 56	Time: 1.0217	Dev acc: 98.19	Dev fscore(p/r/f): (100.00/98.52/99.26)
NEW BEST MODEL: 	Epoch: 56	Dev loss: 0.0065	Dev acc: 98.19	Dev fscore(p/r/f): (100.00/98.52/99.26)
Training: 	Epoch: 57	Time: 37.8816	Training Loss: 0.0274	Sep Loss: 0.0000	Tag Loss: 0.0000
Evaluation: 	Epoch: 57	Time: 1.0964	Dev acc: 98.19	Dev fscore(p/r/f): (99.57/98.52/99.05)
NEW BEST MODEL: 	Epoch: 57	Dev loss: 0.0056	Dev acc: 98.19	Dev fscore(p/r/f): (99.57/98.52/99.05)
Training: 	Epoch: 58	Time: 38.4999	Training Loss: 0.0317	Sep Loss: 0.0000	Tag Loss: 0.0000
Evaluation: 	Epoch: 58	Time: 1.1868	Dev acc: 98.19	Dev fscore(p/r/f): (100.00/98.52/99.26)
NEW BEST MODEL: 	Epoch: 58	Dev loss: 0.0079	Dev acc: 98.19	Dev fscore(p/r/f): (100.00/98.52/99.26)
Training: 	Epoch: 59	Time: 37.8050	Training Loss: 0.0349	Sep Loss: 0.0000	Tag Loss: 0.0000
Evaluation: 	Epoch: 59	Time: 1.1359	Dev acc: 98.19	Dev fscore(p/r/f): (99.79/98.52/99.15)
NEW BEST MODEL: 	Epoch: 59	Dev loss: 0.0048	Dev acc: 98.19	Dev fscore(p/r/f): (99.79/98.52/99.15)
Training: 	Epoch: 60	Time: 38.5484	Training Loss: 0.0295	Sep Loss: 0.0000	Tag Loss: 0.0000
Evaluation: 	Epoch: 60	Time: 1.0327	Dev acc: 98.19	Dev fscore(p/r/f): (99.79/98.52/99.15)
NEW BEST MODEL: 	Epoch: 60	Dev loss: 0.0079	Dev acc: 98.19	Dev fscore(p/r/f): (99.79/98.52/99.15)
Training: 	Epoch: 61	Time: 37.7028	Training Loss: 0.0310	Sep Loss: 0.0000	Tag Loss: 0.0000
Evaluation: 	Epoch: 61	Time: 0.7826	Dev acc: 97.93	Dev fscore(p/r/f): (99.36/98.31/98.83)
NEW BEST MODEL: 	Epoch: 61	Dev loss: 0.0047	Dev acc: 97.93	Dev fscore(p/r/f): (99.36/98.31/98.83)
Training: 	Epoch: 62	Time: 41.2089	Training Loss: 0.0329	Sep Loss: 0.0000	Tag Loss: 0.0000
Evaluation: 	Epoch: 62	Time: 0.4224	Dev acc: 98.45	Dev fscore(p/r/f): (100.00/98.73/99.36)
NEW BEST MODEL: 	Epoch: 62	Dev loss: 0.0031	Dev acc: 98.45	Dev fscore(p/r/f): (100.00/98.73/99.36)
Training: 	Epoch: 63	Time: 39.0884	Training Loss: 0.0256	Sep Loss: 0.0000	Tag Loss: 0.0000
Evaluation: 	Epoch: 63	Time: 0.9958	Dev acc: 98.19	Dev fscore(p/r/f): (99.79/98.52/99.15)
NEW BEST MODEL: 	Epoch: 63	Dev loss: 0.0047	Dev acc: 98.19	Dev fscore(p/r/f): (99.79/98.52/99.15)
Training: 	Epoch: 64	Time: 38.0009	Training Loss: 0.0277	Sep Loss: 0.0000	Tag Loss: 0.0000
Evaluation: 	Epoch: 64	Time: 1.0034	Dev acc: 98.45	Dev fscore(p/r/f): (100.00/98.73/99.36)
NEW BEST MODEL: 	Epoch: 64	Dev loss: 0.0023	Dev acc: 98.45	Dev fscore(p/r/f): (100.00/98.73/99.36)
Training: 	Epoch: 65	Time: 38.3748	Training Loss: 0.0300	Sep Loss: 0.0000	Tag Loss: 0.0000
Evaluation: 	Epoch: 65	Time: 0.9596	Dev acc: 98.45	Dev fscore(p/r/f): (100.00/98.73/99.36)
NEW BEST MODEL: 	Epoch: 65	Dev loss: 0.0021	Dev acc: 98.45	Dev fscore(p/r/f): (100.00/98.73/99.36)
Training: 	Epoch: 66	Time: 38.2680	Training Loss: 0.0315	Sep Loss: 0.0000	Tag Loss: 0.0000
Evaluation: 	Epoch: 66	Time: 0.9050	Dev acc: 98.45	Dev fscore(p/r/f): (100.00/98.73/99.36)
NEW BEST MODEL: 	Epoch: 66	Dev loss: 0.0025	Dev acc: 98.45	Dev fscore(p/r/f): (100.00/98.73/99.36)
Training: 	Epoch: 67	Time: 38.6615	Training Loss: 0.0409	Sep Loss: 0.0000	Tag Loss: 0.0000
Evaluation: 	Epoch: 67	Time: 0.9201	Dev acc: 97.93	Dev fscore(p/r/f): (99.57/98.31/98.94)
NEW BEST MODEL: 	Epoch: 67	Dev loss: 0.0039	Dev acc: 97.93	Dev fscore(p/r/f): (99.57/98.31/98.94)
Training: 	Epoch: 68	Time: 38.7648	Training Loss: 0.0338	Sep Loss: 0.0000	Tag Loss: 0.0000
Evaluation: 	Epoch: 68	Time: 0.4068	Dev acc: 97.93	Dev fscore(p/r/f): (99.79/98.31/99.04)
NEW BEST MODEL: 	Epoch: 68	Dev loss: 0.0051	Dev acc: 97.93	Dev fscore(p/r/f): (99.79/98.31/99.04)
Training: 	Epoch: 69	Time: 40.6182	Training Loss: 0.0256	Sep Loss: 0.0000	Tag Loss: 0.0000
Evaluation: 	Epoch: 69	Time: 1.2233	Dev acc: 98.45	Dev fscore(p/r/f): (100.00/98.73/99.36)
NEW BEST MODEL: 	Epoch: 69	Dev loss: 0.0023	Dev acc: 98.45	Dev fscore(p/r/f): (100.00/98.73/99.36)
Training: 	Epoch: 70	Time: 37.3501	Training Loss: 0.0256	Sep Loss: 0.0000	Tag Loss: 0.0000
Evaluation: 	Epoch: 70	Time: 1.0582	Dev acc: 98.19	Dev fscore(p/r/f): (99.79/98.52/99.15)
NEW BEST MODEL: 	Epoch: 70	Dev loss: 0.0040	Dev acc: 98.19	Dev fscore(p/r/f): (99.79/98.52/99.15)
Training: 	Epoch: 71	Time: 38.4646	Training Loss: 0.0251	Sep Loss: 0.0000	Tag Loss: 0.0000
Evaluation: 	Epoch: 71	Time: 1.2403	Dev acc: 98.45	Dev fscore(p/r/f): (100.00/98.73/99.36)
NEW BEST MODEL: 	Epoch: 71	Dev loss: 0.0033	Dev acc: 98.45	Dev fscore(p/r/f): (100.00/98.73/99.36)
Training: 	Epoch: 72	Time: 38.7645	Training Loss: 0.0288	Sep Loss: 0.0000	Tag Loss: 0.0000
Evaluation: 	Epoch: 72	Time: 1.1131	Dev acc: 98.19	Dev fscore(p/r/f): (99.79/98.73/99.26)
NEW BEST MODEL: 	Epoch: 72	Dev loss: 0.0055	Dev acc: 98.19	Dev fscore(p/r/f): (99.79/98.73/99.26)
Training: 	Epoch: 73	Time: 38.9386	Training Loss: 0.0301	Sep Loss: 0.0000	Tag Loss: 0.0000
Evaluation: 	Epoch: 73	Time: 1.0508	Dev acc: 98.45	Dev fscore(p/r/f): (100.00/98.73/99.36)
NEW BEST MODEL: 	Epoch: 73	Dev loss: 0.0028	Dev acc: 98.45	Dev fscore(p/r/f): (100.00/98.73/99.36)
Training: 	Epoch: 74	Time: 39.2948	Training Loss: 0.0238	Sep Loss: 0.0000	Tag Loss: 0.0000
Evaluation: 	Epoch: 74	Time: 0.9447	Dev acc: 98.45	Dev fscore(p/r/f): (100.00/98.73/99.36)
NEW BEST MODEL: 	Epoch: 74	Dev loss: 0.0021	Dev acc: 98.45	Dev fscore(p/r/f): (100.00/98.73/99.36)
Training: 	Epoch: 75	Time: 39.3385	Training Loss: 0.0234	Sep Loss: 0.0000	Tag Loss: 0.0000
Evaluation: 	Epoch: 75	Time: 0.8804	Dev acc: 98.45	Dev fscore(p/r/f): (100.00/98.73/99.36)
NEW BEST MODEL: 	Epoch: 75	Dev loss: 0.0022	Dev acc: 98.45	Dev fscore(p/r/f): (100.00/98.73/99.36)
Training: 	Epoch: 76	Time: 40.9931	Training Loss: 0.0265	Sep Loss: 0.0000	Tag Loss: 0.0000
Evaluation: 	Epoch: 76	Time: 0.4140	Dev acc: 98.45	Dev fscore(p/r/f): (100.00/98.73/99.36)
NEW BEST MODEL: 	Epoch: 76	Dev loss: 0.0030	Dev acc: 98.45	Dev fscore(p/r/f): (100.00/98.73/99.36)
Training: 	Epoch: 77	Time: 40.5333	Training Loss: 0.0278	Sep Loss: 0.0000	Tag Loss: 0.0000
Evaluation: 	Epoch: 77	Time: 1.1787	Dev acc: 98.19	Dev fscore(p/r/f): (99.79/98.52/99.15)
NEW BEST MODEL: 	Epoch: 77	Dev loss: 0.0029	Dev acc: 98.19	Dev fscore(p/r/f): (99.79/98.52/99.15)
Training: 	Epoch: 78	Time: 38.7938	Training Loss: 0.0237	Sep Loss: 0.0000	Tag Loss: 0.0000
Evaluation: 	Epoch: 78	Time: 1.1224	Dev acc: 98.45	Dev fscore(p/r/f): (100.00/98.73/99.36)
NEW BEST MODEL: 	Epoch: 78	Dev loss: 0.0018	Dev acc: 98.45	Dev fscore(p/r/f): (100.00/98.73/99.36)
Training: 	Epoch: 79	Time: 38.5008	Training Loss: 0.0211	Sep Loss: 0.0000	Tag Loss: 0.0000
Evaluation: 	Epoch: 79	Time: 0.8038	Dev acc: 98.19	Dev fscore(p/r/f): (99.79/98.52/99.15)
NEW BEST MODEL: 	Epoch: 79	Dev loss: 0.0074	Dev acc: 98.19	Dev fscore(p/r/f): (99.79/98.52/99.15)
Training: 	Epoch: 80	Time: 38.9162	Training Loss: 0.0338	Sep Loss: 0.0000	Tag Loss: 0.0000
Evaluation: 	Epoch: 80	Time: 1.0895	Dev acc: 98.19	Dev fscore(p/r/f): (99.79/98.52/99.15)
NEW BEST MODEL: 	Epoch: 80	Dev loss: 0.0034	Dev acc: 98.19	Dev fscore(p/r/f): (99.79/98.52/99.15)
Training: 	Epoch: 81	Time: 39.8786	Training Loss: 0.0257	Sep Loss: 0.0000	Tag Loss: 0.0000
Evaluation: 	Epoch: 81	Time: 0.9759	Dev acc: 98.19	Dev fscore(p/r/f): (99.79/98.52/99.15)
NEW BEST MODEL: 	Epoch: 81	Dev loss: 0.0025	Dev acc: 98.19	Dev fscore(p/r/f): (99.79/98.52/99.15)
Training: 	Epoch: 82	Time: 38.6947	Training Loss: 0.0233	Sep Loss: 0.0000	Tag Loss: 0.0000
Evaluation: 	Epoch: 82	Time: 0.9534	Dev acc: 98.45	Dev fscore(p/r/f): (100.00/98.73/99.36)
NEW BEST MODEL: 	Epoch: 82	Dev loss: 0.0019	Dev acc: 98.45	Dev fscore(p/r/f): (100.00/98.73/99.36)
Training: 	Epoch: 83	Time: 39.6593	Training Loss: 0.0214	Sep Loss: 0.0000	Tag Loss: 0.0000
Evaluation: 	Epoch: 83	Time: 0.8006	Dev acc: 98.45	Dev fscore(p/r/f): (100.00/98.73/99.36)
NEW BEST MODEL: 	Epoch: 83	Dev loss: 0.0017	Dev acc: 98.45	Dev fscore(p/r/f): (100.00/98.73/99.36)
Training: 	Epoch: 84	Time: 40.7647	Training Loss: 0.0200	Sep Loss: 0.0000	Tag Loss: 0.0000
Evaluation: 	Epoch: 84	Time: 0.4168	Dev acc: 98.45	Dev fscore(p/r/f): (100.00/98.73/99.36)
NEW BEST MODEL: 	Epoch: 84	Dev loss: 0.0021	Dev acc: 98.45	Dev fscore(p/r/f): (100.00/98.73/99.36)
Training: 	Epoch: 85	Time: 40.6451	Training Loss: 0.0229	Sep Loss: 0.0000	Tag Loss: 0.0000
Evaluation: 	Epoch: 85	Time: 0.8840	Dev acc: 98.19	Dev fscore(p/r/f): (100.00/98.52/99.26)
NEW BEST MODEL: 	Epoch: 85	Dev loss: 0.0173	Dev acc: 98.19	Dev fscore(p/r/f): (100.00/98.52/99.26)
Training: 	Epoch: 86	Time: 40.3104	Training Loss: 0.0207	Sep Loss: 0.0000	Tag Loss: 0.0000
Evaluation: 	Epoch: 86	Time: 0.8748	Dev acc: 98.19	Dev fscore(p/r/f): (99.79/98.52/99.15)
NEW BEST MODEL: 	Epoch: 86	Dev loss: 0.0023	Dev acc: 98.19	Dev fscore(p/r/f): (99.79/98.52/99.15)
Training: 	Epoch: 87	Time: 39.3770	Training Loss: 0.0239	Sep Loss: 0.0000	Tag Loss: 0.0000
Evaluation: 	Epoch: 87	Time: 1.0129	Dev acc: 98.19	Dev fscore(p/r/f): (99.79/98.52/99.15)
NEW BEST MODEL: 	Epoch: 87	Dev loss: 0.0017	Dev acc: 98.19	Dev fscore(p/r/f): (99.79/98.52/99.15)
Training: 	Epoch: 88	Time: 39.4923	Training Loss: 0.0278	Sep Loss: 0.0000	Tag Loss: 0.0000
Evaluation: 	Epoch: 88	Time: 1.0070	Dev acc: 98.45	Dev fscore(p/r/f): (100.00/98.73/99.36)
NEW BEST MODEL: 	Epoch: 88	Dev loss: 0.0018	Dev acc: 98.45	Dev fscore(p/r/f): (100.00/98.73/99.36)
Training: 	Epoch: 89	Time: 39.8052	Training Loss: 0.0215	Sep Loss: 0.0000	Tag Loss: 0.0000
Evaluation: 	Epoch: 89	Time: 0.9109	Dev acc: 98.45	Dev fscore(p/r/f): (100.00/98.73/99.36)
NEW BEST MODEL: 	Epoch: 89	Dev loss: 0.0024	Dev acc: 98.45	Dev fscore(p/r/f): (100.00/98.73/99.36)
Training: 	Epoch: 90	Time: 39.4615	Training Loss: 0.0202	Sep Loss: 0.0000	Tag Loss: 0.0000
Evaluation: 	Epoch: 90	Time: 0.8841	Dev acc: 98.45	Dev fscore(p/r/f): (100.00/98.73/99.36)
NEW BEST MODEL: 	Epoch: 90	Dev loss: 0.0019	Dev acc: 98.45	Dev fscore(p/r/f): (100.00/98.73/99.36)
Training: 	Epoch: 91	Time: 39.9423	Training Loss: 0.0196	Sep Loss: 0.0000	Tag Loss: 0.0000
Evaluation: 	Epoch: 91	Time: 1.0123	Dev acc: 98.19	Dev fscore(p/r/f): (99.79/98.52/99.15)
NEW BEST MODEL: 	Epoch: 91	Dev loss: 0.0073	Dev acc: 98.19	Dev fscore(p/r/f): (99.79/98.52/99.15)
Training: 	Epoch: 92	Time: 38.8225	Training Loss: 0.0217	Sep Loss: 0.0000	Tag Loss: 0.0000
Evaluation: 	Epoch: 92	Time: 0.6066	Dev acc: 98.45	Dev fscore(p/r/f): (100.00/98.73/99.36)
NEW BEST MODEL: 	Epoch: 92	Dev loss: 0.0020	Dev acc: 98.45	Dev fscore(p/r/f): (100.00/98.73/99.36)
Training: 	Epoch: 93	Time: 41.5057	Training Loss: 0.0223	Sep Loss: 0.0000	Tag Loss: 0.0000
Evaluation: 	Epoch: 93	Time: 0.4209	Dev acc: 98.45	Dev fscore(p/r/f): (100.00/98.73/99.36)
NEW BEST MODEL: 	Epoch: 93	Dev loss: 0.0014	Dev acc: 98.45	Dev fscore(p/r/f): (100.00/98.73/99.36)
Training: 	Epoch: 94	Time: 40.1537	Training Loss: 0.0246	Sep Loss: 0.0000	Tag Loss: 0.0000
Evaluation: 	Epoch: 94	Time: 0.7943	Dev acc: 98.19	Dev fscore(p/r/f): (99.79/98.52/99.15)
NEW BEST MODEL: 	Epoch: 94	Dev loss: 0.0036	Dev acc: 98.19	Dev fscore(p/r/f): (99.79/98.52/99.15)
Training: 	Epoch: 95	Time: 38.4215	Training Loss: 0.0219	Sep Loss: 0.0000	Tag Loss: 0.0000
Evaluation: 	Epoch: 95	Time: 0.8680	Dev acc: 97.93	Dev fscore(p/r/f): (99.57/98.31/98.94)
NEW BEST MODEL: 	Epoch: 95	Dev loss: 0.0036	Dev acc: 97.93	Dev fscore(p/r/f): (99.57/98.31/98.94)
Training: 	Epoch: 96	Time: 39.2326	Training Loss: 0.0219	Sep Loss: 0.0000	Tag Loss: 0.0000
Evaluation: 	Epoch: 96	Time: 0.9158	Dev acc: 98.19	Dev fscore(p/r/f): (99.79/98.52/99.15)
NEW BEST MODEL: 	Epoch: 96	Dev loss: 0.0020	Dev acc: 98.19	Dev fscore(p/r/f): (99.79/98.52/99.15)
Training: 	Epoch: 97	Time: 39.1436	Training Loss: 0.0252	Sep Loss: 0.0000	Tag Loss: 0.0000
Evaluation: 	Epoch: 97	Time: 1.0098	Dev acc: 97.93	Dev fscore(p/r/f): (99.57/98.31/98.94)
NEW BEST MODEL: 	Epoch: 97	Dev loss: 0.0022	Dev acc: 97.93	Dev fscore(p/r/f): (99.57/98.31/98.94)
Training: 	Epoch: 98	Time: 38.9196	Training Loss: 0.0199	Sep Loss: 0.0000	Tag Loss: 0.0000
Evaluation: 	Epoch: 98	Time: 0.9270	Dev acc: 97.93	Dev fscore(p/r/f): (99.57/98.31/98.94)
NEW BEST MODEL: 	Epoch: 98	Dev loss: 0.0030	Dev acc: 97.93	Dev fscore(p/r/f): (99.57/98.31/98.94)
Training: 	Epoch: 99	Time: 38.5846	Training Loss: 0.0203	Sep Loss: 0.0000	Tag Loss: 0.0000
Evaluation: 	Epoch: 99	Time: 1.0266	Dev acc: 97.93	Dev fscore(p/r/f): (99.57/98.31/98.94)
NEW BEST MODEL: 	Epoch: 99	Dev loss: 0.0052	Dev acc: 97.93	Dev fscore(p/r/f): (99.57/98.31/98.94)
FINAL BEST RESULT: 	Epoch: 45	Dev loss: 0.0100	Dev acc: 98.4496	Dev fscore(p/r/f): (100.0000/98.7342/99.3631)
